[0.536s] Invoking command in '/home/aceti/sonar/Sonar_asv/src/sonar_controller': AMENT_PREFIX_PATH=/home/aceti/sonar/Sonar_asv/install/custom_interfaces:${AMENT_PREFIX_PATH} CMAKE_PREFIX_PATH=/home/aceti/sonar/Sonar_asv/install/custom_interfaces:${CMAKE_PREFIX_PATH} LD_LIBRARY_PATH=/home/aceti/sonar/Sonar_asv/install/custom_interfaces/lib:${LD_LIBRARY_PATH} PYTHONPATH=/home/aceti/sonar/Sonar_asv/build/sonar_controller/prefix_override:/home/aceti/sonar/Sonar_asv/install/sonar_controller/lib/python3.10/site-packages:/home/aceti/sonar/Sonar_asv/install/custom_interfaces/local/lib/python3.10/dist-packages:${PYTHONPATH} /usr/bin/python3 setup.py egg_info --egg-base ../../build/sonar_controller build --build-base /home/aceti/sonar/Sonar_asv/build/sonar_controller/build install --record /home/aceti/sonar/Sonar_asv/build/sonar_controller/install.log --single-version-externally-managed
[0.740s] running egg_info
[0.740s] writing ../../build/sonar_controller/sonar_controller.egg-info/PKG-INFO
[0.740s] writing dependency_links to ../../build/sonar_controller/sonar_controller.egg-info/dependency_links.txt
[0.740s] writing entry points to ../../build/sonar_controller/sonar_controller.egg-info/entry_points.txt
[0.740s] writing requirements to ../../build/sonar_controller/sonar_controller.egg-info/requires.txt
[0.740s] writing top-level names to ../../build/sonar_controller/sonar_controller.egg-info/top_level.txt
[0.742s] reading manifest file '../../build/sonar_controller/sonar_controller.egg-info/SOURCES.txt'
[0.743s] writing manifest file '../../build/sonar_controller/sonar_controller.egg-info/SOURCES.txt'
[0.743s] running build
[0.743s] running build_py
[0.743s] running install
[0.743s] running install_lib
[0.744s] running install_data
[0.744s] running install_egg_info
[0.746s] removing '/home/aceti/sonar/Sonar_asv/install/sonar_controller/lib/python3.10/site-packages/sonar_controller-0.0.0-py3.10.egg-info' (and everything under it)
[0.746s] Copying ../../build/sonar_controller/sonar_controller.egg-info to /home/aceti/sonar/Sonar_asv/install/sonar_controller/lib/python3.10/site-packages/sonar_controller-0.0.0-py3.10.egg-info
[0.746s] running install_scripts
[0.763s] Installing sonar_client script to /home/aceti/sonar/Sonar_asv/install/sonar_controller/lib/sonar_controller
[0.763s] Installing sonar_service script to /home/aceti/sonar/Sonar_asv/install/sonar_controller/lib/sonar_controller
[0.763s] writing list of installed files to '/home/aceti/sonar/Sonar_asv/build/sonar_controller/install.log'
[0.790s] Invoked command in '/home/aceti/sonar/Sonar_asv/src/sonar_controller' returned '0': AMENT_PREFIX_PATH=/home/aceti/sonar/Sonar_asv/install/custom_interfaces:${AMENT_PREFIX_PATH} CMAKE_PREFIX_PATH=/home/aceti/sonar/Sonar_asv/install/custom_interfaces:${CMAKE_PREFIX_PATH} LD_LIBRARY_PATH=/home/aceti/sonar/Sonar_asv/install/custom_interfaces/lib:${LD_LIBRARY_PATH} PYTHONPATH=/home/aceti/sonar/Sonar_asv/build/sonar_controller/prefix_override:/home/aceti/sonar/Sonar_asv/install/sonar_controller/lib/python3.10/site-packages:/home/aceti/sonar/Sonar_asv/install/custom_interfaces/local/lib/python3.10/dist-packages:${PYTHONPATH} /usr/bin/python3 setup.py egg_info --egg-base ../../build/sonar_controller build --build-base /home/aceti/sonar/Sonar_asv/build/sonar_controller/build install --record /home/aceti/sonar/Sonar_asv/build/sonar_controller/install.log --single-version-externally-managed
