[0.268s] DEBUG:colcon:Command line arguments: ['/usr/bin/colcon', 'build']
[0.268s] DEBUG:colcon:Parsed command line arguments: Namespace(log_base=None, log_level=None, verb_name='build', build_base='build', install_base='install', merge_install=False, symlink_install=False, test_result_base=None, continue_on_error=False, executor='parallel', parallel_workers=8, event_handlers=None, ignore_user_meta=False, metas=['./colcon.meta'], base_paths=['.'], packages_ignore=None, packages_ignore_regex=None, paths=None, packages_up_to=None, packages_up_to_regex=None, packages_above=None, packages_above_and_dependencies=None, packages_above_depth=None, packages_select_by_dep=None, packages_skip_by_dep=None, packages_skip_up_to=None, packages_select_build_failed=False, packages_skip_build_finished=False, packages_select_test_failures=False, packages_skip_test_passed=False, packages_select=None, packages_skip=None, packages_select_regex=None, packages_skip_regex=None, packages_start=None, packages_end=None, allow_overriding=[], cmake_args=None, cmake_target=None, cmake_target_skip_unavailable=False, cmake_clean_cache=False, cmake_clean_first=False, cmake_force_configure=False, ament_cmake_args=None, catkin_cmake_args=None, catkin_skip_building_tests=False, verb_parser=<colcon_defaults.argument_parser.defaults.DefaultArgumentsDecorator object at 0x7f3a4f6c6f20>, verb_extension=<colcon_core.verb.build.BuildVerb object at 0x7f3a4f6c69b0>, main=<bound method BuildVerb.main of <colcon_core.verb.build.BuildVerb object at 0x7f3a4f6c69b0>>)
[0.286s] Level 1:colcon.colcon_core.package_discovery:discover_packages(colcon_meta) check parameters
[0.286s] Level 1:colcon.colcon_core.package_discovery:discover_packages(recursive) check parameters
[0.286s] Level 1:colcon.colcon_core.package_discovery:discover_packages(ignore) check parameters
[0.286s] Level 1:colcon.colcon_core.package_discovery:discover_packages(path) check parameters
[0.286s] Level 1:colcon.colcon_core.package_discovery:discover_packages(colcon_meta) discover
[0.287s] Level 1:colcon.colcon_core.package_discovery:discover_packages(recursive) discover
[0.287s] INFO:colcon.colcon_core.package_discovery:Crawling recursively for packages in '/home/aceti/sonar/Sonar_asv'
[0.287s] Level 1:colcon.colcon_core.package_identification:_identify(.) by extensions ['ignore', 'ignore_ament_install']
[0.287s] Level 1:colcon.colcon_core.package_identification:_identify(.) by extension 'ignore'
[0.287s] Level 1:colcon.colcon_core.package_identification:_identify(.) by extension 'ignore_ament_install'
[0.287s] Level 1:colcon.colcon_core.package_identification:_identify(.) by extensions ['colcon_pkg']
[0.287s] Level 1:colcon.colcon_core.package_identification:_identify(.) by extension 'colcon_pkg'
[0.287s] Level 1:colcon.colcon_core.package_identification:_identify(.) by extensions ['colcon_meta']
[0.287s] Level 1:colcon.colcon_core.package_identification:_identify(.) by extension 'colcon_meta'
[0.287s] Level 1:colcon.colcon_core.package_identification:_identify(.) by extensions ['ros']
[0.287s] Level 1:colcon.colcon_core.package_identification:_identify(.) by extension 'ros'
[0.296s] Level 1:colcon.colcon_core.package_identification:_identify(.) by extensions ['cmake', 'python']
[0.296s] Level 1:colcon.colcon_core.package_identification:_identify(.) by extension 'cmake'
[0.296s] Level 1:colcon.colcon_core.package_identification:_identify(.) by extension 'python'
[0.296s] Level 1:colcon.colcon_core.package_identification:_identify(.) by extensions ['python_setup_py']
[0.296s] Level 1:colcon.colcon_core.package_identification:_identify(.) by extension 'python_setup_py'
[0.296s] Level 1:colcon.colcon_core.package_identification:_identify(build) by extensions ['ignore', 'ignore_ament_install']
[0.296s] Level 1:colcon.colcon_core.package_identification:_identify(build) by extension 'ignore'
[0.296s] Level 1:colcon.colcon_core.package_identification:_identify(build) ignored
[0.296s] Level 1:colcon.colcon_core.package_identification:_identify(install) by extensions ['ignore', 'ignore_ament_install']
[0.297s] Level 1:colcon.colcon_core.package_identification:_identify(install) by extension 'ignore'
[0.297s] Level 1:colcon.colcon_core.package_identification:_identify(install) ignored
[0.297s] Level 1:colcon.colcon_core.package_identification:_identify(log) by extensions ['ignore', 'ignore_ament_install']
[0.297s] Level 1:colcon.colcon_core.package_identification:_identify(log) by extension 'ignore'
[0.297s] Level 1:colcon.colcon_core.package_identification:_identify(log) ignored
[0.297s] Level 1:colcon.colcon_core.package_identification:_identify(src) by extensions ['ignore', 'ignore_ament_install']
[0.297s] Level 1:colcon.colcon_core.package_identification:_identify(src) by extension 'ignore'
[0.297s] Level 1:colcon.colcon_core.package_identification:_identify(src) by extension 'ignore_ament_install'
[0.297s] Level 1:colcon.colcon_core.package_identification:_identify(src) by extensions ['colcon_pkg']
[0.297s] Level 1:colcon.colcon_core.package_identification:_identify(src) by extension 'colcon_pkg'
[0.297s] Level 1:colcon.colcon_core.package_identification:_identify(src) by extensions ['colcon_meta']
[0.297s] Level 1:colcon.colcon_core.package_identification:_identify(src) by extension 'colcon_meta'
[0.297s] Level 1:colcon.colcon_core.package_identification:_identify(src) by extensions ['ros']
[0.297s] Level 1:colcon.colcon_core.package_identification:_identify(src) by extension 'ros'
[0.297s] Level 1:colcon.colcon_core.package_identification:_identify(src) by extensions ['cmake', 'python']
[0.297s] Level 1:colcon.colcon_core.package_identification:_identify(src) by extension 'cmake'
[0.297s] Level 1:colcon.colcon_core.package_identification:_identify(src) by extension 'python'
[0.297s] Level 1:colcon.colcon_core.package_identification:_identify(src) by extensions ['python_setup_py']
[0.297s] Level 1:colcon.colcon_core.package_identification:_identify(src) by extension 'python_setup_py'
[0.297s] Level 1:colcon.colcon_core.package_identification:_identify(src/custom_interfaces) by extensions ['ignore', 'ignore_ament_install']
[0.298s] Level 1:colcon.colcon_core.package_identification:_identify(src/custom_interfaces) by extension 'ignore'
[0.298s] Level 1:colcon.colcon_core.package_identification:_identify(src/custom_interfaces) by extension 'ignore_ament_install'
[0.298s] Level 1:colcon.colcon_core.package_identification:_identify(src/custom_interfaces) by extensions ['colcon_pkg']
[0.298s] Level 1:colcon.colcon_core.package_identification:_identify(src/custom_interfaces) by extension 'colcon_pkg'
[0.298s] Level 1:colcon.colcon_core.package_identification:_identify(src/custom_interfaces) by extensions ['colcon_meta']
[0.298s] Level 1:colcon.colcon_core.package_identification:_identify(src/custom_interfaces) by extension 'colcon_meta'
[0.298s] Level 1:colcon.colcon_core.package_identification:_identify(src/custom_interfaces) by extensions ['ros']
[0.298s] Level 1:colcon.colcon_core.package_identification:_identify(src/custom_interfaces) by extension 'ros'
[0.300s] DEBUG:colcon.colcon_core.package_identification:Package 'src/custom_interfaces' with type 'ros.ament_cmake' and name 'custom_interfaces'
[0.300s] Level 1:colcon.colcon_core.package_identification:_identify(src/sonar_controller) by extensions ['ignore', 'ignore_ament_install']
[0.300s] Level 1:colcon.colcon_core.package_identification:_identify(src/sonar_controller) by extension 'ignore'
[0.300s] Level 1:colcon.colcon_core.package_identification:_identify(src/sonar_controller) by extension 'ignore_ament_install'
[0.300s] Level 1:colcon.colcon_core.package_identification:_identify(src/sonar_controller) by extensions ['colcon_pkg']
[0.300s] Level 1:colcon.colcon_core.package_identification:_identify(src/sonar_controller) by extension 'colcon_pkg'
[0.300s] Level 1:colcon.colcon_core.package_identification:_identify(src/sonar_controller) by extensions ['colcon_meta']
[0.300s] Level 1:colcon.colcon_core.package_identification:_identify(src/sonar_controller) by extension 'colcon_meta'
[0.300s] Level 1:colcon.colcon_core.package_identification:_identify(src/sonar_controller) by extensions ['ros']
[0.300s] Level 1:colcon.colcon_core.package_identification:_identify(src/sonar_controller) by extension 'ros'
[0.301s] DEBUG:colcon.colcon_core.package_identification:Package 'src/sonar_controller' with type 'ros.ament_python' and name 'sonar_controller'
[0.301s] Level 1:colcon.colcon_core.package_discovery:discover_packages(recursive) using defaults
[0.301s] Level 1:colcon.colcon_core.package_discovery:discover_packages(ignore) discover
[0.301s] Level 1:colcon.colcon_core.package_discovery:discover_packages(ignore) using defaults
[0.301s] Level 1:colcon.colcon_core.package_discovery:discover_packages(path) discover
[0.301s] Level 1:colcon.colcon_core.package_discovery:discover_packages(path) using defaults
[0.320s] Level 1:colcon.colcon_core.package_discovery:discover_packages(prefix_path) check parameters
[0.320s] Level 1:colcon.colcon_core.package_discovery:discover_packages(prefix_path) discover
[0.322s] DEBUG:colcon.colcon_installed_package_information.package_discovery:Found 2 installed packages in /home/aceti/Documents/camera_test/install
[0.322s] DEBUG:colcon.colcon_installed_package_information.package_discovery:Found 2 installed packages in /home/aceti/head/Head_asv/install
[0.324s] DEBUG:colcon.colcon_installed_package_information.package_discovery:Found 272 installed packages in /opt/ros/humble
[0.325s] Level 1:colcon.colcon_core.package_discovery:discover_packages(prefix_path) using defaults
[0.368s] Level 5:colcon.colcon_core.verb:set package 'custom_interfaces' build argument 'cmake_args' from command line to 'None'
[0.368s] Level 5:colcon.colcon_core.verb:set package 'custom_interfaces' build argument 'cmake_target' from command line to 'None'
[0.368s] Level 5:colcon.colcon_core.verb:set package 'custom_interfaces' build argument 'cmake_target_skip_unavailable' from command line to 'False'
[0.368s] Level 5:colcon.colcon_core.verb:set package 'custom_interfaces' build argument 'cmake_clean_cache' from command line to 'False'
[0.368s] Level 5:colcon.colcon_core.verb:set package 'custom_interfaces' build argument 'cmake_clean_first' from command line to 'False'
[0.368s] Level 5:colcon.colcon_core.verb:set package 'custom_interfaces' build argument 'cmake_force_configure' from command line to 'False'
[0.368s] Level 5:colcon.colcon_core.verb:set package 'custom_interfaces' build argument 'ament_cmake_args' from command line to 'None'
[0.368s] Level 5:colcon.colcon_core.verb:set package 'custom_interfaces' build argument 'catkin_cmake_args' from command line to 'None'
[0.368s] Level 5:colcon.colcon_core.verb:set package 'custom_interfaces' build argument 'catkin_skip_building_tests' from command line to 'False'
[0.368s] DEBUG:colcon.colcon_core.verb:Building package 'custom_interfaces' with the following arguments: {'ament_cmake_args': None, 'build_base': '/home/aceti/sonar/Sonar_asv/build/custom_interfaces', 'catkin_cmake_args': None, 'catkin_skip_building_tests': False, 'cmake_args': None, 'cmake_clean_cache': False, 'cmake_clean_first': False, 'cmake_force_configure': False, 'cmake_target': None, 'cmake_target_skip_unavailable': False, 'install_base': '/home/aceti/sonar/Sonar_asv/install/custom_interfaces', 'merge_install': False, 'path': '/home/aceti/sonar/Sonar_asv/src/custom_interfaces', 'symlink_install': False, 'test_result_base': None}
[0.369s] Level 5:colcon.colcon_core.verb:set package 'sonar_controller' build argument 'cmake_args' from command line to 'None'
[0.369s] Level 5:colcon.colcon_core.verb:set package 'sonar_controller' build argument 'cmake_target' from command line to 'None'
[0.369s] Level 5:colcon.colcon_core.verb:set package 'sonar_controller' build argument 'cmake_target_skip_unavailable' from command line to 'False'
[0.369s] Level 5:colcon.colcon_core.verb:set package 'sonar_controller' build argument 'cmake_clean_cache' from command line to 'False'
[0.369s] Level 5:colcon.colcon_core.verb:set package 'sonar_controller' build argument 'cmake_clean_first' from command line to 'False'
[0.369s] Level 5:colcon.colcon_core.verb:set package 'sonar_controller' build argument 'cmake_force_configure' from command line to 'False'
[0.369s] Level 5:colcon.colcon_core.verb:set package 'sonar_controller' build argument 'ament_cmake_args' from command line to 'None'
[0.369s] Level 5:colcon.colcon_core.verb:set package 'sonar_controller' build argument 'catkin_cmake_args' from command line to 'None'
[0.369s] Level 5:colcon.colcon_core.verb:set package 'sonar_controller' build argument 'catkin_skip_building_tests' from command line to 'False'
[0.369s] DEBUG:colcon.colcon_core.verb:Building package 'sonar_controller' with the following arguments: {'ament_cmake_args': None, 'build_base': '/home/aceti/sonar/Sonar_asv/build/sonar_controller', 'catkin_cmake_args': None, 'catkin_skip_building_tests': False, 'cmake_args': None, 'cmake_clean_cache': False, 'cmake_clean_first': False, 'cmake_force_configure': False, 'cmake_target': None, 'cmake_target_skip_unavailable': False, 'install_base': '/home/aceti/sonar/Sonar_asv/install/sonar_controller', 'merge_install': False, 'path': '/home/aceti/sonar/Sonar_asv/src/sonar_controller', 'symlink_install': False, 'test_result_base': None}
[0.370s] INFO:colcon.colcon_core.executor:Executing jobs using 'parallel' executor
[0.373s] DEBUG:colcon.colcon_parallel_executor.executor.parallel:run_until_complete
[0.373s] INFO:colcon.colcon_ros.task.ament_cmake.build:Building ROS package in '/home/aceti/sonar/Sonar_asv/src/custom_interfaces' with build type 'ament_cmake'
[0.373s] INFO:colcon.colcon_cmake.task.cmake.build:Building CMake package in '/home/aceti/sonar/Sonar_asv/src/custom_interfaces'
[0.377s] INFO:colcon.colcon_core.plugin_system:Skipping extension 'colcon_core.shell.bat': Not used on non-Windows systems
[0.377s] INFO:colcon.colcon_core.shell:Skip shell extension 'powershell' for command environment: Not usable outside of PowerShell
[0.377s] DEBUG:colcon.colcon_core.shell:Skip shell extension 'dsv' for command environment
[0.387s] DEBUG:colcon.colcon_core.event_handler.log_command:Invoking command in '/home/aceti/sonar/Sonar_asv/build/custom_interfaces': CMAKE_PREFIX_PATH=${CMAKE_PREFIX_PATH}:/home/aceti/head/Head_asv/install/add_integers:/home/aceti/head/Head_asv/install/head_controller:/opt/ros/humble /usr/bin/cmake --build /home/aceti/sonar/Sonar_asv/build/custom_interfaces -- -j8 -l8
[0.694s] DEBUG:colcon.colcon_core.event_handler.log_command:Invoked command in '/home/aceti/sonar/Sonar_asv/build/custom_interfaces' returned '0': CMAKE_PREFIX_PATH=${CMAKE_PREFIX_PATH}:/home/aceti/head/Head_asv/install/add_integers:/home/aceti/head/Head_asv/install/head_controller:/opt/ros/humble /usr/bin/cmake --build /home/aceti/sonar/Sonar_asv/build/custom_interfaces -- -j8 -l8
[0.737s] DEBUG:colcon.colcon_core.event_handler.log_command:Invoking command in '/home/aceti/sonar/Sonar_asv/build/custom_interfaces': CMAKE_PREFIX_PATH=${CMAKE_PREFIX_PATH}:/home/aceti/head/Head_asv/install/add_integers:/home/aceti/head/Head_asv/install/head_controller:/opt/ros/humble /usr/bin/cmake --install /home/aceti/sonar/Sonar_asv/build/custom_interfaces
[0.776s] Level 1:colcon.colcon_core.environment:create_environment_scripts_only(custom_interfaces)
[0.776s] DEBUG:colcon.colcon_core.event_handler.log_command:Invoked command in '/home/aceti/sonar/Sonar_asv/build/custom_interfaces' returned '0': CMAKE_PREFIX_PATH=${CMAKE_PREFIX_PATH}:/home/aceti/head/Head_asv/install/add_integers:/home/aceti/head/Head_asv/install/head_controller:/opt/ros/humble /usr/bin/cmake --install /home/aceti/sonar/Sonar_asv/build/custom_interfaces
[0.780s] Level 1:colcon.colcon_core.environment:checking '/home/aceti/sonar/Sonar_asv/install/custom_interfaces' for CMake module files
[0.781s] Level 1:colcon.colcon_core.environment:checking '/home/aceti/sonar/Sonar_asv/install/custom_interfaces' for CMake config files
[0.781s] Level 1:colcon.colcon_core.shell:create_environment_hook('custom_interfaces', 'cmake_prefix_path')
[0.782s] INFO:colcon.colcon_core.shell:Creating environment hook '/home/aceti/sonar/Sonar_asv/install/custom_interfaces/share/custom_interfaces/hook/cmake_prefix_path.ps1'
[0.783s] INFO:colcon.colcon_core.shell:Creating environment descriptor '/home/aceti/sonar/Sonar_asv/install/custom_interfaces/share/custom_interfaces/hook/cmake_prefix_path.dsv'
[0.783s] INFO:colcon.colcon_core.shell:Creating environment hook '/home/aceti/sonar/Sonar_asv/install/custom_interfaces/share/custom_interfaces/hook/cmake_prefix_path.sh'
[0.784s] Level 1:colcon.colcon_core.environment:checking '/home/aceti/sonar/Sonar_asv/install/custom_interfaces/lib'
[0.784s] Level 1:colcon.colcon_core.shell:create_environment_hook('custom_interfaces', 'ld_library_path_lib')
[0.785s] INFO:colcon.colcon_core.shell:Creating environment hook '/home/aceti/sonar/Sonar_asv/install/custom_interfaces/share/custom_interfaces/hook/ld_library_path_lib.ps1'
[0.785s] INFO:colcon.colcon_core.shell:Creating environment descriptor '/home/aceti/sonar/Sonar_asv/install/custom_interfaces/share/custom_interfaces/hook/ld_library_path_lib.dsv'
[0.786s] INFO:colcon.colcon_core.shell:Creating environment hook '/home/aceti/sonar/Sonar_asv/install/custom_interfaces/share/custom_interfaces/hook/ld_library_path_lib.sh'
[0.786s] Level 1:colcon.colcon_core.environment:checking '/home/aceti/sonar/Sonar_asv/install/custom_interfaces/bin'
[0.786s] Level 1:colcon.colcon_core.environment:checking '/home/aceti/sonar/Sonar_asv/install/custom_interfaces/lib/pkgconfig/custom_interfaces.pc'
[0.786s] Level 1:colcon.colcon_core.environment:checking '/home/aceti/sonar/Sonar_asv/install/custom_interfaces/lib/python3.10/site-packages'
[0.786s] Level 1:colcon.colcon_core.environment:checking '/home/aceti/sonar/Sonar_asv/install/custom_interfaces/bin'
[0.787s] INFO:colcon.colcon_core.shell:Creating package script '/home/aceti/sonar/Sonar_asv/install/custom_interfaces/share/custom_interfaces/package.ps1'
[0.788s] INFO:colcon.colcon_core.shell:Creating package descriptor '/home/aceti/sonar/Sonar_asv/install/custom_interfaces/share/custom_interfaces/package.dsv'
[0.789s] INFO:colcon.colcon_core.shell:Creating package script '/home/aceti/sonar/Sonar_asv/install/custom_interfaces/share/custom_interfaces/package.sh'
[0.789s] INFO:colcon.colcon_core.shell:Creating package script '/home/aceti/sonar/Sonar_asv/install/custom_interfaces/share/custom_interfaces/package.bash'
[0.790s] INFO:colcon.colcon_core.shell:Creating package script '/home/aceti/sonar/Sonar_asv/install/custom_interfaces/share/custom_interfaces/package.zsh'
[0.790s] Level 1:colcon.colcon_core.environment:create_file_with_runtime_dependencies(/home/aceti/sonar/Sonar_asv/install/custom_interfaces/share/colcon-core/packages/custom_interfaces)
[0.827s] Level 1:colcon.colcon_core.environment:create_environment_scripts_only(custom_interfaces)
[0.829s] Level 1:colcon.colcon_core.environment:checking '/home/aceti/sonar/Sonar_asv/install/custom_interfaces' for CMake module files
[0.829s] Level 1:colcon.colcon_core.environment:checking '/home/aceti/sonar/Sonar_asv/install/custom_interfaces' for CMake config files
[0.829s] Level 1:colcon.colcon_core.shell:create_environment_hook('custom_interfaces', 'cmake_prefix_path')
[0.830s] INFO:colcon.colcon_core.shell:Creating environment hook '/home/aceti/sonar/Sonar_asv/install/custom_interfaces/share/custom_interfaces/hook/cmake_prefix_path.ps1'
[0.831s] INFO:colcon.colcon_core.shell:Creating environment descriptor '/home/aceti/sonar/Sonar_asv/install/custom_interfaces/share/custom_interfaces/hook/cmake_prefix_path.dsv'
[0.831s] INFO:colcon.colcon_core.shell:Creating environment hook '/home/aceti/sonar/Sonar_asv/install/custom_interfaces/share/custom_interfaces/hook/cmake_prefix_path.sh'
[0.831s] Level 1:colcon.colcon_core.environment:checking '/home/aceti/sonar/Sonar_asv/install/custom_interfaces/lib'
[0.831s] Level 1:colcon.colcon_core.shell:create_environment_hook('custom_interfaces', 'ld_library_path_lib')
[0.832s] INFO:colcon.colcon_core.shell:Creating environment hook '/home/aceti/sonar/Sonar_asv/install/custom_interfaces/share/custom_interfaces/hook/ld_library_path_lib.ps1'
[0.833s] INFO:colcon.colcon_core.shell:Creating environment descriptor '/home/aceti/sonar/Sonar_asv/install/custom_interfaces/share/custom_interfaces/hook/ld_library_path_lib.dsv'
[0.833s] INFO:colcon.colcon_core.shell:Creating environment hook '/home/aceti/sonar/Sonar_asv/install/custom_interfaces/share/custom_interfaces/hook/ld_library_path_lib.sh'
[0.833s] Level 1:colcon.colcon_core.environment:checking '/home/aceti/sonar/Sonar_asv/install/custom_interfaces/bin'
[0.833s] Level 1:colcon.colcon_core.environment:checking '/home/aceti/sonar/Sonar_asv/install/custom_interfaces/lib/pkgconfig/custom_interfaces.pc'
[0.833s] Level 1:colcon.colcon_core.environment:checking '/home/aceti/sonar/Sonar_asv/install/custom_interfaces/lib/python3.10/site-packages'
[0.834s] Level 1:colcon.colcon_core.environment:checking '/home/aceti/sonar/Sonar_asv/install/custom_interfaces/bin'
[0.835s] INFO:colcon.colcon_core.shell:Creating package script '/home/aceti/sonar/Sonar_asv/install/custom_interfaces/share/custom_interfaces/package.ps1'
[0.835s] INFO:colcon.colcon_core.shell:Creating package descriptor '/home/aceti/sonar/Sonar_asv/install/custom_interfaces/share/custom_interfaces/package.dsv'
[0.835s] INFO:colcon.colcon_core.shell:Creating package script '/home/aceti/sonar/Sonar_asv/install/custom_interfaces/share/custom_interfaces/package.sh'
[0.836s] INFO:colcon.colcon_core.shell:Creating package script '/home/aceti/sonar/Sonar_asv/install/custom_interfaces/share/custom_interfaces/package.bash'
[0.836s] INFO:colcon.colcon_core.shell:Creating package script '/home/aceti/sonar/Sonar_asv/install/custom_interfaces/share/custom_interfaces/package.zsh'
[0.836s] Level 1:colcon.colcon_core.environment:create_file_with_runtime_dependencies(/home/aceti/sonar/Sonar_asv/install/custom_interfaces/share/colcon-core/packages/custom_interfaces)
[0.836s] INFO:colcon.colcon_ros.task.ament_python.build:Building ROS package in '/home/aceti/sonar/Sonar_asv/src/sonar_controller' with build type 'ament_python'
[0.837s] Level 1:colcon.colcon_core.shell:create_environment_hook('sonar_controller', 'ament_prefix_path')
[0.838s] INFO:colcon.colcon_core.shell:Creating environment hook '/home/aceti/sonar/Sonar_asv/install/sonar_controller/share/sonar_controller/hook/ament_prefix_path.ps1'
[0.838s] INFO:colcon.colcon_core.shell:Creating environment descriptor '/home/aceti/sonar/Sonar_asv/install/sonar_controller/share/sonar_controller/hook/ament_prefix_path.dsv'
[0.838s] INFO:colcon.colcon_core.shell:Creating environment hook '/home/aceti/sonar/Sonar_asv/install/sonar_controller/share/sonar_controller/hook/ament_prefix_path.sh'
[0.840s] INFO:colcon.colcon_core.shell:Skip shell extension 'powershell' for command environment: Not usable outside of PowerShell
[0.840s] DEBUG:colcon.colcon_core.shell:Skip shell extension 'dsv' for command environment
[1.065s] INFO:colcon.colcon_core.task.python.build:Building Python package in '/home/aceti/sonar/Sonar_asv/src/sonar_controller'
[1.067s] INFO:colcon.colcon_core.shell:Skip shell extension 'powershell' for command environment: Not usable outside of PowerShell
[1.067s] DEBUG:colcon.colcon_core.shell:Skip shell extension 'dsv' for command environment
[1.374s] DEBUG:colcon.colcon_core.event_handler.log_command:Invoking command in '/home/aceti/sonar/Sonar_asv/src/sonar_controller': AMENT_PREFIX_PATH=/home/aceti/sonar/Sonar_asv/install/custom_interfaces:${AMENT_PREFIX_PATH} CMAKE_PREFIX_PATH=/home/aceti/sonar/Sonar_asv/install/custom_interfaces:${CMAKE_PREFIX_PATH} LD_LIBRARY_PATH=/home/aceti/sonar/Sonar_asv/install/custom_interfaces/lib:${LD_LIBRARY_PATH} PYTHONPATH=/home/aceti/sonar/Sonar_asv/build/sonar_controller/prefix_override:/home/aceti/sonar/Sonar_asv/install/sonar_controller/lib/python3.10/site-packages:/home/aceti/sonar/Sonar_asv/install/custom_interfaces/local/lib/python3.10/dist-packages:${PYTHONPATH} /usr/bin/python3 setup.py egg_info --egg-base ../../build/sonar_controller build --build-base /home/aceti/sonar/Sonar_asv/build/sonar_controller/build install --record /home/aceti/sonar/Sonar_asv/build/sonar_controller/install.log --single-version-externally-managed
[1.627s] Level 1:colcon.colcon_core.environment:checking '/home/aceti/sonar/Sonar_asv/install/sonar_controller' for CMake module files
[1.628s] DEBUG:colcon.colcon_core.event_handler.log_command:Invoked command in '/home/aceti/sonar/Sonar_asv/src/sonar_controller' returned '0': AMENT_PREFIX_PATH=/home/aceti/sonar/Sonar_asv/install/custom_interfaces:${AMENT_PREFIX_PATH} CMAKE_PREFIX_PATH=/home/aceti/sonar/Sonar_asv/install/custom_interfaces:${CMAKE_PREFIX_PATH} LD_LIBRARY_PATH=/home/aceti/sonar/Sonar_asv/install/custom_interfaces/lib:${LD_LIBRARY_PATH} PYTHONPATH=/home/aceti/sonar/Sonar_asv/build/sonar_controller/prefix_override:/home/aceti/sonar/Sonar_asv/install/sonar_controller/lib/python3.10/site-packages:/home/aceti/sonar/Sonar_asv/install/custom_interfaces/local/lib/python3.10/dist-packages:${PYTHONPATH} /usr/bin/python3 setup.py egg_info --egg-base ../../build/sonar_controller build --build-base /home/aceti/sonar/Sonar_asv/build/sonar_controller/build install --record /home/aceti/sonar/Sonar_asv/build/sonar_controller/install.log --single-version-externally-managed
[1.628s] Level 1:colcon.colcon_core.environment:checking '/home/aceti/sonar/Sonar_asv/install/sonar_controller' for CMake config files
[1.629s] Level 1:colcon.colcon_core.environment:checking '/home/aceti/sonar/Sonar_asv/install/sonar_controller/lib'
[1.629s] Level 1:colcon.colcon_core.environment:checking '/home/aceti/sonar/Sonar_asv/install/sonar_controller/bin'
[1.629s] Level 1:colcon.colcon_core.environment:checking '/home/aceti/sonar/Sonar_asv/install/sonar_controller/lib/pkgconfig/sonar_controller.pc'
[1.630s] Level 1:colcon.colcon_core.environment:checking '/home/aceti/sonar/Sonar_asv/install/sonar_controller/lib/python3.10/site-packages'
[1.630s] Level 1:colcon.colcon_core.shell:create_environment_hook('sonar_controller', 'pythonpath')
[1.632s] INFO:colcon.colcon_core.shell:Creating environment hook '/home/aceti/sonar/Sonar_asv/install/sonar_controller/share/sonar_controller/hook/pythonpath.ps1'
[1.632s] INFO:colcon.colcon_core.shell:Creating environment descriptor '/home/aceti/sonar/Sonar_asv/install/sonar_controller/share/sonar_controller/hook/pythonpath.dsv'
[1.633s] INFO:colcon.colcon_core.shell:Creating environment hook '/home/aceti/sonar/Sonar_asv/install/sonar_controller/share/sonar_controller/hook/pythonpath.sh'
[1.633s] Level 1:colcon.colcon_core.environment:checking '/home/aceti/sonar/Sonar_asv/install/sonar_controller/bin'
[1.633s] Level 1:colcon.colcon_core.environment:create_environment_scripts_only(sonar_controller)
[1.635s] INFO:colcon.colcon_core.shell:Creating package script '/home/aceti/sonar/Sonar_asv/install/sonar_controller/share/sonar_controller/package.ps1'
[1.637s] INFO:colcon.colcon_core.shell:Creating package descriptor '/home/aceti/sonar/Sonar_asv/install/sonar_controller/share/sonar_controller/package.dsv'
[1.637s] INFO:colcon.colcon_core.shell:Creating package script '/home/aceti/sonar/Sonar_asv/install/sonar_controller/share/sonar_controller/package.sh'
[1.637s] INFO:colcon.colcon_core.shell:Creating package script '/home/aceti/sonar/Sonar_asv/install/sonar_controller/share/sonar_controller/package.bash'
[1.638s] INFO:colcon.colcon_core.shell:Creating package script '/home/aceti/sonar/Sonar_asv/install/sonar_controller/share/sonar_controller/package.zsh'
[1.638s] Level 1:colcon.colcon_core.environment:create_file_with_runtime_dependencies(/home/aceti/sonar/Sonar_asv/install/sonar_controller/share/colcon-core/packages/sonar_controller)
[1.638s] DEBUG:colcon.colcon_parallel_executor.executor.parallel:closing loop
[1.639s] DEBUG:colcon.colcon_parallel_executor.executor.parallel:loop closed
[1.639s] DEBUG:colcon.colcon_parallel_executor.executor.parallel:run_until_complete finished with '0'
[1.639s] DEBUG:colcon.colcon_core.event_reactor:joining thread
[1.643s] INFO:colcon.colcon_core.plugin_system:Skipping extension 'colcon_notification.desktop_notification.terminal_notifier': Not used on non-Darwin systems
[1.643s] INFO:colcon.colcon_core.plugin_system:Skipping extension 'colcon_notification.desktop_notification.win32': Not used on non-Windows systems
[1.643s] INFO:colcon.colcon_notification.desktop_notification:Sending desktop notification using 'notify2'
[1.650s] DEBUG:colcon.colcon_core.event_reactor:joined thread
[1.651s] INFO:colcon.colcon_core.shell:Creating prefix script '/home/aceti/sonar/Sonar_asv/install/local_setup.ps1'
[1.652s] INFO:colcon.colcon_core.shell:Creating prefix util module '/home/aceti/sonar/Sonar_asv/install/_local_setup_util_ps1.py'
[1.653s] INFO:colcon.colcon_core.shell:Creating prefix chain script '/home/aceti/sonar/Sonar_asv/install/setup.ps1'
[1.654s] INFO:colcon.colcon_core.shell:Creating prefix script '/home/aceti/sonar/Sonar_asv/install/local_setup.sh'
[1.655s] INFO:colcon.colcon_core.shell:Creating prefix util module '/home/aceti/sonar/Sonar_asv/install/_local_setup_util_sh.py'
[1.655s] INFO:colcon.colcon_core.shell:Creating prefix chain script '/home/aceti/sonar/Sonar_asv/install/setup.sh'
[1.656s] INFO:colcon.colcon_core.shell:Creating prefix script '/home/aceti/sonar/Sonar_asv/install/local_setup.bash'
[1.657s] INFO:colcon.colcon_core.shell:Creating prefix chain script '/home/aceti/sonar/Sonar_asv/install/setup.bash'
[1.658s] INFO:colcon.colcon_core.shell:Creating prefix script '/home/aceti/sonar/Sonar_asv/install/local_setup.zsh'
[1.658s] INFO:colcon.colcon_core.shell:Creating prefix chain script '/home/aceti/sonar/Sonar_asv/install/setup.zsh'
