[0.438s] DEBUG:colcon:Command line arguments: ['/usr/bin/colcon', 'list', '-p', '--base-paths', '/home/aceti/sonar/Sonar_asv']
[0.438s] DEBUG:colcon:Parsed command line arguments: Namespace(log_base=None, log_level=None, verb_name='list', build_base='build', ignore_user_meta=False, metas=['./colcon.meta'], base_paths=['/home/aceti/sonar/Sonar_asv'], packages_ignore=None, packages_ignore_regex=None, paths=None, packages_up_to=None, packages_up_to_regex=None, packages_above=None, packages_above_and_dependencies=None, packages_above_depth=None, packages_select_by_dep=None, packages_skip_by_dep=None, packages_skip_up_to=None, packages_select_build_failed=False, packages_skip_build_finished=False, packages_select_test_failures=False, packages_skip_test_passed=False, packages_select=None, packages_skip=None, packages_select_regex=None, packages_skip_regex=None, packages_start=None, packages_end=None, allow_overriding=[], topological_order=False, names_only=False, paths_only=True, topological_graph=False, topological_graph_dot=False, topological_graph_density=False, topological_graph_legend=False, topological_graph_dot_cluster=False, topological_graph_dot_include_skipped=False, verb_parser=<colcon_defaults.argument_parser.defaults.DefaultArgumentsDecorator object at 0x7f4a194535e0>, verb_extension=<colcon_package_information.verb.list.ListVerb object at 0x7f4a195fbe80>, main=<bound method ListVerb.main of <colcon_package_information.verb.list.ListVerb object at 0x7f4a195fbe80>>)
[0.486s] Level 1:colcon.colcon_core.package_discovery:discover_packages(colcon_meta) check parameters
[0.487s] Level 1:colcon.colcon_core.package_discovery:discover_packages(recursive) check parameters
[0.487s] Level 1:colcon.colcon_core.package_discovery:discover_packages(ignore) check parameters
[0.487s] Level 1:colcon.colcon_core.package_discovery:discover_packages(path) check parameters
[0.487s] Level 1:colcon.colcon_core.package_discovery:discover_packages(recursive) discover
[0.487s] INFO:colcon.colcon_core.package_discovery:Crawling recursively for packages in '/home/aceti/sonar/Sonar_asv'
[0.487s] Level 1:colcon.colcon_core.package_identification:_identify(/home/aceti/sonar/Sonar_asv) by extensions ['ignore', 'ignore_ament_install']
[0.487s] Level 1:colcon.colcon_core.package_identification:_identify(/home/aceti/sonar/Sonar_asv) by extension 'ignore'
[0.487s] Level 1:colcon.colcon_core.package_identification:_identify(/home/aceti/sonar/Sonar_asv) by extension 'ignore_ament_install'
[0.487s] Level 1:colcon.colcon_core.package_identification:_identify(/home/aceti/sonar/Sonar_asv) by extensions ['colcon_pkg']
[0.487s] Level 1:colcon.colcon_core.package_identification:_identify(/home/aceti/sonar/Sonar_asv) by extension 'colcon_pkg'
[0.487s] Level 1:colcon.colcon_core.package_identification:_identify(/home/aceti/sonar/Sonar_asv) by extensions ['colcon_meta']
[0.487s] Level 1:colcon.colcon_core.package_identification:_identify(/home/aceti/sonar/Sonar_asv) by extension 'colcon_meta'
[0.488s] Level 1:colcon.colcon_core.package_identification:_identify(/home/aceti/sonar/Sonar_asv) by extensions ['ros']
[0.488s] Level 1:colcon.colcon_core.package_identification:_identify(/home/aceti/sonar/Sonar_asv) by extension 'ros'
[0.508s] Level 1:colcon.colcon_core.package_identification:_identify(/home/aceti/sonar/Sonar_asv) by extensions ['cmake', 'python']
[0.508s] Level 1:colcon.colcon_core.package_identification:_identify(/home/aceti/sonar/Sonar_asv) by extension 'cmake'
[0.508s] Level 1:colcon.colcon_core.package_identification:_identify(/home/aceti/sonar/Sonar_asv) by extension 'python'
[0.508s] Level 1:colcon.colcon_core.package_identification:_identify(/home/aceti/sonar/Sonar_asv) by extensions ['python_setup_py']
[0.508s] Level 1:colcon.colcon_core.package_identification:_identify(/home/aceti/sonar/Sonar_asv) by extension 'python_setup_py'
[0.509s] Level 1:colcon.colcon_core.package_identification:_identify(/home/aceti/sonar/Sonar_asv/build) by extensions ['ignore', 'ignore_ament_install']
[0.509s] Level 1:colcon.colcon_core.package_identification:_identify(/home/aceti/sonar/Sonar_asv/build) by extension 'ignore'
[0.509s] Level 1:colcon.colcon_core.package_identification:_identify(/home/aceti/sonar/Sonar_asv/build) ignored
[0.509s] Level 1:colcon.colcon_core.package_identification:_identify(/home/aceti/sonar/Sonar_asv/install) by extensions ['ignore', 'ignore_ament_install']
[0.509s] Level 1:colcon.colcon_core.package_identification:_identify(/home/aceti/sonar/Sonar_asv/install) by extension 'ignore'
[0.509s] Level 1:colcon.colcon_core.package_identification:_identify(/home/aceti/sonar/Sonar_asv/install) ignored
[0.509s] Level 1:colcon.colcon_core.package_identification:_identify(/home/aceti/sonar/Sonar_asv/log) by extensions ['ignore', 'ignore_ament_install']
[0.509s] Level 1:colcon.colcon_core.package_identification:_identify(/home/aceti/sonar/Sonar_asv/log) by extension 'ignore'
[0.509s] Level 1:colcon.colcon_core.package_identification:_identify(/home/aceti/sonar/Sonar_asv/log) ignored
[0.510s] Level 1:colcon.colcon_core.package_identification:_identify(/home/aceti/sonar/Sonar_asv/src) by extensions ['ignore', 'ignore_ament_install']
[0.510s] Level 1:colcon.colcon_core.package_identification:_identify(/home/aceti/sonar/Sonar_asv/src) by extension 'ignore'
[0.510s] Level 1:colcon.colcon_core.package_identification:_identify(/home/aceti/sonar/Sonar_asv/src) by extension 'ignore_ament_install'
[0.510s] Level 1:colcon.colcon_core.package_identification:_identify(/home/aceti/sonar/Sonar_asv/src) by extensions ['colcon_pkg']
[0.510s] Level 1:colcon.colcon_core.package_identification:_identify(/home/aceti/sonar/Sonar_asv/src) by extension 'colcon_pkg'
[0.510s] Level 1:colcon.colcon_core.package_identification:_identify(/home/aceti/sonar/Sonar_asv/src) by extensions ['colcon_meta']
[0.510s] Level 1:colcon.colcon_core.package_identification:_identify(/home/aceti/sonar/Sonar_asv/src) by extension 'colcon_meta'
[0.510s] Level 1:colcon.colcon_core.package_identification:_identify(/home/aceti/sonar/Sonar_asv/src) by extensions ['ros']
[0.510s] Level 1:colcon.colcon_core.package_identification:_identify(/home/aceti/sonar/Sonar_asv/src) by extension 'ros'
[0.510s] Level 1:colcon.colcon_core.package_identification:_identify(/home/aceti/sonar/Sonar_asv/src) by extensions ['cmake', 'python']
[0.510s] Level 1:colcon.colcon_core.package_identification:_identify(/home/aceti/sonar/Sonar_asv/src) by extension 'cmake'
[0.510s] Level 1:colcon.colcon_core.package_identification:_identify(/home/aceti/sonar/Sonar_asv/src) by extension 'python'
[0.510s] Level 1:colcon.colcon_core.package_identification:_identify(/home/aceti/sonar/Sonar_asv/src) by extensions ['python_setup_py']
[0.511s] Level 1:colcon.colcon_core.package_identification:_identify(/home/aceti/sonar/Sonar_asv/src) by extension 'python_setup_py'
[0.511s] Level 1:colcon.colcon_core.package_identification:_identify(/home/aceti/sonar/Sonar_asv/src/custom_interfaces) by extensions ['ignore', 'ignore_ament_install']
[0.511s] Level 1:colcon.colcon_core.package_identification:_identify(/home/aceti/sonar/Sonar_asv/src/custom_interfaces) by extension 'ignore'
[0.511s] Level 1:colcon.colcon_core.package_identification:_identify(/home/aceti/sonar/Sonar_asv/src/custom_interfaces) by extension 'ignore_ament_install'
[0.511s] Level 1:colcon.colcon_core.package_identification:_identify(/home/aceti/sonar/Sonar_asv/src/custom_interfaces) by extensions ['colcon_pkg']
[0.511s] Level 1:colcon.colcon_core.package_identification:_identify(/home/aceti/sonar/Sonar_asv/src/custom_interfaces) by extension 'colcon_pkg'
[0.511s] Level 1:colcon.colcon_core.package_identification:_identify(/home/aceti/sonar/Sonar_asv/src/custom_interfaces) by extensions ['colcon_meta']
[0.512s] Level 1:colcon.colcon_core.package_identification:_identify(/home/aceti/sonar/Sonar_asv/src/custom_interfaces) by extension 'colcon_meta'
[0.512s] Level 1:colcon.colcon_core.package_identification:_identify(/home/aceti/sonar/Sonar_asv/src/custom_interfaces) by extensions ['ros']
[0.512s] Level 1:colcon.colcon_core.package_identification:_identify(/home/aceti/sonar/Sonar_asv/src/custom_interfaces) by extension 'ros'
[0.518s] DEBUG:colcon.colcon_core.package_identification:Package '/home/aceti/sonar/Sonar_asv/src/custom_interfaces' with type 'ros.ament_cmake' and name 'custom_interfaces'
[0.519s] Level 1:colcon.colcon_core.package_identification:_identify(/home/aceti/sonar/Sonar_asv/src/sonar_controller) by extensions ['ignore', 'ignore_ament_install']
[0.519s] Level 1:colcon.colcon_core.package_identification:_identify(/home/aceti/sonar/Sonar_asv/src/sonar_controller) by extension 'ignore'
[0.519s] Level 1:colcon.colcon_core.package_identification:_identify(/home/aceti/sonar/Sonar_asv/src/sonar_controller) by extension 'ignore_ament_install'
[0.519s] Level 1:colcon.colcon_core.package_identification:_identify(/home/aceti/sonar/Sonar_asv/src/sonar_controller) by extensions ['colcon_pkg']
[0.519s] Level 1:colcon.colcon_core.package_identification:_identify(/home/aceti/sonar/Sonar_asv/src/sonar_controller) by extension 'colcon_pkg'
[0.519s] Level 1:colcon.colcon_core.package_identification:_identify(/home/aceti/sonar/Sonar_asv/src/sonar_controller) by extensions ['colcon_meta']
[0.519s] Level 1:colcon.colcon_core.package_identification:_identify(/home/aceti/sonar/Sonar_asv/src/sonar_controller) by extension 'colcon_meta'
[0.519s] Level 1:colcon.colcon_core.package_identification:_identify(/home/aceti/sonar/Sonar_asv/src/sonar_controller) by extensions ['ros']
[0.519s] Level 1:colcon.colcon_core.package_identification:_identify(/home/aceti/sonar/Sonar_asv/src/sonar_controller) by extension 'ros'
[0.520s] DEBUG:colcon.colcon_core.package_identification:Package '/home/aceti/sonar/Sonar_asv/src/sonar_controller' with type 'ros.ament_python' and name 'sonar_controller'
[0.520s] Level 1:colcon.colcon_core.package_discovery:discover_packages(recursive) using defaults
