[0.509s] Invoking command in '/home/aceti/sonar/src/sonar_controller': PYTHONPATH=/home/aceti/sonar/build/sonar_controller/prefix_override:/home/aceti/sonar/install/sonar_controller/lib/python3.10/site-packages:${PYTHONPATH} /usr/bin/python3 setup.py egg_info --egg-base ../../build/sonar_controller build --build-base /home/aceti/sonar/build/sonar_controller/build install --record /home/aceti/sonar/build/sonar_controller/install.log --single-version-externally-managed
[0.704s] running egg_info
[0.704s] writing ../../build/sonar_controller/sonar_controller.egg-info/PKG-INFO
[0.704s] writing dependency_links to ../../build/sonar_controller/sonar_controller.egg-info/dependency_links.txt
[0.704s] writing entry points to ../../build/sonar_controller/sonar_controller.egg-info/entry_points.txt
[0.704s] writing requirements to ../../build/sonar_controller/sonar_controller.egg-info/requires.txt
[0.705s] writing top-level names to ../../build/sonar_controller/sonar_controller.egg-info/top_level.txt
[0.706s] reading manifest file '../../build/sonar_controller/sonar_controller.egg-info/SOURCES.txt'
[0.707s] writing manifest file '../../build/sonar_controller/sonar_controller.egg-info/SOURCES.txt'
[0.707s] running build
[0.707s] running build_py
[0.707s] copying sonar_controller/service_sonar.py -> /home/aceti/sonar/build/sonar_controller/build/lib/sonar_controller
[0.708s] running install
[0.708s] running install_lib
[0.709s] copying /home/aceti/sonar/build/sonar_controller/build/lib/sonar_controller/service_sonar.py -> /home/aceti/sonar/install/sonar_controller/lib/python3.10/site-packages/sonar_controller
[0.709s] byte-compiling /home/aceti/sonar/install/sonar_controller/lib/python3.10/site-packages/sonar_controller/service_sonar.py to service_sonar.cpython-310.pyc
[0.710s] running install_data
[0.710s] running install_egg_info
[0.711s] removing '/home/aceti/sonar/install/sonar_controller/lib/python3.10/site-packages/sonar_controller-0.0.0-py3.10.egg-info' (and everything under it)
[0.711s] Copying ../../build/sonar_controller/sonar_controller.egg-info to /home/aceti/sonar/install/sonar_controller/lib/python3.10/site-packages/sonar_controller-0.0.0-py3.10.egg-info
[0.712s] running install_scripts
[0.727s] Installing sonar_client script to /home/aceti/sonar/install/sonar_controller/lib/sonar_controller
[0.727s] Installing sonar_service script to /home/aceti/sonar/install/sonar_controller/lib/sonar_controller
[0.727s] writing list of installed files to '/home/aceti/sonar/build/sonar_controller/install.log'
[0.747s] Invoked command in '/home/aceti/sonar/src/sonar_controller' returned '0': PYTHONPATH=/home/aceti/sonar/build/sonar_controller/prefix_override:/home/aceti/sonar/install/sonar_controller/lib/python3.10/site-packages:${PYTHONPATH} /usr/bin/python3 setup.py egg_info --egg-base ../../build/sonar_controller build --build-base /home/aceti/sonar/build/sonar_controller/build install --record /home/aceti/sonar/build/sonar_controller/install.log --single-version-externally-managed
