[0.582s] Invoking command in '/home/aceti/sonar/Sonar_asv/src/sonar_controller': AMENT_PREFIX_PATH=/home/aceti/sonar/Sonar_asv/install/custom_interfaces:${AMENT_PREFIX_PATH} CMAKE_PREFIX_PATH=/home/aceti/sonar/Sonar_asv/install/custom_interfaces:${CMAKE_PREFIX_PATH} LD_LIBRARY_PATH=/home/aceti/sonar/Sonar_asv/install/custom_interfaces/lib:${LD_LIBRARY_PATH} PYTHONPATH=/home/aceti/sonar/Sonar_asv/build/sonar_controller/prefix_override:/home/aceti/sonar/Sonar_asv/install/sonar_controller/lib/python3.10/site-packages:/home/aceti/sonar/Sonar_asv/install/custom_interfaces/local/lib/python3.10/dist-packages:${PYTHONPATH} /usr/bin/python3 setup.py egg_info --egg-base ../../build/sonar_controller build --build-base /home/aceti/sonar/Sonar_asv/build/sonar_controller/build install --record /home/aceti/sonar/Sonar_asv/build/sonar_controller/install.log --single-version-externally-managed
[0.832s] running egg_info
[0.832s] creating ../../build/sonar_controller/sonar_controller.egg-info
[0.833s] writing ../../build/sonar_controller/sonar_controller.egg-info/PKG-INFO
[0.833s] writing dependency_links to ../../build/sonar_controller/sonar_controller.egg-info/dependency_links.txt
[0.833s] writing entry points to ../../build/sonar_controller/sonar_controller.egg-info/entry_points.txt
[0.833s] writing requirements to ../../build/sonar_controller/sonar_controller.egg-info/requires.txt
[0.833s] writing top-level names to ../../build/sonar_controller/sonar_controller.egg-info/top_level.txt
[0.833s] writing manifest file '../../build/sonar_controller/sonar_controller.egg-info/SOURCES.txt'
[0.835s] reading manifest file '../../build/sonar_controller/sonar_controller.egg-info/SOURCES.txt'
[0.836s] writing manifest file '../../build/sonar_controller/sonar_controller.egg-info/SOURCES.txt'
[0.836s] running build
[0.836s] running build_py
[0.836s] creating /home/aceti/sonar/Sonar_asv/build/sonar_controller/build
[0.836s] creating /home/aceti/sonar/Sonar_asv/build/sonar_controller/build/lib
[0.836s] creating /home/aceti/sonar/Sonar_asv/build/sonar_controller/build/lib/sonar_controller
[0.836s] copying sonar_controller/service_sonar.py -> /home/aceti/sonar/Sonar_asv/build/sonar_controller/build/lib/sonar_controller
[0.837s] copying sonar_controller/__init__.py -> /home/aceti/sonar/Sonar_asv/build/sonar_controller/build/lib/sonar_controller
[0.837s] copying sonar_controller/client_sonar.py -> /home/aceti/sonar/Sonar_asv/build/sonar_controller/build/lib/sonar_controller
[0.837s] running install
[0.837s] running install_lib
[0.838s] creating /home/aceti/sonar/Sonar_asv/install/sonar_controller/lib/python3.10/site-packages/sonar_controller
[0.838s] copying /home/aceti/sonar/Sonar_asv/build/sonar_controller/build/lib/sonar_controller/service_sonar.py -> /home/aceti/sonar/Sonar_asv/install/sonar_controller/lib/python3.10/site-packages/sonar_controller
[0.838s] copying /home/aceti/sonar/Sonar_asv/build/sonar_controller/build/lib/sonar_controller/__init__.py -> /home/aceti/sonar/Sonar_asv/install/sonar_controller/lib/python3.10/site-packages/sonar_controller
[0.838s] copying /home/aceti/sonar/Sonar_asv/build/sonar_controller/build/lib/sonar_controller/client_sonar.py -> /home/aceti/sonar/Sonar_asv/install/sonar_controller/lib/python3.10/site-packages/sonar_controller
[0.838s] byte-compiling /home/aceti/sonar/Sonar_asv/install/sonar_controller/lib/python3.10/site-packages/sonar_controller/service_sonar.py to service_sonar.cpython-310.pyc
[0.839s] byte-compiling /home/aceti/sonar/Sonar_asv/install/sonar_controller/lib/python3.10/site-packages/sonar_controller/__init__.py to __init__.cpython-310.pyc
[0.839s] byte-compiling /home/aceti/sonar/Sonar_asv/install/sonar_controller/lib/python3.10/site-packages/sonar_controller/client_sonar.py to client_sonar.cpython-310.pyc
[0.839s] running install_data
[0.840s] creating /home/aceti/sonar/Sonar_asv/install/sonar_controller/share/ament_index
[0.840s] creating /home/aceti/sonar/Sonar_asv/install/sonar_controller/share/ament_index/resource_index
[0.840s] creating /home/aceti/sonar/Sonar_asv/install/sonar_controller/share/ament_index/resource_index/packages
[0.840s] copying resource/sonar_controller -> /home/aceti/sonar/Sonar_asv/install/sonar_controller/share/ament_index/resource_index/packages
[0.840s] copying package.xml -> /home/aceti/sonar/Sonar_asv/install/sonar_controller/share/sonar_controller
[0.840s] running install_egg_info
[0.842s] Copying ../../build/sonar_controller/sonar_controller.egg-info to /home/aceti/sonar/Sonar_asv/install/sonar_controller/lib/python3.10/site-packages/sonar_controller-0.0.0-py3.10.egg-info
[0.842s] running install_scripts
[0.861s] Installing sonar_client script to /home/aceti/sonar/Sonar_asv/install/sonar_controller/lib/sonar_controller
[0.861s] Installing sonar_service script to /home/aceti/sonar/Sonar_asv/install/sonar_controller/lib/sonar_controller
[0.861s] writing list of installed files to '/home/aceti/sonar/Sonar_asv/build/sonar_controller/install.log'
[0.891s] Invoked command in '/home/aceti/sonar/Sonar_asv/src/sonar_controller' returned '0': AMENT_PREFIX_PATH=/home/aceti/sonar/Sonar_asv/install/custom_interfaces:${AMENT_PREFIX_PATH} CMAKE_PREFIX_PATH=/home/aceti/sonar/Sonar_asv/install/custom_interfaces:${CMAKE_PREFIX_PATH} LD_LIBRARY_PATH=/home/aceti/sonar/Sonar_asv/install/custom_interfaces/lib:${LD_LIBRARY_PATH} PYTHONPATH=/home/aceti/sonar/Sonar_asv/build/sonar_controller/prefix_override:/home/aceti/sonar/Sonar_asv/install/sonar_controller/lib/python3.10/site-packages:/home/aceti/sonar/Sonar_asv/install/custom_interfaces/local/lib/python3.10/dist-packages:${PYTHONPATH} /usr/bin/python3 setup.py egg_info --egg-base ../../build/sonar_controller build --build-base /home/aceti/sonar/Sonar_asv/build/sonar_controller/build install --record /home/aceti/sonar/Sonar_asv/build/sonar_controller/install.log --single-version-externally-managed
