[0.012s] Invoking command in '/home/aceti/sonar/Sonar_asv/build/custom_interfaces': CMAKE_PREFIX_PATH=${CMAKE_PREFIX_PATH}:/home/aceti/sonar/Sonar_asv/install/sonar_controller:/home/aceti/head/Head_asv/install/add_integers:/home/aceti/head/Head_asv/install/head_controller:/opt/ros/humble /usr/bin/cmake --build /home/aceti/sonar/Sonar_asv/build/custom_interfaces -- -j8 -l8
[0.028s] -- Found ament_cmake: 1.3.3 (/opt/ros/humble/share/ament_cmake/cmake)
[0.140s] -- Found rosidl_default_generators: 1.2.0 (/opt/ros/humble/share/rosidl_default_generators/cmake)
[0.142s] -- Using all available rosidl_typesupport_c: rosidl_typesupport_fastrtps_c;rosidl_typesupport_introspection_c
[0.144s] -- Found rosidl_adapter: 3.1.4 (/opt/ros/humble/share/rosidl_adapter/cmake)
[0.169s] -- Using all available rosidl_typesupport_cpp: rosidl_typesupport_fastrtps_cpp;rosidl_typesupport_introspection_cpp
[0.381s] -- Found ament_cmake_ros: 0.10.0 (/opt/ros/humble/share/ament_cmake_ros/cmake)
[0.530s] -- Using all available rosidl_typesupport_c: rosidl_typesupport_fastrtps_c;rosidl_typesupport_introspection_c
[0.718s] -- Using all available rosidl_typesupport_cpp: rosidl_typesupport_fastrtps_cpp;rosidl_typesupport_introspection_cpp
[0.737s] -- Found python_cmake_module: 0.10.0 (/opt/ros/humble/share/python_cmake_module/cmake)
[0.756s] -- Using PYTHON_EXECUTABLE: /usr/bin/python3
[0.756s] -- Using PYTHON_INCLUDE_DIRS: /usr/include/python3.10
[0.756s] -- Using PYTHON_LIBRARIES: /usr/lib/x86_64-linux-gnu/libpython3.10.so
[0.765s] -- Found ament_lint_auto: 0.12.5 (/opt/ros/humble/share/ament_lint_auto/cmake)
[0.771s] -- Added test 'lint_cmake' to check CMake code style
[0.771s] -- Added test 'xmllint' to check XML markup files
[0.772s] -- Configuring done
[0.793s] -- Generating done
[0.795s] -- Build files have been written to: /home/aceti/sonar/Sonar_asv/build/custom_interfaces
[0.811s] [  3%] [34m[1mGenerating C code for ROS interfaces[0m
[0.818s] [  6%] [34m[1mGenerating C++ code for ROS interfaces[0m
[0.824s] [  6%] Built target ament_cmake_python_copy_custom_interfaces
[1.055s] running egg_info
[1.056s] writing custom_interfaces.egg-info/PKG-INFO
[1.056s] writing dependency_links to custom_interfaces.egg-info/dependency_links.txt
[1.056s] writing top-level names to custom_interfaces.egg-info/top_level.txt
[1.059s] reading manifest file 'custom_interfaces.egg-info/SOURCES.txt'
[1.059s] writing manifest file 'custom_interfaces.egg-info/SOURCES.txt'
[1.063s] [35m[1mConsolidate compiler generated dependencies of target custom_interfaces__rosidl_generator_c[0m
[1.071s] [  6%] Built target custom_interfaces__cpp
[1.072s] [  9%] [32mBuilding C object CMakeFiles/custom_interfaces__rosidl_generator_c.dir/rosidl_generator_c/custom_interfaces/srv/detail/sonar__functions.c.o[0m
[1.079s] [ 16%] [34m[1mGenerating C++ introspection for ROS interfaces[0m
[1.079s] [ 16%] [34m[1mGenerating C++ type support dispatch for ROS interfaces[0m
[1.079s] [ 19%] [34m[1mGenerating C++ type support for eProsima Fast-RTPS[0m
[1.086s] [ 19%] Built target ament_cmake_python_build_custom_interfaces_egg
[1.120s] [ 22%] [32m[1mLinking C shared library libcustom_interfaces__rosidl_generator_c.so[0m
[1.149s] [ 22%] Built target custom_interfaces__rosidl_generator_c
[1.156s] [ 25%] [34m[1mGenerating C type support for eProsima Fast-RTPS[0m
[1.159s] [ 32%] [34m[1mGenerating C type support dispatch for ROS interfaces[0m
[1.159s] [ 32%] [34m[1mGenerating C introspection for ROS interfaces[0m
[1.296s] [35m[1mConsolidate compiler generated dependencies of target custom_interfaces__rosidl_typesupport_cpp[0m
[1.306s] [ 35%] [32mBuilding CXX object CMakeFiles/custom_interfaces__rosidl_typesupport_cpp.dir/rosidl_typesupport_cpp/custom_interfaces/srv/sonar__type_support.cpp.o[0m
[1.330s] [35m[1mConsolidate compiler generated dependencies of target custom_interfaces__rosidl_typesupport_fastrtps_cpp[0m
[1.346s] [ 38%] [32mBuilding CXX object CMakeFiles/custom_interfaces__rosidl_typesupport_fastrtps_cpp.dir/rosidl_typesupport_fastrtps_cpp/custom_interfaces/srv/detail/dds_fastrtps/sonar__type_support.cpp.o[0m
[1.423s] [35m[1mConsolidate compiler generated dependencies of target custom_interfaces__rosidl_typesupport_introspection_cpp[0m
[1.439s] [ 41%] [32mBuilding CXX object CMakeFiles/custom_interfaces__rosidl_typesupport_introspection_cpp.dir/rosidl_typesupport_introspection_cpp/custom_interfaces/srv/detail/sonar__type_support.cpp.o[0m
[1.446s] [35m[1mConsolidate compiler generated dependencies of target custom_interfaces__rosidl_typesupport_c[0m
[1.453s] [ 45%] [32mBuilding CXX object CMakeFiles/custom_interfaces__rosidl_typesupport_c.dir/rosidl_typesupport_c/custom_interfaces/srv/sonar__type_support.cpp.o[0m
[1.479s] [ 48%] [32m[1mLinking CXX shared library libcustom_interfaces__rosidl_typesupport_c.so[0m
[1.491s] [35m[1mConsolidate compiler generated dependencies of target custom_interfaces__rosidl_typesupport_fastrtps_c[0m
[1.503s] [ 51%] [32mBuilding CXX object CMakeFiles/custom_interfaces__rosidl_typesupport_fastrtps_c.dir/rosidl_typesupport_fastrtps_c/custom_interfaces/srv/detail/sonar__type_support_c.cpp.o[0m
[1.510s] [35m[1mConsolidate compiler generated dependencies of target custom_interfaces__rosidl_typesupport_introspection_c[0m
[1.520s] [ 54%] [32mBuilding C object CMakeFiles/custom_interfaces__rosidl_typesupport_introspection_c.dir/rosidl_typesupport_introspection_c/custom_interfaces/srv/detail/sonar__type_support.c.o[0m
[1.521s] [ 54%] Built target custom_interfaces__rosidl_typesupport_c
[1.557s] [ 58%] [32m[1mLinking C shared library libcustom_interfaces__rosidl_typesupport_introspection_c.so[0m
[1.579s] [ 58%] Built target custom_interfaces__rosidl_typesupport_introspection_c
[1.626s] [ 61%] [32m[1mLinking CXX shared library libcustom_interfaces__rosidl_typesupport_cpp.so[0m
[1.657s] [ 61%] Built target custom_interfaces__rosidl_typesupport_cpp
[1.774s] [ 64%] [32m[1mLinking CXX shared library libcustom_interfaces__rosidl_typesupport_introspection_cpp.so[0m
[1.780s] [ 67%] [32m[1mLinking CXX shared library libcustom_interfaces__rosidl_typesupport_fastrtps_cpp.so[0m
[1.780s] [ 70%] [32m[1mLinking CXX shared library libcustom_interfaces__rosidl_typesupport_fastrtps_c.so[0m
[1.851s] [ 70%] Built target custom_interfaces__rosidl_typesupport_introspection_cpp
[1.872s] [ 70%] Built target custom_interfaces__rosidl_typesupport_fastrtps_cpp
[1.874s] [ 70%] Built target custom_interfaces__rosidl_typesupport_fastrtps_c
[1.887s] [ 70%] Built target custom_interfaces
[1.901s] [ 74%] [34m[1mGenerating Python code for ROS interfaces[0m
[2.207s] [ 74%] Built target custom_interfaces__py
[2.214s] [35m[1mConsolidate compiler generated dependencies of target custom_interfaces__rosidl_generator_py[0m
[2.223s] [ 77%] [32mBuilding C object CMakeFiles/custom_interfaces__rosidl_generator_py.dir/rosidl_generator_py/custom_interfaces/srv/_sonar_s.c.o[0m
[2.300s] [ 80%] [32m[1mLinking C shared library rosidl_generator_py/custom_interfaces/libcustom_interfaces__rosidl_generator_py.so[0m
[2.328s] [ 80%] Built target custom_interfaces__rosidl_generator_py
[2.335s] [35m[1mConsolidate compiler generated dependencies of target custom_interfaces__rosidl_typesupport_c__pyext[0m
[2.336s] [35m[1mConsolidate compiler generated dependencies of target custom_interfaces__rosidl_typesupport_introspection_c__pyext[0m
[2.336s] [35m[1mConsolidate compiler generated dependencies of target custom_interfaces__rosidl_typesupport_fastrtps_c__pyext[0m
[2.346s] [ 83%] [32mBuilding C object CMakeFiles/custom_interfaces__rosidl_typesupport_introspection_c__pyext.dir/rosidl_generator_py/custom_interfaces/_custom_interfaces_s.ep.rosidl_typesupport_introspection_c.c.o[0m
[2.348s] [ 90%] [32mBuilding C object CMakeFiles/custom_interfaces__rosidl_typesupport_fastrtps_c__pyext.dir/rosidl_generator_py/custom_interfaces/_custom_interfaces_s.ep.rosidl_typesupport_fastrtps_c.c.o[0m
[2.348s] [ 90%] [32mBuilding C object CMakeFiles/custom_interfaces__rosidl_typesupport_c__pyext.dir/rosidl_generator_py/custom_interfaces/_custom_interfaces_s.ep.rosidl_typesupport_c.c.o[0m
[2.419s] [ 93%] [32m[1mLinking C shared library rosidl_generator_py/custom_interfaces/custom_interfaces_s__rosidl_typesupport_introspection_c.cpython-310-x86_64-linux-gnu.so[0m
[2.443s] [ 93%] Built target custom_interfaces__rosidl_typesupport_introspection_c__pyext
[2.461s] [ 96%] [32m[1mLinking C shared library rosidl_generator_py/custom_interfaces/custom_interfaces_s__rosidl_typesupport_c.cpython-310-x86_64-linux-gnu.so[0m
[2.464s] [100%] [32m[1mLinking C shared library rosidl_generator_py/custom_interfaces/custom_interfaces_s__rosidl_typesupport_fastrtps_c.cpython-310-x86_64-linux-gnu.so[0m
[2.484s] [100%] Built target custom_interfaces__rosidl_typesupport_c__pyext
[2.488s] [100%] Built target custom_interfaces__rosidl_typesupport_fastrtps_c__pyext
[2.495s] Invoked command in '/home/aceti/sonar/Sonar_asv/build/custom_interfaces' returned '0': CMAKE_PREFIX_PATH=${CMAKE_PREFIX_PATH}:/home/aceti/sonar/Sonar_asv/install/sonar_controller:/home/aceti/head/Head_asv/install/add_integers:/home/aceti/head/Head_asv/install/head_controller:/opt/ros/humble /usr/bin/cmake --build /home/aceti/sonar/Sonar_asv/build/custom_interfaces -- -j8 -l8
[2.540s] Invoking command in '/home/aceti/sonar/Sonar_asv/build/custom_interfaces': CMAKE_PREFIX_PATH=${CMAKE_PREFIX_PATH}:/home/aceti/sonar/Sonar_asv/install/sonar_controller:/home/aceti/head/Head_asv/install/add_integers:/home/aceti/head/Head_asv/install/head_controller:/opt/ros/humble /usr/bin/cmake --install /home/aceti/sonar/Sonar_asv/build/custom_interfaces
[2.545s] -- Install configuration: ""
[2.546s] -- Up-to-date: /home/aceti/sonar/Sonar_asv/install/custom_interfaces/share/ament_index/resource_index/rosidl_interfaces/custom_interfaces
[2.546s] -- Up-to-date: /home/aceti/sonar/Sonar_asv/install/custom_interfaces/include/custom_interfaces/custom_interfaces
[2.546s] -- Up-to-date: /home/aceti/sonar/Sonar_asv/install/custom_interfaces/include/custom_interfaces/custom_interfaces/msg
[2.546s] -- Up-to-date: /home/aceti/sonar/Sonar_asv/install/custom_interfaces/include/custom_interfaces/custom_interfaces/msg/rosidl_generator_c__visibility_control.h
[2.546s] -- Up-to-date: /home/aceti/sonar/Sonar_asv/install/custom_interfaces/include/custom_interfaces/custom_interfaces/srv
[2.546s] -- Up-to-date: /home/aceti/sonar/Sonar_asv/install/custom_interfaces/include/custom_interfaces/custom_interfaces/srv/detail
[2.546s] -- Installing: /home/aceti/sonar/Sonar_asv/install/custom_interfaces/include/custom_interfaces/custom_interfaces/srv/detail/sonar__type_support.h
[2.546s] -- Installing: /home/aceti/sonar/Sonar_asv/install/custom_interfaces/include/custom_interfaces/custom_interfaces/srv/detail/sonar__functions.h
[2.546s] -- Installing: /home/aceti/sonar/Sonar_asv/install/custom_interfaces/include/custom_interfaces/custom_interfaces/srv/detail/sonar__struct.h
[2.547s] -- Installing: /home/aceti/sonar/Sonar_asv/install/custom_interfaces/include/custom_interfaces/custom_interfaces/srv/detail/sonar__functions.c
[2.547s] -- Installing: /home/aceti/sonar/Sonar_asv/install/custom_interfaces/include/custom_interfaces/custom_interfaces/srv/sonar.h
[2.547s] -- Up-to-date: /home/aceti/sonar/Sonar_asv/install/custom_interfaces/share/custom_interfaces/environment/library_path.sh
[2.547s] -- Installing: /home/aceti/sonar/Sonar_asv/install/custom_interfaces/share/custom_interfaces/environment/library_path.dsv
[2.547s] -- Installing: /home/aceti/sonar/Sonar_asv/install/custom_interfaces/lib/libcustom_interfaces__rosidl_generator_c.so
[2.547s] -- Set runtime path of "/home/aceti/sonar/Sonar_asv/install/custom_interfaces/lib/libcustom_interfaces__rosidl_generator_c.so" to ""
[2.547s] -- Up-to-date: /home/aceti/sonar/Sonar_asv/install/custom_interfaces/include/custom_interfaces/custom_interfaces
[2.547s] -- Up-to-date: /home/aceti/sonar/Sonar_asv/install/custom_interfaces/include/custom_interfaces/custom_interfaces/msg
[2.547s] -- Up-to-date: /home/aceti/sonar/Sonar_asv/install/custom_interfaces/include/custom_interfaces/custom_interfaces/msg/rosidl_typesupport_fastrtps_c__visibility_control.h
[2.548s] -- Up-to-date: /home/aceti/sonar/Sonar_asv/install/custom_interfaces/include/custom_interfaces/custom_interfaces/srv
[2.548s] -- Up-to-date: /home/aceti/sonar/Sonar_asv/install/custom_interfaces/include/custom_interfaces/custom_interfaces/srv/detail
[2.548s] -- Installing: /home/aceti/sonar/Sonar_asv/install/custom_interfaces/include/custom_interfaces/custom_interfaces/srv/detail/sonar__rosidl_typesupport_fastrtps_c.h
[2.548s] -- Installing: /home/aceti/sonar/Sonar_asv/install/custom_interfaces/lib/libcustom_interfaces__rosidl_typesupport_fastrtps_c.so
[2.548s] -- Set runtime path of "/home/aceti/sonar/Sonar_asv/install/custom_interfaces/lib/libcustom_interfaces__rosidl_typesupport_fastrtps_c.so" to ""
[2.548s] -- Up-to-date: /home/aceti/sonar/Sonar_asv/install/custom_interfaces/include/custom_interfaces/custom_interfaces
[2.548s] -- Up-to-date: /home/aceti/sonar/Sonar_asv/install/custom_interfaces/include/custom_interfaces/custom_interfaces/msg
[2.548s] -- Up-to-date: /home/aceti/sonar/Sonar_asv/install/custom_interfaces/include/custom_interfaces/custom_interfaces/msg/rosidl_typesupport_introspection_c__visibility_control.h
[2.548s] -- Up-to-date: /home/aceti/sonar/Sonar_asv/install/custom_interfaces/include/custom_interfaces/custom_interfaces/srv
[2.548s] -- Up-to-date: /home/aceti/sonar/Sonar_asv/install/custom_interfaces/include/custom_interfaces/custom_interfaces/srv/detail
[2.549s] -- Installing: /home/aceti/sonar/Sonar_asv/install/custom_interfaces/include/custom_interfaces/custom_interfaces/srv/detail/sonar__rosidl_typesupport_introspection_c.h
[2.549s] -- Installing: /home/aceti/sonar/Sonar_asv/install/custom_interfaces/include/custom_interfaces/custom_interfaces/srv/detail/sonar__type_support.c
[2.549s] -- Installing: /home/aceti/sonar/Sonar_asv/install/custom_interfaces/lib/libcustom_interfaces__rosidl_typesupport_introspection_c.so
[2.549s] -- Set runtime path of "/home/aceti/sonar/Sonar_asv/install/custom_interfaces/lib/libcustom_interfaces__rosidl_typesupport_introspection_c.so" to ""
[2.549s] -- Installing: /home/aceti/sonar/Sonar_asv/install/custom_interfaces/lib/libcustom_interfaces__rosidl_typesupport_c.so
[2.549s] -- Set runtime path of "/home/aceti/sonar/Sonar_asv/install/custom_interfaces/lib/libcustom_interfaces__rosidl_typesupport_c.so" to ""
[2.549s] -- Up-to-date: /home/aceti/sonar/Sonar_asv/install/custom_interfaces/include/custom_interfaces/custom_interfaces
[2.549s] -- Up-to-date: /home/aceti/sonar/Sonar_asv/install/custom_interfaces/include/custom_interfaces/custom_interfaces/srv
[2.549s] -- Up-to-date: /home/aceti/sonar/Sonar_asv/install/custom_interfaces/include/custom_interfaces/custom_interfaces/srv/detail
[2.549s] -- Installing: /home/aceti/sonar/Sonar_asv/install/custom_interfaces/include/custom_interfaces/custom_interfaces/srv/detail/sonar__builder.hpp
[2.550s] -- Installing: /home/aceti/sonar/Sonar_asv/install/custom_interfaces/include/custom_interfaces/custom_interfaces/srv/detail/sonar__traits.hpp
[2.550s] -- Installing: /home/aceti/sonar/Sonar_asv/install/custom_interfaces/include/custom_interfaces/custom_interfaces/srv/detail/sonar__struct.hpp
[2.550s] -- Installing: /home/aceti/sonar/Sonar_asv/install/custom_interfaces/include/custom_interfaces/custom_interfaces/srv/sonar.hpp
[2.550s] -- Up-to-date: /home/aceti/sonar/Sonar_asv/install/custom_interfaces/include/custom_interfaces/custom_interfaces
[2.550s] -- Up-to-date: /home/aceti/sonar/Sonar_asv/install/custom_interfaces/include/custom_interfaces/custom_interfaces/msg
[2.550s] -- Up-to-date: /home/aceti/sonar/Sonar_asv/install/custom_interfaces/include/custom_interfaces/custom_interfaces/msg/rosidl_typesupport_fastrtps_cpp__visibility_control.h
[2.550s] -- Up-to-date: /home/aceti/sonar/Sonar_asv/install/custom_interfaces/include/custom_interfaces/custom_interfaces/srv
[2.550s] -- Up-to-date: /home/aceti/sonar/Sonar_asv/install/custom_interfaces/include/custom_interfaces/custom_interfaces/srv/detail
[2.551s] -- Installing: /home/aceti/sonar/Sonar_asv/install/custom_interfaces/include/custom_interfaces/custom_interfaces/srv/detail/sonar__rosidl_typesupport_fastrtps_cpp.hpp
[2.551s] -- Up-to-date: /home/aceti/sonar/Sonar_asv/install/custom_interfaces/include/custom_interfaces/custom_interfaces/srv/detail/dds_fastrtps
[2.551s] -- Installing: /home/aceti/sonar/Sonar_asv/install/custom_interfaces/lib/libcustom_interfaces__rosidl_typesupport_fastrtps_cpp.so
[2.551s] -- Set runtime path of "/home/aceti/sonar/Sonar_asv/install/custom_interfaces/lib/libcustom_interfaces__rosidl_typesupport_fastrtps_cpp.so" to ""
[2.551s] -- Up-to-date: /home/aceti/sonar/Sonar_asv/install/custom_interfaces/include/custom_interfaces/custom_interfaces
[2.551s] -- Up-to-date: /home/aceti/sonar/Sonar_asv/install/custom_interfaces/include/custom_interfaces/custom_interfaces/srv
[2.551s] -- Up-to-date: /home/aceti/sonar/Sonar_asv/install/custom_interfaces/include/custom_interfaces/custom_interfaces/srv/detail
[2.551s] -- Installing: /home/aceti/sonar/Sonar_asv/install/custom_interfaces/include/custom_interfaces/custom_interfaces/srv/detail/sonar__rosidl_typesupport_introspection_cpp.hpp
[2.551s] -- Installing: /home/aceti/sonar/Sonar_asv/install/custom_interfaces/include/custom_interfaces/custom_interfaces/srv/detail/sonar__type_support.cpp
[2.551s] -- Installing: /home/aceti/sonar/Sonar_asv/install/custom_interfaces/lib/libcustom_interfaces__rosidl_typesupport_introspection_cpp.so
[2.552s] -- Set runtime path of "/home/aceti/sonar/Sonar_asv/install/custom_interfaces/lib/libcustom_interfaces__rosidl_typesupport_introspection_cpp.so" to ""
[2.552s] -- Installing: /home/aceti/sonar/Sonar_asv/install/custom_interfaces/lib/libcustom_interfaces__rosidl_typesupport_cpp.so
[2.552s] -- Set runtime path of "/home/aceti/sonar/Sonar_asv/install/custom_interfaces/lib/libcustom_interfaces__rosidl_typesupport_cpp.so" to ""
[2.552s] -- Up-to-date: /home/aceti/sonar/Sonar_asv/install/custom_interfaces/share/custom_interfaces/environment/pythonpath.sh
[2.552s] -- Installing: /home/aceti/sonar/Sonar_asv/install/custom_interfaces/share/custom_interfaces/environment/pythonpath.dsv
[2.552s] -- Up-to-date: /home/aceti/sonar/Sonar_asv/install/custom_interfaces/local/lib/python3.10/dist-packages/custom_interfaces-0.0.0-py3.10.egg-info
[2.552s] -- Installing: /home/aceti/sonar/Sonar_asv/install/custom_interfaces/local/lib/python3.10/dist-packages/custom_interfaces-0.0.0-py3.10.egg-info/SOURCES.txt
[2.552s] -- Installing: /home/aceti/sonar/Sonar_asv/install/custom_interfaces/local/lib/python3.10/dist-packages/custom_interfaces-0.0.0-py3.10.egg-info/dependency_links.txt
[2.552s] -- Installing: /home/aceti/sonar/Sonar_asv/install/custom_interfaces/local/lib/python3.10/dist-packages/custom_interfaces-0.0.0-py3.10.egg-info/top_level.txt
[2.552s] -- Installing: /home/aceti/sonar/Sonar_asv/install/custom_interfaces/local/lib/python3.10/dist-packages/custom_interfaces-0.0.0-py3.10.egg-info/PKG-INFO
[2.552s] -- Up-to-date: /home/aceti/sonar/Sonar_asv/install/custom_interfaces/local/lib/python3.10/dist-packages/custom_interfaces
[2.552s] -- Installing: /home/aceti/sonar/Sonar_asv/install/custom_interfaces/local/lib/python3.10/dist-packages/custom_interfaces/_custom_interfaces_s.ep.rosidl_typesupport_c.c
[2.553s] -- Installing: /home/aceti/sonar/Sonar_asv/install/custom_interfaces/local/lib/python3.10/dist-packages/custom_interfaces/_custom_interfaces_s.ep.rosidl_typesupport_fastrtps_c.c
[2.553s] -- Installing: /home/aceti/sonar/Sonar_asv/install/custom_interfaces/local/lib/python3.10/dist-packages/custom_interfaces/__init__.py
[2.553s] -- Installing: /home/aceti/sonar/Sonar_asv/install/custom_interfaces/local/lib/python3.10/dist-packages/custom_interfaces/custom_interfaces_s__rosidl_typesupport_introspection_c.cpython-310-x86_64-linux-gnu.so
[2.553s] -- Installing: /home/aceti/sonar/Sonar_asv/install/custom_interfaces/local/lib/python3.10/dist-packages/custom_interfaces/custom_interfaces_s__rosidl_typesupport_c.cpython-310-x86_64-linux-gnu.so
[2.553s] -- Installing: /home/aceti/sonar/Sonar_asv/install/custom_interfaces/local/lib/python3.10/dist-packages/custom_interfaces/custom_interfaces_s__rosidl_typesupport_fastrtps_c.cpython-310-x86_64-linux-gnu.so
[2.553s] -- Installing: /home/aceti/sonar/Sonar_asv/install/custom_interfaces/local/lib/python3.10/dist-packages/custom_interfaces/libcustom_interfaces__rosidl_generator_py.so
[2.553s] -- Up-to-date: /home/aceti/sonar/Sonar_asv/install/custom_interfaces/local/lib/python3.10/dist-packages/custom_interfaces/srv
[2.553s] -- Installing: /home/aceti/sonar/Sonar_asv/install/custom_interfaces/local/lib/python3.10/dist-packages/custom_interfaces/srv/_sonar.py
[2.553s] -- Installing: /home/aceti/sonar/Sonar_asv/install/custom_interfaces/local/lib/python3.10/dist-packages/custom_interfaces/srv/__init__.py
[2.553s] -- Installing: /home/aceti/sonar/Sonar_asv/install/custom_interfaces/local/lib/python3.10/dist-packages/custom_interfaces/srv/_sonar_s.c
[2.553s] -- Installing: /home/aceti/sonar/Sonar_asv/install/custom_interfaces/local/lib/python3.10/dist-packages/custom_interfaces/_custom_interfaces_s.ep.rosidl_typesupport_introspection_c.c
[2.579s] Listing '/home/aceti/sonar/Sonar_asv/install/custom_interfaces/local/lib/python3.10/dist-packages/custom_interfaces'...
[2.579s] Compiling '/home/aceti/sonar/Sonar_asv/install/custom_interfaces/local/lib/python3.10/dist-packages/custom_interfaces/__init__.py'...
[2.579s] Listing '/home/aceti/sonar/Sonar_asv/install/custom_interfaces/local/lib/python3.10/dist-packages/custom_interfaces/srv'...
[2.580s] Compiling '/home/aceti/sonar/Sonar_asv/install/custom_interfaces/local/lib/python3.10/dist-packages/custom_interfaces/srv/__init__.py'...
[2.580s] Compiling '/home/aceti/sonar/Sonar_asv/install/custom_interfaces/local/lib/python3.10/dist-packages/custom_interfaces/srv/_sonar.py'...
[2.583s] -- Installing: /home/aceti/sonar/Sonar_asv/install/custom_interfaces/local/lib/python3.10/dist-packages/custom_interfaces/custom_interfaces_s__rosidl_typesupport_fastrtps_c.cpython-310-x86_64-linux-gnu.so
[2.583s] -- Set runtime path of "/home/aceti/sonar/Sonar_asv/install/custom_interfaces/local/lib/python3.10/dist-packages/custom_interfaces/custom_interfaces_s__rosidl_typesupport_fastrtps_c.cpython-310-x86_64-linux-gnu.so" to ""
[2.583s] -- Installing: /home/aceti/sonar/Sonar_asv/install/custom_interfaces/local/lib/python3.10/dist-packages/custom_interfaces/custom_interfaces_s__rosidl_typesupport_introspection_c.cpython-310-x86_64-linux-gnu.so
[2.583s] -- Set runtime path of "/home/aceti/sonar/Sonar_asv/install/custom_interfaces/local/lib/python3.10/dist-packages/custom_interfaces/custom_interfaces_s__rosidl_typesupport_introspection_c.cpython-310-x86_64-linux-gnu.so" to ""
[2.584s] -- Installing: /home/aceti/sonar/Sonar_asv/install/custom_interfaces/local/lib/python3.10/dist-packages/custom_interfaces/custom_interfaces_s__rosidl_typesupport_c.cpython-310-x86_64-linux-gnu.so
[2.584s] -- Set runtime path of "/home/aceti/sonar/Sonar_asv/install/custom_interfaces/local/lib/python3.10/dist-packages/custom_interfaces/custom_interfaces_s__rosidl_typesupport_c.cpython-310-x86_64-linux-gnu.so" to ""
[2.584s] -- Installing: /home/aceti/sonar/Sonar_asv/install/custom_interfaces/lib/libcustom_interfaces__rosidl_generator_py.so
[2.584s] -- Set runtime path of "/home/aceti/sonar/Sonar_asv/install/custom_interfaces/lib/libcustom_interfaces__rosidl_generator_py.so" to ""
[2.584s] -- Installing: /home/aceti/sonar/Sonar_asv/install/custom_interfaces/share/custom_interfaces/srv/Sonar.idl
[2.584s] -- Installing: /home/aceti/sonar/Sonar_asv/install/custom_interfaces/share/custom_interfaces/srv/Sonar.srv
[2.584s] -- Up-to-date: /home/aceti/sonar/Sonar_asv/install/custom_interfaces/share/custom_interfaces/srv/Sonar_Request.msg
[2.584s] -- Installing: /home/aceti/sonar/Sonar_asv/install/custom_interfaces/share/custom_interfaces/srv/Sonar_Response.msg
[2.585s] -- Up-to-date: /home/aceti/sonar/Sonar_asv/install/custom_interfaces/share/ament_index/resource_index/package_run_dependencies/custom_interfaces
[2.585s] -- Installing: /home/aceti/sonar/Sonar_asv/install/custom_interfaces/share/ament_index/resource_index/parent_prefix_path/custom_interfaces
[2.585s] -- Up-to-date: /home/aceti/sonar/Sonar_asv/install/custom_interfaces/share/custom_interfaces/environment/ament_prefix_path.sh
[2.585s] -- Installing: /home/aceti/sonar/Sonar_asv/install/custom_interfaces/share/custom_interfaces/environment/ament_prefix_path.dsv
[2.585s] -- Up-to-date: /home/aceti/sonar/Sonar_asv/install/custom_interfaces/share/custom_interfaces/environment/path.sh
[2.585s] -- Installing: /home/aceti/sonar/Sonar_asv/install/custom_interfaces/share/custom_interfaces/environment/path.dsv
[2.585s] -- Up-to-date: /home/aceti/sonar/Sonar_asv/install/custom_interfaces/share/custom_interfaces/local_setup.bash
[2.585s] -- Up-to-date: /home/aceti/sonar/Sonar_asv/install/custom_interfaces/share/custom_interfaces/local_setup.sh
[2.586s] -- Up-to-date: /home/aceti/sonar/Sonar_asv/install/custom_interfaces/share/custom_interfaces/local_setup.zsh
[2.586s] -- Installing: /home/aceti/sonar/Sonar_asv/install/custom_interfaces/share/custom_interfaces/local_setup.dsv
[2.586s] -- Installing: /home/aceti/sonar/Sonar_asv/install/custom_interfaces/share/custom_interfaces/package.dsv
[2.586s] -- Up-to-date: /home/aceti/sonar/Sonar_asv/install/custom_interfaces/share/ament_index/resource_index/packages/custom_interfaces
[2.586s] -- Up-to-date: /home/aceti/sonar/Sonar_asv/install/custom_interfaces/share/custom_interfaces/cmake/export_custom_interfaces__rosidl_generator_cExport.cmake
[2.586s] -- Up-to-date: /home/aceti/sonar/Sonar_asv/install/custom_interfaces/share/custom_interfaces/cmake/export_custom_interfaces__rosidl_generator_cExport-noconfig.cmake
[2.586s] -- Up-to-date: /home/aceti/sonar/Sonar_asv/install/custom_interfaces/share/custom_interfaces/cmake/export_custom_interfaces__rosidl_typesupport_fastrtps_cExport.cmake
[2.586s] -- Up-to-date: /home/aceti/sonar/Sonar_asv/install/custom_interfaces/share/custom_interfaces/cmake/export_custom_interfaces__rosidl_typesupport_fastrtps_cExport-noconfig.cmake
[2.586s] -- Up-to-date: /home/aceti/sonar/Sonar_asv/install/custom_interfaces/share/custom_interfaces/cmake/custom_interfaces__rosidl_typesupport_introspection_cExport.cmake
[2.586s] -- Up-to-date: /home/aceti/sonar/Sonar_asv/install/custom_interfaces/share/custom_interfaces/cmake/custom_interfaces__rosidl_typesupport_introspection_cExport-noconfig.cmake
[2.587s] -- Up-to-date: /home/aceti/sonar/Sonar_asv/install/custom_interfaces/share/custom_interfaces/cmake/custom_interfaces__rosidl_typesupport_cExport.cmake
[2.587s] -- Up-to-date: /home/aceti/sonar/Sonar_asv/install/custom_interfaces/share/custom_interfaces/cmake/custom_interfaces__rosidl_typesupport_cExport-noconfig.cmake
[2.587s] -- Up-to-date: /home/aceti/sonar/Sonar_asv/install/custom_interfaces/share/custom_interfaces/cmake/export_custom_interfaces__rosidl_generator_cppExport.cmake
[2.587s] -- Up-to-date: /home/aceti/sonar/Sonar_asv/install/custom_interfaces/share/custom_interfaces/cmake/export_custom_interfaces__rosidl_typesupport_fastrtps_cppExport.cmake
[2.587s] -- Up-to-date: /home/aceti/sonar/Sonar_asv/install/custom_interfaces/share/custom_interfaces/cmake/export_custom_interfaces__rosidl_typesupport_fastrtps_cppExport-noconfig.cmake
[2.587s] -- Up-to-date: /home/aceti/sonar/Sonar_asv/install/custom_interfaces/share/custom_interfaces/cmake/custom_interfaces__rosidl_typesupport_introspection_cppExport.cmake
[2.588s] -- Up-to-date: /home/aceti/sonar/Sonar_asv/install/custom_interfaces/share/custom_interfaces/cmake/custom_interfaces__rosidl_typesupport_introspection_cppExport-noconfig.cmake
[2.589s] -- Up-to-date: /home/aceti/sonar/Sonar_asv/install/custom_interfaces/share/custom_interfaces/cmake/custom_interfaces__rosidl_typesupport_cppExport.cmake
[2.589s] -- Up-to-date: /home/aceti/sonar/Sonar_asv/install/custom_interfaces/share/custom_interfaces/cmake/custom_interfaces__rosidl_typesupport_cppExport-noconfig.cmake
[2.589s] -- Up-to-date: /home/aceti/sonar/Sonar_asv/install/custom_interfaces/share/custom_interfaces/cmake/export_custom_interfaces__rosidl_generator_pyExport.cmake
[2.589s] -- Up-to-date: /home/aceti/sonar/Sonar_asv/install/custom_interfaces/share/custom_interfaces/cmake/export_custom_interfaces__rosidl_generator_pyExport-noconfig.cmake
[2.589s] -- Up-to-date: /home/aceti/sonar/Sonar_asv/install/custom_interfaces/share/custom_interfaces/cmake/rosidl_cmake-extras.cmake
[2.589s] -- Up-to-date: /home/aceti/sonar/Sonar_asv/install/custom_interfaces/share/custom_interfaces/cmake/ament_cmake_export_include_directories-extras.cmake
[2.590s] -- Up-to-date: /home/aceti/sonar/Sonar_asv/install/custom_interfaces/share/custom_interfaces/cmake/ament_cmake_export_libraries-extras.cmake
[2.590s] -- Up-to-date: /home/aceti/sonar/Sonar_asv/install/custom_interfaces/share/custom_interfaces/cmake/ament_cmake_export_targets-extras.cmake
[2.590s] -- Up-to-date: /home/aceti/sonar/Sonar_asv/install/custom_interfaces/share/custom_interfaces/cmake/rosidl_cmake_export_typesupport_targets-extras.cmake
[2.590s] -- Up-to-date: /home/aceti/sonar/Sonar_asv/install/custom_interfaces/share/custom_interfaces/cmake/ament_cmake_export_dependencies-extras.cmake
[2.591s] -- Up-to-date: /home/aceti/sonar/Sonar_asv/install/custom_interfaces/share/custom_interfaces/cmake/rosidl_cmake_export_typesupport_libraries-extras.cmake
[2.591s] -- Up-to-date: /home/aceti/sonar/Sonar_asv/install/custom_interfaces/share/custom_interfaces/cmake/custom_interfacesConfig.cmake
[2.591s] -- Up-to-date: /home/aceti/sonar/Sonar_asv/install/custom_interfaces/share/custom_interfaces/cmake/custom_interfacesConfig-version.cmake
[2.591s] -- Up-to-date: /home/aceti/sonar/Sonar_asv/install/custom_interfaces/share/custom_interfaces/package.xml
[2.592s] Invoked command in '/home/aceti/sonar/Sonar_asv/build/custom_interfaces' returned '0': CMAKE_PREFIX_PATH=${CMAKE_PREFIX_PATH}:/home/aceti/sonar/Sonar_asv/install/sonar_controller:/home/aceti/head/Head_asv/install/add_integers:/home/aceti/head/Head_asv/install/head_controller:/opt/ros/humble /usr/bin/cmake --install /home/aceti/sonar/Sonar_asv/build/custom_interfaces
