[1.375s] Invoking command in '/home/aceti/sonar/src/sonar_controller': LD_LIBRARY_PATH=/home/aceti/sonar/install/custom_interfaces/lib:${LD_LIBRARY_PATH} PYTHONPATH=/home/aceti/sonar/build/sonar_controller/prefix_override:/home/aceti/sonar/install/sonar_controller/lib/python3.10/site-packages:/home/aceti/sonar/install/custom_interfaces/local/lib/python3.10/dist-packages:${PYTHONPATH} /usr/bin/python3 setup.py egg_info --egg-base ../../build/sonar_controller build --build-base /home/aceti/sonar/build/sonar_controller/build install --record /home/aceti/sonar/build/sonar_controller/install.log --single-version-externally-managed
[1.947s] running egg_info
[1.949s] creating ../../build/sonar_controller/sonar_controller.egg-info
[1.949s] writing ../../build/sonar_controller/sonar_controller.egg-info/PKG-INFO
[1.949s] writing dependency_links to ../../build/sonar_controller/sonar_controller.egg-info/dependency_links.txt
[1.949s] writing entry points to ../../build/sonar_controller/sonar_controller.egg-info/entry_points.txt
[1.950s] writing requirements to ../../build/sonar_controller/sonar_controller.egg-info/requires.txt
[1.950s] writing top-level names to ../../build/sonar_controller/sonar_controller.egg-info/top_level.txt
[1.950s] writing manifest file '../../build/sonar_controller/sonar_controller.egg-info/SOURCES.txt'
[1.954s] reading manifest file '../../build/sonar_controller/sonar_controller.egg-info/SOURCES.txt'
[1.956s] writing manifest file '../../build/sonar_controller/sonar_controller.egg-info/SOURCES.txt'
[1.956s] running build
[1.956s] running build_py
[1.957s] creating /home/aceti/sonar/build/sonar_controller/build
[1.957s] creating /home/aceti/sonar/build/sonar_controller/build/lib
[1.957s] creating /home/aceti/sonar/build/sonar_controller/build/lib/sonar_controller
[1.957s] copying sonar_controller/service_sonar.py -> /home/aceti/sonar/build/sonar_controller/build/lib/sonar_controller
[1.957s] copying sonar_controller/__init__.py -> /home/aceti/sonar/build/sonar_controller/build/lib/sonar_controller
[1.957s] copying sonar_controller/client_sonar.py -> /home/aceti/sonar/build/sonar_controller/build/lib/sonar_controller
[1.957s] running install
[1.958s] running install_lib
[1.959s] creating /home/aceti/sonar/install/sonar_controller/lib/python3.10/site-packages/sonar_controller
[1.960s] copying /home/aceti/sonar/build/sonar_controller/build/lib/sonar_controller/service_sonar.py -> /home/aceti/sonar/install/sonar_controller/lib/python3.10/site-packages/sonar_controller
[1.960s] copying /home/aceti/sonar/build/sonar_controller/build/lib/sonar_controller/__init__.py -> /home/aceti/sonar/install/sonar_controller/lib/python3.10/site-packages/sonar_controller
[1.960s] copying /home/aceti/sonar/build/sonar_controller/build/lib/sonar_controller/client_sonar.py -> /home/aceti/sonar/install/sonar_controller/lib/python3.10/site-packages/sonar_controller
[1.961s] byte-compiling /home/aceti/sonar/install/sonar_controller/lib/python3.10/site-packages/sonar_controller/service_sonar.py to service_sonar.cpython-310.pyc
[1.963s] byte-compiling /home/aceti/sonar/install/sonar_controller/lib/python3.10/site-packages/sonar_controller/__init__.py to __init__.cpython-310.pyc
[1.964s] byte-compiling /home/aceti/sonar/install/sonar_controller/lib/python3.10/site-packages/sonar_controller/client_sonar.py to client_sonar.cpython-310.pyc
[1.965s] running install_data
[1.967s] creating /home/aceti/sonar/install/sonar_controller/share/ament_index
[1.967s] creating /home/aceti/sonar/install/sonar_controller/share/ament_index/resource_index
[1.967s] creating /home/aceti/sonar/install/sonar_controller/share/ament_index/resource_index/packages
[1.968s] copying resource/sonar_controller -> /home/aceti/sonar/install/sonar_controller/share/ament_index/resource_index/packages
[1.968s] copying package.xml -> /home/aceti/sonar/install/sonar_controller/share/sonar_controller
[1.968s] running install_egg_info
[1.972s] Copying ../../build/sonar_controller/sonar_controller.egg-info to /home/aceti/sonar/install/sonar_controller/lib/python3.10/site-packages/sonar_controller-0.0.0-py3.10.egg-info
[1.973s] running install_scripts
[2.035s] Installing sonar_service=sonar_controller.service_sonar:mainsonar_client script to /home/aceti/sonar/install/sonar_controller/lib/sonar_controller
[2.035s] writing list of installed files to '/home/aceti/sonar/build/sonar_controller/install.log'
[2.099s] Invoked command in '/home/aceti/sonar/src/sonar_controller' returned '0': LD_LIBRARY_PATH=/home/aceti/sonar/install/custom_interfaces/lib:${LD_LIBRARY_PATH} PYTHONPATH=/home/aceti/sonar/build/sonar_controller/prefix_override:/home/aceti/sonar/install/sonar_controller/lib/python3.10/site-packages:/home/aceti/sonar/install/custom_interfaces/local/lib/python3.10/dist-packages:${PYTHONPATH} /usr/bin/python3 setup.py egg_info --egg-base ../../build/sonar_controller build --build-base /home/aceti/sonar/build/sonar_controller/build install --record /home/aceti/sonar/build/sonar_controller/install.log --single-version-externally-managed
