[0.695s] DEBUG:colcon:Command line arguments: ['/usr/bin/colcon', 'build']
[0.695s] DEBUG:colcon:Parsed command line arguments: Namespace(log_base=None, log_level=None, verb_name='build', build_base='build', install_base='install', merge_install=False, symlink_install=False, test_result_base=None, continue_on_error=False, executor='parallel', parallel_workers=8, event_handlers=None, ignore_user_meta=False, metas=['./colcon.meta'], base_paths=['.'], packages_ignore=None, packages_ignore_regex=None, paths=None, packages_up_to=None, packages_up_to_regex=None, packages_above=None, packages_above_and_dependencies=None, packages_above_depth=None, packages_select_by_dep=None, packages_skip_by_dep=None, packages_skip_up_to=None, packages_select_build_failed=False, packages_skip_build_finished=False, packages_select_test_failures=False, packages_skip_test_passed=False, packages_select=None, packages_skip=None, packages_select_regex=None, packages_skip_regex=None, packages_start=None, packages_end=None, allow_overriding=[], cmake_args=None, cmake_target=None, cmake_target_skip_unavailable=False, cmake_clean_cache=False, cmake_clean_first=False, cmake_force_configure=False, ament_cmake_args=None, catkin_cmake_args=None, catkin_skip_building_tests=False, verb_parser=<colcon_defaults.argument_parser.defaults.DefaultArgumentsDecorator object at 0x7f62fe056dd0>, verb_extension=<colcon_core.verb.build.BuildVerb object at 0x7f62fe056860>, main=<bound method BuildVerb.main of <colcon_core.verb.build.BuildVerb object at 0x7f62fe056860>>)
[0.740s] Level 1:colcon.colcon_core.package_discovery:discover_packages(colcon_meta) check parameters
[0.740s] Level 1:colcon.colcon_core.package_discovery:discover_packages(recursive) check parameters
[0.741s] Level 1:colcon.colcon_core.package_discovery:discover_packages(ignore) check parameters
[0.741s] Level 1:colcon.colcon_core.package_discovery:discover_packages(path) check parameters
[0.741s] Level 1:colcon.colcon_core.package_discovery:discover_packages(colcon_meta) discover
[0.741s] Level 1:colcon.colcon_core.package_discovery:discover_packages(recursive) discover
[0.741s] INFO:colcon.colcon_core.package_discovery:Crawling recursively for packages in '/home/aceti/sonar'
[0.741s] Level 1:colcon.colcon_core.package_identification:_identify(.) by extensions ['ignore', 'ignore_ament_install']
[0.741s] Level 1:colcon.colcon_core.package_identification:_identify(.) by extension 'ignore'
[0.741s] Level 1:colcon.colcon_core.package_identification:_identify(.) by extension 'ignore_ament_install'
[0.741s] Level 1:colcon.colcon_core.package_identification:_identify(.) by extensions ['colcon_pkg']
[0.742s] Level 1:colcon.colcon_core.package_identification:_identify(.) by extension 'colcon_pkg'
[0.742s] Level 1:colcon.colcon_core.package_identification:_identify(.) by extensions ['colcon_meta']
[0.742s] Level 1:colcon.colcon_core.package_identification:_identify(.) by extension 'colcon_meta'
[0.742s] Level 1:colcon.colcon_core.package_identification:_identify(.) by extensions ['ros']
[0.742s] Level 1:colcon.colcon_core.package_identification:_identify(.) by extension 'ros'
[0.764s] Level 1:colcon.colcon_core.package_identification:_identify(.) by extensions ['cmake', 'python']
[0.764s] Level 1:colcon.colcon_core.package_identification:_identify(.) by extension 'cmake'
[0.764s] Level 1:colcon.colcon_core.package_identification:_identify(.) by extension 'python'
[0.764s] Level 1:colcon.colcon_core.package_identification:_identify(.) by extensions ['python_setup_py']
[0.764s] Level 1:colcon.colcon_core.package_identification:_identify(.) by extension 'python_setup_py'
[0.765s] Level 1:colcon.colcon_core.package_identification:_identify(build) by extensions ['ignore', 'ignore_ament_install']
[0.765s] Level 1:colcon.colcon_core.package_identification:_identify(build) by extension 'ignore'
[0.765s] Level 1:colcon.colcon_core.package_identification:_identify(build) ignored
[0.765s] Level 1:colcon.colcon_core.package_identification:_identify(install) by extensions ['ignore', 'ignore_ament_install']
[0.765s] Level 1:colcon.colcon_core.package_identification:_identify(install) by extension 'ignore'
[0.765s] Level 1:colcon.colcon_core.package_identification:_identify(install) ignored
[0.766s] Level 1:colcon.colcon_core.package_identification:_identify(log) by extensions ['ignore', 'ignore_ament_install']
[0.766s] Level 1:colcon.colcon_core.package_identification:_identify(log) by extension 'ignore'
[0.766s] Level 1:colcon.colcon_core.package_identification:_identify(log) ignored
[0.766s] Level 1:colcon.colcon_core.package_identification:_identify(src) by extensions ['ignore', 'ignore_ament_install']
[0.766s] Level 1:colcon.colcon_core.package_identification:_identify(src) by extension 'ignore'
[0.766s] Level 1:colcon.colcon_core.package_identification:_identify(src) by extension 'ignore_ament_install'
[0.766s] Level 1:colcon.colcon_core.package_identification:_identify(src) by extensions ['colcon_pkg']
[0.766s] Level 1:colcon.colcon_core.package_identification:_identify(src) by extension 'colcon_pkg'
[0.767s] Level 1:colcon.colcon_core.package_identification:_identify(src) by extensions ['colcon_meta']
[0.767s] Level 1:colcon.colcon_core.package_identification:_identify(src) by extension 'colcon_meta'
[0.767s] Level 1:colcon.colcon_core.package_identification:_identify(src) by extensions ['ros']
[0.767s] Level 1:colcon.colcon_core.package_identification:_identify(src) by extension 'ros'
[0.767s] Level 1:colcon.colcon_core.package_identification:_identify(src) by extensions ['cmake', 'python']
[0.767s] Level 1:colcon.colcon_core.package_identification:_identify(src) by extension 'cmake'
[0.767s] Level 1:colcon.colcon_core.package_identification:_identify(src) by extension 'python'
[0.767s] Level 1:colcon.colcon_core.package_identification:_identify(src) by extensions ['python_setup_py']
[0.767s] Level 1:colcon.colcon_core.package_identification:_identify(src) by extension 'python_setup_py'
[0.767s] Level 1:colcon.colcon_core.package_identification:_identify(src/custom_interfaces) by extensions ['ignore', 'ignore_ament_install']
[0.768s] Level 1:colcon.colcon_core.package_identification:_identify(src/custom_interfaces) by extension 'ignore'
[0.768s] Level 1:colcon.colcon_core.package_identification:_identify(src/custom_interfaces) by extension 'ignore_ament_install'
[0.768s] Level 1:colcon.colcon_core.package_identification:_identify(src/custom_interfaces) by extensions ['colcon_pkg']
[0.768s] Level 1:colcon.colcon_core.package_identification:_identify(src/custom_interfaces) by extension 'colcon_pkg'
[0.768s] Level 1:colcon.colcon_core.package_identification:_identify(src/custom_interfaces) by extensions ['colcon_meta']
[0.768s] Level 1:colcon.colcon_core.package_identification:_identify(src/custom_interfaces) by extension 'colcon_meta'
[0.768s] Level 1:colcon.colcon_core.package_identification:_identify(src/custom_interfaces) by extensions ['ros']
[0.768s] Level 1:colcon.colcon_core.package_identification:_identify(src/custom_interfaces) by extension 'ros'
[0.772s] DEBUG:colcon.colcon_core.package_identification:Package 'src/custom_interfaces' with type 'ros.ament_cmake' and name 'custom_interfaces'
[0.773s] Level 1:colcon.colcon_core.package_discovery:discover_packages(recursive) using defaults
[0.773s] Level 1:colcon.colcon_core.package_discovery:discover_packages(ignore) discover
[0.773s] Level 1:colcon.colcon_core.package_discovery:discover_packages(ignore) using defaults
[0.773s] Level 1:colcon.colcon_core.package_discovery:discover_packages(path) discover
[0.773s] Level 1:colcon.colcon_core.package_discovery:discover_packages(path) using defaults
[0.818s] Level 1:colcon.colcon_core.package_discovery:discover_packages(prefix_path) check parameters
[0.818s] Level 1:colcon.colcon_core.package_discovery:discover_packages(prefix_path) discover
[0.823s] DEBUG:colcon.colcon_installed_package_information.package_discovery:Found 1 installed packages in /home/aceti/sonar/install
[0.824s] DEBUG:colcon.colcon_installed_package_information.package_discovery:Found 2 installed packages in /home/aceti/Documents/sonar/install
[0.826s] DEBUG:colcon.colcon_installed_package_information.package_discovery:Found 2 installed packages in /home/aceti/ros2_ws/install
[0.829s] DEBUG:colcon.colcon_installed_package_information.package_discovery:Found 269 installed packages in /opt/ros/humble
[0.832s] Level 1:colcon.colcon_core.package_discovery:discover_packages(prefix_path) using defaults
[0.943s] Level 5:colcon.colcon_core.verb:set package 'custom_interfaces' build argument 'cmake_args' from command line to 'None'
[0.944s] Level 5:colcon.colcon_core.verb:set package 'custom_interfaces' build argument 'cmake_target' from command line to 'None'
[0.944s] Level 5:colcon.colcon_core.verb:set package 'custom_interfaces' build argument 'cmake_target_skip_unavailable' from command line to 'False'
[0.944s] Level 5:colcon.colcon_core.verb:set package 'custom_interfaces' build argument 'cmake_clean_cache' from command line to 'False'
[0.944s] Level 5:colcon.colcon_core.verb:set package 'custom_interfaces' build argument 'cmake_clean_first' from command line to 'False'
[0.944s] Level 5:colcon.colcon_core.verb:set package 'custom_interfaces' build argument 'cmake_force_configure' from command line to 'False'
[0.944s] Level 5:colcon.colcon_core.verb:set package 'custom_interfaces' build argument 'ament_cmake_args' from command line to 'None'
[0.944s] Level 5:colcon.colcon_core.verb:set package 'custom_interfaces' build argument 'catkin_cmake_args' from command line to 'None'
[0.944s] Level 5:colcon.colcon_core.verb:set package 'custom_interfaces' build argument 'catkin_skip_building_tests' from command line to 'False'
[0.944s] DEBUG:colcon.colcon_core.verb:Building package 'custom_interfaces' with the following arguments: {'ament_cmake_args': None, 'build_base': '/home/aceti/sonar/build/custom_interfaces', 'catkin_cmake_args': None, 'catkin_skip_building_tests': False, 'cmake_args': None, 'cmake_clean_cache': False, 'cmake_clean_first': False, 'cmake_force_configure': False, 'cmake_target': None, 'cmake_target_skip_unavailable': False, 'install_base': '/home/aceti/sonar/install/custom_interfaces', 'merge_install': False, 'path': '/home/aceti/sonar/src/custom_interfaces', 'symlink_install': False, 'test_result_base': None}
[0.945s] INFO:colcon.colcon_core.executor:Executing jobs using 'parallel' executor
[0.951s] DEBUG:colcon.colcon_parallel_executor.executor.parallel:run_until_complete
[0.952s] INFO:colcon.colcon_ros.task.ament_cmake.build:Building ROS package in '/home/aceti/sonar/src/custom_interfaces' with build type 'ament_cmake'
[0.952s] INFO:colcon.colcon_cmake.task.cmake.build:Building CMake package in '/home/aceti/sonar/src/custom_interfaces'
[0.960s] INFO:colcon.colcon_core.plugin_system:Skipping extension 'colcon_core.shell.bat': Not used on non-Windows systems
[0.960s] INFO:colcon.colcon_core.shell:Skip shell extension 'powershell' for command environment: Not usable outside of PowerShell
[0.961s] DEBUG:colcon.colcon_core.shell:Skip shell extension 'dsv' for command environment
[0.982s] DEBUG:colcon.colcon_core.event_handler.log_command:Invoking command in '/home/aceti/sonar/build/custom_interfaces': CMAKE_PREFIX_PATH=${CMAKE_PREFIX_PATH}:/home/aceti/Documents/sonar/install/sonar_controller:/home/aceti/ros2_ws/install/add_integers:/opt/ros/humble /usr/bin/cmake --build /home/aceti/sonar/build/custom_interfaces -- -j8 -l8
[6.999s] DEBUG:colcon.colcon_core.event_handler.log_command:Invoked command in '/home/aceti/sonar/build/custom_interfaces' returned '0': CMAKE_PREFIX_PATH=${CMAKE_PREFIX_PATH}:/home/aceti/Documents/sonar/install/sonar_controller:/home/aceti/ros2_ws/install/add_integers:/opt/ros/humble /usr/bin/cmake --build /home/aceti/sonar/build/custom_interfaces -- -j8 -l8
[7.115s] DEBUG:colcon.colcon_core.event_handler.log_command:Invoking command in '/home/aceti/sonar/build/custom_interfaces': CMAKE_PREFIX_PATH=${CMAKE_PREFIX_PATH}:/home/aceti/Documents/sonar/install/sonar_controller:/home/aceti/ros2_ws/install/add_integers:/opt/ros/humble /usr/bin/cmake --install /home/aceti/sonar/build/custom_interfaces
[7.235s] Level 1:colcon.colcon_core.environment:create_environment_scripts_only(custom_interfaces)
[7.236s] DEBUG:colcon.colcon_core.event_handler.log_command:Invoked command in '/home/aceti/sonar/build/custom_interfaces' returned '0': CMAKE_PREFIX_PATH=${CMAKE_PREFIX_PATH}:/home/aceti/Documents/sonar/install/sonar_controller:/home/aceti/ros2_ws/install/add_integers:/opt/ros/humble /usr/bin/cmake --install /home/aceti/sonar/build/custom_interfaces
[7.244s] Level 1:colcon.colcon_core.environment:checking '/home/aceti/sonar/install/custom_interfaces' for CMake module files
[7.245s] Level 1:colcon.colcon_core.environment:checking '/home/aceti/sonar/install/custom_interfaces' for CMake config files
[7.245s] Level 1:colcon.colcon_core.shell:create_environment_hook('custom_interfaces', 'cmake_prefix_path')
[7.248s] INFO:colcon.colcon_core.shell:Creating environment hook '/home/aceti/sonar/install/custom_interfaces/share/custom_interfaces/hook/cmake_prefix_path.ps1'
[7.249s] INFO:colcon.colcon_core.shell:Creating environment descriptor '/home/aceti/sonar/install/custom_interfaces/share/custom_interfaces/hook/cmake_prefix_path.dsv'
[7.250s] INFO:colcon.colcon_core.shell:Creating environment hook '/home/aceti/sonar/install/custom_interfaces/share/custom_interfaces/hook/cmake_prefix_path.sh'
[7.251s] Level 1:colcon.colcon_core.environment:checking '/home/aceti/sonar/install/custom_interfaces/lib'
[7.252s] Level 1:colcon.colcon_core.shell:create_environment_hook('custom_interfaces', 'ld_library_path_lib')
[7.254s] INFO:colcon.colcon_core.shell:Creating environment hook '/home/aceti/sonar/install/custom_interfaces/share/custom_interfaces/hook/ld_library_path_lib.ps1'
[7.255s] INFO:colcon.colcon_core.shell:Creating environment descriptor '/home/aceti/sonar/install/custom_interfaces/share/custom_interfaces/hook/ld_library_path_lib.dsv'
[7.255s] INFO:colcon.colcon_core.shell:Creating environment hook '/home/aceti/sonar/install/custom_interfaces/share/custom_interfaces/hook/ld_library_path_lib.sh'
[7.256s] Level 1:colcon.colcon_core.environment:checking '/home/aceti/sonar/install/custom_interfaces/bin'
[7.256s] Level 1:colcon.colcon_core.environment:checking '/home/aceti/sonar/install/custom_interfaces/lib/pkgconfig/custom_interfaces.pc'
[7.256s] Level 1:colcon.colcon_core.environment:checking '/home/aceti/sonar/install/custom_interfaces/lib/python3.10/site-packages'
[7.257s] Level 1:colcon.colcon_core.environment:checking '/home/aceti/sonar/install/custom_interfaces/bin'
[7.259s] INFO:colcon.colcon_core.shell:Creating package script '/home/aceti/sonar/install/custom_interfaces/share/custom_interfaces/package.ps1'
[7.261s] INFO:colcon.colcon_core.shell:Creating package descriptor '/home/aceti/sonar/install/custom_interfaces/share/custom_interfaces/package.dsv'
[7.262s] INFO:colcon.colcon_core.shell:Creating package script '/home/aceti/sonar/install/custom_interfaces/share/custom_interfaces/package.sh'
[7.263s] INFO:colcon.colcon_core.shell:Creating package script '/home/aceti/sonar/install/custom_interfaces/share/custom_interfaces/package.bash'
[7.265s] INFO:colcon.colcon_core.shell:Creating package script '/home/aceti/sonar/install/custom_interfaces/share/custom_interfaces/package.zsh'
[7.266s] Level 1:colcon.colcon_core.environment:create_file_with_runtime_dependencies(/home/aceti/sonar/install/custom_interfaces/share/colcon-core/packages/custom_interfaces)
[7.367s] Level 1:colcon.colcon_core.environment:create_environment_scripts_only(custom_interfaces)
[7.371s] Level 1:colcon.colcon_core.environment:checking '/home/aceti/sonar/install/custom_interfaces' for CMake module files
[7.372s] Level 1:colcon.colcon_core.environment:checking '/home/aceti/sonar/install/custom_interfaces' for CMake config files
[7.373s] Level 1:colcon.colcon_core.shell:create_environment_hook('custom_interfaces', 'cmake_prefix_path')
[7.375s] INFO:colcon.colcon_core.shell:Creating environment hook '/home/aceti/sonar/install/custom_interfaces/share/custom_interfaces/hook/cmake_prefix_path.ps1'
[7.376s] INFO:colcon.colcon_core.shell:Creating environment descriptor '/home/aceti/sonar/install/custom_interfaces/share/custom_interfaces/hook/cmake_prefix_path.dsv'
[7.377s] INFO:colcon.colcon_core.shell:Creating environment hook '/home/aceti/sonar/install/custom_interfaces/share/custom_interfaces/hook/cmake_prefix_path.sh'
[7.378s] Level 1:colcon.colcon_core.environment:checking '/home/aceti/sonar/install/custom_interfaces/lib'
[7.378s] Level 1:colcon.colcon_core.shell:create_environment_hook('custom_interfaces', 'ld_library_path_lib')
[7.380s] INFO:colcon.colcon_core.shell:Creating environment hook '/home/aceti/sonar/install/custom_interfaces/share/custom_interfaces/hook/ld_library_path_lib.ps1'
[7.381s] INFO:colcon.colcon_core.shell:Creating environment descriptor '/home/aceti/sonar/install/custom_interfaces/share/custom_interfaces/hook/ld_library_path_lib.dsv'
[7.381s] INFO:colcon.colcon_core.shell:Creating environment hook '/home/aceti/sonar/install/custom_interfaces/share/custom_interfaces/hook/ld_library_path_lib.sh'
[7.382s] Level 1:colcon.colcon_core.environment:checking '/home/aceti/sonar/install/custom_interfaces/bin'
[7.382s] Level 1:colcon.colcon_core.environment:checking '/home/aceti/sonar/install/custom_interfaces/lib/pkgconfig/custom_interfaces.pc'
[7.382s] Level 1:colcon.colcon_core.environment:checking '/home/aceti/sonar/install/custom_interfaces/lib/python3.10/site-packages'
[7.383s] Level 1:colcon.colcon_core.environment:checking '/home/aceti/sonar/install/custom_interfaces/bin'
[7.385s] INFO:colcon.colcon_core.shell:Creating package script '/home/aceti/sonar/install/custom_interfaces/share/custom_interfaces/package.ps1'
[7.386s] INFO:colcon.colcon_core.shell:Creating package descriptor '/home/aceti/sonar/install/custom_interfaces/share/custom_interfaces/package.dsv'
[7.387s] INFO:colcon.colcon_core.shell:Creating package script '/home/aceti/sonar/install/custom_interfaces/share/custom_interfaces/package.sh'
[7.388s] INFO:colcon.colcon_core.shell:Creating package script '/home/aceti/sonar/install/custom_interfaces/share/custom_interfaces/package.bash'
[7.388s] INFO:colcon.colcon_core.shell:Creating package script '/home/aceti/sonar/install/custom_interfaces/share/custom_interfaces/package.zsh'
[7.389s] Level 1:colcon.colcon_core.environment:create_file_with_runtime_dependencies(/home/aceti/sonar/install/custom_interfaces/share/colcon-core/packages/custom_interfaces)
[7.389s] DEBUG:colcon.colcon_parallel_executor.executor.parallel:closing loop
[7.390s] DEBUG:colcon.colcon_parallel_executor.executor.parallel:loop closed
[7.390s] DEBUG:colcon.colcon_parallel_executor.executor.parallel:run_until_complete finished with '0'
[7.390s] DEBUG:colcon.colcon_core.event_reactor:joining thread
[7.400s] INFO:colcon.colcon_core.plugin_system:Skipping extension 'colcon_notification.desktop_notification.terminal_notifier': Not used on non-Darwin systems
[7.400s] INFO:colcon.colcon_core.plugin_system:Skipping extension 'colcon_notification.desktop_notification.win32': Not used on non-Windows systems
[7.400s] INFO:colcon.colcon_notification.desktop_notification:Sending desktop notification using 'notify2'
[7.420s] DEBUG:colcon.colcon_core.event_reactor:joined thread
[7.423s] INFO:colcon.colcon_core.shell:Creating prefix script '/home/aceti/sonar/install/local_setup.ps1'
[7.425s] INFO:colcon.colcon_core.shell:Creating prefix util module '/home/aceti/sonar/install/_local_setup_util_ps1.py'
[7.428s] INFO:colcon.colcon_core.shell:Creating prefix chain script '/home/aceti/sonar/install/setup.ps1'
[7.431s] INFO:colcon.colcon_core.shell:Creating prefix script '/home/aceti/sonar/install/local_setup.sh'
[7.432s] INFO:colcon.colcon_core.shell:Creating prefix util module '/home/aceti/sonar/install/_local_setup_util_sh.py'
[7.432s] INFO:colcon.colcon_core.shell:Creating prefix chain script '/home/aceti/sonar/install/setup.sh'
[7.435s] INFO:colcon.colcon_core.shell:Creating prefix script '/home/aceti/sonar/install/local_setup.bash'
[7.436s] INFO:colcon.colcon_core.shell:Creating prefix chain script '/home/aceti/sonar/install/setup.bash'
[7.439s] INFO:colcon.colcon_core.shell:Creating prefix script '/home/aceti/sonar/install/local_setup.zsh'
[7.439s] INFO:colcon.colcon_core.shell:Creating prefix chain script '/home/aceti/sonar/install/setup.zsh'
