[0.027s] Invoking command in '/home/aceti/sonar/build/custom_interfaces': CMAKE_PREFIX_PATH=${CMAKE_PREFIX_PATH}:/home/aceti/Documents/sonar/install/sonar_controller:/home/aceti/ros2_ws/install/add_integers:/opt/ros/humble /usr/bin/cmake --build /home/aceti/sonar/build/custom_interfaces -- -j8 -l8
[0.083s] Invoked command in '/home/aceti/sonar/build/custom_interfaces' returned '0': CMAKE_PREFIX_PATH=${CMAKE_PREFIX_PATH}:/home/aceti/Documents/sonar/install/sonar_controller:/home/aceti/ros2_ws/install/add_integers:/opt/ros/humble /usr/bin/cmake --build /home/aceti/sonar/build/custom_interfaces -- -j8 -l8
[0.132s] Invoking command in '/home/aceti/sonar/build/custom_interfaces': CMAKE_PREFIX_PATH=${CMAKE_PREFIX_PATH}:/home/aceti/Documents/sonar/install/sonar_controller:/home/aceti/ros2_ws/install/add_integers:/opt/ros/humble /usr/bin/cmake --install /home/aceti/sonar/build/custom_interfaces
[0.144s] -- Install configuration: ""
[0.144s] -- Up-to-date: /home/aceti/sonar/install/custom_interfaces/share/ament_index/resource_index/package_run_dependencies/custom_interfaces
[0.144s] -- Up-to-date: /home/aceti/sonar/install/custom_interfaces/share/ament_index/resource_index/parent_prefix_path/custom_interfaces
[0.144s] -- Up-to-date: /home/aceti/sonar/install/custom_interfaces/share/custom_interfaces/environment/ament_prefix_path.sh
[0.145s] -- Up-to-date: /home/aceti/sonar/install/custom_interfaces/share/custom_interfaces/environment/ament_prefix_path.dsv
[0.145s] -- Up-to-date: /home/aceti/sonar/install/custom_interfaces/share/custom_interfaces/environment/path.sh
[0.145s] -- Up-to-date: /home/aceti/sonar/install/custom_interfaces/share/custom_interfaces/environment/path.dsv
[0.145s] -- Up-to-date: /home/aceti/sonar/install/custom_interfaces/share/custom_interfaces/local_setup.bash
[0.145s] -- Up-to-date: /home/aceti/sonar/install/custom_interfaces/share/custom_interfaces/local_setup.sh
[0.145s] -- Up-to-date: /home/aceti/sonar/install/custom_interfaces/share/custom_interfaces/local_setup.zsh
[0.145s] -- Up-to-date: /home/aceti/sonar/install/custom_interfaces/share/custom_interfaces/local_setup.dsv
[0.145s] -- Up-to-date: /home/aceti/sonar/install/custom_interfaces/share/custom_interfaces/package.dsv
[0.145s] -- Up-to-date: /home/aceti/sonar/install/custom_interfaces/share/ament_index/resource_index/packages/custom_interfaces
[0.146s] -- Up-to-date: /home/aceti/sonar/install/custom_interfaces/share/custom_interfaces/cmake/custom_interfacesConfig.cmake
[0.146s] -- Up-to-date: /home/aceti/sonar/install/custom_interfaces/share/custom_interfaces/cmake/custom_interfacesConfig-version.cmake
[0.146s] -- Up-to-date: /home/aceti/sonar/install/custom_interfaces/share/custom_interfaces/package.xml
[0.148s] Invoked command in '/home/aceti/sonar/build/custom_interfaces' returned '0': CMAKE_PREFIX_PATH=${CMAKE_PREFIX_PATH}:/home/aceti/Documents/sonar/install/sonar_controller:/home/aceti/ros2_ws/install/add_integers:/opt/ros/humble /usr/bin/cmake --install /home/aceti/sonar/build/custom_interfaces
