[0.587s] DEBUG:colcon:Command line arguments: ['/usr/bin/colcon', 'list', '-p', '--base-paths', '/home/aceti/sonar']
[0.587s] DEBUG:colcon:Parsed command line arguments: Namespace(log_base=None, log_level=None, verb_name='list', build_base='build', ignore_user_meta=False, metas=['./colcon.meta'], base_paths=['/home/aceti/sonar'], packages_ignore=None, packages_ignore_regex=None, paths=None, packages_up_to=None, packages_up_to_regex=None, packages_above=None, packages_above_and_dependencies=None, packages_above_depth=None, packages_select_by_dep=None, packages_skip_by_dep=None, packages_skip_up_to=None, packages_select_build_failed=False, packages_skip_build_finished=False, packages_select_test_failures=False, packages_skip_test_passed=False, packages_select=None, packages_skip=None, packages_select_regex=None, packages_skip_regex=None, packages_start=None, packages_end=None, allow_overriding=[], topological_order=False, names_only=False, paths_only=True, topological_graph=False, topological_graph_dot=False, topological_graph_density=False, topological_graph_legend=False, topological_graph_dot_cluster=False, topological_graph_dot_include_skipped=False, verb_parser=<colcon_defaults.argument_parser.defaults.DefaultArgumentsDecorator object at 0x7f43a78db520>, verb_extension=<colcon_package_information.verb.list.ListVerb object at 0x7f43a79ffdc0>, main=<bound method ListVerb.main of <colcon_package_information.verb.list.ListVerb object at 0x7f43a79ffdc0>>)
[0.646s] Level 1:colcon.colcon_core.package_discovery:discover_packages(colcon_meta) check parameters
[0.646s] Level 1:colcon.colcon_core.package_discovery:discover_packages(recursive) check parameters
[0.647s] Level 1:colcon.colcon_core.package_discovery:discover_packages(ignore) check parameters
[0.647s] Level 1:colcon.colcon_core.package_discovery:discover_packages(path) check parameters
[0.647s] Level 1:colcon.colcon_core.package_discovery:discover_packages(recursive) discover
[0.647s] INFO:colcon.colcon_core.package_discovery:Crawling recursively for packages in '/home/aceti/sonar'
[0.647s] Level 1:colcon.colcon_core.package_identification:_identify(/home/aceti/sonar) by extensions ['ignore', 'ignore_ament_install']
[0.647s] Level 1:colcon.colcon_core.package_identification:_identify(/home/aceti/sonar) by extension 'ignore'
[0.648s] Level 1:colcon.colcon_core.package_identification:_identify(/home/aceti/sonar) by extension 'ignore_ament_install'
[0.648s] Level 1:colcon.colcon_core.package_identification:_identify(/home/aceti/sonar) by extensions ['colcon_pkg']
[0.648s] Level 1:colcon.colcon_core.package_identification:_identify(/home/aceti/sonar) by extension 'colcon_pkg'
[0.648s] Level 1:colcon.colcon_core.package_identification:_identify(/home/aceti/sonar) by extensions ['colcon_meta']
[0.648s] Level 1:colcon.colcon_core.package_identification:_identify(/home/aceti/sonar) by extension 'colcon_meta'
[0.648s] Level 1:colcon.colcon_core.package_identification:_identify(/home/aceti/sonar) by extensions ['ros']
[0.648s] Level 1:colcon.colcon_core.package_identification:_identify(/home/aceti/sonar) by extension 'ros'
[0.669s] Level 1:colcon.colcon_core.package_identification:_identify(/home/aceti/sonar) by extensions ['cmake', 'python']
[0.670s] Level 1:colcon.colcon_core.package_identification:_identify(/home/aceti/sonar) by extension 'cmake'
[0.670s] Level 1:colcon.colcon_core.package_identification:_identify(/home/aceti/sonar) by extension 'python'
[0.670s] Level 1:colcon.colcon_core.package_identification:_identify(/home/aceti/sonar) by extensions ['python_setup_py']
[0.671s] Level 1:colcon.colcon_core.package_identification:_identify(/home/aceti/sonar) by extension 'python_setup_py'
[0.671s] Level 1:colcon.colcon_core.package_identification:_identify(/home/aceti/sonar/log) by extensions ['ignore', 'ignore_ament_install']
[0.672s] Level 1:colcon.colcon_core.package_identification:_identify(/home/aceti/sonar/log) by extension 'ignore'
[0.672s] Level 1:colcon.colcon_core.package_identification:_identify(/home/aceti/sonar/log) ignored
[0.672s] Level 1:colcon.colcon_core.package_identification:_identify(/home/aceti/sonar/src) by extensions ['ignore', 'ignore_ament_install']
[0.672s] Level 1:colcon.colcon_core.package_identification:_identify(/home/aceti/sonar/src) by extension 'ignore'
[0.673s] Level 1:colcon.colcon_core.package_identification:_identify(/home/aceti/sonar/src) by extension 'ignore_ament_install'
[0.673s] Level 1:colcon.colcon_core.package_identification:_identify(/home/aceti/sonar/src) by extensions ['colcon_pkg']
[0.673s] Level 1:colcon.colcon_core.package_identification:_identify(/home/aceti/sonar/src) by extension 'colcon_pkg'
[0.673s] Level 1:colcon.colcon_core.package_identification:_identify(/home/aceti/sonar/src) by extensions ['colcon_meta']
[0.674s] Level 1:colcon.colcon_core.package_identification:_identify(/home/aceti/sonar/src) by extension 'colcon_meta'
[0.674s] Level 1:colcon.colcon_core.package_identification:_identify(/home/aceti/sonar/src) by extensions ['ros']
[0.674s] Level 1:colcon.colcon_core.package_identification:_identify(/home/aceti/sonar/src) by extension 'ros'
[0.674s] Level 1:colcon.colcon_core.package_identification:_identify(/home/aceti/sonar/src) by extensions ['cmake', 'python']
[0.675s] Level 1:colcon.colcon_core.package_identification:_identify(/home/aceti/sonar/src) by extension 'cmake'
[0.675s] Level 1:colcon.colcon_core.package_identification:_identify(/home/aceti/sonar/src) by extension 'python'
[0.675s] Level 1:colcon.colcon_core.package_identification:_identify(/home/aceti/sonar/src) by extensions ['python_setup_py']
[0.675s] Level 1:colcon.colcon_core.package_identification:_identify(/home/aceti/sonar/src) by extension 'python_setup_py'
[0.675s] Level 1:colcon.colcon_core.package_identification:_identify(/home/aceti/sonar/src/custom_interfaces) by extensions ['ignore', 'ignore_ament_install']
[0.676s] Level 1:colcon.colcon_core.package_identification:_identify(/home/aceti/sonar/src/custom_interfaces) by extension 'ignore'
[0.676s] Level 1:colcon.colcon_core.package_identification:_identify(/home/aceti/sonar/src/custom_interfaces) by extension 'ignore_ament_install'
[0.676s] Level 1:colcon.colcon_core.package_identification:_identify(/home/aceti/sonar/src/custom_interfaces) by extensions ['colcon_pkg']
[0.676s] Level 1:colcon.colcon_core.package_identification:_identify(/home/aceti/sonar/src/custom_interfaces) by extension 'colcon_pkg'
[0.676s] Level 1:colcon.colcon_core.package_identification:_identify(/home/aceti/sonar/src/custom_interfaces) by extensions ['colcon_meta']
[0.677s] Level 1:colcon.colcon_core.package_identification:_identify(/home/aceti/sonar/src/custom_interfaces) by extension 'colcon_meta'
[0.677s] Level 1:colcon.colcon_core.package_identification:_identify(/home/aceti/sonar/src/custom_interfaces) by extensions ['ros']
[0.677s] Level 1:colcon.colcon_core.package_identification:_identify(/home/aceti/sonar/src/custom_interfaces) by extension 'ros'
[0.681s] DEBUG:colcon.colcon_core.package_identification:Package '/home/aceti/sonar/src/custom_interfaces' with type 'ros.ament_cmake' and name 'custom_interfaces'
[0.682s] Level 1:colcon.colcon_core.package_discovery:discover_packages(recursive) using defaults
