[0.012s] Invoking command in '/home/aceti/sonar/build/custom_interfaces': CMAKE_PREFIX_PATH=${CMAKE_PREFIX_PATH}:/home/aceti/head/Head_asv/install/add_integers:/home/aceti/sonar/install/sonar_controller:/opt/ros/humble /usr/bin/cmake --build /home/aceti/sonar/build/custom_interfaces -- -j8 -l8
[0.038s] [35m[1mConsolidate compiler generated dependencies of target custom_interfaces__rosidl_generator_c[0m
[0.045s] [  2%] Built target custom_interfaces__cpp
[0.046s] [ 12%] Built target custom_interfaces__rosidl_generator_c
[0.053s] [ 12%] Built target ament_cmake_python_copy_custom_interfaces
[0.056s] [35m[1mConsolidate compiler generated dependencies of target custom_interfaces__rosidl_typesupport_introspection_c[0m
[0.056s] [35m[1mConsolidate compiler generated dependencies of target custom_interfaces__rosidl_typesupport_introspection_cpp[0m
[0.056s] [35m[1mConsolidate compiler generated dependencies of target custom_interfaces__rosidl_typesupport_fastrtps_cpp[0m
[0.056s] [35m[1mConsolidate compiler generated dependencies of target custom_interfaces__rosidl_typesupport_cpp[0m
[0.057s] [35m[1mConsolidate compiler generated dependencies of target custom_interfaces__rosidl_typesupport_fastrtps_c[0m
[0.060s] [35m[1mConsolidate compiler generated dependencies of target custom_interfaces__rosidl_typesupport_c[0m
[0.069s] [ 23%] Built target custom_interfaces__rosidl_typesupport_introspection_c
[0.069s] [ 33%] Built target custom_interfaces__rosidl_typesupport_cpp
[0.071s] [ 43%] Built target custom_interfaces__rosidl_typesupport_introspection_cpp
[0.071s] [ 53%] Built target custom_interfaces__rosidl_typesupport_c
[0.073s] [ 74%] Built target custom_interfaces__rosidl_typesupport_fastrtps_c
[0.073s] [ 74%] Built target custom_interfaces__rosidl_typesupport_fastrtps_cpp
[0.088s] [ 74%] Built target custom_interfaces
[0.103s] [ 76%] Built target custom_interfaces__py
[0.111s] [35m[1mConsolidate compiler generated dependencies of target custom_interfaces__rosidl_generator_py[0m
[0.121s] [ 84%] Built target custom_interfaces__rosidl_generator_py
[0.130s] [35m[1mConsolidate compiler generated dependencies of target custom_interfaces__rosidl_typesupport_c__pyext[0m
[0.132s] [35m[1mConsolidate compiler generated dependencies of target custom_interfaces__rosidl_typesupport_introspection_c__pyext[0m
[0.132s] [35m[1mConsolidate compiler generated dependencies of target custom_interfaces__rosidl_typesupport_fastrtps_c__pyext[0m
[0.142s] [ 89%] Built target custom_interfaces__rosidl_typesupport_c__pyext
[0.144s] [ 94%] Built target custom_interfaces__rosidl_typesupport_fastrtps_c__pyext
[0.145s] [100%] Built target custom_interfaces__rosidl_typesupport_introspection_c__pyext
[0.289s] running egg_info
[0.290s] writing custom_interfaces.egg-info/PKG-INFO
[0.290s] writing dependency_links to custom_interfaces.egg-info/dependency_links.txt
[0.290s] writing top-level names to custom_interfaces.egg-info/top_level.txt
[0.292s] reading manifest file 'custom_interfaces.egg-info/SOURCES.txt'
[0.292s] writing manifest file 'custom_interfaces.egg-info/SOURCES.txt'
[0.311s] [100%] Built target ament_cmake_python_build_custom_interfaces_egg
[0.319s] Invoked command in '/home/aceti/sonar/build/custom_interfaces' returned '0': CMAKE_PREFIX_PATH=${CMAKE_PREFIX_PATH}:/home/aceti/head/Head_asv/install/add_integers:/home/aceti/sonar/install/sonar_controller:/opt/ros/humble /usr/bin/cmake --build /home/aceti/sonar/build/custom_interfaces -- -j8 -l8
[0.376s] Invoking command in '/home/aceti/sonar/build/custom_interfaces': CMAKE_PREFIX_PATH=${CMAKE_PREFIX_PATH}:/home/aceti/head/Head_asv/install/add_integers:/home/aceti/sonar/install/sonar_controller:/opt/ros/humble /usr/bin/cmake --install /home/aceti/sonar/build/custom_interfaces
[0.381s] -- Install configuration: ""
[0.381s] -- Up-to-date: /home/aceti/sonar/install/custom_interfaces/share/ament_index/resource_index/rosidl_interfaces/custom_interfaces
[0.382s] -- Up-to-date: /home/aceti/sonar/install/custom_interfaces/include/custom_interfaces/custom_interfaces
[0.382s] -- Up-to-date: /home/aceti/sonar/install/custom_interfaces/include/custom_interfaces/custom_interfaces/msg
[0.382s] -- Up-to-date: /home/aceti/sonar/install/custom_interfaces/include/custom_interfaces/custom_interfaces/msg/rosidl_generator_c__visibility_control.h
[0.382s] -- Up-to-date: /home/aceti/sonar/install/custom_interfaces/include/custom_interfaces/custom_interfaces/srv
[0.382s] -- Up-to-date: /home/aceti/sonar/install/custom_interfaces/include/custom_interfaces/custom_interfaces/srv/detail
[0.382s] -- Up-to-date: /home/aceti/sonar/install/custom_interfaces/include/custom_interfaces/custom_interfaces/srv/detail/sonar__type_support.h
[0.382s] -- Up-to-date: /home/aceti/sonar/install/custom_interfaces/include/custom_interfaces/custom_interfaces/srv/detail/sonar__functions.h
[0.382s] -- Up-to-date: /home/aceti/sonar/install/custom_interfaces/include/custom_interfaces/custom_interfaces/srv/detail/serial_number__type_support.h
[0.382s] -- Up-to-date: /home/aceti/sonar/install/custom_interfaces/include/custom_interfaces/custom_interfaces/srv/detail/sonar__struct.h
[0.382s] -- Up-to-date: /home/aceti/sonar/install/custom_interfaces/include/custom_interfaces/custom_interfaces/srv/detail/serial_number__functions.c
[0.382s] -- Up-to-date: /home/aceti/sonar/install/custom_interfaces/include/custom_interfaces/custom_interfaces/srv/detail/sonar__functions.c
[0.383s] -- Up-to-date: /home/aceti/sonar/install/custom_interfaces/include/custom_interfaces/custom_interfaces/srv/detail/serial_number__struct.h
[0.383s] -- Up-to-date: /home/aceti/sonar/install/custom_interfaces/include/custom_interfaces/custom_interfaces/srv/detail/serial_number__functions.h
[0.383s] -- Up-to-date: /home/aceti/sonar/install/custom_interfaces/include/custom_interfaces/custom_interfaces/srv/sonar.h
[0.383s] -- Up-to-date: /home/aceti/sonar/install/custom_interfaces/include/custom_interfaces/custom_interfaces/srv/serial_number.h
[0.383s] -- Up-to-date: /home/aceti/sonar/install/custom_interfaces/share/custom_interfaces/environment/library_path.sh
[0.383s] -- Up-to-date: /home/aceti/sonar/install/custom_interfaces/share/custom_interfaces/environment/library_path.dsv
[0.383s] -- Up-to-date: /home/aceti/sonar/install/custom_interfaces/lib/libcustom_interfaces__rosidl_generator_c.so
[0.383s] -- Up-to-date: /home/aceti/sonar/install/custom_interfaces/include/custom_interfaces/custom_interfaces
[0.383s] -- Up-to-date: /home/aceti/sonar/install/custom_interfaces/include/custom_interfaces/custom_interfaces/msg
[0.384s] -- Up-to-date: /home/aceti/sonar/install/custom_interfaces/include/custom_interfaces/custom_interfaces/msg/rosidl_typesupport_fastrtps_c__visibility_control.h
[0.384s] -- Up-to-date: /home/aceti/sonar/install/custom_interfaces/include/custom_interfaces/custom_interfaces/srv
[0.384s] -- Up-to-date: /home/aceti/sonar/install/custom_interfaces/include/custom_interfaces/custom_interfaces/srv/detail
[0.384s] -- Up-to-date: /home/aceti/sonar/install/custom_interfaces/include/custom_interfaces/custom_interfaces/srv/detail/serial_number__rosidl_typesupport_fastrtps_c.h
[0.385s] -- Up-to-date: /home/aceti/sonar/install/custom_interfaces/include/custom_interfaces/custom_interfaces/srv/detail/sonar__rosidl_typesupport_fastrtps_c.h
[0.385s] -- Up-to-date: /home/aceti/sonar/install/custom_interfaces/lib/libcustom_interfaces__rosidl_typesupport_fastrtps_c.so
[0.385s] -- Up-to-date: /home/aceti/sonar/install/custom_interfaces/include/custom_interfaces/custom_interfaces
[0.385s] -- Up-to-date: /home/aceti/sonar/install/custom_interfaces/include/custom_interfaces/custom_interfaces/msg
[0.385s] -- Up-to-date: /home/aceti/sonar/install/custom_interfaces/include/custom_interfaces/custom_interfaces/msg/rosidl_typesupport_introspection_c__visibility_control.h
[0.385s] -- Up-to-date: /home/aceti/sonar/install/custom_interfaces/include/custom_interfaces/custom_interfaces/srv
[0.385s] -- Up-to-date: /home/aceti/sonar/install/custom_interfaces/include/custom_interfaces/custom_interfaces/srv/detail
[0.385s] -- Up-to-date: /home/aceti/sonar/install/custom_interfaces/include/custom_interfaces/custom_interfaces/srv/detail/sonar__rosidl_typesupport_introspection_c.h
[0.385s] -- Up-to-date: /home/aceti/sonar/install/custom_interfaces/include/custom_interfaces/custom_interfaces/srv/detail/sonar__type_support.c
[0.385s] -- Up-to-date: /home/aceti/sonar/install/custom_interfaces/include/custom_interfaces/custom_interfaces/srv/detail/serial_number__rosidl_typesupport_introspection_c.h
[0.385s] -- Up-to-date: /home/aceti/sonar/install/custom_interfaces/include/custom_interfaces/custom_interfaces/srv/detail/serial_number__type_support.c
[0.385s] -- Up-to-date: /home/aceti/sonar/install/custom_interfaces/lib/libcustom_interfaces__rosidl_typesupport_introspection_c.so
[0.385s] -- Up-to-date: /home/aceti/sonar/install/custom_interfaces/lib/libcustom_interfaces__rosidl_typesupport_c.so
[0.385s] -- Up-to-date: /home/aceti/sonar/install/custom_interfaces/include/custom_interfaces/custom_interfaces
[0.385s] -- Up-to-date: /home/aceti/sonar/install/custom_interfaces/include/custom_interfaces/custom_interfaces/srv
[0.385s] -- Up-to-date: /home/aceti/sonar/install/custom_interfaces/include/custom_interfaces/custom_interfaces/srv/serial_number.hpp
[0.385s] -- Up-to-date: /home/aceti/sonar/install/custom_interfaces/include/custom_interfaces/custom_interfaces/srv/detail
[0.385s] -- Up-to-date: /home/aceti/sonar/install/custom_interfaces/include/custom_interfaces/custom_interfaces/srv/detail/sonar__builder.hpp
[0.385s] -- Up-to-date: /home/aceti/sonar/install/custom_interfaces/include/custom_interfaces/custom_interfaces/srv/detail/serial_number__struct.hpp
[0.385s] -- Up-to-date: /home/aceti/sonar/install/custom_interfaces/include/custom_interfaces/custom_interfaces/srv/detail/serial_number__builder.hpp
[0.385s] -- Up-to-date: /home/aceti/sonar/install/custom_interfaces/include/custom_interfaces/custom_interfaces/srv/detail/sonar__traits.hpp
[0.386s] -- Up-to-date: /home/aceti/sonar/install/custom_interfaces/include/custom_interfaces/custom_interfaces/srv/detail/sonar__struct.hpp
[0.386s] -- Up-to-date: /home/aceti/sonar/install/custom_interfaces/include/custom_interfaces/custom_interfaces/srv/detail/serial_number__traits.hpp
[0.386s] -- Up-to-date: /home/aceti/sonar/install/custom_interfaces/include/custom_interfaces/custom_interfaces/srv/sonar.hpp
[0.386s] -- Up-to-date: /home/aceti/sonar/install/custom_interfaces/include/custom_interfaces/custom_interfaces
[0.386s] -- Up-to-date: /home/aceti/sonar/install/custom_interfaces/include/custom_interfaces/custom_interfaces/msg
[0.386s] -- Up-to-date: /home/aceti/sonar/install/custom_interfaces/include/custom_interfaces/custom_interfaces/msg/rosidl_typesupport_fastrtps_cpp__visibility_control.h
[0.386s] -- Up-to-date: /home/aceti/sonar/install/custom_interfaces/include/custom_interfaces/custom_interfaces/srv
[0.386s] -- Up-to-date: /home/aceti/sonar/install/custom_interfaces/include/custom_interfaces/custom_interfaces/srv/detail
[0.386s] -- Up-to-date: /home/aceti/sonar/install/custom_interfaces/include/custom_interfaces/custom_interfaces/srv/detail/serial_number__rosidl_typesupport_fastrtps_cpp.hpp
[0.386s] -- Up-to-date: /home/aceti/sonar/install/custom_interfaces/include/custom_interfaces/custom_interfaces/srv/detail/sonar__rosidl_typesupport_fastrtps_cpp.hpp
[0.386s] -- Up-to-date: /home/aceti/sonar/install/custom_interfaces/include/custom_interfaces/custom_interfaces/srv/detail/dds_fastrtps
[0.386s] -- Up-to-date: /home/aceti/sonar/install/custom_interfaces/lib/libcustom_interfaces__rosidl_typesupport_fastrtps_cpp.so
[0.386s] -- Up-to-date: /home/aceti/sonar/install/custom_interfaces/include/custom_interfaces/custom_interfaces
[0.386s] -- Up-to-date: /home/aceti/sonar/install/custom_interfaces/include/custom_interfaces/custom_interfaces/srv
[0.386s] -- Up-to-date: /home/aceti/sonar/install/custom_interfaces/include/custom_interfaces/custom_interfaces/srv/detail
[0.386s] -- Up-to-date: /home/aceti/sonar/install/custom_interfaces/include/custom_interfaces/custom_interfaces/srv/detail/serial_number__rosidl_typesupport_introspection_cpp.hpp
[0.386s] -- Up-to-date: /home/aceti/sonar/install/custom_interfaces/include/custom_interfaces/custom_interfaces/srv/detail/serial_number__type_support.cpp
[0.386s] -- Up-to-date: /home/aceti/sonar/install/custom_interfaces/include/custom_interfaces/custom_interfaces/srv/detail/sonar__rosidl_typesupport_introspection_cpp.hpp
[0.386s] -- Up-to-date: /home/aceti/sonar/install/custom_interfaces/include/custom_interfaces/custom_interfaces/srv/detail/sonar__type_support.cpp
[0.386s] -- Up-to-date: /home/aceti/sonar/install/custom_interfaces/lib/libcustom_interfaces__rosidl_typesupport_introspection_cpp.so
[0.386s] -- Up-to-date: /home/aceti/sonar/install/custom_interfaces/lib/libcustom_interfaces__rosidl_typesupport_cpp.so
[0.386s] -- Up-to-date: /home/aceti/sonar/install/custom_interfaces/share/custom_interfaces/environment/pythonpath.sh
[0.386s] -- Up-to-date: /home/aceti/sonar/install/custom_interfaces/share/custom_interfaces/environment/pythonpath.dsv
[0.387s] -- Up-to-date: /home/aceti/sonar/install/custom_interfaces/local/lib/python3.10/dist-packages/custom_interfaces-0.0.0-py3.10.egg-info
[0.387s] -- Installing: /home/aceti/sonar/install/custom_interfaces/local/lib/python3.10/dist-packages/custom_interfaces-0.0.0-py3.10.egg-info/SOURCES.txt
[0.387s] -- Installing: /home/aceti/sonar/install/custom_interfaces/local/lib/python3.10/dist-packages/custom_interfaces-0.0.0-py3.10.egg-info/dependency_links.txt
[0.387s] -- Installing: /home/aceti/sonar/install/custom_interfaces/local/lib/python3.10/dist-packages/custom_interfaces-0.0.0-py3.10.egg-info/top_level.txt
[0.387s] -- Installing: /home/aceti/sonar/install/custom_interfaces/local/lib/python3.10/dist-packages/custom_interfaces-0.0.0-py3.10.egg-info/PKG-INFO
[0.387s] -- Up-to-date: /home/aceti/sonar/install/custom_interfaces/local/lib/python3.10/dist-packages/custom_interfaces
[0.387s] -- Up-to-date: /home/aceti/sonar/install/custom_interfaces/local/lib/python3.10/dist-packages/custom_interfaces/_custom_interfaces_s.ep.rosidl_typesupport_c.c
[0.387s] -- Up-to-date: /home/aceti/sonar/install/custom_interfaces/local/lib/python3.10/dist-packages/custom_interfaces/_custom_interfaces_s.ep.rosidl_typesupport_fastrtps_c.c
[0.387s] -- Up-to-date: /home/aceti/sonar/install/custom_interfaces/local/lib/python3.10/dist-packages/custom_interfaces/__init__.py
[0.387s] -- Up-to-date: /home/aceti/sonar/install/custom_interfaces/local/lib/python3.10/dist-packages/custom_interfaces/custom_interfaces_s__rosidl_typesupport_introspection_c.cpython-310-x86_64-linux-gnu.so
[0.387s] -- Up-to-date: /home/aceti/sonar/install/custom_interfaces/local/lib/python3.10/dist-packages/custom_interfaces/custom_interfaces_s__rosidl_typesupport_c.cpython-310-x86_64-linux-gnu.so
[0.387s] -- Up-to-date: /home/aceti/sonar/install/custom_interfaces/local/lib/python3.10/dist-packages/custom_interfaces/custom_interfaces_s__rosidl_typesupport_fastrtps_c.cpython-310-x86_64-linux-gnu.so
[0.387s] -- Up-to-date: /home/aceti/sonar/install/custom_interfaces/local/lib/python3.10/dist-packages/custom_interfaces/libcustom_interfaces__rosidl_generator_py.so
[0.387s] -- Up-to-date: /home/aceti/sonar/install/custom_interfaces/local/lib/python3.10/dist-packages/custom_interfaces/srv
[0.387s] -- Up-to-date: /home/aceti/sonar/install/custom_interfaces/local/lib/python3.10/dist-packages/custom_interfaces/srv/_sonar.py
[0.387s] -- Up-to-date: /home/aceti/sonar/install/custom_interfaces/local/lib/python3.10/dist-packages/custom_interfaces/srv/__init__.py
[0.387s] -- Up-to-date: /home/aceti/sonar/install/custom_interfaces/local/lib/python3.10/dist-packages/custom_interfaces/srv/_sonar_s.c
[0.387s] -- Up-to-date: /home/aceti/sonar/install/custom_interfaces/local/lib/python3.10/dist-packages/custom_interfaces/srv/_serial_number_s.c
[0.387s] -- Up-to-date: /home/aceti/sonar/install/custom_interfaces/local/lib/python3.10/dist-packages/custom_interfaces/srv/_serial_number.py
[0.387s] -- Up-to-date: /home/aceti/sonar/install/custom_interfaces/local/lib/python3.10/dist-packages/custom_interfaces/_custom_interfaces_s.ep.rosidl_typesupport_introspection_c.c
[0.408s] Listing '/home/aceti/sonar/install/custom_interfaces/local/lib/python3.10/dist-packages/custom_interfaces'...
[0.409s] Listing '/home/aceti/sonar/install/custom_interfaces/local/lib/python3.10/dist-packages/custom_interfaces/srv'...
[0.412s] -- Up-to-date: /home/aceti/sonar/install/custom_interfaces/local/lib/python3.10/dist-packages/custom_interfaces/custom_interfaces_s__rosidl_typesupport_fastrtps_c.cpython-310-x86_64-linux-gnu.so
[0.412s] -- Up-to-date: /home/aceti/sonar/install/custom_interfaces/local/lib/python3.10/dist-packages/custom_interfaces/custom_interfaces_s__rosidl_typesupport_introspection_c.cpython-310-x86_64-linux-gnu.so
[0.412s] -- Up-to-date: /home/aceti/sonar/install/custom_interfaces/local/lib/python3.10/dist-packages/custom_interfaces/custom_interfaces_s__rosidl_typesupport_c.cpython-310-x86_64-linux-gnu.so
[0.412s] -- Up-to-date: /home/aceti/sonar/install/custom_interfaces/lib/libcustom_interfaces__rosidl_generator_py.so
[0.413s] -- Up-to-date: /home/aceti/sonar/install/custom_interfaces/share/custom_interfaces/srv/Sonar.idl
[0.413s] -- Up-to-date: /home/aceti/sonar/install/custom_interfaces/share/custom_interfaces/srv/SerialNumber.idl
[0.413s] -- Up-to-date: /home/aceti/sonar/install/custom_interfaces/share/custom_interfaces/srv/Sonar.srv
[0.413s] -- Up-to-date: /home/aceti/sonar/install/custom_interfaces/share/custom_interfaces/srv/Sonar_Request.msg
[0.413s] -- Up-to-date: /home/aceti/sonar/install/custom_interfaces/share/custom_interfaces/srv/Sonar_Response.msg
[0.413s] -- Up-to-date: /home/aceti/sonar/install/custom_interfaces/share/custom_interfaces/srv/SerialNumber.srv
[0.413s] -- Up-to-date: /home/aceti/sonar/install/custom_interfaces/share/custom_interfaces/srv/SerialNumber_Request.msg
[0.413s] -- Up-to-date: /home/aceti/sonar/install/custom_interfaces/share/custom_interfaces/srv/SerialNumber_Response.msg
[0.413s] -- Up-to-date: /home/aceti/sonar/install/custom_interfaces/share/ament_index/resource_index/package_run_dependencies/custom_interfaces
[0.414s] -- Up-to-date: /home/aceti/sonar/install/custom_interfaces/share/ament_index/resource_index/parent_prefix_path/custom_interfaces
[0.414s] -- Up-to-date: /home/aceti/sonar/install/custom_interfaces/share/custom_interfaces/environment/ament_prefix_path.sh
[0.414s] -- Up-to-date: /home/aceti/sonar/install/custom_interfaces/share/custom_interfaces/environment/ament_prefix_path.dsv
[0.414s] -- Up-to-date: /home/aceti/sonar/install/custom_interfaces/share/custom_interfaces/environment/path.sh
[0.414s] -- Up-to-date: /home/aceti/sonar/install/custom_interfaces/share/custom_interfaces/environment/path.dsv
[0.414s] -- Up-to-date: /home/aceti/sonar/install/custom_interfaces/share/custom_interfaces/local_setup.bash
[0.414s] -- Up-to-date: /home/aceti/sonar/install/custom_interfaces/share/custom_interfaces/local_setup.sh
[0.414s] -- Up-to-date: /home/aceti/sonar/install/custom_interfaces/share/custom_interfaces/local_setup.zsh
[0.414s] -- Up-to-date: /home/aceti/sonar/install/custom_interfaces/share/custom_interfaces/local_setup.dsv
[0.415s] -- Installing: /home/aceti/sonar/install/custom_interfaces/share/custom_interfaces/package.dsv
[0.415s] -- Up-to-date: /home/aceti/sonar/install/custom_interfaces/share/ament_index/resource_index/packages/custom_interfaces
[0.415s] -- Up-to-date: /home/aceti/sonar/install/custom_interfaces/share/custom_interfaces/cmake/export_custom_interfaces__rosidl_generator_cExport.cmake
[0.415s] -- Up-to-date: /home/aceti/sonar/install/custom_interfaces/share/custom_interfaces/cmake/export_custom_interfaces__rosidl_generator_cExport-noconfig.cmake
[0.415s] -- Up-to-date: /home/aceti/sonar/install/custom_interfaces/share/custom_interfaces/cmake/export_custom_interfaces__rosidl_typesupport_fastrtps_cExport.cmake
[0.415s] -- Up-to-date: /home/aceti/sonar/install/custom_interfaces/share/custom_interfaces/cmake/export_custom_interfaces__rosidl_typesupport_fastrtps_cExport-noconfig.cmake
[0.415s] -- Up-to-date: /home/aceti/sonar/install/custom_interfaces/share/custom_interfaces/cmake/custom_interfaces__rosidl_typesupport_introspection_cExport.cmake
[0.415s] -- Up-to-date: /home/aceti/sonar/install/custom_interfaces/share/custom_interfaces/cmake/custom_interfaces__rosidl_typesupport_introspection_cExport-noconfig.cmake
[0.415s] -- Up-to-date: /home/aceti/sonar/install/custom_interfaces/share/custom_interfaces/cmake/custom_interfaces__rosidl_typesupport_cExport.cmake
[0.416s] -- Up-to-date: /home/aceti/sonar/install/custom_interfaces/share/custom_interfaces/cmake/custom_interfaces__rosidl_typesupport_cExport-noconfig.cmake
[0.416s] -- Up-to-date: /home/aceti/sonar/install/custom_interfaces/share/custom_interfaces/cmake/export_custom_interfaces__rosidl_generator_cppExport.cmake
[0.416s] -- Up-to-date: /home/aceti/sonar/install/custom_interfaces/share/custom_interfaces/cmake/export_custom_interfaces__rosidl_typesupport_fastrtps_cppExport.cmake
[0.416s] -- Up-to-date: /home/aceti/sonar/install/custom_interfaces/share/custom_interfaces/cmake/export_custom_interfaces__rosidl_typesupport_fastrtps_cppExport-noconfig.cmake
[0.416s] -- Up-to-date: /home/aceti/sonar/install/custom_interfaces/share/custom_interfaces/cmake/custom_interfaces__rosidl_typesupport_introspection_cppExport.cmake
[0.416s] -- Up-to-date: /home/aceti/sonar/install/custom_interfaces/share/custom_interfaces/cmake/custom_interfaces__rosidl_typesupport_introspection_cppExport-noconfig.cmake
[0.416s] -- Up-to-date: /home/aceti/sonar/install/custom_interfaces/share/custom_interfaces/cmake/custom_interfaces__rosidl_typesupport_cppExport.cmake
[0.416s] -- Up-to-date: /home/aceti/sonar/install/custom_interfaces/share/custom_interfaces/cmake/custom_interfaces__rosidl_typesupport_cppExport-noconfig.cmake
[0.416s] -- Up-to-date: /home/aceti/sonar/install/custom_interfaces/share/custom_interfaces/cmake/export_custom_interfaces__rosidl_generator_pyExport.cmake
[0.416s] -- Up-to-date: /home/aceti/sonar/install/custom_interfaces/share/custom_interfaces/cmake/export_custom_interfaces__rosidl_generator_pyExport-noconfig.cmake
[0.416s] -- Up-to-date: /home/aceti/sonar/install/custom_interfaces/share/custom_interfaces/cmake/rosidl_cmake-extras.cmake
[0.416s] -- Up-to-date: /home/aceti/sonar/install/custom_interfaces/share/custom_interfaces/cmake/ament_cmake_export_include_directories-extras.cmake
[0.416s] -- Up-to-date: /home/aceti/sonar/install/custom_interfaces/share/custom_interfaces/cmake/ament_cmake_export_libraries-extras.cmake
[0.417s] -- Up-to-date: /home/aceti/sonar/install/custom_interfaces/share/custom_interfaces/cmake/ament_cmake_export_targets-extras.cmake
[0.417s] -- Up-to-date: /home/aceti/sonar/install/custom_interfaces/share/custom_interfaces/cmake/rosidl_cmake_export_typesupport_targets-extras.cmake
[0.417s] -- Up-to-date: /home/aceti/sonar/install/custom_interfaces/share/custom_interfaces/cmake/ament_cmake_export_dependencies-extras.cmake
[0.417s] -- Up-to-date: /home/aceti/sonar/install/custom_interfaces/share/custom_interfaces/cmake/rosidl_cmake_export_typesupport_libraries-extras.cmake
[0.417s] -- Up-to-date: /home/aceti/sonar/install/custom_interfaces/share/custom_interfaces/cmake/custom_interfacesConfig.cmake
[0.417s] -- Up-to-date: /home/aceti/sonar/install/custom_interfaces/share/custom_interfaces/cmake/custom_interfacesConfig-version.cmake
[0.417s] -- Up-to-date: /home/aceti/sonar/install/custom_interfaces/share/custom_interfaces/package.xml
[0.419s] Invoked command in '/home/aceti/sonar/build/custom_interfaces' returned '0': CMAKE_PREFIX_PATH=${CMAKE_PREFIX_PATH}:/home/aceti/head/Head_asv/install/add_integers:/home/aceti/sonar/install/sonar_controller:/opt/ros/humble /usr/bin/cmake --install /home/aceti/sonar/build/custom_interfaces
