[0.743s] DEBUG:colcon:Command line arguments: ['/usr/bin/colcon', 'build']
[0.743s] DEBUG:colcon:Parsed command line arguments: Namespace(log_base=None, log_level=None, verb_name='build', build_base='build', install_base='install', merge_install=False, symlink_install=False, test_result_base=None, continue_on_error=False, executor='parallel', parallel_workers=8, event_handlers=None, ignore_user_meta=False, metas=['./colcon.meta'], base_paths=['.'], packages_ignore=None, packages_ignore_regex=None, paths=None, packages_up_to=None, packages_up_to_regex=None, packages_above=None, packages_above_and_dependencies=None, packages_above_depth=None, packages_select_by_dep=None, packages_skip_by_dep=None, packages_skip_up_to=None, packages_select_build_failed=False, packages_skip_build_finished=False, packages_select_test_failures=False, packages_skip_test_passed=False, packages_select=None, packages_skip=None, packages_select_regex=None, packages_skip_regex=None, packages_start=None, packages_end=None, allow_overriding=[], cmake_args=None, cmake_target=None, cmake_target_skip_unavailable=False, cmake_clean_cache=False, cmake_clean_first=False, cmake_force_configure=False, ament_cmake_args=None, catkin_cmake_args=None, catkin_skip_building_tests=False, verb_parser=<colcon_defaults.argument_parser.defaults.DefaultArgumentsDecorator object at 0x7f7029cdace0>, verb_extension=<colcon_core.verb.build.BuildVerb object at 0x7f7029cda770>, main=<bound method BuildVerb.main of <colcon_core.verb.build.BuildVerb object at 0x7f7029cda770>>)
[0.792s] Level 1:colcon.colcon_core.package_discovery:discover_packages(colcon_meta) check parameters
[0.793s] Level 1:colcon.colcon_core.package_discovery:discover_packages(recursive) check parameters
[0.793s] Level 1:colcon.colcon_core.package_discovery:discover_packages(ignore) check parameters
[0.793s] Level 1:colcon.colcon_core.package_discovery:discover_packages(path) check parameters
[0.793s] Level 1:colcon.colcon_core.package_discovery:discover_packages(colcon_meta) discover
[0.793s] Level 1:colcon.colcon_core.package_discovery:discover_packages(recursive) discover
[0.793s] INFO:colcon.colcon_core.package_discovery:Crawling recursively for packages in '/home/aceti/sonar'
[0.793s] Level 1:colcon.colcon_core.package_identification:_identify(.) by extensions ['ignore', 'ignore_ament_install']
[0.793s] Level 1:colcon.colcon_core.package_identification:_identify(.) by extension 'ignore'
[0.793s] Level 1:colcon.colcon_core.package_identification:_identify(.) by extension 'ignore_ament_install'
[0.794s] Level 1:colcon.colcon_core.package_identification:_identify(.) by extensions ['colcon_pkg']
[0.794s] Level 1:colcon.colcon_core.package_identification:_identify(.) by extension 'colcon_pkg'
[0.794s] Level 1:colcon.colcon_core.package_identification:_identify(.) by extensions ['colcon_meta']
[0.794s] Level 1:colcon.colcon_core.package_identification:_identify(.) by extension 'colcon_meta'
[0.794s] Level 1:colcon.colcon_core.package_identification:_identify(.) by extensions ['ros']
[0.794s] Level 1:colcon.colcon_core.package_identification:_identify(.) by extension 'ros'
[0.821s] Level 1:colcon.colcon_core.package_identification:_identify(.) by extensions ['cmake', 'python']
[0.821s] Level 1:colcon.colcon_core.package_identification:_identify(.) by extension 'cmake'
[0.821s] Level 1:colcon.colcon_core.package_identification:_identify(.) by extension 'python'
[0.821s] Level 1:colcon.colcon_core.package_identification:_identify(.) by extensions ['python_setup_py']
[0.821s] Level 1:colcon.colcon_core.package_identification:_identify(.) by extension 'python_setup_py'
[0.822s] Level 1:colcon.colcon_core.package_identification:_identify(build) by extensions ['ignore', 'ignore_ament_install']
[0.822s] Level 1:colcon.colcon_core.package_identification:_identify(build) by extension 'ignore'
[0.822s] Level 1:colcon.colcon_core.package_identification:_identify(build) ignored
[0.822s] Level 1:colcon.colcon_core.package_identification:_identify(install) by extensions ['ignore', 'ignore_ament_install']
[0.823s] Level 1:colcon.colcon_core.package_identification:_identify(install) by extension 'ignore'
[0.823s] Level 1:colcon.colcon_core.package_identification:_identify(install) ignored
[0.823s] Level 1:colcon.colcon_core.package_identification:_identify(log) by extensions ['ignore', 'ignore_ament_install']
[0.823s] Level 1:colcon.colcon_core.package_identification:_identify(log) by extension 'ignore'
[0.823s] Level 1:colcon.colcon_core.package_identification:_identify(log) ignored
[0.823s] Level 1:colcon.colcon_core.package_identification:_identify(src) by extensions ['ignore', 'ignore_ament_install']
[0.824s] Level 1:colcon.colcon_core.package_identification:_identify(src) by extension 'ignore'
[0.824s] Level 1:colcon.colcon_core.package_identification:_identify(src) by extension 'ignore_ament_install'
[0.824s] Level 1:colcon.colcon_core.package_identification:_identify(src) by extensions ['colcon_pkg']
[0.824s] Level 1:colcon.colcon_core.package_identification:_identify(src) by extension 'colcon_pkg'
[0.824s] Level 1:colcon.colcon_core.package_identification:_identify(src) by extensions ['colcon_meta']
[0.824s] Level 1:colcon.colcon_core.package_identification:_identify(src) by extension 'colcon_meta'
[0.824s] Level 1:colcon.colcon_core.package_identification:_identify(src) by extensions ['ros']
[0.824s] Level 1:colcon.colcon_core.package_identification:_identify(src) by extension 'ros'
[0.824s] Level 1:colcon.colcon_core.package_identification:_identify(src) by extensions ['cmake', 'python']
[0.824s] Level 1:colcon.colcon_core.package_identification:_identify(src) by extension 'cmake'
[0.824s] Level 1:colcon.colcon_core.package_identification:_identify(src) by extension 'python'
[0.824s] Level 1:colcon.colcon_core.package_identification:_identify(src) by extensions ['python_setup_py']
[0.825s] Level 1:colcon.colcon_core.package_identification:_identify(src) by extension 'python_setup_py'
[0.825s] Level 1:colcon.colcon_core.package_identification:_identify(src/custom_interfaces) by extensions ['ignore', 'ignore_ament_install']
[0.825s] Level 1:colcon.colcon_core.package_identification:_identify(src/custom_interfaces) by extension 'ignore'
[0.825s] Level 1:colcon.colcon_core.package_identification:_identify(src/custom_interfaces) by extension 'ignore_ament_install'
[0.825s] Level 1:colcon.colcon_core.package_identification:_identify(src/custom_interfaces) by extensions ['colcon_pkg']
[0.825s] Level 1:colcon.colcon_core.package_identification:_identify(src/custom_interfaces) by extension 'colcon_pkg'
[0.825s] Level 1:colcon.colcon_core.package_identification:_identify(src/custom_interfaces) by extensions ['colcon_meta']
[0.825s] Level 1:colcon.colcon_core.package_identification:_identify(src/custom_interfaces) by extension 'colcon_meta'
[0.825s] Level 1:colcon.colcon_core.package_identification:_identify(src/custom_interfaces) by extensions ['ros']
[0.825s] Level 1:colcon.colcon_core.package_identification:_identify(src/custom_interfaces) by extension 'ros'
[0.830s] DEBUG:colcon.colcon_core.package_identification:Package 'src/custom_interfaces' with type 'ros.ament_cmake' and name 'custom_interfaces'
[0.830s] Level 1:colcon.colcon_core.package_identification:_identify(src/sonar_controller) by extensions ['ignore', 'ignore_ament_install']
[0.830s] Level 1:colcon.colcon_core.package_identification:_identify(src/sonar_controller) by extension 'ignore'
[0.830s] Level 1:colcon.colcon_core.package_identification:_identify(src/sonar_controller) by extension 'ignore_ament_install'
[0.831s] Level 1:colcon.colcon_core.package_identification:_identify(src/sonar_controller) by extensions ['colcon_pkg']
[0.831s] Level 1:colcon.colcon_core.package_identification:_identify(src/sonar_controller) by extension 'colcon_pkg'
[0.831s] Level 1:colcon.colcon_core.package_identification:_identify(src/sonar_controller) by extensions ['colcon_meta']
[0.831s] Level 1:colcon.colcon_core.package_identification:_identify(src/sonar_controller) by extension 'colcon_meta'
[0.831s] Level 1:colcon.colcon_core.package_identification:_identify(src/sonar_controller) by extensions ['ros']
[0.831s] Level 1:colcon.colcon_core.package_identification:_identify(src/sonar_controller) by extension 'ros'
[0.832s] DEBUG:colcon.colcon_core.package_identification:Package 'src/sonar_controller' with type 'ros.ament_python' and name 'sonar_controller'
[0.832s] Level 1:colcon.colcon_core.package_discovery:discover_packages(recursive) using defaults
[0.833s] Level 1:colcon.colcon_core.package_discovery:discover_packages(ignore) discover
[0.833s] Level 1:colcon.colcon_core.package_discovery:discover_packages(ignore) using defaults
[0.833s] Level 1:colcon.colcon_core.package_discovery:discover_packages(path) discover
[0.833s] Level 1:colcon.colcon_core.package_discovery:discover_packages(path) using defaults
[0.881s] Level 1:colcon.colcon_core.package_discovery:discover_packages(prefix_path) check parameters
[0.881s] Level 1:colcon.colcon_core.package_discovery:discover_packages(prefix_path) discover
[0.886s] DEBUG:colcon.colcon_installed_package_information.package_discovery:Found 1 installed packages in /home/aceti/sonar/install
[0.888s] DEBUG:colcon.colcon_installed_package_information.package_discovery:Found 2 installed packages in /home/aceti/Documents/sonar/install
[0.890s] DEBUG:colcon.colcon_installed_package_information.package_discovery:Found 2 installed packages in /home/aceti/ros2_ws/install
[0.894s] DEBUG:colcon.colcon_installed_package_information.package_discovery:Found 269 installed packages in /opt/ros/humble
[0.898s] Level 1:colcon.colcon_core.package_discovery:discover_packages(prefix_path) using defaults
[1.017s] Level 5:colcon.colcon_core.verb:set package 'custom_interfaces' build argument 'cmake_args' from command line to 'None'
[1.017s] Level 5:colcon.colcon_core.verb:set package 'custom_interfaces' build argument 'cmake_target' from command line to 'None'
[1.017s] Level 5:colcon.colcon_core.verb:set package 'custom_interfaces' build argument 'cmake_target_skip_unavailable' from command line to 'False'
[1.017s] Level 5:colcon.colcon_core.verb:set package 'custom_interfaces' build argument 'cmake_clean_cache' from command line to 'False'
[1.017s] Level 5:colcon.colcon_core.verb:set package 'custom_interfaces' build argument 'cmake_clean_first' from command line to 'False'
[1.017s] Level 5:colcon.colcon_core.verb:set package 'custom_interfaces' build argument 'cmake_force_configure' from command line to 'False'
[1.017s] Level 5:colcon.colcon_core.verb:set package 'custom_interfaces' build argument 'ament_cmake_args' from command line to 'None'
[1.017s] Level 5:colcon.colcon_core.verb:set package 'custom_interfaces' build argument 'catkin_cmake_args' from command line to 'None'
[1.017s] Level 5:colcon.colcon_core.verb:set package 'custom_interfaces' build argument 'catkin_skip_building_tests' from command line to 'False'
[1.017s] DEBUG:colcon.colcon_core.verb:Building package 'custom_interfaces' with the following arguments: {'ament_cmake_args': None, 'build_base': '/home/aceti/sonar/build/custom_interfaces', 'catkin_cmake_args': None, 'catkin_skip_building_tests': False, 'cmake_args': None, 'cmake_clean_cache': False, 'cmake_clean_first': False, 'cmake_force_configure': False, 'cmake_target': None, 'cmake_target_skip_unavailable': False, 'install_base': '/home/aceti/sonar/install/custom_interfaces', 'merge_install': False, 'path': '/home/aceti/sonar/src/custom_interfaces', 'symlink_install': False, 'test_result_base': None}
[1.019s] Level 5:colcon.colcon_core.verb:set package 'sonar_controller' build argument 'cmake_args' from command line to 'None'
[1.019s] Level 5:colcon.colcon_core.verb:set package 'sonar_controller' build argument 'cmake_target' from command line to 'None'
[1.019s] Level 5:colcon.colcon_core.verb:set package 'sonar_controller' build argument 'cmake_target_skip_unavailable' from command line to 'False'
[1.019s] Level 5:colcon.colcon_core.verb:set package 'sonar_controller' build argument 'cmake_clean_cache' from command line to 'False'
[1.019s] Level 5:colcon.colcon_core.verb:set package 'sonar_controller' build argument 'cmake_clean_first' from command line to 'False'
[1.019s] Level 5:colcon.colcon_core.verb:set package 'sonar_controller' build argument 'cmake_force_configure' from command line to 'False'
[1.019s] Level 5:colcon.colcon_core.verb:set package 'sonar_controller' build argument 'ament_cmake_args' from command line to 'None'
[1.019s] Level 5:colcon.colcon_core.verb:set package 'sonar_controller' build argument 'catkin_cmake_args' from command line to 'None'
[1.019s] Level 5:colcon.colcon_core.verb:set package 'sonar_controller' build argument 'catkin_skip_building_tests' from command line to 'False'
[1.020s] DEBUG:colcon.colcon_core.verb:Building package 'sonar_controller' with the following arguments: {'ament_cmake_args': None, 'build_base': '/home/aceti/sonar/build/sonar_controller', 'catkin_cmake_args': None, 'catkin_skip_building_tests': False, 'cmake_args': None, 'cmake_clean_cache': False, 'cmake_clean_first': False, 'cmake_force_configure': False, 'cmake_target': None, 'cmake_target_skip_unavailable': False, 'install_base': '/home/aceti/sonar/install/sonar_controller', 'merge_install': False, 'path': '/home/aceti/sonar/src/sonar_controller', 'symlink_install': False, 'test_result_base': None}
[1.021s] INFO:colcon.colcon_core.executor:Executing jobs using 'parallel' executor
[1.028s] DEBUG:colcon.colcon_parallel_executor.executor.parallel:run_until_complete
[1.028s] INFO:colcon.colcon_ros.task.ament_cmake.build:Building ROS package in '/home/aceti/sonar/src/custom_interfaces' with build type 'ament_cmake'
[1.029s] INFO:colcon.colcon_cmake.task.cmake.build:Building CMake package in '/home/aceti/sonar/src/custom_interfaces'
[1.037s] INFO:colcon.colcon_core.plugin_system:Skipping extension 'colcon_core.shell.bat': Not used on non-Windows systems
[1.038s] INFO:colcon.colcon_core.shell:Skip shell extension 'powershell' for command environment: Not usable outside of PowerShell
[1.038s] DEBUG:colcon.colcon_core.shell:Skip shell extension 'dsv' for command environment
[1.061s] DEBUG:colcon.colcon_core.event_handler.log_command:Invoking command in '/home/aceti/sonar/build/custom_interfaces': CMAKE_PREFIX_PATH=${CMAKE_PREFIX_PATH}:/home/aceti/Documents/sonar/install/sonar_controller:/home/aceti/ros2_ws/install/add_integers:/opt/ros/humble /usr/bin/cmake --build /home/aceti/sonar/build/custom_interfaces -- -j8 -l8
[3.783s] DEBUG:colcon.colcon_core.event_handler.log_command:Invoked command in '/home/aceti/sonar/build/custom_interfaces' returned '0': CMAKE_PREFIX_PATH=${CMAKE_PREFIX_PATH}:/home/aceti/Documents/sonar/install/sonar_controller:/home/aceti/ros2_ws/install/add_integers:/opt/ros/humble /usr/bin/cmake --build /home/aceti/sonar/build/custom_interfaces -- -j8 -l8
[3.900s] DEBUG:colcon.colcon_core.event_handler.log_command:Invoking command in '/home/aceti/sonar/build/custom_interfaces': CMAKE_PREFIX_PATH=${CMAKE_PREFIX_PATH}:/home/aceti/Documents/sonar/install/sonar_controller:/home/aceti/ros2_ws/install/add_integers:/opt/ros/humble /usr/bin/cmake --install /home/aceti/sonar/build/custom_interfaces
[4.011s] Level 1:colcon.colcon_core.environment:create_environment_scripts_only(custom_interfaces)
[4.012s] DEBUG:colcon.colcon_core.event_handler.log_command:Invoked command in '/home/aceti/sonar/build/custom_interfaces' returned '0': CMAKE_PREFIX_PATH=${CMAKE_PREFIX_PATH}:/home/aceti/Documents/sonar/install/sonar_controller:/home/aceti/ros2_ws/install/add_integers:/opt/ros/humble /usr/bin/cmake --install /home/aceti/sonar/build/custom_interfaces
[4.020s] Level 1:colcon.colcon_core.environment:checking '/home/aceti/sonar/install/custom_interfaces' for CMake module files
[4.021s] Level 1:colcon.colcon_core.environment:checking '/home/aceti/sonar/install/custom_interfaces' for CMake config files
[4.022s] Level 1:colcon.colcon_core.shell:create_environment_hook('custom_interfaces', 'cmake_prefix_path')
[4.024s] INFO:colcon.colcon_core.shell:Creating environment hook '/home/aceti/sonar/install/custom_interfaces/share/custom_interfaces/hook/cmake_prefix_path.ps1'
[4.026s] INFO:colcon.colcon_core.shell:Creating environment descriptor '/home/aceti/sonar/install/custom_interfaces/share/custom_interfaces/hook/cmake_prefix_path.dsv'
[4.026s] INFO:colcon.colcon_core.shell:Creating environment hook '/home/aceti/sonar/install/custom_interfaces/share/custom_interfaces/hook/cmake_prefix_path.sh'
[4.028s] Level 1:colcon.colcon_core.environment:checking '/home/aceti/sonar/install/custom_interfaces/lib'
[4.028s] Level 1:colcon.colcon_core.shell:create_environment_hook('custom_interfaces', 'ld_library_path_lib')
[4.031s] INFO:colcon.colcon_core.shell:Creating environment hook '/home/aceti/sonar/install/custom_interfaces/share/custom_interfaces/hook/ld_library_path_lib.ps1'
[4.031s] INFO:colcon.colcon_core.shell:Creating environment descriptor '/home/aceti/sonar/install/custom_interfaces/share/custom_interfaces/hook/ld_library_path_lib.dsv'
[4.032s] INFO:colcon.colcon_core.shell:Creating environment hook '/home/aceti/sonar/install/custom_interfaces/share/custom_interfaces/hook/ld_library_path_lib.sh'
[4.032s] Level 1:colcon.colcon_core.environment:checking '/home/aceti/sonar/install/custom_interfaces/bin'
[4.033s] Level 1:colcon.colcon_core.environment:checking '/home/aceti/sonar/install/custom_interfaces/lib/pkgconfig/custom_interfaces.pc'
[4.033s] Level 1:colcon.colcon_core.environment:checking '/home/aceti/sonar/install/custom_interfaces/lib/python3.10/site-packages'
[4.033s] Level 1:colcon.colcon_core.environment:checking '/home/aceti/sonar/install/custom_interfaces/bin'
[4.036s] INFO:colcon.colcon_core.shell:Creating package script '/home/aceti/sonar/install/custom_interfaces/share/custom_interfaces/package.ps1'
[4.038s] INFO:colcon.colcon_core.shell:Creating package descriptor '/home/aceti/sonar/install/custom_interfaces/share/custom_interfaces/package.dsv'
[4.040s] INFO:colcon.colcon_core.shell:Creating package script '/home/aceti/sonar/install/custom_interfaces/share/custom_interfaces/package.sh'
[4.041s] INFO:colcon.colcon_core.shell:Creating package script '/home/aceti/sonar/install/custom_interfaces/share/custom_interfaces/package.bash'
[4.042s] INFO:colcon.colcon_core.shell:Creating package script '/home/aceti/sonar/install/custom_interfaces/share/custom_interfaces/package.zsh'
[4.044s] Level 1:colcon.colcon_core.environment:create_file_with_runtime_dependencies(/home/aceti/sonar/install/custom_interfaces/share/colcon-core/packages/custom_interfaces)
[4.149s] Level 1:colcon.colcon_core.environment:create_environment_scripts_only(custom_interfaces)
[4.152s] Level 1:colcon.colcon_core.environment:checking '/home/aceti/sonar/install/custom_interfaces' for CMake module files
[4.153s] Level 1:colcon.colcon_core.environment:checking '/home/aceti/sonar/install/custom_interfaces' for CMake config files
[4.154s] Level 1:colcon.colcon_core.shell:create_environment_hook('custom_interfaces', 'cmake_prefix_path')
[4.157s] INFO:colcon.colcon_core.shell:Creating environment hook '/home/aceti/sonar/install/custom_interfaces/share/custom_interfaces/hook/cmake_prefix_path.ps1'
[4.157s] INFO:colcon.colcon_core.shell:Creating environment descriptor '/home/aceti/sonar/install/custom_interfaces/share/custom_interfaces/hook/cmake_prefix_path.dsv'
[4.158s] INFO:colcon.colcon_core.shell:Creating environment hook '/home/aceti/sonar/install/custom_interfaces/share/custom_interfaces/hook/cmake_prefix_path.sh'
[4.159s] Level 1:colcon.colcon_core.environment:checking '/home/aceti/sonar/install/custom_interfaces/lib'
[4.159s] Level 1:colcon.colcon_core.shell:create_environment_hook('custom_interfaces', 'ld_library_path_lib')
[4.161s] INFO:colcon.colcon_core.shell:Creating environment hook '/home/aceti/sonar/install/custom_interfaces/share/custom_interfaces/hook/ld_library_path_lib.ps1'
[4.162s] INFO:colcon.colcon_core.shell:Creating environment descriptor '/home/aceti/sonar/install/custom_interfaces/share/custom_interfaces/hook/ld_library_path_lib.dsv'
[4.163s] INFO:colcon.colcon_core.shell:Creating environment hook '/home/aceti/sonar/install/custom_interfaces/share/custom_interfaces/hook/ld_library_path_lib.sh'
[4.163s] Level 1:colcon.colcon_core.environment:checking '/home/aceti/sonar/install/custom_interfaces/bin'
[4.163s] Level 1:colcon.colcon_core.environment:checking '/home/aceti/sonar/install/custom_interfaces/lib/pkgconfig/custom_interfaces.pc'
[4.164s] Level 1:colcon.colcon_core.environment:checking '/home/aceti/sonar/install/custom_interfaces/lib/python3.10/site-packages'
[4.164s] Level 1:colcon.colcon_core.environment:checking '/home/aceti/sonar/install/custom_interfaces/bin'
[4.167s] INFO:colcon.colcon_core.shell:Creating package script '/home/aceti/sonar/install/custom_interfaces/share/custom_interfaces/package.ps1'
[4.168s] INFO:colcon.colcon_core.shell:Creating package descriptor '/home/aceti/sonar/install/custom_interfaces/share/custom_interfaces/package.dsv'
[4.169s] INFO:colcon.colcon_core.shell:Creating package script '/home/aceti/sonar/install/custom_interfaces/share/custom_interfaces/package.sh'
[4.171s] INFO:colcon.colcon_core.shell:Creating package script '/home/aceti/sonar/install/custom_interfaces/share/custom_interfaces/package.bash'
[4.172s] INFO:colcon.colcon_core.shell:Creating package script '/home/aceti/sonar/install/custom_interfaces/share/custom_interfaces/package.zsh'
[4.172s] Level 1:colcon.colcon_core.environment:create_file_with_runtime_dependencies(/home/aceti/sonar/install/custom_interfaces/share/colcon-core/packages/custom_interfaces)
[4.173s] INFO:colcon.colcon_ros.task.ament_python.build:Building ROS package in '/home/aceti/sonar/src/sonar_controller' with build type 'ament_python'
[4.173s] Level 1:colcon.colcon_core.shell:create_environment_hook('sonar_controller', 'ament_prefix_path')
[4.176s] INFO:colcon.colcon_core.shell:Creating environment hook '/home/aceti/sonar/install/sonar_controller/share/sonar_controller/hook/ament_prefix_path.ps1'
[4.178s] INFO:colcon.colcon_core.shell:Creating environment descriptor '/home/aceti/sonar/install/sonar_controller/share/sonar_controller/hook/ament_prefix_path.dsv'
[4.178s] INFO:colcon.colcon_core.shell:Creating environment hook '/home/aceti/sonar/install/sonar_controller/share/sonar_controller/hook/ament_prefix_path.sh'
[4.182s] INFO:colcon.colcon_core.shell:Skip shell extension 'powershell' for command environment: Not usable outside of PowerShell
[4.182s] DEBUG:colcon.colcon_core.shell:Skip shell extension 'dsv' for command environment
[4.778s] INFO:colcon.colcon_core.task.python.build:Building Python package in '/home/aceti/sonar/src/sonar_controller'
[4.781s] INFO:colcon.colcon_core.shell:Skip shell extension 'powershell' for command environment: Not usable outside of PowerShell
[4.781s] DEBUG:colcon.colcon_core.shell:Skip shell extension 'dsv' for command environment
[5.553s] DEBUG:colcon.colcon_core.event_handler.log_command:Invoking command in '/home/aceti/sonar/src/sonar_controller': LD_LIBRARY_PATH=/home/aceti/sonar/install/custom_interfaces/lib:${LD_LIBRARY_PATH} PYTHONPATH=/home/aceti/sonar/build/sonar_controller/prefix_override:/home/aceti/sonar/install/sonar_controller/lib/python3.10/site-packages:/home/aceti/sonar/install/custom_interfaces/local/lib/python3.10/dist-packages:${PYTHONPATH} /usr/bin/python3 setup.py egg_info --egg-base ../../build/sonar_controller build --build-base /home/aceti/sonar/build/sonar_controller/build install --record /home/aceti/sonar/build/sonar_controller/install.log --single-version-externally-managed
[6.276s] Level 1:colcon.colcon_core.environment:checking '/home/aceti/sonar/install/sonar_controller' for CMake module files
[6.277s] DEBUG:colcon.colcon_core.event_handler.log_command:Invoked command in '/home/aceti/sonar/src/sonar_controller' returned '0': LD_LIBRARY_PATH=/home/aceti/sonar/install/custom_interfaces/lib:${LD_LIBRARY_PATH} PYTHONPATH=/home/aceti/sonar/build/sonar_controller/prefix_override:/home/aceti/sonar/install/sonar_controller/lib/python3.10/site-packages:/home/aceti/sonar/install/custom_interfaces/local/lib/python3.10/dist-packages:${PYTHONPATH} /usr/bin/python3 setup.py egg_info --egg-base ../../build/sonar_controller build --build-base /home/aceti/sonar/build/sonar_controller/build install --record /home/aceti/sonar/build/sonar_controller/install.log --single-version-externally-managed
[6.277s] Level 1:colcon.colcon_core.environment:checking '/home/aceti/sonar/install/sonar_controller' for CMake config files
[6.278s] Level 1:colcon.colcon_core.environment:checking '/home/aceti/sonar/install/sonar_controller/lib'
[6.278s] Level 1:colcon.colcon_core.environment:checking '/home/aceti/sonar/install/sonar_controller/bin'
[6.279s] Level 1:colcon.colcon_core.environment:checking '/home/aceti/sonar/install/sonar_controller/lib/pkgconfig/sonar_controller.pc'
[6.279s] Level 1:colcon.colcon_core.environment:checking '/home/aceti/sonar/install/sonar_controller/lib/python3.10/site-packages'
[6.279s] Level 1:colcon.colcon_core.shell:create_environment_hook('sonar_controller', 'pythonpath')
[6.282s] INFO:colcon.colcon_core.shell:Creating environment hook '/home/aceti/sonar/install/sonar_controller/share/sonar_controller/hook/pythonpath.ps1'
[6.282s] INFO:colcon.colcon_core.shell:Creating environment descriptor '/home/aceti/sonar/install/sonar_controller/share/sonar_controller/hook/pythonpath.dsv'
[6.283s] INFO:colcon.colcon_core.shell:Creating environment hook '/home/aceti/sonar/install/sonar_controller/share/sonar_controller/hook/pythonpath.sh'
[6.284s] Level 1:colcon.colcon_core.environment:checking '/home/aceti/sonar/install/sonar_controller/bin'
[6.284s] Level 1:colcon.colcon_core.environment:create_environment_scripts_only(sonar_controller)
[6.288s] INFO:colcon.colcon_core.shell:Creating package script '/home/aceti/sonar/install/sonar_controller/share/sonar_controller/package.ps1'
[6.289s] INFO:colcon.colcon_core.shell:Creating package descriptor '/home/aceti/sonar/install/sonar_controller/share/sonar_controller/package.dsv'
[6.291s] INFO:colcon.colcon_core.shell:Creating package script '/home/aceti/sonar/install/sonar_controller/share/sonar_controller/package.sh'
[6.292s] INFO:colcon.colcon_core.shell:Creating package script '/home/aceti/sonar/install/sonar_controller/share/sonar_controller/package.bash'
[6.293s] INFO:colcon.colcon_core.shell:Creating package script '/home/aceti/sonar/install/sonar_controller/share/sonar_controller/package.zsh'
[6.293s] Level 1:colcon.colcon_core.environment:create_file_with_runtime_dependencies(/home/aceti/sonar/install/sonar_controller/share/colcon-core/packages/sonar_controller)
[6.294s] DEBUG:colcon.colcon_parallel_executor.executor.parallel:closing loop
[6.295s] DEBUG:colcon.colcon_parallel_executor.executor.parallel:loop closed
[6.295s] DEBUG:colcon.colcon_parallel_executor.executor.parallel:run_until_complete finished with '0'
[6.295s] DEBUG:colcon.colcon_core.event_reactor:joining thread
[6.307s] INFO:colcon.colcon_core.plugin_system:Skipping extension 'colcon_notification.desktop_notification.terminal_notifier': Not used on non-Darwin systems
[6.308s] INFO:colcon.colcon_core.plugin_system:Skipping extension 'colcon_notification.desktop_notification.win32': Not used on non-Windows systems
[6.308s] INFO:colcon.colcon_notification.desktop_notification:Sending desktop notification using 'notify2'
[6.332s] DEBUG:colcon.colcon_core.event_reactor:joined thread
[6.335s] INFO:colcon.colcon_core.shell:Creating prefix script '/home/aceti/sonar/install/local_setup.ps1'
[6.337s] INFO:colcon.colcon_core.shell:Creating prefix util module '/home/aceti/sonar/install/_local_setup_util_ps1.py'
[6.341s] INFO:colcon.colcon_core.shell:Creating prefix chain script '/home/aceti/sonar/install/setup.ps1'
[6.344s] INFO:colcon.colcon_core.shell:Creating prefix script '/home/aceti/sonar/install/local_setup.sh'
[6.345s] INFO:colcon.colcon_core.shell:Creating prefix util module '/home/aceti/sonar/install/_local_setup_util_sh.py'
[6.346s] INFO:colcon.colcon_core.shell:Creating prefix chain script '/home/aceti/sonar/install/setup.sh'
[6.349s] INFO:colcon.colcon_core.shell:Creating prefix script '/home/aceti/sonar/install/local_setup.bash'
[6.350s] INFO:colcon.colcon_core.shell:Creating prefix chain script '/home/aceti/sonar/install/setup.bash'
[6.352s] INFO:colcon.colcon_core.shell:Creating prefix script '/home/aceti/sonar/install/local_setup.zsh'
[6.353s] INFO:colcon.colcon_core.shell:Creating prefix chain script '/home/aceti/sonar/install/setup.zsh'
