[1.439s] Invoking command in '/home/aceti/sonar/src/sonar_controller': LD_LIBRARY_PATH=/home/aceti/sonar/install/custom_interfaces/lib:${LD_LIBRARY_PATH} PYTHONPATH=/home/aceti/sonar/build/sonar_controller/prefix_override:/home/aceti/sonar/install/sonar_controller/lib/python3.10/site-packages:/home/aceti/sonar/install/custom_interfaces/local/lib/python3.10/dist-packages:${PYTHONPATH} /usr/bin/python3 setup.py egg_info --egg-base ../../build/sonar_controller build --build-base /home/aceti/sonar/build/sonar_controller/build install --record /home/aceti/sonar/build/sonar_controller/install.log --single-version-externally-managed
[1.957s] running egg_info
[1.958s] writing ../../build/sonar_controller/sonar_controller.egg-info/PKG-INFO
[1.958s] writing dependency_links to ../../build/sonar_controller/sonar_controller.egg-info/dependency_links.txt
[1.959s] writing entry points to ../../build/sonar_controller/sonar_controller.egg-info/entry_points.txt
[1.959s] writing requirements to ../../build/sonar_controller/sonar_controller.egg-info/requires.txt
[1.959s] writing top-level names to ../../build/sonar_controller/sonar_controller.egg-info/top_level.txt
[1.962s] reading manifest file '../../build/sonar_controller/sonar_controller.egg-info/SOURCES.txt'
[1.964s] writing manifest file '../../build/sonar_controller/sonar_controller.egg-info/SOURCES.txt'
[1.964s] running build
[1.964s] running build_py
[1.965s] running install
[1.965s] running install_lib
[1.967s] running install_data
[1.968s] running install_egg_info
[1.971s] removing '/home/aceti/sonar/install/sonar_controller/lib/python3.10/site-packages/sonar_controller-0.0.0-py3.10.egg-info' (and everything under it)
[1.972s] Copying ../../build/sonar_controller/sonar_controller.egg-info to /home/aceti/sonar/install/sonar_controller/lib/python3.10/site-packages/sonar_controller-0.0.0-py3.10.egg-info
[1.973s] running install_scripts
[2.011s] Installing sonar_client script to /home/aceti/sonar/install/sonar_controller/lib/sonar_controller
[2.011s] Installing sonar_service script to /home/aceti/sonar/install/sonar_controller/lib/sonar_controller
[2.011s] writing list of installed files to '/home/aceti/sonar/build/sonar_controller/install.log'
[2.059s] Invoked command in '/home/aceti/sonar/src/sonar_controller' returned '0': LD_LIBRARY_PATH=/home/aceti/sonar/install/custom_interfaces/lib:${LD_LIBRARY_PATH} PYTHONPATH=/home/aceti/sonar/build/sonar_controller/prefix_override:/home/aceti/sonar/install/sonar_controller/lib/python3.10/site-packages:/home/aceti/sonar/install/custom_interfaces/local/lib/python3.10/dist-packages:${PYTHONPATH} /usr/bin/python3 setup.py egg_info --egg-base ../../build/sonar_controller build --build-base /home/aceti/sonar/build/sonar_controller/build install --record /home/aceti/sonar/build/sonar_controller/install.log --single-version-externally-managed
