[0.012s] Invoking command in '/home/aceti/sonar/Sonar_asv/build/custom_interfaces': CMAKE_PREFIX_PATH=${CMAKE_PREFIX_PATH}:/home/aceti/head/Head_asv/install/add_integers:/home/aceti/head/Head_asv/install/head_controller:/opt/ros/humble /usr/bin/cmake /home/aceti/sonar/Sonar_asv/src/custom_interfaces -DCMAKE_INSTALL_PREFIX=/home/aceti/sonar/Sonar_asv/install/custom_interfaces
[0.052s] -- The C compiler identification is GNU 11.3.0
[0.092s] -- The CXX compiler identification is GNU 11.3.0
[0.097s] -- Detecting C compiler ABI info
[0.146s] -- Detecting C compiler ABI info - done
[0.152s] -- Check for working C compiler: /usr/bin/cc - skipped
[0.152s] -- Detecting C compile features
[0.152s] -- Detecting C compile features - done
[0.154s] -- Detecting CXX compiler ABI info
[0.211s] -- Detecting CXX compiler ABI info - done
[0.217s] -- Check for working CXX compiler: /usr/bin/c++ - skipped
[0.217s] -- Detecting CXX compile features
[0.217s] -- Detecting CXX compile features - done
[0.219s] -- Found ament_cmake: 1.3.3 (/opt/ros/humble/share/ament_cmake/cmake)
[0.382s] -- Found Python3: /usr/bin/python3.10 (found version "3.10.6") found components: Interpreter 
[0.454s] -- Found rosidl_default_generators: 1.2.0 (/opt/ros/humble/share/rosidl_default_generators/cmake)
[0.457s] -- Using all available rosidl_typesupport_c: rosidl_typesupport_fastrtps_c;rosidl_typesupport_introspection_c
[0.461s] -- Found rosidl_adapter: 3.1.4 (/opt/ros/humble/share/rosidl_adapter/cmake)
[0.506s] -- Using all available rosidl_typesupport_cpp: rosidl_typesupport_fastrtps_cpp;rosidl_typesupport_introspection_cpp
[0.769s] -- Found ament_cmake_ros: 0.10.0 (/opt/ros/humble/share/ament_cmake_ros/cmake)
[0.950s] -- Using all available rosidl_typesupport_c: rosidl_typesupport_fastrtps_c;rosidl_typesupport_introspection_c
[1.168s] -- Using all available rosidl_typesupport_cpp: rosidl_typesupport_fastrtps_cpp;rosidl_typesupport_introspection_cpp
[1.186s] -- Found PythonInterp: /usr/bin/python3 (found suitable version "3.10.6", minimum required is "3.6") 
[1.188s] -- Found python_cmake_module: 0.10.0 (/opt/ros/humble/share/python_cmake_module/cmake)
[1.211s] -- Found PythonLibs: /usr/lib/x86_64-linux-gnu/libpython3.10.so (found suitable version "3.10.6", minimum required is "3.5") 
[1.211s] -- Using PYTHON_EXECUTABLE: /usr/bin/python3
[1.211s] -- Using PYTHON_INCLUDE_DIRS: /usr/include/python3.10
[1.211s] -- Using PYTHON_LIBRARIES: /usr/lib/x86_64-linux-gnu/libpython3.10.so
[1.229s] -- Found PythonExtra: .so  
[1.260s] -- Found ament_lint_auto: 0.12.5 (/opt/ros/humble/share/ament_lint_auto/cmake)
[1.278s] -- Added test 'lint_cmake' to check CMake code style
[1.279s] -- Added test 'xmllint' to check XML markup files
[1.281s] -- Configuring done
[1.305s] -- Generating done
[1.306s] -- Build files have been written to: /home/aceti/sonar/Sonar_asv/build/custom_interfaces
[1.311s] Invoked command in '/home/aceti/sonar/Sonar_asv/build/custom_interfaces' returned '0': CMAKE_PREFIX_PATH=${CMAKE_PREFIX_PATH}:/home/aceti/head/Head_asv/install/add_integers:/home/aceti/head/Head_asv/install/head_controller:/opt/ros/humble /usr/bin/cmake /home/aceti/sonar/Sonar_asv/src/custom_interfaces -DCMAKE_INSTALL_PREFIX=/home/aceti/sonar/Sonar_asv/install/custom_interfaces
[1.313s] Invoking command in '/home/aceti/sonar/Sonar_asv/build/custom_interfaces': CMAKE_PREFIX_PATH=${CMAKE_PREFIX_PATH}:/home/aceti/head/Head_asv/install/add_integers:/home/aceti/head/Head_asv/install/head_controller:/opt/ros/humble /usr/bin/cmake --build /home/aceti/sonar/Sonar_asv/build/custom_interfaces -- -j8 -l8
[1.339s] [  3%] [34m[1mGenerating C code for ROS interfaces[0m
[1.346s] [  6%] [34m[1mGenerating C++ code for ROS interfaces[0m
[1.352s] [  6%] Built target ament_cmake_python_copy_custom_interfaces
[1.594s] [  6%] Built target custom_interfaces__cpp
[1.599s] running egg_info
[1.599s] creating custom_interfaces.egg-info
[1.600s] writing custom_interfaces.egg-info/PKG-INFO
[1.600s] writing dependency_links to custom_interfaces.egg-info/dependency_links.txt
[1.600s] writing top-level names to custom_interfaces.egg-info/top_level.txt
[1.600s] writing manifest file 'custom_interfaces.egg-info/SOURCES.txt'
[1.602s] [  9%] [34m[1mGenerating C++ type support for eProsima Fast-RTPS[0m
[1.603s] [ 12%] [34m[1mGenerating C++ introspection for ROS interfaces[0m
[1.603s] reading manifest file 'custom_interfaces.egg-info/SOURCES.txt'
[1.604s] [ 16%] [34m[1mGenerating C++ type support dispatch for ROS interfaces[0m
[1.604s] writing manifest file 'custom_interfaces.egg-info/SOURCES.txt'
[1.609s] [ 19%] [32mBuilding C object CMakeFiles/custom_interfaces__rosidl_generator_c.dir/rosidl_generator_c/custom_interfaces/srv/detail/sonar__functions.c.o[0m
[1.636s] [ 19%] Built target ament_cmake_python_build_custom_interfaces_egg
[1.665s] [ 22%] [32m[1mLinking C shared library libcustom_interfaces__rosidl_generator_c.so[0m
[1.695s] [ 22%] Built target custom_interfaces__rosidl_generator_c
[1.703s] [ 25%] [34m[1mGenerating C type support dispatch for ROS interfaces[0m
[1.706s] [ 32%] [34m[1mGenerating C introspection for ROS interfaces[0m
[1.706s] [ 29%] [34m[1mGenerating C type support for eProsima Fast-RTPS[0m
[1.865s] [ 35%] [32mBuilding CXX object CMakeFiles/custom_interfaces__rosidl_typesupport_cpp.dir/rosidl_typesupport_cpp/custom_interfaces/srv/sonar__type_support.cpp.o[0m
[2.028s] [ 38%] [32mBuilding CXX object CMakeFiles/custom_interfaces__rosidl_typesupport_introspection_cpp.dir/rosidl_typesupport_introspection_cpp/custom_interfaces/srv/detail/sonar__type_support.cpp.o[0m
[2.039s] [ 41%] [32mBuilding CXX object CMakeFiles/custom_interfaces__rosidl_typesupport_fastrtps_cpp.dir/rosidl_typesupport_fastrtps_cpp/custom_interfaces/srv/detail/dds_fastrtps/sonar__type_support.cpp.o[0m
[2.042s] [ 45%] [32mBuilding CXX object CMakeFiles/custom_interfaces__rosidl_typesupport_c.dir/rosidl_typesupport_c/custom_interfaces/srv/sonar__type_support.cpp.o[0m
[2.051s] [ 48%] [32mBuilding C object CMakeFiles/custom_interfaces__rosidl_typesupport_introspection_c.dir/rosidl_typesupport_introspection_c/custom_interfaces/srv/detail/sonar__type_support.c.o[0m
[2.078s] [ 51%] [32m[1mLinking CXX shared library libcustom_interfaces__rosidl_typesupport_c.so[0m
[2.087s] [ 54%] [32m[1mLinking C shared library libcustom_interfaces__rosidl_typesupport_introspection_c.so[0m
[2.121s] [ 58%] [32mBuilding CXX object CMakeFiles/custom_interfaces__rosidl_typesupport_fastrtps_c.dir/rosidl_typesupport_fastrtps_c/custom_interfaces/srv/detail/sonar__type_support_c.cpp.o[0m
[2.121s] [ 58%] Built target custom_interfaces__rosidl_typesupport_c
[2.129s] [ 58%] Built target custom_interfaces__rosidl_typesupport_introspection_c
[2.219s] [ 61%] [32m[1mLinking CXX shared library libcustom_interfaces__rosidl_typesupport_cpp.so[0m
[2.269s] [ 61%] Built target custom_interfaces__rosidl_typesupport_cpp
[2.380s] [ 64%] [32m[1mLinking CXX shared library libcustom_interfaces__rosidl_typesupport_introspection_cpp.so[0m
[2.407s] [ 67%] [32m[1mLinking CXX shared library libcustom_interfaces__rosidl_typesupport_fastrtps_cpp.so[0m
[2.424s] [ 70%] [32m[1mLinking CXX shared library libcustom_interfaces__rosidl_typesupport_fastrtps_c.so[0m
[2.439s] [ 70%] Built target custom_interfaces__rosidl_typesupport_introspection_cpp
[2.489s] [ 70%] Built target custom_interfaces__rosidl_typesupport_fastrtps_cpp
[2.497s] [ 70%] Built target custom_interfaces__rosidl_typesupport_fastrtps_c
[2.511s] [ 70%] Built target custom_interfaces
[2.525s] [ 74%] [34m[1mGenerating Python code for ROS interfaces[0m
[2.825s] [ 74%] Built target custom_interfaces__py
[2.839s] [ 77%] [32mBuilding C object CMakeFiles/custom_interfaces__rosidl_generator_py.dir/rosidl_generator_py/custom_interfaces/srv/_sonar_s.c.o[0m
[2.912s] [ 80%] [32m[1mLinking C shared library rosidl_generator_py/custom_interfaces/libcustom_interfaces__rosidl_generator_py.so[0m
[2.940s] [ 80%] Built target custom_interfaces__rosidl_generator_py
[2.954s] [ 87%] [32mBuilding C object CMakeFiles/custom_interfaces__rosidl_typesupport_introspection_c__pyext.dir/rosidl_generator_py/custom_interfaces/_custom_interfaces_s.ep.rosidl_typesupport_introspection_c.c.o[0m
[2.954s] [ 87%] [32mBuilding C object CMakeFiles/custom_interfaces__rosidl_typesupport_fastrtps_c__pyext.dir/rosidl_generator_py/custom_interfaces/_custom_interfaces_s.ep.rosidl_typesupport_fastrtps_c.c.o[0m
[2.956s] [ 90%] [32mBuilding C object CMakeFiles/custom_interfaces__rosidl_typesupport_c__pyext.dir/rosidl_generator_py/custom_interfaces/_custom_interfaces_s.ep.rosidl_typesupport_c.c.o[0m
[3.027s] [ 96%] [32m[1mLinking C shared library rosidl_generator_py/custom_interfaces/custom_interfaces_s__rosidl_typesupport_introspection_c.cpython-310-x86_64-linux-gnu.so[0m
[3.027s] [ 96%] [32m[1mLinking C shared library rosidl_generator_py/custom_interfaces/custom_interfaces_s__rosidl_typesupport_c.cpython-310-x86_64-linux-gnu.so[0m
[3.030s] [100%] [32m[1mLinking C shared library rosidl_generator_py/custom_interfaces/custom_interfaces_s__rosidl_typesupport_fastrtps_c.cpython-310-x86_64-linux-gnu.so[0m
[3.051s] [100%] Built target custom_interfaces__rosidl_typesupport_c__pyext
[3.051s] [100%] Built target custom_interfaces__rosidl_typesupport_introspection_c__pyext
[3.055s] [100%] Built target custom_interfaces__rosidl_typesupport_fastrtps_c__pyext
[3.063s] Invoked command in '/home/aceti/sonar/Sonar_asv/build/custom_interfaces' returned '0': CMAKE_PREFIX_PATH=${CMAKE_PREFIX_PATH}:/home/aceti/head/Head_asv/install/add_integers:/home/aceti/head/Head_asv/install/head_controller:/opt/ros/humble /usr/bin/cmake --build /home/aceti/sonar/Sonar_asv/build/custom_interfaces -- -j8 -l8
[3.106s] Invoking command in '/home/aceti/sonar/Sonar_asv/build/custom_interfaces': CMAKE_PREFIX_PATH=${CMAKE_PREFIX_PATH}:/home/aceti/head/Head_asv/install/add_integers:/home/aceti/head/Head_asv/install/head_controller:/opt/ros/humble /usr/bin/cmake --install /home/aceti/sonar/Sonar_asv/build/custom_interfaces
[3.111s] -- Install configuration: ""
[3.111s] -- Installing: /home/aceti/sonar/Sonar_asv/install/custom_interfaces/share/ament_index/resource_index/rosidl_interfaces/custom_interfaces
[3.112s] -- Installing: /home/aceti/sonar/Sonar_asv/install/custom_interfaces/include/custom_interfaces/custom_interfaces
[3.112s] -- Installing: /home/aceti/sonar/Sonar_asv/install/custom_interfaces/include/custom_interfaces/custom_interfaces/msg
[3.112s] -- Installing: /home/aceti/sonar/Sonar_asv/install/custom_interfaces/include/custom_interfaces/custom_interfaces/msg/rosidl_generator_c__visibility_control.h
[3.112s] -- Installing: /home/aceti/sonar/Sonar_asv/install/custom_interfaces/include/custom_interfaces/custom_interfaces/srv
[3.112s] -- Installing: /home/aceti/sonar/Sonar_asv/install/custom_interfaces/include/custom_interfaces/custom_interfaces/srv/detail
[3.112s] -- Installing: /home/aceti/sonar/Sonar_asv/install/custom_interfaces/include/custom_interfaces/custom_interfaces/srv/detail/sonar__type_support.h
[3.112s] -- Installing: /home/aceti/sonar/Sonar_asv/install/custom_interfaces/include/custom_interfaces/custom_interfaces/srv/detail/sonar__functions.h
[3.112s] -- Installing: /home/aceti/sonar/Sonar_asv/install/custom_interfaces/include/custom_interfaces/custom_interfaces/srv/detail/sonar__struct.h
[3.112s] -- Installing: /home/aceti/sonar/Sonar_asv/install/custom_interfaces/include/custom_interfaces/custom_interfaces/srv/detail/sonar__functions.c
[3.112s] -- Installing: /home/aceti/sonar/Sonar_asv/install/custom_interfaces/include/custom_interfaces/custom_interfaces/srv/sonar.h
[3.113s] -- Installing: /home/aceti/sonar/Sonar_asv/install/custom_interfaces/share/custom_interfaces/environment/library_path.sh
[3.113s] -- Installing: /home/aceti/sonar/Sonar_asv/install/custom_interfaces/share/custom_interfaces/environment/library_path.dsv
[3.113s] -- Installing: /home/aceti/sonar/Sonar_asv/install/custom_interfaces/lib/libcustom_interfaces__rosidl_generator_c.so
[3.113s] -- Set runtime path of "/home/aceti/sonar/Sonar_asv/install/custom_interfaces/lib/libcustom_interfaces__rosidl_generator_c.so" to ""
[3.113s] -- Up-to-date: /home/aceti/sonar/Sonar_asv/install/custom_interfaces/include/custom_interfaces/custom_interfaces
[3.113s] -- Up-to-date: /home/aceti/sonar/Sonar_asv/install/custom_interfaces/include/custom_interfaces/custom_interfaces/msg
[3.113s] -- Installing: /home/aceti/sonar/Sonar_asv/install/custom_interfaces/include/custom_interfaces/custom_interfaces/msg/rosidl_typesupport_fastrtps_c__visibility_control.h
[3.113s] -- Up-to-date: /home/aceti/sonar/Sonar_asv/install/custom_interfaces/include/custom_interfaces/custom_interfaces/srv
[3.113s] -- Up-to-date: /home/aceti/sonar/Sonar_asv/install/custom_interfaces/include/custom_interfaces/custom_interfaces/srv/detail
[3.113s] -- Installing: /home/aceti/sonar/Sonar_asv/install/custom_interfaces/include/custom_interfaces/custom_interfaces/srv/detail/sonar__rosidl_typesupport_fastrtps_c.h
[3.113s] -- Installing: /home/aceti/sonar/Sonar_asv/install/custom_interfaces/lib/libcustom_interfaces__rosidl_typesupport_fastrtps_c.so
[3.114s] -- Set runtime path of "/home/aceti/sonar/Sonar_asv/install/custom_interfaces/lib/libcustom_interfaces__rosidl_typesupport_fastrtps_c.so" to ""
[3.114s] -- Up-to-date: /home/aceti/sonar/Sonar_asv/install/custom_interfaces/include/custom_interfaces/custom_interfaces
[3.114s] -- Up-to-date: /home/aceti/sonar/Sonar_asv/install/custom_interfaces/include/custom_interfaces/custom_interfaces/msg
[3.114s] -- Installing: /home/aceti/sonar/Sonar_asv/install/custom_interfaces/include/custom_interfaces/custom_interfaces/msg/rosidl_typesupport_introspection_c__visibility_control.h
[3.114s] -- Up-to-date: /home/aceti/sonar/Sonar_asv/install/custom_interfaces/include/custom_interfaces/custom_interfaces/srv
[3.114s] -- Up-to-date: /home/aceti/sonar/Sonar_asv/install/custom_interfaces/include/custom_interfaces/custom_interfaces/srv/detail
[3.114s] -- Installing: /home/aceti/sonar/Sonar_asv/install/custom_interfaces/include/custom_interfaces/custom_interfaces/srv/detail/sonar__rosidl_typesupport_introspection_c.h
[3.114s] -- Installing: /home/aceti/sonar/Sonar_asv/install/custom_interfaces/include/custom_interfaces/custom_interfaces/srv/detail/sonar__type_support.c
[3.114s] -- Installing: /home/aceti/sonar/Sonar_asv/install/custom_interfaces/lib/libcustom_interfaces__rosidl_typesupport_introspection_c.so
[3.114s] -- Set runtime path of "/home/aceti/sonar/Sonar_asv/install/custom_interfaces/lib/libcustom_interfaces__rosidl_typesupport_introspection_c.so" to ""
[3.114s] -- Installing: /home/aceti/sonar/Sonar_asv/install/custom_interfaces/lib/libcustom_interfaces__rosidl_typesupport_c.so
[3.114s] -- Set runtime path of "/home/aceti/sonar/Sonar_asv/install/custom_interfaces/lib/libcustom_interfaces__rosidl_typesupport_c.so" to ""
[3.115s] -- Up-to-date: /home/aceti/sonar/Sonar_asv/install/custom_interfaces/include/custom_interfaces/custom_interfaces
[3.115s] -- Up-to-date: /home/aceti/sonar/Sonar_asv/install/custom_interfaces/include/custom_interfaces/custom_interfaces/srv
[3.115s] -- Up-to-date: /home/aceti/sonar/Sonar_asv/install/custom_interfaces/include/custom_interfaces/custom_interfaces/srv/detail
[3.115s] -- Installing: /home/aceti/sonar/Sonar_asv/install/custom_interfaces/include/custom_interfaces/custom_interfaces/srv/detail/sonar__builder.hpp
[3.115s] -- Installing: /home/aceti/sonar/Sonar_asv/install/custom_interfaces/include/custom_interfaces/custom_interfaces/srv/detail/sonar__traits.hpp
[3.115s] -- Installing: /home/aceti/sonar/Sonar_asv/install/custom_interfaces/include/custom_interfaces/custom_interfaces/srv/detail/sonar__struct.hpp
[3.115s] -- Installing: /home/aceti/sonar/Sonar_asv/install/custom_interfaces/include/custom_interfaces/custom_interfaces/srv/sonar.hpp
[3.115s] -- Up-to-date: /home/aceti/sonar/Sonar_asv/install/custom_interfaces/include/custom_interfaces/custom_interfaces
[3.115s] -- Up-to-date: /home/aceti/sonar/Sonar_asv/install/custom_interfaces/include/custom_interfaces/custom_interfaces/msg
[3.116s] -- Installing: /home/aceti/sonar/Sonar_asv/install/custom_interfaces/include/custom_interfaces/custom_interfaces/msg/rosidl_typesupport_fastrtps_cpp__visibility_control.h
[3.116s] -- Up-to-date: /home/aceti/sonar/Sonar_asv/install/custom_interfaces/include/custom_interfaces/custom_interfaces/srv
[3.116s] -- Up-to-date: /home/aceti/sonar/Sonar_asv/install/custom_interfaces/include/custom_interfaces/custom_interfaces/srv/detail
[3.116s] -- Installing: /home/aceti/sonar/Sonar_asv/install/custom_interfaces/include/custom_interfaces/custom_interfaces/srv/detail/sonar__rosidl_typesupport_fastrtps_cpp.hpp
[3.116s] -- Installing: /home/aceti/sonar/Sonar_asv/install/custom_interfaces/include/custom_interfaces/custom_interfaces/srv/detail/dds_fastrtps
[3.116s] -- Installing: /home/aceti/sonar/Sonar_asv/install/custom_interfaces/lib/libcustom_interfaces__rosidl_typesupport_fastrtps_cpp.so
[3.116s] -- Set runtime path of "/home/aceti/sonar/Sonar_asv/install/custom_interfaces/lib/libcustom_interfaces__rosidl_typesupport_fastrtps_cpp.so" to ""
[3.116s] -- Up-to-date: /home/aceti/sonar/Sonar_asv/install/custom_interfaces/include/custom_interfaces/custom_interfaces
[3.117s] -- Up-to-date: /home/aceti/sonar/Sonar_asv/install/custom_interfaces/include/custom_interfaces/custom_interfaces/srv
[3.117s] -- Up-to-date: /home/aceti/sonar/Sonar_asv/install/custom_interfaces/include/custom_interfaces/custom_interfaces/srv/detail
[3.117s] -- Installing: /home/aceti/sonar/Sonar_asv/install/custom_interfaces/include/custom_interfaces/custom_interfaces/srv/detail/sonar__rosidl_typesupport_introspection_cpp.hpp
[3.117s] -- Installing: /home/aceti/sonar/Sonar_asv/install/custom_interfaces/include/custom_interfaces/custom_interfaces/srv/detail/sonar__type_support.cpp
[3.117s] -- Installing: /home/aceti/sonar/Sonar_asv/install/custom_interfaces/lib/libcustom_interfaces__rosidl_typesupport_introspection_cpp.so
[3.117s] -- Set runtime path of "/home/aceti/sonar/Sonar_asv/install/custom_interfaces/lib/libcustom_interfaces__rosidl_typesupport_introspection_cpp.so" to ""
[3.117s] -- Installing: /home/aceti/sonar/Sonar_asv/install/custom_interfaces/lib/libcustom_interfaces__rosidl_typesupport_cpp.so
[3.117s] -- Set runtime path of "/home/aceti/sonar/Sonar_asv/install/custom_interfaces/lib/libcustom_interfaces__rosidl_typesupport_cpp.so" to ""
[3.117s] -- Installing: /home/aceti/sonar/Sonar_asv/install/custom_interfaces/share/custom_interfaces/environment/pythonpath.sh
[3.117s] -- Installing: /home/aceti/sonar/Sonar_asv/install/custom_interfaces/share/custom_interfaces/environment/pythonpath.dsv
[3.118s] -- Installing: /home/aceti/sonar/Sonar_asv/install/custom_interfaces/local/lib/python3.10/dist-packages/custom_interfaces-0.0.0-py3.10.egg-info
[3.118s] -- Installing: /home/aceti/sonar/Sonar_asv/install/custom_interfaces/local/lib/python3.10/dist-packages/custom_interfaces-0.0.0-py3.10.egg-info/SOURCES.txt
[3.118s] -- Installing: /home/aceti/sonar/Sonar_asv/install/custom_interfaces/local/lib/python3.10/dist-packages/custom_interfaces-0.0.0-py3.10.egg-info/dependency_links.txt
[3.118s] -- Installing: /home/aceti/sonar/Sonar_asv/install/custom_interfaces/local/lib/python3.10/dist-packages/custom_interfaces-0.0.0-py3.10.egg-info/top_level.txt
[3.118s] -- Installing: /home/aceti/sonar/Sonar_asv/install/custom_interfaces/local/lib/python3.10/dist-packages/custom_interfaces-0.0.0-py3.10.egg-info/PKG-INFO
[3.118s] -- Installing: /home/aceti/sonar/Sonar_asv/install/custom_interfaces/local/lib/python3.10/dist-packages/custom_interfaces
[3.118s] -- Installing: /home/aceti/sonar/Sonar_asv/install/custom_interfaces/local/lib/python3.10/dist-packages/custom_interfaces/_custom_interfaces_s.ep.rosidl_typesupport_c.c
[3.118s] -- Installing: /home/aceti/sonar/Sonar_asv/install/custom_interfaces/local/lib/python3.10/dist-packages/custom_interfaces/_custom_interfaces_s.ep.rosidl_typesupport_fastrtps_c.c
[3.118s] -- Installing: /home/aceti/sonar/Sonar_asv/install/custom_interfaces/local/lib/python3.10/dist-packages/custom_interfaces/__init__.py
[3.118s] -- Installing: /home/aceti/sonar/Sonar_asv/install/custom_interfaces/local/lib/python3.10/dist-packages/custom_interfaces/custom_interfaces_s__rosidl_typesupport_introspection_c.cpython-310-x86_64-linux-gnu.so
[3.118s] -- Installing: /home/aceti/sonar/Sonar_asv/install/custom_interfaces/local/lib/python3.10/dist-packages/custom_interfaces/custom_interfaces_s__rosidl_typesupport_c.cpython-310-x86_64-linux-gnu.so
[3.118s] -- Installing: /home/aceti/sonar/Sonar_asv/install/custom_interfaces/local/lib/python3.10/dist-packages/custom_interfaces/custom_interfaces_s__rosidl_typesupport_fastrtps_c.cpython-310-x86_64-linux-gnu.so
[3.118s] -- Installing: /home/aceti/sonar/Sonar_asv/install/custom_interfaces/local/lib/python3.10/dist-packages/custom_interfaces/libcustom_interfaces__rosidl_generator_py.so
[3.119s] -- Installing: /home/aceti/sonar/Sonar_asv/install/custom_interfaces/local/lib/python3.10/dist-packages/custom_interfaces/srv
[3.119s] -- Installing: /home/aceti/sonar/Sonar_asv/install/custom_interfaces/local/lib/python3.10/dist-packages/custom_interfaces/srv/_sonar.py
[3.119s] -- Installing: /home/aceti/sonar/Sonar_asv/install/custom_interfaces/local/lib/python3.10/dist-packages/custom_interfaces/srv/__init__.py
[3.119s] -- Installing: /home/aceti/sonar/Sonar_asv/install/custom_interfaces/local/lib/python3.10/dist-packages/custom_interfaces/srv/_sonar_s.c
[3.119s] -- Installing: /home/aceti/sonar/Sonar_asv/install/custom_interfaces/local/lib/python3.10/dist-packages/custom_interfaces/_custom_interfaces_s.ep.rosidl_typesupport_introspection_c.c
[3.144s] Listing '/home/aceti/sonar/Sonar_asv/install/custom_interfaces/local/lib/python3.10/dist-packages/custom_interfaces'...
[3.144s] Compiling '/home/aceti/sonar/Sonar_asv/install/custom_interfaces/local/lib/python3.10/dist-packages/custom_interfaces/__init__.py'...
[3.145s] Listing '/home/aceti/sonar/Sonar_asv/install/custom_interfaces/local/lib/python3.10/dist-packages/custom_interfaces/srv'...
[3.145s] Compiling '/home/aceti/sonar/Sonar_asv/install/custom_interfaces/local/lib/python3.10/dist-packages/custom_interfaces/srv/__init__.py'...
[3.145s] Compiling '/home/aceti/sonar/Sonar_asv/install/custom_interfaces/local/lib/python3.10/dist-packages/custom_interfaces/srv/_sonar.py'...
[3.148s] -- Installing: /home/aceti/sonar/Sonar_asv/install/custom_interfaces/local/lib/python3.10/dist-packages/custom_interfaces/custom_interfaces_s__rosidl_typesupport_fastrtps_c.cpython-310-x86_64-linux-gnu.so
[3.149s] -- Set runtime path of "/home/aceti/sonar/Sonar_asv/install/custom_interfaces/local/lib/python3.10/dist-packages/custom_interfaces/custom_interfaces_s__rosidl_typesupport_fastrtps_c.cpython-310-x86_64-linux-gnu.so" to ""
[3.149s] -- Installing: /home/aceti/sonar/Sonar_asv/install/custom_interfaces/local/lib/python3.10/dist-packages/custom_interfaces/custom_interfaces_s__rosidl_typesupport_introspection_c.cpython-310-x86_64-linux-gnu.so
[3.149s] -- Set runtime path of "/home/aceti/sonar/Sonar_asv/install/custom_interfaces/local/lib/python3.10/dist-packages/custom_interfaces/custom_interfaces_s__rosidl_typesupport_introspection_c.cpython-310-x86_64-linux-gnu.so" to ""
[3.149s] -- Installing: /home/aceti/sonar/Sonar_asv/install/custom_interfaces/local/lib/python3.10/dist-packages/custom_interfaces/custom_interfaces_s__rosidl_typesupport_c.cpython-310-x86_64-linux-gnu.so
[3.149s] -- Set runtime path of "/home/aceti/sonar/Sonar_asv/install/custom_interfaces/local/lib/python3.10/dist-packages/custom_interfaces/custom_interfaces_s__rosidl_typesupport_c.cpython-310-x86_64-linux-gnu.so" to ""
[3.149s] -- Installing: /home/aceti/sonar/Sonar_asv/install/custom_interfaces/lib/libcustom_interfaces__rosidl_generator_py.so
[3.149s] -- Set runtime path of "/home/aceti/sonar/Sonar_asv/install/custom_interfaces/lib/libcustom_interfaces__rosidl_generator_py.so" to ""
[3.150s] -- Installing: /home/aceti/sonar/Sonar_asv/install/custom_interfaces/share/custom_interfaces/srv/Sonar.idl
[3.150s] -- Installing: /home/aceti/sonar/Sonar_asv/install/custom_interfaces/share/custom_interfaces/srv/Sonar.srv
[3.150s] -- Installing: /home/aceti/sonar/Sonar_asv/install/custom_interfaces/share/custom_interfaces/srv/Sonar_Request.msg
[3.150s] -- Installing: /home/aceti/sonar/Sonar_asv/install/custom_interfaces/share/custom_interfaces/srv/Sonar_Response.msg
[3.150s] -- Installing: /home/aceti/sonar/Sonar_asv/install/custom_interfaces/share/ament_index/resource_index/package_run_dependencies/custom_interfaces
[3.150s] -- Installing: /home/aceti/sonar/Sonar_asv/install/custom_interfaces/share/ament_index/resource_index/parent_prefix_path/custom_interfaces
[3.150s] -- Installing: /home/aceti/sonar/Sonar_asv/install/custom_interfaces/share/custom_interfaces/environment/ament_prefix_path.sh
[3.150s] -- Installing: /home/aceti/sonar/Sonar_asv/install/custom_interfaces/share/custom_interfaces/environment/ament_prefix_path.dsv
[3.151s] -- Installing: /home/aceti/sonar/Sonar_asv/install/custom_interfaces/share/custom_interfaces/environment/path.sh
[3.151s] -- Installing: /home/aceti/sonar/Sonar_asv/install/custom_interfaces/share/custom_interfaces/environment/path.dsv
[3.151s] -- Installing: /home/aceti/sonar/Sonar_asv/install/custom_interfaces/share/custom_interfaces/local_setup.bash
[3.151s] -- Installing: /home/aceti/sonar/Sonar_asv/install/custom_interfaces/share/custom_interfaces/local_setup.sh
[3.151s] -- Installing: /home/aceti/sonar/Sonar_asv/install/custom_interfaces/share/custom_interfaces/local_setup.zsh
[3.151s] -- Installing: /home/aceti/sonar/Sonar_asv/install/custom_interfaces/share/custom_interfaces/local_setup.dsv
[3.151s] -- Installing: /home/aceti/sonar/Sonar_asv/install/custom_interfaces/share/custom_interfaces/package.dsv
[3.151s] -- Installing: /home/aceti/sonar/Sonar_asv/install/custom_interfaces/share/ament_index/resource_index/packages/custom_interfaces
[3.151s] -- Installing: /home/aceti/sonar/Sonar_asv/install/custom_interfaces/share/custom_interfaces/cmake/export_custom_interfaces__rosidl_generator_cExport.cmake
[3.152s] -- Installing: /home/aceti/sonar/Sonar_asv/install/custom_interfaces/share/custom_interfaces/cmake/export_custom_interfaces__rosidl_generator_cExport-noconfig.cmake
[3.152s] -- Installing: /home/aceti/sonar/Sonar_asv/install/custom_interfaces/share/custom_interfaces/cmake/export_custom_interfaces__rosidl_typesupport_fastrtps_cExport.cmake
[3.152s] -- Installing: /home/aceti/sonar/Sonar_asv/install/custom_interfaces/share/custom_interfaces/cmake/export_custom_interfaces__rosidl_typesupport_fastrtps_cExport-noconfig.cmake
[3.152s] -- Installing: /home/aceti/sonar/Sonar_asv/install/custom_interfaces/share/custom_interfaces/cmake/custom_interfaces__rosidl_typesupport_introspection_cExport.cmake
[3.152s] -- Installing: /home/aceti/sonar/Sonar_asv/install/custom_interfaces/share/custom_interfaces/cmake/custom_interfaces__rosidl_typesupport_introspection_cExport-noconfig.cmake
[3.152s] -- Installing: /home/aceti/sonar/Sonar_asv/install/custom_interfaces/share/custom_interfaces/cmake/custom_interfaces__rosidl_typesupport_cExport.cmake
[3.152s] -- Installing: /home/aceti/sonar/Sonar_asv/install/custom_interfaces/share/custom_interfaces/cmake/custom_interfaces__rosidl_typesupport_cExport-noconfig.cmake
[3.152s] -- Installing: /home/aceti/sonar/Sonar_asv/install/custom_interfaces/share/custom_interfaces/cmake/export_custom_interfaces__rosidl_generator_cppExport.cmake
[3.152s] -- Installing: /home/aceti/sonar/Sonar_asv/install/custom_interfaces/share/custom_interfaces/cmake/export_custom_interfaces__rosidl_typesupport_fastrtps_cppExport.cmake
[3.152s] -- Installing: /home/aceti/sonar/Sonar_asv/install/custom_interfaces/share/custom_interfaces/cmake/export_custom_interfaces__rosidl_typesupport_fastrtps_cppExport-noconfig.cmake
[3.153s] -- Installing: /home/aceti/sonar/Sonar_asv/install/custom_interfaces/share/custom_interfaces/cmake/custom_interfaces__rosidl_typesupport_introspection_cppExport.cmake
[3.153s] -- Installing: /home/aceti/sonar/Sonar_asv/install/custom_interfaces/share/custom_interfaces/cmake/custom_interfaces__rosidl_typesupport_introspection_cppExport-noconfig.cmake
[3.153s] -- Installing: /home/aceti/sonar/Sonar_asv/install/custom_interfaces/share/custom_interfaces/cmake/custom_interfaces__rosidl_typesupport_cppExport.cmake
[3.153s] -- Installing: /home/aceti/sonar/Sonar_asv/install/custom_interfaces/share/custom_interfaces/cmake/custom_interfaces__rosidl_typesupport_cppExport-noconfig.cmake
[3.153s] -- Installing: /home/aceti/sonar/Sonar_asv/install/custom_interfaces/share/custom_interfaces/cmake/export_custom_interfaces__rosidl_generator_pyExport.cmake
[3.153s] -- Installing: /home/aceti/sonar/Sonar_asv/install/custom_interfaces/share/custom_interfaces/cmake/export_custom_interfaces__rosidl_generator_pyExport-noconfig.cmake
[3.153s] -- Installing: /home/aceti/sonar/Sonar_asv/install/custom_interfaces/share/custom_interfaces/cmake/rosidl_cmake-extras.cmake
[3.153s] -- Installing: /home/aceti/sonar/Sonar_asv/install/custom_interfaces/share/custom_interfaces/cmake/ament_cmake_export_include_directories-extras.cmake
[3.153s] -- Installing: /home/aceti/sonar/Sonar_asv/install/custom_interfaces/share/custom_interfaces/cmake/ament_cmake_export_libraries-extras.cmake
[3.153s] -- Installing: /home/aceti/sonar/Sonar_asv/install/custom_interfaces/share/custom_interfaces/cmake/ament_cmake_export_targets-extras.cmake
[3.154s] -- Installing: /home/aceti/sonar/Sonar_asv/install/custom_interfaces/share/custom_interfaces/cmake/rosidl_cmake_export_typesupport_targets-extras.cmake
[3.154s] -- Installing: /home/aceti/sonar/Sonar_asv/install/custom_interfaces/share/custom_interfaces/cmake/ament_cmake_export_dependencies-extras.cmake
[3.154s] -- Installing: /home/aceti/sonar/Sonar_asv/install/custom_interfaces/share/custom_interfaces/cmake/rosidl_cmake_export_typesupport_libraries-extras.cmake
[3.154s] -- Installing: /home/aceti/sonar/Sonar_asv/install/custom_interfaces/share/custom_interfaces/cmake/custom_interfacesConfig.cmake
[3.154s] -- Installing: /home/aceti/sonar/Sonar_asv/install/custom_interfaces/share/custom_interfaces/cmake/custom_interfacesConfig-version.cmake
[3.154s] -- Installing: /home/aceti/sonar/Sonar_asv/install/custom_interfaces/share/custom_interfaces/package.xml
[3.156s] Invoked command in '/home/aceti/sonar/Sonar_asv/build/custom_interfaces' returned '0': CMAKE_PREFIX_PATH=${CMAKE_PREFIX_PATH}:/home/aceti/head/Head_asv/install/add_integers:/home/aceti/head/Head_asv/install/head_controller:/opt/ros/humble /usr/bin/cmake --install /home/aceti/sonar/Sonar_asv/build/custom_interfaces
