[0.012s] Invoking command in '/home/aceti/sonar/build/custom_interfaces': CMAKE_PREFIX_PATH=${CMAKE_PREFIX_PATH}:/home/aceti/sonar/install/sonar_controller:/home/aceti/ros2_ws/install/add_integers:/opt/ros/humble /usr/bin/cmake --build /home/aceti/sonar/build/custom_interfaces -- -j8 -l8
[0.047s] [  3%] Built target custom_interfaces__cpp
[0.047s] [ 12%] Built target custom_interfaces__rosidl_generator_c
[0.053s] [ 12%] Built target ament_cmake_python_copy_custom_interfaces
[0.067s] [ 22%] Built target custom_interfaces__rosidl_typesupport_fastrtps_c
[0.067s] [ 45%] Built target custom_interfaces__rosidl_typesupport_introspection_c
[0.067s] [ 58%] Built target custom_interfaces__rosidl_typesupport_cpp
[0.067s] [ 58%] Built target custom_interfaces__rosidl_typesupport_introspection_cpp
[0.068s] [ 61%] Built target custom_interfaces__rosidl_typesupport_fastrtps_cpp
[0.072s] [ 70%] Built target custom_interfaces__rosidl_typesupport_c
[0.085s] [ 70%] Built target custom_interfaces
[0.100s] [ 74%] Built target custom_interfaces__py
[0.115s] [ 80%] Built target custom_interfaces__rosidl_generator_py
[0.131s] [100%] Built target custom_interfaces__rosidl_typesupport_fastrtps_c__pyext
[0.131s] [100%] Built target custom_interfaces__rosidl_typesupport_introspection_c__pyext
[0.131s] [100%] Built target custom_interfaces__rosidl_typesupport_c__pyext
[0.268s] running egg_info
[0.269s] writing custom_interfaces.egg-info/PKG-INFO
[0.269s] writing dependency_links to custom_interfaces.egg-info/dependency_links.txt
[0.269s] writing top-level names to custom_interfaces.egg-info/top_level.txt
[0.271s] reading manifest file 'custom_interfaces.egg-info/SOURCES.txt'
[0.271s] writing manifest file 'custom_interfaces.egg-info/SOURCES.txt'
[0.290s] [100%] Built target ament_cmake_python_build_custom_interfaces_egg
[0.300s] Invoked command in '/home/aceti/sonar/build/custom_interfaces' returned '0': CMAKE_PREFIX_PATH=${CMAKE_PREFIX_PATH}:/home/aceti/sonar/install/sonar_controller:/home/aceti/ros2_ws/install/add_integers:/opt/ros/humble /usr/bin/cmake --build /home/aceti/sonar/build/custom_interfaces -- -j8 -l8
[0.345s] Invoking command in '/home/aceti/sonar/build/custom_interfaces': CMAKE_PREFIX_PATH=${CMAKE_PREFIX_PATH}:/home/aceti/sonar/install/sonar_controller:/home/aceti/ros2_ws/install/add_integers:/opt/ros/humble /usr/bin/cmake --install /home/aceti/sonar/build/custom_interfaces
[0.351s] -- Install configuration: ""
[0.351s] -- Up-to-date: /home/aceti/sonar/install/custom_interfaces/share/ament_index/resource_index/rosidl_interfaces/custom_interfaces
[0.352s] -- Up-to-date: /home/aceti/sonar/install/custom_interfaces/include/custom_interfaces/custom_interfaces
[0.352s] -- Up-to-date: /home/aceti/sonar/install/custom_interfaces/include/custom_interfaces/custom_interfaces/msg
[0.352s] -- Up-to-date: /home/aceti/sonar/install/custom_interfaces/include/custom_interfaces/custom_interfaces/msg/rosidl_generator_c__visibility_control.h
[0.352s] -- Up-to-date: /home/aceti/sonar/install/custom_interfaces/include/custom_interfaces/custom_interfaces/srv
[0.352s] -- Up-to-date: /home/aceti/sonar/install/custom_interfaces/include/custom_interfaces/custom_interfaces/srv/detail
[0.352s] -- Up-to-date: /home/aceti/sonar/install/custom_interfaces/include/custom_interfaces/custom_interfaces/srv/detail/sonar__type_support.h
[0.352s] -- Up-to-date: /home/aceti/sonar/install/custom_interfaces/include/custom_interfaces/custom_interfaces/srv/detail/sonar__functions.h
[0.352s] -- Up-to-date: /home/aceti/sonar/install/custom_interfaces/include/custom_interfaces/custom_interfaces/srv/detail/sonar__struct.h
[0.352s] -- Up-to-date: /home/aceti/sonar/install/custom_interfaces/include/custom_interfaces/custom_interfaces/srv/detail/sonar__functions.c
[0.352s] -- Up-to-date: /home/aceti/sonar/install/custom_interfaces/include/custom_interfaces/custom_interfaces/srv/sonar.h
[0.352s] -- Up-to-date: /home/aceti/sonar/install/custom_interfaces/share/custom_interfaces/environment/library_path.sh
[0.352s] -- Up-to-date: /home/aceti/sonar/install/custom_interfaces/share/custom_interfaces/environment/library_path.dsv
[0.352s] -- Up-to-date: /home/aceti/sonar/install/custom_interfaces/lib/libcustom_interfaces__rosidl_generator_c.so
[0.353s] -- Up-to-date: /home/aceti/sonar/install/custom_interfaces/include/custom_interfaces/custom_interfaces
[0.353s] -- Up-to-date: /home/aceti/sonar/install/custom_interfaces/include/custom_interfaces/custom_interfaces/msg
[0.353s] -- Up-to-date: /home/aceti/sonar/install/custom_interfaces/include/custom_interfaces/custom_interfaces/msg/rosidl_typesupport_fastrtps_c__visibility_control.h
[0.353s] -- Up-to-date: /home/aceti/sonar/install/custom_interfaces/include/custom_interfaces/custom_interfaces/srv
[0.353s] -- Up-to-date: /home/aceti/sonar/install/custom_interfaces/include/custom_interfaces/custom_interfaces/srv/detail
[0.353s] -- Up-to-date: /home/aceti/sonar/install/custom_interfaces/include/custom_interfaces/custom_interfaces/srv/detail/sonar__rosidl_typesupport_fastrtps_c.h
[0.353s] -- Up-to-date: /home/aceti/sonar/install/custom_interfaces/lib/libcustom_interfaces__rosidl_typesupport_fastrtps_c.so
[0.353s] -- Up-to-date: /home/aceti/sonar/install/custom_interfaces/include/custom_interfaces/custom_interfaces
[0.353s] -- Up-to-date: /home/aceti/sonar/install/custom_interfaces/include/custom_interfaces/custom_interfaces/msg
[0.353s] -- Up-to-date: /home/aceti/sonar/install/custom_interfaces/include/custom_interfaces/custom_interfaces/msg/rosidl_typesupport_introspection_c__visibility_control.h
[0.353s] -- Up-to-date: /home/aceti/sonar/install/custom_interfaces/include/custom_interfaces/custom_interfaces/srv
[0.353s] -- Up-to-date: /home/aceti/sonar/install/custom_interfaces/include/custom_interfaces/custom_interfaces/srv/detail
[0.353s] -- Up-to-date: /home/aceti/sonar/install/custom_interfaces/include/custom_interfaces/custom_interfaces/srv/detail/sonar__rosidl_typesupport_introspection_c.h
[0.354s] -- Up-to-date: /home/aceti/sonar/install/custom_interfaces/include/custom_interfaces/custom_interfaces/srv/detail/sonar__type_support.c
[0.354s] -- Up-to-date: /home/aceti/sonar/install/custom_interfaces/lib/libcustom_interfaces__rosidl_typesupport_introspection_c.so
[0.354s] -- Up-to-date: /home/aceti/sonar/install/custom_interfaces/lib/libcustom_interfaces__rosidl_typesupport_c.so
[0.354s] -- Up-to-date: /home/aceti/sonar/install/custom_interfaces/include/custom_interfaces/custom_interfaces
[0.354s] -- Up-to-date: /home/aceti/sonar/install/custom_interfaces/include/custom_interfaces/custom_interfaces/srv
[0.354s] -- Up-to-date: /home/aceti/sonar/install/custom_interfaces/include/custom_interfaces/custom_interfaces/srv/detail
[0.354s] -- Up-to-date: /home/aceti/sonar/install/custom_interfaces/include/custom_interfaces/custom_interfaces/srv/detail/sonar__builder.hpp
[0.354s] -- Up-to-date: /home/aceti/sonar/install/custom_interfaces/include/custom_interfaces/custom_interfaces/srv/detail/sonar__traits.hpp
[0.354s] -- Up-to-date: /home/aceti/sonar/install/custom_interfaces/include/custom_interfaces/custom_interfaces/srv/detail/sonar__struct.hpp
[0.354s] -- Up-to-date: /home/aceti/sonar/install/custom_interfaces/include/custom_interfaces/custom_interfaces/srv/sonar.hpp
[0.354s] -- Up-to-date: /home/aceti/sonar/install/custom_interfaces/include/custom_interfaces/custom_interfaces
[0.354s] -- Up-to-date: /home/aceti/sonar/install/custom_interfaces/include/custom_interfaces/custom_interfaces/msg
[0.354s] -- Up-to-date: /home/aceti/sonar/install/custom_interfaces/include/custom_interfaces/custom_interfaces/msg/rosidl_typesupport_fastrtps_cpp__visibility_control.h
[0.354s] -- Up-to-date: /home/aceti/sonar/install/custom_interfaces/include/custom_interfaces/custom_interfaces/srv
[0.355s] -- Up-to-date: /home/aceti/sonar/install/custom_interfaces/include/custom_interfaces/custom_interfaces/srv/detail
[0.355s] -- Up-to-date: /home/aceti/sonar/install/custom_interfaces/include/custom_interfaces/custom_interfaces/srv/detail/sonar__rosidl_typesupport_fastrtps_cpp.hpp
[0.355s] -- Up-to-date: /home/aceti/sonar/install/custom_interfaces/include/custom_interfaces/custom_interfaces/srv/detail/dds_fastrtps
[0.355s] -- Up-to-date: /home/aceti/sonar/install/custom_interfaces/lib/libcustom_interfaces__rosidl_typesupport_fastrtps_cpp.so
[0.355s] -- Up-to-date: /home/aceti/sonar/install/custom_interfaces/include/custom_interfaces/custom_interfaces
[0.355s] -- Up-to-date: /home/aceti/sonar/install/custom_interfaces/include/custom_interfaces/custom_interfaces/srv
[0.355s] -- Up-to-date: /home/aceti/sonar/install/custom_interfaces/include/custom_interfaces/custom_interfaces/srv/detail
[0.355s] -- Up-to-date: /home/aceti/sonar/install/custom_interfaces/include/custom_interfaces/custom_interfaces/srv/detail/sonar__rosidl_typesupport_introspection_cpp.hpp
[0.355s] -- Up-to-date: /home/aceti/sonar/install/custom_interfaces/include/custom_interfaces/custom_interfaces/srv/detail/sonar__type_support.cpp
[0.355s] -- Up-to-date: /home/aceti/sonar/install/custom_interfaces/lib/libcustom_interfaces__rosidl_typesupport_introspection_cpp.so
[0.355s] -- Up-to-date: /home/aceti/sonar/install/custom_interfaces/lib/libcustom_interfaces__rosidl_typesupport_cpp.so
[0.355s] -- Up-to-date: /home/aceti/sonar/install/custom_interfaces/share/custom_interfaces/environment/pythonpath.sh
[0.355s] -- Up-to-date: /home/aceti/sonar/install/custom_interfaces/share/custom_interfaces/environment/pythonpath.dsv
[0.355s] -- Up-to-date: /home/aceti/sonar/install/custom_interfaces/local/lib/python3.10/dist-packages/custom_interfaces-0.0.0-py3.10.egg-info
[0.356s] -- Installing: /home/aceti/sonar/install/custom_interfaces/local/lib/python3.10/dist-packages/custom_interfaces-0.0.0-py3.10.egg-info/SOURCES.txt
[0.356s] -- Installing: /home/aceti/sonar/install/custom_interfaces/local/lib/python3.10/dist-packages/custom_interfaces-0.0.0-py3.10.egg-info/dependency_links.txt
[0.356s] -- Installing: /home/aceti/sonar/install/custom_interfaces/local/lib/python3.10/dist-packages/custom_interfaces-0.0.0-py3.10.egg-info/top_level.txt
[0.356s] -- Installing: /home/aceti/sonar/install/custom_interfaces/local/lib/python3.10/dist-packages/custom_interfaces-0.0.0-py3.10.egg-info/PKG-INFO
[0.356s] -- Up-to-date: /home/aceti/sonar/install/custom_interfaces/local/lib/python3.10/dist-packages/custom_interfaces
[0.356s] -- Up-to-date: /home/aceti/sonar/install/custom_interfaces/local/lib/python3.10/dist-packages/custom_interfaces/_custom_interfaces_s.ep.rosidl_typesupport_c.c
[0.356s] -- Up-to-date: /home/aceti/sonar/install/custom_interfaces/local/lib/python3.10/dist-packages/custom_interfaces/_custom_interfaces_s.ep.rosidl_typesupport_fastrtps_c.c
[0.356s] -- Up-to-date: /home/aceti/sonar/install/custom_interfaces/local/lib/python3.10/dist-packages/custom_interfaces/__init__.py
[0.356s] -- Up-to-date: /home/aceti/sonar/install/custom_interfaces/local/lib/python3.10/dist-packages/custom_interfaces/custom_interfaces_s__rosidl_typesupport_introspection_c.cpython-310-x86_64-linux-gnu.so
[0.356s] -- Up-to-date: /home/aceti/sonar/install/custom_interfaces/local/lib/python3.10/dist-packages/custom_interfaces/custom_interfaces_s__rosidl_typesupport_c.cpython-310-x86_64-linux-gnu.so
[0.356s] -- Up-to-date: /home/aceti/sonar/install/custom_interfaces/local/lib/python3.10/dist-packages/custom_interfaces/custom_interfaces_s__rosidl_typesupport_fastrtps_c.cpython-310-x86_64-linux-gnu.so
[0.357s] -- Up-to-date: /home/aceti/sonar/install/custom_interfaces/local/lib/python3.10/dist-packages/custom_interfaces/libcustom_interfaces__rosidl_generator_py.so
[0.357s] -- Up-to-date: /home/aceti/sonar/install/custom_interfaces/local/lib/python3.10/dist-packages/custom_interfaces/srv
[0.357s] -- Up-to-date: /home/aceti/sonar/install/custom_interfaces/local/lib/python3.10/dist-packages/custom_interfaces/srv/_sonar.py
[0.357s] -- Up-to-date: /home/aceti/sonar/install/custom_interfaces/local/lib/python3.10/dist-packages/custom_interfaces/srv/__init__.py
[0.357s] -- Up-to-date: /home/aceti/sonar/install/custom_interfaces/local/lib/python3.10/dist-packages/custom_interfaces/srv/_sonar_s.c
[0.357s] -- Up-to-date: /home/aceti/sonar/install/custom_interfaces/local/lib/python3.10/dist-packages/custom_interfaces/_custom_interfaces_s.ep.rosidl_typesupport_introspection_c.c
[0.380s] Listing '/home/aceti/sonar/install/custom_interfaces/local/lib/python3.10/dist-packages/custom_interfaces'...
[0.381s] Listing '/home/aceti/sonar/install/custom_interfaces/local/lib/python3.10/dist-packages/custom_interfaces/srv'...
[0.384s] -- Up-to-date: /home/aceti/sonar/install/custom_interfaces/local/lib/python3.10/dist-packages/custom_interfaces/custom_interfaces_s__rosidl_typesupport_fastrtps_c.cpython-310-x86_64-linux-gnu.so
[0.384s] -- Up-to-date: /home/aceti/sonar/install/custom_interfaces/local/lib/python3.10/dist-packages/custom_interfaces/custom_interfaces_s__rosidl_typesupport_introspection_c.cpython-310-x86_64-linux-gnu.so
[0.384s] -- Up-to-date: /home/aceti/sonar/install/custom_interfaces/local/lib/python3.10/dist-packages/custom_interfaces/custom_interfaces_s__rosidl_typesupport_c.cpython-310-x86_64-linux-gnu.so
[0.384s] -- Up-to-date: /home/aceti/sonar/install/custom_interfaces/lib/libcustom_interfaces__rosidl_generator_py.so
[0.385s] -- Up-to-date: /home/aceti/sonar/install/custom_interfaces/share/custom_interfaces/srv/Sonar.idl
[0.385s] -- Up-to-date: /home/aceti/sonar/install/custom_interfaces/share/custom_interfaces/srv/Sonar.srv
[0.385s] -- Up-to-date: /home/aceti/sonar/install/custom_interfaces/share/custom_interfaces/srv/Sonar_Request.msg
[0.385s] -- Up-to-date: /home/aceti/sonar/install/custom_interfaces/share/custom_interfaces/srv/Sonar_Response.msg
[0.385s] -- Up-to-date: /home/aceti/sonar/install/custom_interfaces/share/ament_index/resource_index/package_run_dependencies/custom_interfaces
[0.385s] -- Up-to-date: /home/aceti/sonar/install/custom_interfaces/share/ament_index/resource_index/parent_prefix_path/custom_interfaces
[0.385s] -- Up-to-date: /home/aceti/sonar/install/custom_interfaces/share/custom_interfaces/environment/ament_prefix_path.sh
[0.385s] -- Up-to-date: /home/aceti/sonar/install/custom_interfaces/share/custom_interfaces/environment/ament_prefix_path.dsv
[0.385s] -- Up-to-date: /home/aceti/sonar/install/custom_interfaces/share/custom_interfaces/environment/path.sh
[0.385s] -- Up-to-date: /home/aceti/sonar/install/custom_interfaces/share/custom_interfaces/environment/path.dsv
[0.385s] -- Up-to-date: /home/aceti/sonar/install/custom_interfaces/share/custom_interfaces/local_setup.bash
[0.385s] -- Up-to-date: /home/aceti/sonar/install/custom_interfaces/share/custom_interfaces/local_setup.sh
[0.385s] -- Up-to-date: /home/aceti/sonar/install/custom_interfaces/share/custom_interfaces/local_setup.zsh
[0.385s] -- Up-to-date: /home/aceti/sonar/install/custom_interfaces/share/custom_interfaces/local_setup.dsv
[0.385s] -- Installing: /home/aceti/sonar/install/custom_interfaces/share/custom_interfaces/package.dsv
[0.385s] -- Up-to-date: /home/aceti/sonar/install/custom_interfaces/share/ament_index/resource_index/packages/custom_interfaces
[0.385s] -- Up-to-date: /home/aceti/sonar/install/custom_interfaces/share/custom_interfaces/cmake/export_custom_interfaces__rosidl_generator_cExport.cmake
[0.385s] -- Up-to-date: /home/aceti/sonar/install/custom_interfaces/share/custom_interfaces/cmake/export_custom_interfaces__rosidl_generator_cExport-noconfig.cmake
[0.385s] -- Up-to-date: /home/aceti/sonar/install/custom_interfaces/share/custom_interfaces/cmake/export_custom_interfaces__rosidl_typesupport_fastrtps_cExport.cmake
[0.386s] -- Up-to-date: /home/aceti/sonar/install/custom_interfaces/share/custom_interfaces/cmake/export_custom_interfaces__rosidl_typesupport_fastrtps_cExport-noconfig.cmake
[0.386s] -- Up-to-date: /home/aceti/sonar/install/custom_interfaces/share/custom_interfaces/cmake/custom_interfaces__rosidl_typesupport_introspection_cExport.cmake
[0.386s] -- Up-to-date: /home/aceti/sonar/install/custom_interfaces/share/custom_interfaces/cmake/custom_interfaces__rosidl_typesupport_introspection_cExport-noconfig.cmake
[0.386s] -- Up-to-date: /home/aceti/sonar/install/custom_interfaces/share/custom_interfaces/cmake/custom_interfaces__rosidl_typesupport_cExport.cmake
[0.386s] -- Up-to-date: /home/aceti/sonar/install/custom_interfaces/share/custom_interfaces/cmake/custom_interfaces__rosidl_typesupport_cExport-noconfig.cmake
[0.386s] -- Up-to-date: /home/aceti/sonar/install/custom_interfaces/share/custom_interfaces/cmake/export_custom_interfaces__rosidl_generator_cppExport.cmake
[0.386s] -- Up-to-date: /home/aceti/sonar/install/custom_interfaces/share/custom_interfaces/cmake/export_custom_interfaces__rosidl_typesupport_fastrtps_cppExport.cmake
[0.386s] -- Up-to-date: /home/aceti/sonar/install/custom_interfaces/share/custom_interfaces/cmake/export_custom_interfaces__rosidl_typesupport_fastrtps_cppExport-noconfig.cmake
[0.386s] -- Up-to-date: /home/aceti/sonar/install/custom_interfaces/share/custom_interfaces/cmake/custom_interfaces__rosidl_typesupport_introspection_cppExport.cmake
[0.386s] -- Up-to-date: /home/aceti/sonar/install/custom_interfaces/share/custom_interfaces/cmake/custom_interfaces__rosidl_typesupport_introspection_cppExport-noconfig.cmake
[0.386s] -- Up-to-date: /home/aceti/sonar/install/custom_interfaces/share/custom_interfaces/cmake/custom_interfaces__rosidl_typesupport_cppExport.cmake
[0.386s] -- Up-to-date: /home/aceti/sonar/install/custom_interfaces/share/custom_interfaces/cmake/custom_interfaces__rosidl_typesupport_cppExport-noconfig.cmake
[0.386s] -- Up-to-date: /home/aceti/sonar/install/custom_interfaces/share/custom_interfaces/cmake/export_custom_interfaces__rosidl_generator_pyExport.cmake
[0.386s] -- Up-to-date: /home/aceti/sonar/install/custom_interfaces/share/custom_interfaces/cmake/export_custom_interfaces__rosidl_generator_pyExport-noconfig.cmake
[0.386s] -- Up-to-date: /home/aceti/sonar/install/custom_interfaces/share/custom_interfaces/cmake/rosidl_cmake-extras.cmake
[0.386s] -- Up-to-date: /home/aceti/sonar/install/custom_interfaces/share/custom_interfaces/cmake/ament_cmake_export_include_directories-extras.cmake
[0.386s] -- Up-to-date: /home/aceti/sonar/install/custom_interfaces/share/custom_interfaces/cmake/ament_cmake_export_libraries-extras.cmake
[0.386s] -- Up-to-date: /home/aceti/sonar/install/custom_interfaces/share/custom_interfaces/cmake/ament_cmake_export_targets-extras.cmake
[0.386s] -- Up-to-date: /home/aceti/sonar/install/custom_interfaces/share/custom_interfaces/cmake/rosidl_cmake_export_typesupport_targets-extras.cmake
[0.386s] -- Up-to-date: /home/aceti/sonar/install/custom_interfaces/share/custom_interfaces/cmake/ament_cmake_export_dependencies-extras.cmake
[0.387s] -- Up-to-date: /home/aceti/sonar/install/custom_interfaces/share/custom_interfaces/cmake/rosidl_cmake_export_typesupport_libraries-extras.cmake
[0.387s] -- Up-to-date: /home/aceti/sonar/install/custom_interfaces/share/custom_interfaces/cmake/custom_interfacesConfig.cmake
[0.387s] -- Up-to-date: /home/aceti/sonar/install/custom_interfaces/share/custom_interfaces/cmake/custom_interfacesConfig-version.cmake
[0.387s] -- Up-to-date: /home/aceti/sonar/install/custom_interfaces/share/custom_interfaces/package.xml
[0.388s] Invoked command in '/home/aceti/sonar/build/custom_interfaces' returned '0': CMAKE_PREFIX_PATH=${CMAKE_PREFIX_PATH}:/home/aceti/sonar/install/sonar_controller:/home/aceti/ros2_ws/install/add_integers:/opt/ros/humble /usr/bin/cmake --install /home/aceti/sonar/build/custom_interfaces
