[0.522s] Invoking command in '/home/aceti/sonar/Sonar_asv/src/sonar_controller': PYTHONPATH=/home/aceti/sonar/Sonar_asv/build/sonar_controller/prefix_override:/home/aceti/sonar/Sonar_asv/install/sonar_controller/lib/python3.10/site-packages:${PYTHONPATH} /usr/bin/python3 setup.py egg_info --egg-base ../../build/sonar_controller build --build-base /home/aceti/sonar/Sonar_asv/build/sonar_controller/build install --record /home/aceti/sonar/Sonar_asv/build/sonar_controller/install.log --single-version-externally-managed
[0.721s] running egg_info
[0.721s] writing ../../build/sonar_controller/sonar_controller.egg-info/PKG-INFO
[0.722s] writing dependency_links to ../../build/sonar_controller/sonar_controller.egg-info/dependency_links.txt
[0.722s] writing entry points to ../../build/sonar_controller/sonar_controller.egg-info/entry_points.txt
[0.722s] writing requirements to ../../build/sonar_controller/sonar_controller.egg-info/requires.txt
[0.722s] writing top-level names to ../../build/sonar_controller/sonar_controller.egg-info/top_level.txt
[0.724s] reading manifest file '../../build/sonar_controller/sonar_controller.egg-info/SOURCES.txt'
[0.724s] writing manifest file '../../build/sonar_controller/sonar_controller.egg-info/SOURCES.txt'
[0.724s] running build
[0.724s] running build_py
[0.724s] copying sonar_controller/service_sonar.py -> /home/aceti/sonar/Sonar_asv/build/sonar_controller/build/lib/sonar_controller
[0.725s] copying sonar_controller/client_sonar.py -> /home/aceti/sonar/Sonar_asv/build/sonar_controller/build/lib/sonar_controller
[0.725s] running install
[0.725s] running install_lib
[0.725s] copying /home/aceti/sonar/Sonar_asv/build/sonar_controller/build/lib/sonar_controller/service_sonar.py -> /home/aceti/sonar/Sonar_asv/install/sonar_controller/lib/python3.10/site-packages/sonar_controller
[0.725s] copying /home/aceti/sonar/Sonar_asv/build/sonar_controller/build/lib/sonar_controller/client_sonar.py -> /home/aceti/sonar/Sonar_asv/install/sonar_controller/lib/python3.10/site-packages/sonar_controller
[0.726s] byte-compiling /home/aceti/sonar/Sonar_asv/install/sonar_controller/lib/python3.10/site-packages/sonar_controller/service_sonar.py to service_sonar.cpython-310.pyc
[0.727s] byte-compiling /home/aceti/sonar/Sonar_asv/install/sonar_controller/lib/python3.10/site-packages/sonar_controller/client_sonar.py to client_sonar.cpython-310.pyc
[0.727s] running install_data
[0.727s] running install_egg_info
[0.729s] removing '/home/aceti/sonar/Sonar_asv/install/sonar_controller/lib/python3.10/site-packages/sonar_controller-0.0.0-py3.10.egg-info' (and everything under it)
[0.729s] Copying ../../build/sonar_controller/sonar_controller.egg-info to /home/aceti/sonar/Sonar_asv/install/sonar_controller/lib/python3.10/site-packages/sonar_controller-0.0.0-py3.10.egg-info
[0.730s] running install_scripts
[0.746s] Installing sonar_client script to /home/aceti/sonar/Sonar_asv/install/sonar_controller/lib/sonar_controller
[0.746s] Installing sonar_service script to /home/aceti/sonar/Sonar_asv/install/sonar_controller/lib/sonar_controller
[0.747s] writing list of installed files to '/home/aceti/sonar/Sonar_asv/build/sonar_controller/install.log'
[0.767s] Invoked command in '/home/aceti/sonar/Sonar_asv/src/sonar_controller' returned '0': PYTHONPATH=/home/aceti/sonar/Sonar_asv/build/sonar_controller/prefix_override:/home/aceti/sonar/Sonar_asv/install/sonar_controller/lib/python3.10/site-packages:${PYTHONPATH} /usr/bin/python3 setup.py egg_info --egg-base ../../build/sonar_controller build --build-base /home/aceti/sonar/Sonar_asv/build/sonar_controller/build install --record /home/aceti/sonar/Sonar_asv/build/sonar_controller/install.log --single-version-externally-managed
