[0.012s] Invoking command in '/home/aceti/sonar/Sonar_asv/build/custom_interfaces': CMAKE_PREFIX_PATH=${CMAKE_PREFIX_PATH}:/home/aceti/sonar/Sonar_asv/install/sonar_controller:/home/aceti/head/Head_asv/install/add_integers:/home/aceti/head/Head_asv/install/head_controller:/opt/ros/humble /usr/bin/cmake --build /home/aceti/sonar/Sonar_asv/build/custom_interfaces -- -j8 -l8
[0.028s] -- Found ament_cmake: 1.3.3 (/opt/ros/humble/share/ament_cmake/cmake)
[0.141s] -- Found rosidl_default_generators: 1.2.0 (/opt/ros/humble/share/rosidl_default_generators/cmake)
[0.143s] -- Using all available rosidl_typesupport_c: rosidl_typesupport_fastrtps_c;rosidl_typesupport_introspection_c
[0.145s] -- Found rosidl_adapter: 3.1.4 (/opt/ros/humble/share/rosidl_adapter/cmake)
[0.169s] -- Using all available rosidl_typesupport_cpp: rosidl_typesupport_fastrtps_cpp;rosidl_typesupport_introspection_cpp
[0.378s] -- Found ament_cmake_ros: 0.10.0 (/opt/ros/humble/share/ament_cmake_ros/cmake)
[0.520s] -- Using all available rosidl_typesupport_c: rosidl_typesupport_fastrtps_c;rosidl_typesupport_introspection_c
[0.709s] -- Using all available rosidl_typesupport_cpp: rosidl_typesupport_fastrtps_cpp;rosidl_typesupport_introspection_cpp
[0.726s] -- Found python_cmake_module: 0.10.0 (/opt/ros/humble/share/python_cmake_module/cmake)
[0.744s] -- Using PYTHON_EXECUTABLE: /usr/bin/python3
[0.744s] -- Using PYTHON_INCLUDE_DIRS: /usr/include/python3.10
[0.744s] -- Using PYTHON_LIBRARIES: /usr/lib/x86_64-linux-gnu/libpython3.10.so
[0.753s] -- Found ament_lint_auto: 0.12.5 (/opt/ros/humble/share/ament_lint_auto/cmake)
[0.761s] -- Added test 'lint_cmake' to check CMake code style
[0.762s] -- Added test 'xmllint' to check XML markup files
[0.764s] -- Configuring done
[0.791s] -- Generating done
[0.793s] -- Build files have been written to: /home/aceti/sonar/Sonar_asv/build/custom_interfaces
[0.811s] [35m[1mConsolidate compiler generated dependencies of target custom_interfaces__rosidl_generator_c[0m
[0.817s] [  3%] Built target custom_interfaces__cpp
[0.818s] [ 12%] Built target custom_interfaces__rosidl_generator_c
[0.826s] [35m[1mConsolidate compiler generated dependencies of target custom_interfaces__rosidl_typesupport_introspection_c[0m
[0.826s] [ 12%] Built target ament_cmake_python_copy_custom_interfaces
[0.827s] [35m[1mConsolidate compiler generated dependencies of target custom_interfaces__rosidl_typesupport_cpp[0m
[0.827s] [35m[1mConsolidate compiler generated dependencies of target custom_interfaces__rosidl_typesupport_fastrtps_cpp[0m
[0.827s] [35m[1mConsolidate compiler generated dependencies of target custom_interfaces__rosidl_typesupport_fastrtps_c[0m
[0.827s] [35m[1mConsolidate compiler generated dependencies of target custom_interfaces__rosidl_typesupport_c[0m
[0.829s] [35m[1mConsolidate compiler generated dependencies of target custom_interfaces__rosidl_typesupport_introspection_cpp[0m
[0.838s] [ 22%] Built target custom_interfaces__rosidl_typesupport_introspection_c
[0.839s] [ 32%] Built target custom_interfaces__rosidl_typesupport_c
[0.840s] [ 41%] Built target custom_interfaces__rosidl_typesupport_cpp
[0.843s] [ 51%] Built target custom_interfaces__rosidl_typesupport_fastrtps_c
[0.844s] [ 61%] Built target custom_interfaces__rosidl_typesupport_fastrtps_cpp
[0.845s] [ 70%] Built target custom_interfaces__rosidl_typesupport_introspection_cpp
[0.862s] [ 70%] Built target custom_interfaces
[0.876s] [ 74%] Built target custom_interfaces__py
[0.883s] [35m[1mConsolidate compiler generated dependencies of target custom_interfaces__rosidl_generator_py[0m
[0.892s] [ 80%] Built target custom_interfaces__rosidl_generator_py
[0.900s] [35m[1mConsolidate compiler generated dependencies of target custom_interfaces__rosidl_typesupport_introspection_c__pyext[0m
[0.900s] [35m[1mConsolidate compiler generated dependencies of target custom_interfaces__rosidl_typesupport_c__pyext[0m
[0.901s] [35m[1mConsolidate compiler generated dependencies of target custom_interfaces__rosidl_typesupport_fastrtps_c__pyext[0m
[0.910s] [ 90%] Built target custom_interfaces__rosidl_typesupport_introspection_c__pyext
[0.910s] [ 93%] Built target custom_interfaces__rosidl_typesupport_c__pyext
[0.914s] [100%] Built target custom_interfaces__rosidl_typesupport_fastrtps_c__pyext
[1.058s] running egg_info
[1.059s] writing custom_interfaces.egg-info/PKG-INFO
[1.059s] writing dependency_links to custom_interfaces.egg-info/dependency_links.txt
[1.059s] writing top-level names to custom_interfaces.egg-info/top_level.txt
[1.061s] reading manifest file 'custom_interfaces.egg-info/SOURCES.txt'
[1.061s] writing manifest file 'custom_interfaces.egg-info/SOURCES.txt'
[1.080s] [100%] Built target ament_cmake_python_build_custom_interfaces_egg
[1.088s] Invoked command in '/home/aceti/sonar/Sonar_asv/build/custom_interfaces' returned '0': CMAKE_PREFIX_PATH=${CMAKE_PREFIX_PATH}:/home/aceti/sonar/Sonar_asv/install/sonar_controller:/home/aceti/head/Head_asv/install/add_integers:/home/aceti/head/Head_asv/install/head_controller:/opt/ros/humble /usr/bin/cmake --build /home/aceti/sonar/Sonar_asv/build/custom_interfaces -- -j8 -l8
[1.132s] Invoking command in '/home/aceti/sonar/Sonar_asv/build/custom_interfaces': CMAKE_PREFIX_PATH=${CMAKE_PREFIX_PATH}:/home/aceti/sonar/Sonar_asv/install/sonar_controller:/home/aceti/head/Head_asv/install/add_integers:/home/aceti/head/Head_asv/install/head_controller:/opt/ros/humble /usr/bin/cmake --install /home/aceti/sonar/Sonar_asv/build/custom_interfaces
[1.139s] -- Install configuration: ""
[1.139s] -- Up-to-date: /home/aceti/sonar/Sonar_asv/install/custom_interfaces/share/ament_index/resource_index/rosidl_interfaces/custom_interfaces
[1.139s] -- Up-to-date: /home/aceti/sonar/Sonar_asv/install/custom_interfaces/include/custom_interfaces/custom_interfaces
[1.139s] -- Up-to-date: /home/aceti/sonar/Sonar_asv/install/custom_interfaces/include/custom_interfaces/custom_interfaces/msg
[1.139s] -- Up-to-date: /home/aceti/sonar/Sonar_asv/install/custom_interfaces/include/custom_interfaces/custom_interfaces/msg/rosidl_generator_c__visibility_control.h
[1.139s] -- Up-to-date: /home/aceti/sonar/Sonar_asv/install/custom_interfaces/include/custom_interfaces/custom_interfaces/srv
[1.139s] -- Up-to-date: /home/aceti/sonar/Sonar_asv/install/custom_interfaces/include/custom_interfaces/custom_interfaces/srv/detail
[1.139s] -- Up-to-date: /home/aceti/sonar/Sonar_asv/install/custom_interfaces/include/custom_interfaces/custom_interfaces/srv/detail/sonar__type_support.h
[1.139s] -- Up-to-date: /home/aceti/sonar/Sonar_asv/install/custom_interfaces/include/custom_interfaces/custom_interfaces/srv/detail/sonar__functions.h
[1.139s] -- Up-to-date: /home/aceti/sonar/Sonar_asv/install/custom_interfaces/include/custom_interfaces/custom_interfaces/srv/detail/sonar__struct.h
[1.139s] -- Up-to-date: /home/aceti/sonar/Sonar_asv/install/custom_interfaces/include/custom_interfaces/custom_interfaces/srv/detail/sonar__functions.c
[1.140s] -- Up-to-date: /home/aceti/sonar/Sonar_asv/install/custom_interfaces/include/custom_interfaces/custom_interfaces/srv/sonar.h
[1.140s] -- Up-to-date: /home/aceti/sonar/Sonar_asv/install/custom_interfaces/share/custom_interfaces/environment/library_path.sh
[1.140s] -- Installing: /home/aceti/sonar/Sonar_asv/install/custom_interfaces/share/custom_interfaces/environment/library_path.dsv
[1.140s] -- Up-to-date: /home/aceti/sonar/Sonar_asv/install/custom_interfaces/lib/libcustom_interfaces__rosidl_generator_c.so
[1.140s] -- Up-to-date: /home/aceti/sonar/Sonar_asv/install/custom_interfaces/include/custom_interfaces/custom_interfaces
[1.140s] -- Up-to-date: /home/aceti/sonar/Sonar_asv/install/custom_interfaces/include/custom_interfaces/custom_interfaces/msg
[1.140s] -- Up-to-date: /home/aceti/sonar/Sonar_asv/install/custom_interfaces/include/custom_interfaces/custom_interfaces/msg/rosidl_typesupport_fastrtps_c__visibility_control.h
[1.140s] -- Up-to-date: /home/aceti/sonar/Sonar_asv/install/custom_interfaces/include/custom_interfaces/custom_interfaces/srv
[1.140s] -- Up-to-date: /home/aceti/sonar/Sonar_asv/install/custom_interfaces/include/custom_interfaces/custom_interfaces/srv/detail
[1.140s] -- Up-to-date: /home/aceti/sonar/Sonar_asv/install/custom_interfaces/include/custom_interfaces/custom_interfaces/srv/detail/sonar__rosidl_typesupport_fastrtps_c.h
[1.140s] -- Up-to-date: /home/aceti/sonar/Sonar_asv/install/custom_interfaces/lib/libcustom_interfaces__rosidl_typesupport_fastrtps_c.so
[1.140s] -- Up-to-date: /home/aceti/sonar/Sonar_asv/install/custom_interfaces/include/custom_interfaces/custom_interfaces
[1.140s] -- Up-to-date: /home/aceti/sonar/Sonar_asv/install/custom_interfaces/include/custom_interfaces/custom_interfaces/msg
[1.140s] -- Up-to-date: /home/aceti/sonar/Sonar_asv/install/custom_interfaces/include/custom_interfaces/custom_interfaces/msg/rosidl_typesupport_introspection_c__visibility_control.h
[1.140s] -- Up-to-date: /home/aceti/sonar/Sonar_asv/install/custom_interfaces/include/custom_interfaces/custom_interfaces/srv
[1.140s] -- Up-to-date: /home/aceti/sonar/Sonar_asv/install/custom_interfaces/include/custom_interfaces/custom_interfaces/srv/detail
[1.140s] -- Up-to-date: /home/aceti/sonar/Sonar_asv/install/custom_interfaces/include/custom_interfaces/custom_interfaces/srv/detail/sonar__rosidl_typesupport_introspection_c.h
[1.141s] -- Up-to-date: /home/aceti/sonar/Sonar_asv/install/custom_interfaces/include/custom_interfaces/custom_interfaces/srv/detail/sonar__type_support.c
[1.141s] -- Up-to-date: /home/aceti/sonar/Sonar_asv/install/custom_interfaces/lib/libcustom_interfaces__rosidl_typesupport_introspection_c.so
[1.141s] -- Up-to-date: /home/aceti/sonar/Sonar_asv/install/custom_interfaces/lib/libcustom_interfaces__rosidl_typesupport_c.so
[1.141s] -- Up-to-date: /home/aceti/sonar/Sonar_asv/install/custom_interfaces/include/custom_interfaces/custom_interfaces
[1.141s] -- Up-to-date: /home/aceti/sonar/Sonar_asv/install/custom_interfaces/include/custom_interfaces/custom_interfaces/srv
[1.141s] -- Up-to-date: /home/aceti/sonar/Sonar_asv/install/custom_interfaces/include/custom_interfaces/custom_interfaces/srv/detail
[1.141s] -- Up-to-date: /home/aceti/sonar/Sonar_asv/install/custom_interfaces/include/custom_interfaces/custom_interfaces/srv/detail/sonar__builder.hpp
[1.141s] -- Up-to-date: /home/aceti/sonar/Sonar_asv/install/custom_interfaces/include/custom_interfaces/custom_interfaces/srv/detail/sonar__traits.hpp
[1.141s] -- Up-to-date: /home/aceti/sonar/Sonar_asv/install/custom_interfaces/include/custom_interfaces/custom_interfaces/srv/detail/sonar__struct.hpp
[1.141s] -- Up-to-date: /home/aceti/sonar/Sonar_asv/install/custom_interfaces/include/custom_interfaces/custom_interfaces/srv/sonar.hpp
[1.141s] -- Up-to-date: /home/aceti/sonar/Sonar_asv/install/custom_interfaces/include/custom_interfaces/custom_interfaces
[1.141s] -- Up-to-date: /home/aceti/sonar/Sonar_asv/install/custom_interfaces/include/custom_interfaces/custom_interfaces/msg
[1.141s] -- Up-to-date: /home/aceti/sonar/Sonar_asv/install/custom_interfaces/include/custom_interfaces/custom_interfaces/msg/rosidl_typesupport_fastrtps_cpp__visibility_control.h
[1.141s] -- Up-to-date: /home/aceti/sonar/Sonar_asv/install/custom_interfaces/include/custom_interfaces/custom_interfaces/srv
[1.141s] -- Up-to-date: /home/aceti/sonar/Sonar_asv/install/custom_interfaces/include/custom_interfaces/custom_interfaces/srv/detail
[1.141s] -- Up-to-date: /home/aceti/sonar/Sonar_asv/install/custom_interfaces/include/custom_interfaces/custom_interfaces/srv/detail/sonar__rosidl_typesupport_fastrtps_cpp.hpp
[1.141s] -- Up-to-date: /home/aceti/sonar/Sonar_asv/install/custom_interfaces/include/custom_interfaces/custom_interfaces/srv/detail/dds_fastrtps
[1.141s] -- Up-to-date: /home/aceti/sonar/Sonar_asv/install/custom_interfaces/lib/libcustom_interfaces__rosidl_typesupport_fastrtps_cpp.so
[1.141s] -- Up-to-date: /home/aceti/sonar/Sonar_asv/install/custom_interfaces/include/custom_interfaces/custom_interfaces
[1.141s] -- Up-to-date: /home/aceti/sonar/Sonar_asv/install/custom_interfaces/include/custom_interfaces/custom_interfaces/srv
[1.142s] -- Up-to-date: /home/aceti/sonar/Sonar_asv/install/custom_interfaces/include/custom_interfaces/custom_interfaces/srv/detail
[1.142s] -- Up-to-date: /home/aceti/sonar/Sonar_asv/install/custom_interfaces/include/custom_interfaces/custom_interfaces/srv/detail/sonar__rosidl_typesupport_introspection_cpp.hpp
[1.142s] -- Up-to-date: /home/aceti/sonar/Sonar_asv/install/custom_interfaces/include/custom_interfaces/custom_interfaces/srv/detail/sonar__type_support.cpp
[1.142s] -- Up-to-date: /home/aceti/sonar/Sonar_asv/install/custom_interfaces/lib/libcustom_interfaces__rosidl_typesupport_introspection_cpp.so
[1.142s] -- Up-to-date: /home/aceti/sonar/Sonar_asv/install/custom_interfaces/lib/libcustom_interfaces__rosidl_typesupport_cpp.so
[1.142s] -- Up-to-date: /home/aceti/sonar/Sonar_asv/install/custom_interfaces/share/custom_interfaces/environment/pythonpath.sh
[1.142s] -- Installing: /home/aceti/sonar/Sonar_asv/install/custom_interfaces/share/custom_interfaces/environment/pythonpath.dsv
[1.142s] -- Up-to-date: /home/aceti/sonar/Sonar_asv/install/custom_interfaces/local/lib/python3.10/dist-packages/custom_interfaces-0.0.0-py3.10.egg-info
[1.142s] -- Installing: /home/aceti/sonar/Sonar_asv/install/custom_interfaces/local/lib/python3.10/dist-packages/custom_interfaces-0.0.0-py3.10.egg-info/SOURCES.txt
[1.142s] -- Installing: /home/aceti/sonar/Sonar_asv/install/custom_interfaces/local/lib/python3.10/dist-packages/custom_interfaces-0.0.0-py3.10.egg-info/dependency_links.txt
[1.142s] -- Installing: /home/aceti/sonar/Sonar_asv/install/custom_interfaces/local/lib/python3.10/dist-packages/custom_interfaces-0.0.0-py3.10.egg-info/top_level.txt
[1.142s] -- Installing: /home/aceti/sonar/Sonar_asv/install/custom_interfaces/local/lib/python3.10/dist-packages/custom_interfaces-0.0.0-py3.10.egg-info/PKG-INFO
[1.142s] -- Up-to-date: /home/aceti/sonar/Sonar_asv/install/custom_interfaces/local/lib/python3.10/dist-packages/custom_interfaces
[1.142s] -- Up-to-date: /home/aceti/sonar/Sonar_asv/install/custom_interfaces/local/lib/python3.10/dist-packages/custom_interfaces/_custom_interfaces_s.ep.rosidl_typesupport_c.c
[1.142s] -- Up-to-date: /home/aceti/sonar/Sonar_asv/install/custom_interfaces/local/lib/python3.10/dist-packages/custom_interfaces/_custom_interfaces_s.ep.rosidl_typesupport_fastrtps_c.c
[1.142s] -- Installing: /home/aceti/sonar/Sonar_asv/install/custom_interfaces/local/lib/python3.10/dist-packages/custom_interfaces/__init__.py
[1.142s] -- Up-to-date: /home/aceti/sonar/Sonar_asv/install/custom_interfaces/local/lib/python3.10/dist-packages/custom_interfaces/custom_interfaces_s__rosidl_typesupport_introspection_c.cpython-310-x86_64-linux-gnu.so
[1.142s] -- Up-to-date: /home/aceti/sonar/Sonar_asv/install/custom_interfaces/local/lib/python3.10/dist-packages/custom_interfaces/custom_interfaces_s__rosidl_typesupport_c.cpython-310-x86_64-linux-gnu.so
[1.142s] -- Up-to-date: /home/aceti/sonar/Sonar_asv/install/custom_interfaces/local/lib/python3.10/dist-packages/custom_interfaces/custom_interfaces_s__rosidl_typesupport_fastrtps_c.cpython-310-x86_64-linux-gnu.so
[1.142s] -- Up-to-date: /home/aceti/sonar/Sonar_asv/install/custom_interfaces/local/lib/python3.10/dist-packages/custom_interfaces/libcustom_interfaces__rosidl_generator_py.so
[1.142s] -- Up-to-date: /home/aceti/sonar/Sonar_asv/install/custom_interfaces/local/lib/python3.10/dist-packages/custom_interfaces/srv
[1.143s] -- Up-to-date: /home/aceti/sonar/Sonar_asv/install/custom_interfaces/local/lib/python3.10/dist-packages/custom_interfaces/srv/_sonar.py
[1.143s] -- Up-to-date: /home/aceti/sonar/Sonar_asv/install/custom_interfaces/local/lib/python3.10/dist-packages/custom_interfaces/srv/__init__.py
[1.143s] -- Up-to-date: /home/aceti/sonar/Sonar_asv/install/custom_interfaces/local/lib/python3.10/dist-packages/custom_interfaces/srv/_sonar_s.c
[1.143s] -- Up-to-date: /home/aceti/sonar/Sonar_asv/install/custom_interfaces/local/lib/python3.10/dist-packages/custom_interfaces/_custom_interfaces_s.ep.rosidl_typesupport_introspection_c.c
[1.167s] Listing '/home/aceti/sonar/Sonar_asv/install/custom_interfaces/local/lib/python3.10/dist-packages/custom_interfaces'...
[1.167s] Compiling '/home/aceti/sonar/Sonar_asv/install/custom_interfaces/local/lib/python3.10/dist-packages/custom_interfaces/__init__.py'...
[1.167s] Listing '/home/aceti/sonar/Sonar_asv/install/custom_interfaces/local/lib/python3.10/dist-packages/custom_interfaces/srv'...
[1.171s] -- Up-to-date: /home/aceti/sonar/Sonar_asv/install/custom_interfaces/local/lib/python3.10/dist-packages/custom_interfaces/custom_interfaces_s__rosidl_typesupport_fastrtps_c.cpython-310-x86_64-linux-gnu.so
[1.171s] -- Up-to-date: /home/aceti/sonar/Sonar_asv/install/custom_interfaces/local/lib/python3.10/dist-packages/custom_interfaces/custom_interfaces_s__rosidl_typesupport_introspection_c.cpython-310-x86_64-linux-gnu.so
[1.171s] -- Up-to-date: /home/aceti/sonar/Sonar_asv/install/custom_interfaces/local/lib/python3.10/dist-packages/custom_interfaces/custom_interfaces_s__rosidl_typesupport_c.cpython-310-x86_64-linux-gnu.so
[1.171s] -- Up-to-date: /home/aceti/sonar/Sonar_asv/install/custom_interfaces/lib/libcustom_interfaces__rosidl_generator_py.so
[1.171s] -- Up-to-date: /home/aceti/sonar/Sonar_asv/install/custom_interfaces/share/custom_interfaces/srv/Sonar.idl
[1.171s] -- Installing: /home/aceti/sonar/Sonar_asv/install/custom_interfaces/share/custom_interfaces/srv/Sonar.srv
[1.171s] -- Up-to-date: /home/aceti/sonar/Sonar_asv/install/custom_interfaces/share/custom_interfaces/srv/Sonar_Request.msg
[1.171s] -- Up-to-date: /home/aceti/sonar/Sonar_asv/install/custom_interfaces/share/custom_interfaces/srv/Sonar_Response.msg
[1.171s] -- Up-to-date: /home/aceti/sonar/Sonar_asv/install/custom_interfaces/share/ament_index/resource_index/package_run_dependencies/custom_interfaces
[1.171s] -- Up-to-date: /home/aceti/sonar/Sonar_asv/install/custom_interfaces/share/ament_index/resource_index/parent_prefix_path/custom_interfaces
[1.171s] -- Up-to-date: /home/aceti/sonar/Sonar_asv/install/custom_interfaces/share/custom_interfaces/environment/ament_prefix_path.sh
[1.171s] -- Installing: /home/aceti/sonar/Sonar_asv/install/custom_interfaces/share/custom_interfaces/environment/ament_prefix_path.dsv
[1.171s] -- Up-to-date: /home/aceti/sonar/Sonar_asv/install/custom_interfaces/share/custom_interfaces/environment/path.sh
[1.172s] -- Installing: /home/aceti/sonar/Sonar_asv/install/custom_interfaces/share/custom_interfaces/environment/path.dsv
[1.172s] -- Up-to-date: /home/aceti/sonar/Sonar_asv/install/custom_interfaces/share/custom_interfaces/local_setup.bash
[1.172s] -- Up-to-date: /home/aceti/sonar/Sonar_asv/install/custom_interfaces/share/custom_interfaces/local_setup.sh
[1.172s] -- Up-to-date: /home/aceti/sonar/Sonar_asv/install/custom_interfaces/share/custom_interfaces/local_setup.zsh
[1.172s] -- Installing: /home/aceti/sonar/Sonar_asv/install/custom_interfaces/share/custom_interfaces/local_setup.dsv
[1.172s] -- Installing: /home/aceti/sonar/Sonar_asv/install/custom_interfaces/share/custom_interfaces/package.dsv
[1.172s] -- Up-to-date: /home/aceti/sonar/Sonar_asv/install/custom_interfaces/share/ament_index/resource_index/packages/custom_interfaces
[1.172s] -- Up-to-date: /home/aceti/sonar/Sonar_asv/install/custom_interfaces/share/custom_interfaces/cmake/export_custom_interfaces__rosidl_generator_cExport.cmake
[1.172s] -- Up-to-date: /home/aceti/sonar/Sonar_asv/install/custom_interfaces/share/custom_interfaces/cmake/export_custom_interfaces__rosidl_generator_cExport-noconfig.cmake
[1.172s] -- Up-to-date: /home/aceti/sonar/Sonar_asv/install/custom_interfaces/share/custom_interfaces/cmake/export_custom_interfaces__rosidl_typesupport_fastrtps_cExport.cmake
[1.172s] -- Up-to-date: /home/aceti/sonar/Sonar_asv/install/custom_interfaces/share/custom_interfaces/cmake/export_custom_interfaces__rosidl_typesupport_fastrtps_cExport-noconfig.cmake
[1.172s] -- Up-to-date: /home/aceti/sonar/Sonar_asv/install/custom_interfaces/share/custom_interfaces/cmake/custom_interfaces__rosidl_typesupport_introspection_cExport.cmake
[1.172s] -- Up-to-date: /home/aceti/sonar/Sonar_asv/install/custom_interfaces/share/custom_interfaces/cmake/custom_interfaces__rosidl_typesupport_introspection_cExport-noconfig.cmake
[1.172s] -- Up-to-date: /home/aceti/sonar/Sonar_asv/install/custom_interfaces/share/custom_interfaces/cmake/custom_interfaces__rosidl_typesupport_cExport.cmake
[1.172s] -- Up-to-date: /home/aceti/sonar/Sonar_asv/install/custom_interfaces/share/custom_interfaces/cmake/custom_interfaces__rosidl_typesupport_cExport-noconfig.cmake
[1.172s] -- Up-to-date: /home/aceti/sonar/Sonar_asv/install/custom_interfaces/share/custom_interfaces/cmake/export_custom_interfaces__rosidl_generator_cppExport.cmake
[1.172s] -- Up-to-date: /home/aceti/sonar/Sonar_asv/install/custom_interfaces/share/custom_interfaces/cmake/export_custom_interfaces__rosidl_typesupport_fastrtps_cppExport.cmake
[1.173s] -- Up-to-date: /home/aceti/sonar/Sonar_asv/install/custom_interfaces/share/custom_interfaces/cmake/export_custom_interfaces__rosidl_typesupport_fastrtps_cppExport-noconfig.cmake
[1.173s] -- Up-to-date: /home/aceti/sonar/Sonar_asv/install/custom_interfaces/share/custom_interfaces/cmake/custom_interfaces__rosidl_typesupport_introspection_cppExport.cmake
[1.173s] -- Up-to-date: /home/aceti/sonar/Sonar_asv/install/custom_interfaces/share/custom_interfaces/cmake/custom_interfaces__rosidl_typesupport_introspection_cppExport-noconfig.cmake
[1.173s] -- Up-to-date: /home/aceti/sonar/Sonar_asv/install/custom_interfaces/share/custom_interfaces/cmake/custom_interfaces__rosidl_typesupport_cppExport.cmake
[1.173s] -- Up-to-date: /home/aceti/sonar/Sonar_asv/install/custom_interfaces/share/custom_interfaces/cmake/custom_interfaces__rosidl_typesupport_cppExport-noconfig.cmake
[1.173s] -- Up-to-date: /home/aceti/sonar/Sonar_asv/install/custom_interfaces/share/custom_interfaces/cmake/export_custom_interfaces__rosidl_generator_pyExport.cmake
[1.173s] -- Up-to-date: /home/aceti/sonar/Sonar_asv/install/custom_interfaces/share/custom_interfaces/cmake/export_custom_interfaces__rosidl_generator_pyExport-noconfig.cmake
[1.173s] -- Up-to-date: /home/aceti/sonar/Sonar_asv/install/custom_interfaces/share/custom_interfaces/cmake/rosidl_cmake-extras.cmake
[1.173s] -- Up-to-date: /home/aceti/sonar/Sonar_asv/install/custom_interfaces/share/custom_interfaces/cmake/ament_cmake_export_include_directories-extras.cmake
[1.173s] -- Up-to-date: /home/aceti/sonar/Sonar_asv/install/custom_interfaces/share/custom_interfaces/cmake/ament_cmake_export_libraries-extras.cmake
[1.173s] -- Up-to-date: /home/aceti/sonar/Sonar_asv/install/custom_interfaces/share/custom_interfaces/cmake/ament_cmake_export_targets-extras.cmake
[1.173s] -- Up-to-date: /home/aceti/sonar/Sonar_asv/install/custom_interfaces/share/custom_interfaces/cmake/rosidl_cmake_export_typesupport_targets-extras.cmake
[1.173s] -- Up-to-date: /home/aceti/sonar/Sonar_asv/install/custom_interfaces/share/custom_interfaces/cmake/ament_cmake_export_dependencies-extras.cmake
[1.173s] -- Up-to-date: /home/aceti/sonar/Sonar_asv/install/custom_interfaces/share/custom_interfaces/cmake/rosidl_cmake_export_typesupport_libraries-extras.cmake
[1.173s] -- Up-to-date: /home/aceti/sonar/Sonar_asv/install/custom_interfaces/share/custom_interfaces/cmake/custom_interfacesConfig.cmake
[1.173s] -- Up-to-date: /home/aceti/sonar/Sonar_asv/install/custom_interfaces/share/custom_interfaces/cmake/custom_interfacesConfig-version.cmake
[1.173s] -- Up-to-date: /home/aceti/sonar/Sonar_asv/install/custom_interfaces/share/custom_interfaces/package.xml
[1.175s] Invoked command in '/home/aceti/sonar/Sonar_asv/build/custom_interfaces' returned '0': CMAKE_PREFIX_PATH=${CMAKE_PREFIX_PATH}:/home/aceti/sonar/Sonar_asv/install/sonar_controller:/home/aceti/head/Head_asv/install/add_integers:/home/aceti/head/Head_asv/install/head_controller:/opt/ros/humble /usr/bin/cmake --install /home/aceti/sonar/Sonar_asv/build/custom_interfaces
