[0.013s] Invoking command in '/home/aceti/sonar/Sonar_asv/build/custom_interfaces': CMAKE_PREFIX_PATH=${CMAKE_PREFIX_PATH}:/home/aceti/sonar/Sonar_asv/install/sonar_controller:/home/aceti/head/Head_asv/install/add_integers:/home/aceti/head/Head_asv/install/head_controller:/opt/ros/humble /usr/bin/cmake --build /home/aceti/sonar/Sonar_asv/build/custom_interfaces -- -j8 -l8
[0.029s] -- Found ament_cmake: 1.3.3 (/opt/ros/humble/share/ament_cmake/cmake)
[0.139s] -- Found rosidl_default_generators: 1.2.0 (/opt/ros/humble/share/rosidl_default_generators/cmake)
[0.141s] -- Using all available rosidl_typesupport_c: rosidl_typesupport_fastrtps_c;rosidl_typesupport_introspection_c
[0.142s] -- Found rosidl_adapter: 3.1.4 (/opt/ros/humble/share/rosidl_adapter/cmake)
[0.167s] -- Using all available rosidl_typesupport_cpp: rosidl_typesupport_fastrtps_cpp;rosidl_typesupport_introspection_cpp
[0.375s] -- Found ament_cmake_ros: 0.10.0 (/opt/ros/humble/share/ament_cmake_ros/cmake)
[0.515s] -- Using all available rosidl_typesupport_c: rosidl_typesupport_fastrtps_c;rosidl_typesupport_introspection_c
[0.700s] -- Using all available rosidl_typesupport_cpp: rosidl_typesupport_fastrtps_cpp;rosidl_typesupport_introspection_cpp
[0.717s] -- Found python_cmake_module: 0.10.0 (/opt/ros/humble/share/python_cmake_module/cmake)
[0.737s] -- Using PYTHON_EXECUTABLE: /usr/bin/python3
[0.737s] -- Using PYTHON_INCLUDE_DIRS: /usr/include/python3.10
[0.737s] -- Using PYTHON_LIBRARIES: /usr/lib/x86_64-linux-gnu/libpython3.10.so
[0.749s] -- Found ament_lint_auto: 0.12.5 (/opt/ros/humble/share/ament_lint_auto/cmake)
[0.757s] -- Added test 'lint_cmake' to check CMake code style
[0.758s] -- Added test 'xmllint' to check XML markup files
[0.759s] -- Configuring done
[0.785s] -- Generating done
[0.787s] -- Build files have been written to: /home/aceti/sonar/Sonar_asv/build/custom_interfaces
[0.804s] [  3%] [34m[1mGenerating C code for ROS interfaces[0m
[0.810s] [  6%] [34m[1mGenerating C++ code for ROS interfaces[0m
[0.817s] [  6%] Built target ament_cmake_python_copy_custom_interfaces
[1.047s] running egg_info
[1.048s] writing custom_interfaces.egg-info/PKG-INFO
[1.048s] [35m[1mConsolidate compiler generated dependencies of target custom_interfaces__rosidl_generator_c[0m
[1.049s] writing dependency_links to custom_interfaces.egg-info/dependency_links.txt
[1.049s] writing top-level names to custom_interfaces.egg-info/top_level.txt
[1.051s] reading manifest file 'custom_interfaces.egg-info/SOURCES.txt'
[1.051s] writing manifest file 'custom_interfaces.egg-info/SOURCES.txt'
[1.058s] [  9%] [32mBuilding C object CMakeFiles/custom_interfaces__rosidl_generator_c.dir/rosidl_generator_c/custom_interfaces/srv/detail/sonar__functions.c.o[0m
[1.059s] [  9%] Built target custom_interfaces__cpp
[1.067s] [ 16%] [34m[1mGenerating C++ introspection for ROS interfaces[0m
[1.067s] [ 16%] [34m[1mGenerating C++ type support dispatch for ROS interfaces[0m
[1.069s] [ 19%] [34m[1mGenerating C++ type support for eProsima Fast-RTPS[0m
[1.076s] [ 19%] Built target ament_cmake_python_build_custom_interfaces_egg
[1.106s] [ 22%] [32m[1mLinking C shared library libcustom_interfaces__rosidl_generator_c.so[0m
[1.132s] [ 22%] Built target custom_interfaces__rosidl_generator_c
[1.140s] [ 25%] [34m[1mGenerating C type support for eProsima Fast-RTPS[0m
[1.142s] [ 32%] [34m[1mGenerating C introspection for ROS interfaces[0m
[1.142s] [ 32%] [34m[1mGenerating C type support dispatch for ROS interfaces[0m
[1.341s] [35m[1mConsolidate compiler generated dependencies of target custom_interfaces__rosidl_typesupport_c[0m
[1.349s] [ 35%] [32mBuilding CXX object CMakeFiles/custom_interfaces__rosidl_typesupport_c.dir/rosidl_typesupport_c/custom_interfaces/srv/sonar__type_support.cpp.o[0m
[1.371s] [35m[1mConsolidate compiler generated dependencies of target custom_interfaces__rosidl_typesupport_fastrtps_c[0m
[1.374s] [ 38%] [32m[1mLinking CXX shared library libcustom_interfaces__rosidl_typesupport_c.so[0m
[1.382s] [ 41%] [32mBuilding CXX object CMakeFiles/custom_interfaces__rosidl_typesupport_fastrtps_c.dir/rosidl_typesupport_fastrtps_c/custom_interfaces/srv/detail/sonar__type_support_c.cpp.o[0m
[1.406s] [35m[1mConsolidate compiler generated dependencies of target custom_interfaces__rosidl_typesupport_introspection_cpp[0m
[1.406s] [ 41%] Built target custom_interfaces__rosidl_typesupport_c
[1.416s] [ 45%] [32mBuilding CXX object CMakeFiles/custom_interfaces__rosidl_typesupport_introspection_cpp.dir/rosidl_typesupport_introspection_cpp/custom_interfaces/srv/detail/sonar__type_support.cpp.o[0m
[1.422s] [35m[1mConsolidate compiler generated dependencies of target custom_interfaces__rosidl_typesupport_cpp[0m
[1.432s] [ 48%] [32mBuilding CXX object CMakeFiles/custom_interfaces__rosidl_typesupport_cpp.dir/rosidl_typesupport_cpp/custom_interfaces/srv/sonar__type_support.cpp.o[0m
[1.473s] [35m[1mConsolidate compiler generated dependencies of target custom_interfaces__rosidl_typesupport_fastrtps_cpp[0m
[1.483s] [35m[1mConsolidate compiler generated dependencies of target custom_interfaces__rosidl_typesupport_introspection_c[0m
[1.486s] [ 51%] [32mBuilding CXX object CMakeFiles/custom_interfaces__rosidl_typesupport_fastrtps_cpp.dir/rosidl_typesupport_fastrtps_cpp/custom_interfaces/srv/detail/dds_fastrtps/sonar__type_support.cpp.o[0m
[1.495s] [ 54%] [32mBuilding C object CMakeFiles/custom_interfaces__rosidl_typesupport_introspection_c.dir/rosidl_typesupport_introspection_c/custom_interfaces/srv/detail/sonar__type_support.c.o[0m
[1.536s] [ 58%] [32m[1mLinking C shared library libcustom_interfaces__rosidl_typesupport_introspection_c.so[0m
[1.568s] [ 58%] Built target custom_interfaces__rosidl_typesupport_introspection_c
[1.646s] [ 61%] [32m[1mLinking CXX shared library libcustom_interfaces__rosidl_typesupport_cpp.so[0m
[1.676s] [ 61%] Built target custom_interfaces__rosidl_typesupport_cpp
[1.680s] [ 64%] [32m[1mLinking CXX shared library libcustom_interfaces__rosidl_typesupport_fastrtps_c.so[0m
[1.741s] [ 64%] Built target custom_interfaces__rosidl_typesupport_fastrtps_c
[1.756s] [ 67%] [32m[1mLinking CXX shared library libcustom_interfaces__rosidl_typesupport_introspection_cpp.so[0m
[1.799s] [ 67%] Built target custom_interfaces__rosidl_typesupport_introspection_cpp
[1.823s] [ 70%] [32m[1mLinking CXX shared library libcustom_interfaces__rosidl_typesupport_fastrtps_cpp.so[0m
[1.884s] [ 70%] Built target custom_interfaces__rosidl_typesupport_fastrtps_cpp
[1.897s] [ 70%] Built target custom_interfaces
[1.911s] [ 74%] [34m[1mGenerating Python code for ROS interfaces[0m
[2.211s] [ 74%] Built target custom_interfaces__py
[2.218s] [35m[1mConsolidate compiler generated dependencies of target custom_interfaces__rosidl_generator_py[0m
[2.227s] [ 77%] [32mBuilding C object CMakeFiles/custom_interfaces__rosidl_generator_py.dir/rosidl_generator_py/custom_interfaces/srv/_sonar_s.c.o[0m
[2.303s] [ 80%] [32m[1mLinking C shared library rosidl_generator_py/custom_interfaces/libcustom_interfaces__rosidl_generator_py.so[0m
[2.331s] [ 80%] Built target custom_interfaces__rosidl_generator_py
[2.338s] [35m[1mConsolidate compiler generated dependencies of target custom_interfaces__rosidl_typesupport_fastrtps_c__pyext[0m
[2.338s] [35m[1mConsolidate compiler generated dependencies of target custom_interfaces__rosidl_typesupport_c__pyext[0m
[2.338s] [35m[1mConsolidate compiler generated dependencies of target custom_interfaces__rosidl_typesupport_introspection_c__pyext[0m
[2.348s] [ 90%] [32mBuilding C object CMakeFiles/custom_interfaces__rosidl_typesupport_fastrtps_c__pyext.dir/rosidl_generator_py/custom_interfaces/_custom_interfaces_s.ep.rosidl_typesupport_fastrtps_c.c.o[0m
[2.348s] [ 90%] [32mBuilding C object CMakeFiles/custom_interfaces__rosidl_typesupport_introspection_c__pyext.dir/rosidl_generator_py/custom_interfaces/_custom_interfaces_s.ep.rosidl_typesupport_introspection_c.c.o[0m
[2.348s] [ 90%] [32mBuilding C object CMakeFiles/custom_interfaces__rosidl_typesupport_c__pyext.dir/rosidl_generator_py/custom_interfaces/_custom_interfaces_s.ep.rosidl_typesupport_c.c.o[0m
[2.418s] [ 93%] [32m[1mLinking C shared library rosidl_generator_py/custom_interfaces/custom_interfaces_s__rosidl_typesupport_c.cpython-310-x86_64-linux-gnu.so[0m
[2.419s] [ 96%] [32m[1mLinking C shared library rosidl_generator_py/custom_interfaces/custom_interfaces_s__rosidl_typesupport_introspection_c.cpython-310-x86_64-linux-gnu.so[0m
[2.421s] [100%] [32m[1mLinking C shared library rosidl_generator_py/custom_interfaces/custom_interfaces_s__rosidl_typesupport_fastrtps_c.cpython-310-x86_64-linux-gnu.so[0m
[2.443s] [100%] Built target custom_interfaces__rosidl_typesupport_introspection_c__pyext
[2.443s] [100%] Built target custom_interfaces__rosidl_typesupport_c__pyext
[2.446s] [100%] Built target custom_interfaces__rosidl_typesupport_fastrtps_c__pyext
[2.454s] Invoked command in '/home/aceti/sonar/Sonar_asv/build/custom_interfaces' returned '0': CMAKE_PREFIX_PATH=${CMAKE_PREFIX_PATH}:/home/aceti/sonar/Sonar_asv/install/sonar_controller:/home/aceti/head/Head_asv/install/add_integers:/home/aceti/head/Head_asv/install/head_controller:/opt/ros/humble /usr/bin/cmake --build /home/aceti/sonar/Sonar_asv/build/custom_interfaces -- -j8 -l8
[2.498s] Invoking command in '/home/aceti/sonar/Sonar_asv/build/custom_interfaces': CMAKE_PREFIX_PATH=${CMAKE_PREFIX_PATH}:/home/aceti/sonar/Sonar_asv/install/sonar_controller:/home/aceti/head/Head_asv/install/add_integers:/home/aceti/head/Head_asv/install/head_controller:/opt/ros/humble /usr/bin/cmake --install /home/aceti/sonar/Sonar_asv/build/custom_interfaces
[2.503s] -- Install configuration: ""
[2.503s] -- Up-to-date: /home/aceti/sonar/Sonar_asv/install/custom_interfaces/share/ament_index/resource_index/rosidl_interfaces/custom_interfaces
[2.503s] -- Up-to-date: /home/aceti/sonar/Sonar_asv/install/custom_interfaces/include/custom_interfaces/custom_interfaces
[2.504s] -- Up-to-date: /home/aceti/sonar/Sonar_asv/install/custom_interfaces/include/custom_interfaces/custom_interfaces/msg
[2.504s] -- Up-to-date: /home/aceti/sonar/Sonar_asv/install/custom_interfaces/include/custom_interfaces/custom_interfaces/msg/rosidl_generator_c__visibility_control.h
[2.504s] -- Up-to-date: /home/aceti/sonar/Sonar_asv/install/custom_interfaces/include/custom_interfaces/custom_interfaces/srv
[2.504s] -- Up-to-date: /home/aceti/sonar/Sonar_asv/install/custom_interfaces/include/custom_interfaces/custom_interfaces/srv/detail
[2.504s] -- Installing: /home/aceti/sonar/Sonar_asv/install/custom_interfaces/include/custom_interfaces/custom_interfaces/srv/detail/sonar__type_support.h
[2.504s] -- Installing: /home/aceti/sonar/Sonar_asv/install/custom_interfaces/include/custom_interfaces/custom_interfaces/srv/detail/sonar__functions.h
[2.504s] -- Installing: /home/aceti/sonar/Sonar_asv/install/custom_interfaces/include/custom_interfaces/custom_interfaces/srv/detail/sonar__struct.h
[2.504s] -- Installing: /home/aceti/sonar/Sonar_asv/install/custom_interfaces/include/custom_interfaces/custom_interfaces/srv/detail/sonar__functions.c
[2.504s] -- Installing: /home/aceti/sonar/Sonar_asv/install/custom_interfaces/include/custom_interfaces/custom_interfaces/srv/sonar.h
[2.505s] -- Up-to-date: /home/aceti/sonar/Sonar_asv/install/custom_interfaces/share/custom_interfaces/environment/library_path.sh
[2.505s] -- Installing: /home/aceti/sonar/Sonar_asv/install/custom_interfaces/share/custom_interfaces/environment/library_path.dsv
[2.505s] -- Installing: /home/aceti/sonar/Sonar_asv/install/custom_interfaces/lib/libcustom_interfaces__rosidl_generator_c.so
[2.505s] -- Set runtime path of "/home/aceti/sonar/Sonar_asv/install/custom_interfaces/lib/libcustom_interfaces__rosidl_generator_c.so" to ""
[2.505s] -- Up-to-date: /home/aceti/sonar/Sonar_asv/install/custom_interfaces/include/custom_interfaces/custom_interfaces
[2.505s] -- Up-to-date: /home/aceti/sonar/Sonar_asv/install/custom_interfaces/include/custom_interfaces/custom_interfaces/msg
[2.505s] -- Up-to-date: /home/aceti/sonar/Sonar_asv/install/custom_interfaces/include/custom_interfaces/custom_interfaces/msg/rosidl_typesupport_fastrtps_c__visibility_control.h
[2.505s] -- Up-to-date: /home/aceti/sonar/Sonar_asv/install/custom_interfaces/include/custom_interfaces/custom_interfaces/srv
[2.505s] -- Up-to-date: /home/aceti/sonar/Sonar_asv/install/custom_interfaces/include/custom_interfaces/custom_interfaces/srv/detail
[2.505s] -- Installing: /home/aceti/sonar/Sonar_asv/install/custom_interfaces/include/custom_interfaces/custom_interfaces/srv/detail/sonar__rosidl_typesupport_fastrtps_c.h
[2.506s] -- Installing: /home/aceti/sonar/Sonar_asv/install/custom_interfaces/lib/libcustom_interfaces__rosidl_typesupport_fastrtps_c.so
[2.506s] -- Set runtime path of "/home/aceti/sonar/Sonar_asv/install/custom_interfaces/lib/libcustom_interfaces__rosidl_typesupport_fastrtps_c.so" to ""
[2.506s] -- Up-to-date: /home/aceti/sonar/Sonar_asv/install/custom_interfaces/include/custom_interfaces/custom_interfaces
[2.506s] -- Up-to-date: /home/aceti/sonar/Sonar_asv/install/custom_interfaces/include/custom_interfaces/custom_interfaces/msg
[2.506s] -- Up-to-date: /home/aceti/sonar/Sonar_asv/install/custom_interfaces/include/custom_interfaces/custom_interfaces/msg/rosidl_typesupport_introspection_c__visibility_control.h
[2.506s] -- Up-to-date: /home/aceti/sonar/Sonar_asv/install/custom_interfaces/include/custom_interfaces/custom_interfaces/srv
[2.506s] -- Up-to-date: /home/aceti/sonar/Sonar_asv/install/custom_interfaces/include/custom_interfaces/custom_interfaces/srv/detail
[2.506s] -- Installing: /home/aceti/sonar/Sonar_asv/install/custom_interfaces/include/custom_interfaces/custom_interfaces/srv/detail/sonar__rosidl_typesupport_introspection_c.h
[2.506s] -- Installing: /home/aceti/sonar/Sonar_asv/install/custom_interfaces/include/custom_interfaces/custom_interfaces/srv/detail/sonar__type_support.c
[2.507s] -- Installing: /home/aceti/sonar/Sonar_asv/install/custom_interfaces/lib/libcustom_interfaces__rosidl_typesupport_introspection_c.so
[2.507s] -- Set runtime path of "/home/aceti/sonar/Sonar_asv/install/custom_interfaces/lib/libcustom_interfaces__rosidl_typesupport_introspection_c.so" to ""
[2.507s] -- Installing: /home/aceti/sonar/Sonar_asv/install/custom_interfaces/lib/libcustom_interfaces__rosidl_typesupport_c.so
[2.507s] -- Set runtime path of "/home/aceti/sonar/Sonar_asv/install/custom_interfaces/lib/libcustom_interfaces__rosidl_typesupport_c.so" to ""
[2.507s] -- Up-to-date: /home/aceti/sonar/Sonar_asv/install/custom_interfaces/include/custom_interfaces/custom_interfaces
[2.507s] -- Up-to-date: /home/aceti/sonar/Sonar_asv/install/custom_interfaces/include/custom_interfaces/custom_interfaces/srv
[2.508s] -- Up-to-date: /home/aceti/sonar/Sonar_asv/install/custom_interfaces/include/custom_interfaces/custom_interfaces/srv/detail
[2.508s] -- Installing: /home/aceti/sonar/Sonar_asv/install/custom_interfaces/include/custom_interfaces/custom_interfaces/srv/detail/sonar__builder.hpp
[2.508s] -- Installing: /home/aceti/sonar/Sonar_asv/install/custom_interfaces/include/custom_interfaces/custom_interfaces/srv/detail/sonar__traits.hpp
[2.508s] -- Installing: /home/aceti/sonar/Sonar_asv/install/custom_interfaces/include/custom_interfaces/custom_interfaces/srv/detail/sonar__struct.hpp
[2.508s] -- Installing: /home/aceti/sonar/Sonar_asv/install/custom_interfaces/include/custom_interfaces/custom_interfaces/srv/sonar.hpp
[2.508s] -- Up-to-date: /home/aceti/sonar/Sonar_asv/install/custom_interfaces/include/custom_interfaces/custom_interfaces
[2.508s] -- Up-to-date: /home/aceti/sonar/Sonar_asv/install/custom_interfaces/include/custom_interfaces/custom_interfaces/msg
[2.508s] -- Up-to-date: /home/aceti/sonar/Sonar_asv/install/custom_interfaces/include/custom_interfaces/custom_interfaces/msg/rosidl_typesupport_fastrtps_cpp__visibility_control.h
[2.508s] -- Up-to-date: /home/aceti/sonar/Sonar_asv/install/custom_interfaces/include/custom_interfaces/custom_interfaces/srv
[2.508s] -- Up-to-date: /home/aceti/sonar/Sonar_asv/install/custom_interfaces/include/custom_interfaces/custom_interfaces/srv/detail
[2.508s] -- Installing: /home/aceti/sonar/Sonar_asv/install/custom_interfaces/include/custom_interfaces/custom_interfaces/srv/detail/sonar__rosidl_typesupport_fastrtps_cpp.hpp
[2.509s] -- Up-to-date: /home/aceti/sonar/Sonar_asv/install/custom_interfaces/include/custom_interfaces/custom_interfaces/srv/detail/dds_fastrtps
[2.509s] -- Installing: /home/aceti/sonar/Sonar_asv/install/custom_interfaces/lib/libcustom_interfaces__rosidl_typesupport_fastrtps_cpp.so
[2.509s] -- Set runtime path of "/home/aceti/sonar/Sonar_asv/install/custom_interfaces/lib/libcustom_interfaces__rosidl_typesupport_fastrtps_cpp.so" to ""
[2.509s] -- Up-to-date: /home/aceti/sonar/Sonar_asv/install/custom_interfaces/include/custom_interfaces/custom_interfaces
[2.510s] -- Up-to-date: /home/aceti/sonar/Sonar_asv/install/custom_interfaces/include/custom_interfaces/custom_interfaces/srv
[2.510s] -- Up-to-date: /home/aceti/sonar/Sonar_asv/install/custom_interfaces/include/custom_interfaces/custom_interfaces/srv/detail
[2.510s] -- Installing: /home/aceti/sonar/Sonar_asv/install/custom_interfaces/include/custom_interfaces/custom_interfaces/srv/detail/sonar__rosidl_typesupport_introspection_cpp.hpp
[2.510s] -- Installing: /home/aceti/sonar/Sonar_asv/install/custom_interfaces/include/custom_interfaces/custom_interfaces/srv/detail/sonar__type_support.cpp
[2.510s] -- Installing: /home/aceti/sonar/Sonar_asv/install/custom_interfaces/lib/libcustom_interfaces__rosidl_typesupport_introspection_cpp.so
[2.510s] -- Set runtime path of "/home/aceti/sonar/Sonar_asv/install/custom_interfaces/lib/libcustom_interfaces__rosidl_typesupport_introspection_cpp.so" to ""
[2.510s] -- Installing: /home/aceti/sonar/Sonar_asv/install/custom_interfaces/lib/libcustom_interfaces__rosidl_typesupport_cpp.so
[2.511s] -- Set runtime path of "/home/aceti/sonar/Sonar_asv/install/custom_interfaces/lib/libcustom_interfaces__rosidl_typesupport_cpp.so" to ""
[2.511s] -- Up-to-date: /home/aceti/sonar/Sonar_asv/install/custom_interfaces/share/custom_interfaces/environment/pythonpath.sh
[2.511s] -- Installing: /home/aceti/sonar/Sonar_asv/install/custom_interfaces/share/custom_interfaces/environment/pythonpath.dsv
[2.511s] -- Up-to-date: /home/aceti/sonar/Sonar_asv/install/custom_interfaces/local/lib/python3.10/dist-packages/custom_interfaces-0.0.0-py3.10.egg-info
[2.511s] -- Installing: /home/aceti/sonar/Sonar_asv/install/custom_interfaces/local/lib/python3.10/dist-packages/custom_interfaces-0.0.0-py3.10.egg-info/SOURCES.txt
[2.511s] -- Installing: /home/aceti/sonar/Sonar_asv/install/custom_interfaces/local/lib/python3.10/dist-packages/custom_interfaces-0.0.0-py3.10.egg-info/dependency_links.txt
[2.511s] -- Installing: /home/aceti/sonar/Sonar_asv/install/custom_interfaces/local/lib/python3.10/dist-packages/custom_interfaces-0.0.0-py3.10.egg-info/top_level.txt
[2.511s] -- Installing: /home/aceti/sonar/Sonar_asv/install/custom_interfaces/local/lib/python3.10/dist-packages/custom_interfaces-0.0.0-py3.10.egg-info/PKG-INFO
[2.511s] -- Up-to-date: /home/aceti/sonar/Sonar_asv/install/custom_interfaces/local/lib/python3.10/dist-packages/custom_interfaces
[2.512s] -- Installing: /home/aceti/sonar/Sonar_asv/install/custom_interfaces/local/lib/python3.10/dist-packages/custom_interfaces/_custom_interfaces_s.ep.rosidl_typesupport_c.c
[2.512s] -- Installing: /home/aceti/sonar/Sonar_asv/install/custom_interfaces/local/lib/python3.10/dist-packages/custom_interfaces/_custom_interfaces_s.ep.rosidl_typesupport_fastrtps_c.c
[2.512s] -- Installing: /home/aceti/sonar/Sonar_asv/install/custom_interfaces/local/lib/python3.10/dist-packages/custom_interfaces/__init__.py
[2.512s] -- Installing: /home/aceti/sonar/Sonar_asv/install/custom_interfaces/local/lib/python3.10/dist-packages/custom_interfaces/custom_interfaces_s__rosidl_typesupport_introspection_c.cpython-310-x86_64-linux-gnu.so
[2.512s] -- Installing: /home/aceti/sonar/Sonar_asv/install/custom_interfaces/local/lib/python3.10/dist-packages/custom_interfaces/custom_interfaces_s__rosidl_typesupport_c.cpython-310-x86_64-linux-gnu.so
[2.512s] -- Installing: /home/aceti/sonar/Sonar_asv/install/custom_interfaces/local/lib/python3.10/dist-packages/custom_interfaces/custom_interfaces_s__rosidl_typesupport_fastrtps_c.cpython-310-x86_64-linux-gnu.so
[2.512s] -- Installing: /home/aceti/sonar/Sonar_asv/install/custom_interfaces/local/lib/python3.10/dist-packages/custom_interfaces/libcustom_interfaces__rosidl_generator_py.so
[2.512s] -- Up-to-date: /home/aceti/sonar/Sonar_asv/install/custom_interfaces/local/lib/python3.10/dist-packages/custom_interfaces/srv
[2.512s] -- Installing: /home/aceti/sonar/Sonar_asv/install/custom_interfaces/local/lib/python3.10/dist-packages/custom_interfaces/srv/_sonar.py
[2.513s] -- Installing: /home/aceti/sonar/Sonar_asv/install/custom_interfaces/local/lib/python3.10/dist-packages/custom_interfaces/srv/__init__.py
[2.513s] -- Installing: /home/aceti/sonar/Sonar_asv/install/custom_interfaces/local/lib/python3.10/dist-packages/custom_interfaces/srv/_sonar_s.c
[2.513s] -- Installing: /home/aceti/sonar/Sonar_asv/install/custom_interfaces/local/lib/python3.10/dist-packages/custom_interfaces/_custom_interfaces_s.ep.rosidl_typesupport_introspection_c.c
[2.542s] Listing '/home/aceti/sonar/Sonar_asv/install/custom_interfaces/local/lib/python3.10/dist-packages/custom_interfaces'...
[2.542s] Compiling '/home/aceti/sonar/Sonar_asv/install/custom_interfaces/local/lib/python3.10/dist-packages/custom_interfaces/__init__.py'...
[2.542s] Listing '/home/aceti/sonar/Sonar_asv/install/custom_interfaces/local/lib/python3.10/dist-packages/custom_interfaces/srv'...
[2.542s] Compiling '/home/aceti/sonar/Sonar_asv/install/custom_interfaces/local/lib/python3.10/dist-packages/custom_interfaces/srv/__init__.py'...
[2.542s] Compiling '/home/aceti/sonar/Sonar_asv/install/custom_interfaces/local/lib/python3.10/dist-packages/custom_interfaces/srv/_sonar.py'...
[2.546s] -- Installing: /home/aceti/sonar/Sonar_asv/install/custom_interfaces/local/lib/python3.10/dist-packages/custom_interfaces/custom_interfaces_s__rosidl_typesupport_fastrtps_c.cpython-310-x86_64-linux-gnu.so
[2.546s] -- Set runtime path of "/home/aceti/sonar/Sonar_asv/install/custom_interfaces/local/lib/python3.10/dist-packages/custom_interfaces/custom_interfaces_s__rosidl_typesupport_fastrtps_c.cpython-310-x86_64-linux-gnu.so" to ""
[2.546s] -- Installing: /home/aceti/sonar/Sonar_asv/install/custom_interfaces/local/lib/python3.10/dist-packages/custom_interfaces/custom_interfaces_s__rosidl_typesupport_introspection_c.cpython-310-x86_64-linux-gnu.so
[2.546s] -- Set runtime path of "/home/aceti/sonar/Sonar_asv/install/custom_interfaces/local/lib/python3.10/dist-packages/custom_interfaces/custom_interfaces_s__rosidl_typesupport_introspection_c.cpython-310-x86_64-linux-gnu.so" to ""
[2.546s] -- Installing: /home/aceti/sonar/Sonar_asv/install/custom_interfaces/local/lib/python3.10/dist-packages/custom_interfaces/custom_interfaces_s__rosidl_typesupport_c.cpython-310-x86_64-linux-gnu.so
[2.546s] -- Set runtime path of "/home/aceti/sonar/Sonar_asv/install/custom_interfaces/local/lib/python3.10/dist-packages/custom_interfaces/custom_interfaces_s__rosidl_typesupport_c.cpython-310-x86_64-linux-gnu.so" to ""
[2.547s] -- Installing: /home/aceti/sonar/Sonar_asv/install/custom_interfaces/lib/libcustom_interfaces__rosidl_generator_py.so
[2.547s] -- Set runtime path of "/home/aceti/sonar/Sonar_asv/install/custom_interfaces/lib/libcustom_interfaces__rosidl_generator_py.so" to ""
[2.547s] -- Installing: /home/aceti/sonar/Sonar_asv/install/custom_interfaces/share/custom_interfaces/srv/Sonar.idl
[2.547s] -- Installing: /home/aceti/sonar/Sonar_asv/install/custom_interfaces/share/custom_interfaces/srv/Sonar.srv
[2.547s] -- Up-to-date: /home/aceti/sonar/Sonar_asv/install/custom_interfaces/share/custom_interfaces/srv/Sonar_Request.msg
[2.547s] -- Installing: /home/aceti/sonar/Sonar_asv/install/custom_interfaces/share/custom_interfaces/srv/Sonar_Response.msg
[2.547s] -- Up-to-date: /home/aceti/sonar/Sonar_asv/install/custom_interfaces/share/ament_index/resource_index/package_run_dependencies/custom_interfaces
[2.547s] -- Up-to-date: /home/aceti/sonar/Sonar_asv/install/custom_interfaces/share/ament_index/resource_index/parent_prefix_path/custom_interfaces
[2.547s] -- Up-to-date: /home/aceti/sonar/Sonar_asv/install/custom_interfaces/share/custom_interfaces/environment/ament_prefix_path.sh
[2.547s] -- Installing: /home/aceti/sonar/Sonar_asv/install/custom_interfaces/share/custom_interfaces/environment/ament_prefix_path.dsv
[2.547s] -- Up-to-date: /home/aceti/sonar/Sonar_asv/install/custom_interfaces/share/custom_interfaces/environment/path.sh
[2.548s] -- Installing: /home/aceti/sonar/Sonar_asv/install/custom_interfaces/share/custom_interfaces/environment/path.dsv
[2.548s] -- Up-to-date: /home/aceti/sonar/Sonar_asv/install/custom_interfaces/share/custom_interfaces/local_setup.bash
[2.548s] -- Up-to-date: /home/aceti/sonar/Sonar_asv/install/custom_interfaces/share/custom_interfaces/local_setup.sh
[2.548s] -- Up-to-date: /home/aceti/sonar/Sonar_asv/install/custom_interfaces/share/custom_interfaces/local_setup.zsh
[2.548s] -- Installing: /home/aceti/sonar/Sonar_asv/install/custom_interfaces/share/custom_interfaces/local_setup.dsv
[2.548s] -- Installing: /home/aceti/sonar/Sonar_asv/install/custom_interfaces/share/custom_interfaces/package.dsv
[2.548s] -- Up-to-date: /home/aceti/sonar/Sonar_asv/install/custom_interfaces/share/ament_index/resource_index/packages/custom_interfaces
[2.548s] -- Up-to-date: /home/aceti/sonar/Sonar_asv/install/custom_interfaces/share/custom_interfaces/cmake/export_custom_interfaces__rosidl_generator_cExport.cmake
[2.548s] -- Up-to-date: /home/aceti/sonar/Sonar_asv/install/custom_interfaces/share/custom_interfaces/cmake/export_custom_interfaces__rosidl_generator_cExport-noconfig.cmake
[2.548s] -- Up-to-date: /home/aceti/sonar/Sonar_asv/install/custom_interfaces/share/custom_interfaces/cmake/export_custom_interfaces__rosidl_typesupport_fastrtps_cExport.cmake
[2.548s] -- Up-to-date: /home/aceti/sonar/Sonar_asv/install/custom_interfaces/share/custom_interfaces/cmake/export_custom_interfaces__rosidl_typesupport_fastrtps_cExport-noconfig.cmake
[2.548s] -- Up-to-date: /home/aceti/sonar/Sonar_asv/install/custom_interfaces/share/custom_interfaces/cmake/custom_interfaces__rosidl_typesupport_introspection_cExport.cmake
[2.548s] -- Up-to-date: /home/aceti/sonar/Sonar_asv/install/custom_interfaces/share/custom_interfaces/cmake/custom_interfaces__rosidl_typesupport_introspection_cExport-noconfig.cmake
[2.549s] -- Up-to-date: /home/aceti/sonar/Sonar_asv/install/custom_interfaces/share/custom_interfaces/cmake/custom_interfaces__rosidl_typesupport_cExport.cmake
[2.549s] -- Up-to-date: /home/aceti/sonar/Sonar_asv/install/custom_interfaces/share/custom_interfaces/cmake/custom_interfaces__rosidl_typesupport_cExport-noconfig.cmake
[2.549s] -- Up-to-date: /home/aceti/sonar/Sonar_asv/install/custom_interfaces/share/custom_interfaces/cmake/export_custom_interfaces__rosidl_generator_cppExport.cmake
[2.549s] -- Up-to-date: /home/aceti/sonar/Sonar_asv/install/custom_interfaces/share/custom_interfaces/cmake/export_custom_interfaces__rosidl_typesupport_fastrtps_cppExport.cmake
[2.549s] -- Up-to-date: /home/aceti/sonar/Sonar_asv/install/custom_interfaces/share/custom_interfaces/cmake/export_custom_interfaces__rosidl_typesupport_fastrtps_cppExport-noconfig.cmake
[2.549s] -- Up-to-date: /home/aceti/sonar/Sonar_asv/install/custom_interfaces/share/custom_interfaces/cmake/custom_interfaces__rosidl_typesupport_introspection_cppExport.cmake
[2.549s] -- Up-to-date: /home/aceti/sonar/Sonar_asv/install/custom_interfaces/share/custom_interfaces/cmake/custom_interfaces__rosidl_typesupport_introspection_cppExport-noconfig.cmake
[2.549s] -- Up-to-date: /home/aceti/sonar/Sonar_asv/install/custom_interfaces/share/custom_interfaces/cmake/custom_interfaces__rosidl_typesupport_cppExport.cmake
[2.549s] -- Up-to-date: /home/aceti/sonar/Sonar_asv/install/custom_interfaces/share/custom_interfaces/cmake/custom_interfaces__rosidl_typesupport_cppExport-noconfig.cmake
[2.549s] -- Up-to-date: /home/aceti/sonar/Sonar_asv/install/custom_interfaces/share/custom_interfaces/cmake/export_custom_interfaces__rosidl_generator_pyExport.cmake
[2.549s] -- Up-to-date: /home/aceti/sonar/Sonar_asv/install/custom_interfaces/share/custom_interfaces/cmake/export_custom_interfaces__rosidl_generator_pyExport-noconfig.cmake
[2.549s] -- Up-to-date: /home/aceti/sonar/Sonar_asv/install/custom_interfaces/share/custom_interfaces/cmake/rosidl_cmake-extras.cmake
[2.549s] -- Up-to-date: /home/aceti/sonar/Sonar_asv/install/custom_interfaces/share/custom_interfaces/cmake/ament_cmake_export_include_directories-extras.cmake
[2.549s] -- Up-to-date: /home/aceti/sonar/Sonar_asv/install/custom_interfaces/share/custom_interfaces/cmake/ament_cmake_export_libraries-extras.cmake
[2.549s] -- Up-to-date: /home/aceti/sonar/Sonar_asv/install/custom_interfaces/share/custom_interfaces/cmake/ament_cmake_export_targets-extras.cmake
[2.549s] -- Up-to-date: /home/aceti/sonar/Sonar_asv/install/custom_interfaces/share/custom_interfaces/cmake/rosidl_cmake_export_typesupport_targets-extras.cmake
[2.549s] -- Up-to-date: /home/aceti/sonar/Sonar_asv/install/custom_interfaces/share/custom_interfaces/cmake/ament_cmake_export_dependencies-extras.cmake
[2.550s] -- Up-to-date: /home/aceti/sonar/Sonar_asv/install/custom_interfaces/share/custom_interfaces/cmake/rosidl_cmake_export_typesupport_libraries-extras.cmake
[2.550s] -- Up-to-date: /home/aceti/sonar/Sonar_asv/install/custom_interfaces/share/custom_interfaces/cmake/custom_interfacesConfig.cmake
[2.550s] -- Up-to-date: /home/aceti/sonar/Sonar_asv/install/custom_interfaces/share/custom_interfaces/cmake/custom_interfacesConfig-version.cmake
[2.550s] -- Up-to-date: /home/aceti/sonar/Sonar_asv/install/custom_interfaces/share/custom_interfaces/package.xml
[2.551s] Invoked command in '/home/aceti/sonar/Sonar_asv/build/custom_interfaces' returned '0': CMAKE_PREFIX_PATH=${CMAKE_PREFIX_PATH}:/home/aceti/sonar/Sonar_asv/install/sonar_controller:/home/aceti/head/Head_asv/install/add_integers:/home/aceti/head/Head_asv/install/head_controller:/opt/ros/humble /usr/bin/cmake --install /home/aceti/sonar/Sonar_asv/build/custom_interfaces
