running egg_info
writing ../../build/sonar_controller/sonar_controller.egg-info/PKG-INFO
writing dependency_links to ../../build/sonar_controller/sonar_controller.egg-info/dependency_links.txt
writing entry points to ../../build/sonar_controller/sonar_controller.egg-info/entry_points.txt
writing requirements to ../../build/sonar_controller/sonar_controller.egg-info/requires.txt
writing top-level names to ../../build/sonar_controller/sonar_controller.egg-info/top_level.txt
reading manifest file '../../build/sonar_controller/sonar_controller.egg-info/SOURCES.txt'
writing manifest file '../../build/sonar_controller/sonar_controller.egg-info/SOURCES.txt'
running build
running build_py
copying sonar_controller/service_sonar.py -> /home/aceti/sonar/build/sonar_controller/build/lib/sonar_controller
copying sonar_controller/client_serial.py -> /home/aceti/sonar/build/sonar_controller/build/lib/sonar_controller
running install
running install_lib
copying /home/aceti/sonar/build/sonar_controller/build/lib/sonar_controller/service_sonar.py -> /home/aceti/sonar/install/sonar_controller/lib/python3.10/site-packages/sonar_controller
copying /home/aceti/sonar/build/sonar_controller/build/lib/sonar_controller/client_serial.py -> /home/aceti/sonar/install/sonar_controller/lib/python3.10/site-packages/sonar_controller
byte-compiling /home/aceti/sonar/install/sonar_controller/lib/python3.10/site-packages/sonar_controller/service_sonar.py to service_sonar.cpython-310.pyc
byte-compiling /home/aceti/sonar/install/sonar_controller/lib/python3.10/site-packages/sonar_controller/client_serial.py to client_serial.cpython-310.pyc
running install_data
running install_egg_info
removing '/home/aceti/sonar/install/sonar_controller/lib/python3.10/site-packages/sonar_controller-0.0.0-py3.10.egg-info' (and everything under it)
Copying ../../build/sonar_controller/sonar_controller.egg-info to /home/aceti/sonar/install/sonar_controller/lib/python3.10/site-packages/sonar_controller-0.0.0-py3.10.egg-info
running install_scripts
Installing Serial_client script to /home/aceti/sonar/install/sonar_controller/lib/sonar_controller
Installing sonar_client script to /home/aceti/sonar/install/sonar_controller/lib/sonar_controller
Installing sonar_service script to /home/aceti/sonar/install/sonar_controller/lib/sonar_controller
writing list of installed files to '/home/aceti/sonar/build/sonar_controller/install.log'
