[0.517s] Invoking command in '/home/aceti/sonar/src/sonar_controller': LD_LIBRARY_PATH=/home/aceti/sonar/install/custom_interfaces/lib:${LD_LIBRARY_PATH} PYTHONPATH=/home/aceti/sonar/build/sonar_controller/prefix_override:/home/aceti/sonar/install/sonar_controller/lib/python3.10/site-packages:/home/aceti/sonar/install/custom_interfaces/local/lib/python3.10/dist-packages:${PYTHONPATH} /usr/bin/python3 setup.py egg_info --egg-base ../../build/sonar_controller build --build-base /home/aceti/sonar/build/sonar_controller/build install --record /home/aceti/sonar/build/sonar_controller/install.log --single-version-externally-managed
[0.719s] running egg_info
[0.719s] writing ../../build/sonar_controller/sonar_controller.egg-info/PKG-INFO
[0.719s] writing dependency_links to ../../build/sonar_controller/sonar_controller.egg-info/dependency_links.txt
[0.719s] writing entry points to ../../build/sonar_controller/sonar_controller.egg-info/entry_points.txt
[0.720s] writing requirements to ../../build/sonar_controller/sonar_controller.egg-info/requires.txt
[0.720s] writing top-level names to ../../build/sonar_controller/sonar_controller.egg-info/top_level.txt
[0.721s] reading manifest file '../../build/sonar_controller/sonar_controller.egg-info/SOURCES.txt'
[0.722s] writing manifest file '../../build/sonar_controller/sonar_controller.egg-info/SOURCES.txt'
[0.722s] running build
[0.722s] running build_py
[0.722s] running install
[0.723s] running install_lib
[0.724s] running install_data
[0.724s] running install_egg_info
[0.726s] removing '/home/aceti/sonar/install/sonar_controller/lib/python3.10/site-packages/sonar_controller-0.0.0-py3.10.egg-info' (and everything under it)
[0.726s] Copying ../../build/sonar_controller/sonar_controller.egg-info to /home/aceti/sonar/install/sonar_controller/lib/python3.10/site-packages/sonar_controller-0.0.0-py3.10.egg-info
[0.727s] running install_scripts
[0.741s] Installing sonar_client script to /home/aceti/sonar/install/sonar_controller/lib/sonar_controller
[0.741s] Installing sonar_service script to /home/aceti/sonar/install/sonar_controller/lib/sonar_controller
[0.741s] writing list of installed files to '/home/aceti/sonar/build/sonar_controller/install.log'
[0.763s] Invoked command in '/home/aceti/sonar/src/sonar_controller' returned '0': LD_LIBRARY_PATH=/home/aceti/sonar/install/custom_interfaces/lib:${LD_LIBRARY_PATH} PYTHONPATH=/home/aceti/sonar/build/sonar_controller/prefix_override:/home/aceti/sonar/install/sonar_controller/lib/python3.10/site-packages:/home/aceti/sonar/install/custom_interfaces/local/lib/python3.10/dist-packages:${PYTHONPATH} /usr/bin/python3 setup.py egg_info --egg-base ../../build/sonar_controller build --build-base /home/aceti/sonar/build/sonar_controller/build install --record /home/aceti/sonar/build/sonar_controller/install.log --single-version-externally-managed
