[0.012s] Invoking command in '/home/aceti/sonar/build/custom_interfaces': CMAKE_PREFIX_PATH=${CMAKE_PREFIX_PATH}:/home/aceti/Documents/sonar/install/sonar_controller:/home/aceti/ros2_ws/install/add_integers:/opt/ros/humble /usr/bin/cmake --build /home/aceti/sonar/build/custom_interfaces -- -j8 -l8
[0.029s] -- Found ament_cmake: 1.3.3 (/opt/ros/humble/share/ament_cmake/cmake)
[0.142s] -- Found rosidl_default_generators: 1.2.0 (/opt/ros/humble/share/rosidl_default_generators/cmake)
[0.143s] -- Using all available rosidl_typesupport_c: rosidl_typesupport_fastrtps_c;rosidl_typesupport_introspection_c
[0.145s] -- Found rosidl_adapter: 3.1.4 (/opt/ros/humble/share/rosidl_adapter/cmake)
[0.168s] -- Using all available rosidl_typesupport_cpp: rosidl_typesupport_fastrtps_cpp;rosidl_typesupport_introspection_cpp
[0.375s] -- Found ament_cmake_ros: 0.10.0 (/opt/ros/humble/share/ament_cmake_ros/cmake)
[0.519s] -- Using all available rosidl_typesupport_c: rosidl_typesupport_fastrtps_c;rosidl_typesupport_introspection_c
[0.712s] -- Using all available rosidl_typesupport_cpp: rosidl_typesupport_fastrtps_cpp;rosidl_typesupport_introspection_cpp
[0.730s] -- Found python_cmake_module: 0.10.0 (/opt/ros/humble/share/python_cmake_module/cmake)
[0.749s] -- Using PYTHON_EXECUTABLE: /usr/bin/python3
[0.749s] -- Using PYTHON_INCLUDE_DIRS: /usr/include/python3.10
[0.749s] -- Using PYTHON_LIBRARIES: /usr/lib/x86_64-linux-gnu/libpython3.10.so
[0.758s] -- Found ament_lint_auto: 0.12.5 (/opt/ros/humble/share/ament_lint_auto/cmake)
[0.764s] -- Added test 'lint_cmake' to check CMake code style
[0.765s] -- Added test 'xmllint' to check XML markup files
[0.766s] -- Configuring done
[0.784s] -- Generating done
[0.787s] -- Build files have been written to: /home/aceti/sonar/build/custom_interfaces
[0.803s] [  3%] [34m[1mGenerating C code for ROS interfaces[0m
[0.810s] [  6%] [34m[1mGenerating C++ code for ROS interfaces[0m
[0.817s] [  6%] Built target ament_cmake_python_copy_custom_interfaces
[1.037s] [35m[1mConsolidate compiler generated dependencies of target custom_interfaces__rosidl_generator_c[0m
[1.044s] running egg_info
[1.044s] [  6%] Built target custom_interfaces__cpp
[1.045s] writing custom_interfaces.egg-info/PKG-INFO
[1.045s] writing dependency_links to custom_interfaces.egg-info/dependency_links.txt
[1.045s] writing top-level names to custom_interfaces.egg-info/top_level.txt
[1.045s] [  9%] [32mBuilding C object CMakeFiles/custom_interfaces__rosidl_generator_c.dir/rosidl_generator_c/custom_interfaces/srv/detail/sonar__functions.c.o[0m
[1.048s] reading manifest file 'custom_interfaces.egg-info/SOURCES.txt'
[1.048s] writing manifest file 'custom_interfaces.egg-info/SOURCES.txt'
[1.052s] [ 12%] [34m[1mGenerating C++ type support dispatch for ROS interfaces[0m
[1.055s] [ 19%] [34m[1mGenerating C++ type support for eProsima Fast-RTPS[0m
[1.055s] [ 19%] [34m[1mGenerating C++ introspection for ROS interfaces[0m
[1.076s] [ 19%] Built target ament_cmake_python_build_custom_interfaces_egg
[1.091s] [ 22%] [32m[1mLinking C shared library libcustom_interfaces__rosidl_generator_c.so[0m
[1.117s] [ 22%] Built target custom_interfaces__rosidl_generator_c
[1.124s] [ 29%] [34m[1mGenerating C type support for eProsima Fast-RTPS[0m
[1.125s] [ 29%] [34m[1mGenerating C type support dispatch for ROS interfaces[0m
[1.126s] [ 32%] [34m[1mGenerating C introspection for ROS interfaces[0m
[1.257s] [35m[1mConsolidate compiler generated dependencies of target custom_interfaces__rosidl_typesupport_cpp[0m
[1.266s] [ 35%] [32mBuilding CXX object CMakeFiles/custom_interfaces__rosidl_typesupport_cpp.dir/rosidl_typesupport_cpp/custom_interfaces/srv/sonar__type_support.cpp.o[0m
[1.350s] [35m[1mConsolidate compiler generated dependencies of target custom_interfaces__rosidl_typesupport_fastrtps_c[0m
[1.360s] [ 38%] [32mBuilding CXX object CMakeFiles/custom_interfaces__rosidl_typesupport_fastrtps_c.dir/rosidl_typesupport_fastrtps_c/custom_interfaces/srv/detail/sonar__type_support_c.cpp.o[0m
[1.442s] [35m[1mConsolidate compiler generated dependencies of target custom_interfaces__rosidl_typesupport_introspection_cpp[0m
[1.456s] [35m[1mConsolidate compiler generated dependencies of target custom_interfaces__rosidl_typesupport_fastrtps_cpp[0m
[1.456s] [ 41%] [32mBuilding CXX object CMakeFiles/custom_interfaces__rosidl_typesupport_introspection_cpp.dir/rosidl_typesupport_introspection_cpp/custom_interfaces/srv/detail/sonar__type_support.cpp.o[0m
[1.470s] [ 45%] [32mBuilding CXX object CMakeFiles/custom_interfaces__rosidl_typesupport_fastrtps_cpp.dir/rosidl_typesupport_fastrtps_cpp/custom_interfaces/srv/detail/dds_fastrtps/sonar__type_support.cpp.o[0m
[1.473s] [35m[1mConsolidate compiler generated dependencies of target custom_interfaces__rosidl_typesupport_c[0m
[1.485s] [ 48%] [32mBuilding CXX object CMakeFiles/custom_interfaces__rosidl_typesupport_c.dir/rosidl_typesupport_c/custom_interfaces/srv/sonar__type_support.cpp.o[0m
[1.496s] [ 51%] [32m[1mLinking CXX shared library libcustom_interfaces__rosidl_typesupport_cpp.so[0m
[1.506s] [35m[1mConsolidate compiler generated dependencies of target custom_interfaces__rosidl_typesupport_introspection_c[0m
[1.517s] [ 54%] [32mBuilding C object CMakeFiles/custom_interfaces__rosidl_typesupport_introspection_c.dir/rosidl_typesupport_introspection_c/custom_interfaces/srv/detail/sonar__type_support.c.o[0m
[1.519s] [ 58%] [32m[1mLinking CXX shared library libcustom_interfaces__rosidl_typesupport_c.so[0m
[1.534s] [ 58%] Built target custom_interfaces__rosidl_typesupport_cpp
[1.549s] [ 61%] [32m[1mLinking C shared library libcustom_interfaces__rosidl_typesupport_introspection_c.so[0m
[1.566s] [ 61%] Built target custom_interfaces__rosidl_typesupport_c
[1.571s] [ 61%] Built target custom_interfaces__rosidl_typesupport_introspection_c
[1.670s] [ 64%] [32m[1mLinking CXX shared library libcustom_interfaces__rosidl_typesupport_fastrtps_c.so[0m
[1.734s] [ 64%] Built target custom_interfaces__rosidl_typesupport_fastrtps_c
[1.771s] [ 67%] [32m[1mLinking CXX shared library libcustom_interfaces__rosidl_typesupport_introspection_cpp.so[0m
[1.801s] [ 67%] Built target custom_interfaces__rosidl_typesupport_introspection_cpp
[1.810s] [ 70%] [32m[1mLinking CXX shared library libcustom_interfaces__rosidl_typesupport_fastrtps_cpp.so[0m
[1.865s] [ 70%] Built target custom_interfaces__rosidl_typesupport_fastrtps_cpp
[1.880s] [ 70%] Built target custom_interfaces
[1.893s] [ 74%] [34m[1mGenerating Python code for ROS interfaces[0m
[2.179s] [ 74%] Built target custom_interfaces__py
[2.186s] [35m[1mConsolidate compiler generated dependencies of target custom_interfaces__rosidl_generator_py[0m
[2.195s] [ 77%] [32mBuilding C object CMakeFiles/custom_interfaces__rosidl_generator_py.dir/rosidl_generator_py/custom_interfaces/srv/_sonar_s.c.o[0m
[2.274s] [ 80%] [32m[1mLinking C shared library rosidl_generator_py/custom_interfaces/libcustom_interfaces__rosidl_generator_py.so[0m
[2.304s] [ 80%] Built target custom_interfaces__rosidl_generator_py
[2.313s] [35m[1mConsolidate compiler generated dependencies of target custom_interfaces__rosidl_typesupport_c__pyext[0m
[2.313s] [35m[1mConsolidate compiler generated dependencies of target custom_interfaces__rosidl_typesupport_introspection_c__pyext[0m
[2.313s] [35m[1mConsolidate compiler generated dependencies of target custom_interfaces__rosidl_typesupport_fastrtps_c__pyext[0m
[2.322s] [ 90%] [32mBuilding C object CMakeFiles/custom_interfaces__rosidl_typesupport_c__pyext.dir/rosidl_generator_py/custom_interfaces/_custom_interfaces_s.ep.rosidl_typesupport_c.c.o[0m
[2.322s] [ 90%] [32mBuilding C object CMakeFiles/custom_interfaces__rosidl_typesupport_fastrtps_c__pyext.dir/rosidl_generator_py/custom_interfaces/_custom_interfaces_s.ep.rosidl_typesupport_fastrtps_c.c.o[0m
[2.322s] [ 90%] [32mBuilding C object CMakeFiles/custom_interfaces__rosidl_typesupport_introspection_c__pyext.dir/rosidl_generator_py/custom_interfaces/_custom_interfaces_s.ep.rosidl_typesupport_introspection_c.c.o[0m
[2.391s] [ 96%] [32m[1mLinking C shared library rosidl_generator_py/custom_interfaces/custom_interfaces_s__rosidl_typesupport_c.cpython-310-x86_64-linux-gnu.so[0m
[2.391s] [ 96%] [32m[1mLinking C shared library rosidl_generator_py/custom_interfaces/custom_interfaces_s__rosidl_typesupport_introspection_c.cpython-310-x86_64-linux-gnu.so[0m
[2.394s] [100%] [32m[1mLinking C shared library rosidl_generator_py/custom_interfaces/custom_interfaces_s__rosidl_typesupport_fastrtps_c.cpython-310-x86_64-linux-gnu.so[0m
[2.414s] [100%] Built target custom_interfaces__rosidl_typesupport_introspection_c__pyext
[2.415s] [100%] Built target custom_interfaces__rosidl_typesupport_c__pyext
[2.417s] [100%] Built target custom_interfaces__rosidl_typesupport_fastrtps_c__pyext
[2.425s] Invoked command in '/home/aceti/sonar/build/custom_interfaces' returned '0': CMAKE_PREFIX_PATH=${CMAKE_PREFIX_PATH}:/home/aceti/Documents/sonar/install/sonar_controller:/home/aceti/ros2_ws/install/add_integers:/opt/ros/humble /usr/bin/cmake --build /home/aceti/sonar/build/custom_interfaces -- -j8 -l8
[2.473s] Invoking command in '/home/aceti/sonar/build/custom_interfaces': CMAKE_PREFIX_PATH=${CMAKE_PREFIX_PATH}:/home/aceti/Documents/sonar/install/sonar_controller:/home/aceti/ros2_ws/install/add_integers:/opt/ros/humble /usr/bin/cmake --install /home/aceti/sonar/build/custom_interfaces
[2.480s] -- Install configuration: ""
[2.480s] -- Up-to-date: /home/aceti/sonar/install/custom_interfaces/share/ament_index/resource_index/rosidl_interfaces/custom_interfaces
[2.480s] -- Up-to-date: /home/aceti/sonar/install/custom_interfaces/include/custom_interfaces/custom_interfaces
[2.480s] -- Up-to-date: /home/aceti/sonar/install/custom_interfaces/include/custom_interfaces/custom_interfaces/msg
[2.480s] -- Up-to-date: /home/aceti/sonar/install/custom_interfaces/include/custom_interfaces/custom_interfaces/msg/rosidl_generator_c__visibility_control.h
[2.480s] -- Up-to-date: /home/aceti/sonar/install/custom_interfaces/include/custom_interfaces/custom_interfaces/srv
[2.480s] -- Up-to-date: /home/aceti/sonar/install/custom_interfaces/include/custom_interfaces/custom_interfaces/srv/detail
[2.480s] -- Installing: /home/aceti/sonar/install/custom_interfaces/include/custom_interfaces/custom_interfaces/srv/detail/sonar__type_support.h
[2.480s] -- Installing: /home/aceti/sonar/install/custom_interfaces/include/custom_interfaces/custom_interfaces/srv/detail/sonar__functions.h
[2.480s] -- Installing: /home/aceti/sonar/install/custom_interfaces/include/custom_interfaces/custom_interfaces/srv/detail/sonar__struct.h
[2.480s] -- Installing: /home/aceti/sonar/install/custom_interfaces/include/custom_interfaces/custom_interfaces/srv/detail/sonar__functions.c
[2.480s] -- Installing: /home/aceti/sonar/install/custom_interfaces/include/custom_interfaces/custom_interfaces/srv/sonar.h
[2.480s] -- Up-to-date: /home/aceti/sonar/install/custom_interfaces/share/custom_interfaces/environment/library_path.sh
[2.480s] -- Installing: /home/aceti/sonar/install/custom_interfaces/share/custom_interfaces/environment/library_path.dsv
[2.481s] -- Installing: /home/aceti/sonar/install/custom_interfaces/lib/libcustom_interfaces__rosidl_generator_c.so
[2.481s] -- Set runtime path of "/home/aceti/sonar/install/custom_interfaces/lib/libcustom_interfaces__rosidl_generator_c.so" to ""
[2.481s] -- Up-to-date: /home/aceti/sonar/install/custom_interfaces/include/custom_interfaces/custom_interfaces
[2.481s] -- Up-to-date: /home/aceti/sonar/install/custom_interfaces/include/custom_interfaces/custom_interfaces/msg
[2.481s] -- Up-to-date: /home/aceti/sonar/install/custom_interfaces/include/custom_interfaces/custom_interfaces/msg/rosidl_typesupport_fastrtps_c__visibility_control.h
[2.481s] -- Up-to-date: /home/aceti/sonar/install/custom_interfaces/include/custom_interfaces/custom_interfaces/srv
[2.481s] -- Up-to-date: /home/aceti/sonar/install/custom_interfaces/include/custom_interfaces/custom_interfaces/srv/detail
[2.481s] -- Installing: /home/aceti/sonar/install/custom_interfaces/include/custom_interfaces/custom_interfaces/srv/detail/sonar__rosidl_typesupport_fastrtps_c.h
[2.481s] -- Installing: /home/aceti/sonar/install/custom_interfaces/lib/libcustom_interfaces__rosidl_typesupport_fastrtps_c.so
[2.481s] -- Set runtime path of "/home/aceti/sonar/install/custom_interfaces/lib/libcustom_interfaces__rosidl_typesupport_fastrtps_c.so" to ""
[2.481s] -- Up-to-date: /home/aceti/sonar/install/custom_interfaces/include/custom_interfaces/custom_interfaces
[2.481s] -- Up-to-date: /home/aceti/sonar/install/custom_interfaces/include/custom_interfaces/custom_interfaces/msg
[2.481s] -- Up-to-date: /home/aceti/sonar/install/custom_interfaces/include/custom_interfaces/custom_interfaces/msg/rosidl_typesupport_introspection_c__visibility_control.h
[2.482s] -- Up-to-date: /home/aceti/sonar/install/custom_interfaces/include/custom_interfaces/custom_interfaces/srv
[2.482s] -- Up-to-date: /home/aceti/sonar/install/custom_interfaces/include/custom_interfaces/custom_interfaces/srv/detail
[2.482s] -- Installing: /home/aceti/sonar/install/custom_interfaces/include/custom_interfaces/custom_interfaces/srv/detail/sonar__rosidl_typesupport_introspection_c.h
[2.482s] -- Installing: /home/aceti/sonar/install/custom_interfaces/include/custom_interfaces/custom_interfaces/srv/detail/sonar__type_support.c
[2.482s] -- Installing: /home/aceti/sonar/install/custom_interfaces/lib/libcustom_interfaces__rosidl_typesupport_introspection_c.so
[2.482s] -- Set runtime path of "/home/aceti/sonar/install/custom_interfaces/lib/libcustom_interfaces__rosidl_typesupport_introspection_c.so" to ""
[2.482s] -- Installing: /home/aceti/sonar/install/custom_interfaces/lib/libcustom_interfaces__rosidl_typesupport_c.so
[2.482s] -- Set runtime path of "/home/aceti/sonar/install/custom_interfaces/lib/libcustom_interfaces__rosidl_typesupport_c.so" to ""
[2.482s] -- Up-to-date: /home/aceti/sonar/install/custom_interfaces/include/custom_interfaces/custom_interfaces
[2.482s] -- Up-to-date: /home/aceti/sonar/install/custom_interfaces/include/custom_interfaces/custom_interfaces/srv
[2.482s] -- Up-to-date: /home/aceti/sonar/install/custom_interfaces/include/custom_interfaces/custom_interfaces/srv/detail
[2.482s] -- Installing: /home/aceti/sonar/install/custom_interfaces/include/custom_interfaces/custom_interfaces/srv/detail/sonar__builder.hpp
[2.482s] -- Installing: /home/aceti/sonar/install/custom_interfaces/include/custom_interfaces/custom_interfaces/srv/detail/sonar__traits.hpp
[2.482s] -- Installing: /home/aceti/sonar/install/custom_interfaces/include/custom_interfaces/custom_interfaces/srv/detail/sonar__struct.hpp
[2.483s] -- Installing: /home/aceti/sonar/install/custom_interfaces/include/custom_interfaces/custom_interfaces/srv/sonar.hpp
[2.483s] -- Up-to-date: /home/aceti/sonar/install/custom_interfaces/include/custom_interfaces/custom_interfaces
[2.483s] -- Up-to-date: /home/aceti/sonar/install/custom_interfaces/include/custom_interfaces/custom_interfaces/msg
[2.483s] -- Up-to-date: /home/aceti/sonar/install/custom_interfaces/include/custom_interfaces/custom_interfaces/msg/rosidl_typesupport_fastrtps_cpp__visibility_control.h
[2.483s] -- Up-to-date: /home/aceti/sonar/install/custom_interfaces/include/custom_interfaces/custom_interfaces/srv
[2.483s] -- Up-to-date: /home/aceti/sonar/install/custom_interfaces/include/custom_interfaces/custom_interfaces/srv/detail
[2.483s] -- Installing: /home/aceti/sonar/install/custom_interfaces/include/custom_interfaces/custom_interfaces/srv/detail/sonar__rosidl_typesupport_fastrtps_cpp.hpp
[2.483s] -- Up-to-date: /home/aceti/sonar/install/custom_interfaces/include/custom_interfaces/custom_interfaces/srv/detail/dds_fastrtps
[2.483s] -- Installing: /home/aceti/sonar/install/custom_interfaces/lib/libcustom_interfaces__rosidl_typesupport_fastrtps_cpp.so
[2.483s] -- Set runtime path of "/home/aceti/sonar/install/custom_interfaces/lib/libcustom_interfaces__rosidl_typesupport_fastrtps_cpp.so" to ""
[2.483s] -- Up-to-date: /home/aceti/sonar/install/custom_interfaces/include/custom_interfaces/custom_interfaces
[2.483s] -- Up-to-date: /home/aceti/sonar/install/custom_interfaces/include/custom_interfaces/custom_interfaces/srv
[2.483s] -- Up-to-date: /home/aceti/sonar/install/custom_interfaces/include/custom_interfaces/custom_interfaces/srv/detail
[2.483s] -- Installing: /home/aceti/sonar/install/custom_interfaces/include/custom_interfaces/custom_interfaces/srv/detail/sonar__rosidl_typesupport_introspection_cpp.hpp
[2.483s] -- Installing: /home/aceti/sonar/install/custom_interfaces/include/custom_interfaces/custom_interfaces/srv/detail/sonar__type_support.cpp
[2.483s] -- Installing: /home/aceti/sonar/install/custom_interfaces/lib/libcustom_interfaces__rosidl_typesupport_introspection_cpp.so
[2.483s] -- Set runtime path of "/home/aceti/sonar/install/custom_interfaces/lib/libcustom_interfaces__rosidl_typesupport_introspection_cpp.so" to ""
[2.484s] -- Installing: /home/aceti/sonar/install/custom_interfaces/lib/libcustom_interfaces__rosidl_typesupport_cpp.so
[2.484s] -- Set runtime path of "/home/aceti/sonar/install/custom_interfaces/lib/libcustom_interfaces__rosidl_typesupport_cpp.so" to ""
[2.484s] -- Up-to-date: /home/aceti/sonar/install/custom_interfaces/share/custom_interfaces/environment/pythonpath.sh
[2.484s] -- Installing: /home/aceti/sonar/install/custom_interfaces/share/custom_interfaces/environment/pythonpath.dsv
[2.484s] -- Up-to-date: /home/aceti/sonar/install/custom_interfaces/local/lib/python3.10/dist-packages/custom_interfaces-0.0.0-py3.10.egg-info
[2.484s] -- Installing: /home/aceti/sonar/install/custom_interfaces/local/lib/python3.10/dist-packages/custom_interfaces-0.0.0-py3.10.egg-info/SOURCES.txt
[2.484s] -- Installing: /home/aceti/sonar/install/custom_interfaces/local/lib/python3.10/dist-packages/custom_interfaces-0.0.0-py3.10.egg-info/dependency_links.txt
[2.484s] -- Installing: /home/aceti/sonar/install/custom_interfaces/local/lib/python3.10/dist-packages/custom_interfaces-0.0.0-py3.10.egg-info/top_level.txt
[2.484s] -- Installing: /home/aceti/sonar/install/custom_interfaces/local/lib/python3.10/dist-packages/custom_interfaces-0.0.0-py3.10.egg-info/PKG-INFO
[2.484s] -- Up-to-date: /home/aceti/sonar/install/custom_interfaces/local/lib/python3.10/dist-packages/custom_interfaces
[2.484s] -- Installing: /home/aceti/sonar/install/custom_interfaces/local/lib/python3.10/dist-packages/custom_interfaces/_custom_interfaces_s.ep.rosidl_typesupport_c.c
[2.484s] -- Installing: /home/aceti/sonar/install/custom_interfaces/local/lib/python3.10/dist-packages/custom_interfaces/_custom_interfaces_s.ep.rosidl_typesupport_fastrtps_c.c
[2.484s] -- Installing: /home/aceti/sonar/install/custom_interfaces/local/lib/python3.10/dist-packages/custom_interfaces/__init__.py
[2.484s] -- Installing: /home/aceti/sonar/install/custom_interfaces/local/lib/python3.10/dist-packages/custom_interfaces/custom_interfaces_s__rosidl_typesupport_introspection_c.cpython-310-x86_64-linux-gnu.so
[2.484s] -- Installing: /home/aceti/sonar/install/custom_interfaces/local/lib/python3.10/dist-packages/custom_interfaces/custom_interfaces_s__rosidl_typesupport_c.cpython-310-x86_64-linux-gnu.so
[2.485s] -- Installing: /home/aceti/sonar/install/custom_interfaces/local/lib/python3.10/dist-packages/custom_interfaces/custom_interfaces_s__rosidl_typesupport_fastrtps_c.cpython-310-x86_64-linux-gnu.so
[2.485s] -- Installing: /home/aceti/sonar/install/custom_interfaces/local/lib/python3.10/dist-packages/custom_interfaces/libcustom_interfaces__rosidl_generator_py.so
[2.485s] -- Up-to-date: /home/aceti/sonar/install/custom_interfaces/local/lib/python3.10/dist-packages/custom_interfaces/srv
[2.485s] -- Installing: /home/aceti/sonar/install/custom_interfaces/local/lib/python3.10/dist-packages/custom_interfaces/srv/_sonar.py
[2.485s] -- Installing: /home/aceti/sonar/install/custom_interfaces/local/lib/python3.10/dist-packages/custom_interfaces/srv/__init__.py
[2.485s] -- Installing: /home/aceti/sonar/install/custom_interfaces/local/lib/python3.10/dist-packages/custom_interfaces/srv/_sonar_s.c
[2.485s] -- Installing: /home/aceti/sonar/install/custom_interfaces/local/lib/python3.10/dist-packages/custom_interfaces/_custom_interfaces_s.ep.rosidl_typesupport_introspection_c.c
[2.511s] Listing '/home/aceti/sonar/install/custom_interfaces/local/lib/python3.10/dist-packages/custom_interfaces'...
[2.511s] Compiling '/home/aceti/sonar/install/custom_interfaces/local/lib/python3.10/dist-packages/custom_interfaces/__init__.py'...
[2.511s] Listing '/home/aceti/sonar/install/custom_interfaces/local/lib/python3.10/dist-packages/custom_interfaces/srv'...
[2.511s] Compiling '/home/aceti/sonar/install/custom_interfaces/local/lib/python3.10/dist-packages/custom_interfaces/srv/__init__.py'...
[2.511s] Compiling '/home/aceti/sonar/install/custom_interfaces/local/lib/python3.10/dist-packages/custom_interfaces/srv/_sonar.py'...
[2.515s] -- Installing: /home/aceti/sonar/install/custom_interfaces/local/lib/python3.10/dist-packages/custom_interfaces/custom_interfaces_s__rosidl_typesupport_fastrtps_c.cpython-310-x86_64-linux-gnu.so
[2.515s] -- Set runtime path of "/home/aceti/sonar/install/custom_interfaces/local/lib/python3.10/dist-packages/custom_interfaces/custom_interfaces_s__rosidl_typesupport_fastrtps_c.cpython-310-x86_64-linux-gnu.so" to ""
[2.515s] -- Installing: /home/aceti/sonar/install/custom_interfaces/local/lib/python3.10/dist-packages/custom_interfaces/custom_interfaces_s__rosidl_typesupport_introspection_c.cpython-310-x86_64-linux-gnu.so
[2.515s] -- Set runtime path of "/home/aceti/sonar/install/custom_interfaces/local/lib/python3.10/dist-packages/custom_interfaces/custom_interfaces_s__rosidl_typesupport_introspection_c.cpython-310-x86_64-linux-gnu.so" to ""
[2.516s] -- Installing: /home/aceti/sonar/install/custom_interfaces/local/lib/python3.10/dist-packages/custom_interfaces/custom_interfaces_s__rosidl_typesupport_c.cpython-310-x86_64-linux-gnu.so
[2.516s] -- Set runtime path of "/home/aceti/sonar/install/custom_interfaces/local/lib/python3.10/dist-packages/custom_interfaces/custom_interfaces_s__rosidl_typesupport_c.cpython-310-x86_64-linux-gnu.so" to ""
[2.516s] -- Installing: /home/aceti/sonar/install/custom_interfaces/lib/libcustom_interfaces__rosidl_generator_py.so
[2.516s] -- Set runtime path of "/home/aceti/sonar/install/custom_interfaces/lib/libcustom_interfaces__rosidl_generator_py.so" to ""
[2.516s] -- Installing: /home/aceti/sonar/install/custom_interfaces/share/custom_interfaces/srv/Sonar.idl
[2.516s] -- Installing: /home/aceti/sonar/install/custom_interfaces/share/custom_interfaces/srv/Sonar.srv
[2.516s] -- Installing: /home/aceti/sonar/install/custom_interfaces/share/custom_interfaces/srv/Sonar_Request.msg
[2.516s] -- Up-to-date: /home/aceti/sonar/install/custom_interfaces/share/custom_interfaces/srv/Sonar_Response.msg
[2.516s] -- Up-to-date: /home/aceti/sonar/install/custom_interfaces/share/ament_index/resource_index/package_run_dependencies/custom_interfaces
[2.516s] -- Up-to-date: /home/aceti/sonar/install/custom_interfaces/share/ament_index/resource_index/parent_prefix_path/custom_interfaces
[2.517s] -- Up-to-date: /home/aceti/sonar/install/custom_interfaces/share/custom_interfaces/environment/ament_prefix_path.sh
[2.517s] -- Installing: /home/aceti/sonar/install/custom_interfaces/share/custom_interfaces/environment/ament_prefix_path.dsv
[2.517s] -- Up-to-date: /home/aceti/sonar/install/custom_interfaces/share/custom_interfaces/environment/path.sh
[2.517s] -- Installing: /home/aceti/sonar/install/custom_interfaces/share/custom_interfaces/environment/path.dsv
[2.517s] -- Up-to-date: /home/aceti/sonar/install/custom_interfaces/share/custom_interfaces/local_setup.bash
[2.517s] -- Up-to-date: /home/aceti/sonar/install/custom_interfaces/share/custom_interfaces/local_setup.sh
[2.517s] -- Up-to-date: /home/aceti/sonar/install/custom_interfaces/share/custom_interfaces/local_setup.zsh
[2.517s] -- Installing: /home/aceti/sonar/install/custom_interfaces/share/custom_interfaces/local_setup.dsv
[2.517s] -- Installing: /home/aceti/sonar/install/custom_interfaces/share/custom_interfaces/package.dsv
[2.517s] -- Up-to-date: /home/aceti/sonar/install/custom_interfaces/share/ament_index/resource_index/packages/custom_interfaces
[2.517s] -- Up-to-date: /home/aceti/sonar/install/custom_interfaces/share/custom_interfaces/cmake/export_custom_interfaces__rosidl_generator_cExport.cmake
[2.517s] -- Up-to-date: /home/aceti/sonar/install/custom_interfaces/share/custom_interfaces/cmake/export_custom_interfaces__rosidl_generator_cExport-noconfig.cmake
[2.517s] -- Up-to-date: /home/aceti/sonar/install/custom_interfaces/share/custom_interfaces/cmake/export_custom_interfaces__rosidl_typesupport_fastrtps_cExport.cmake
[2.517s] -- Up-to-date: /home/aceti/sonar/install/custom_interfaces/share/custom_interfaces/cmake/export_custom_interfaces__rosidl_typesupport_fastrtps_cExport-noconfig.cmake
[2.517s] -- Up-to-date: /home/aceti/sonar/install/custom_interfaces/share/custom_interfaces/cmake/custom_interfaces__rosidl_typesupport_introspection_cExport.cmake
[2.517s] -- Up-to-date: /home/aceti/sonar/install/custom_interfaces/share/custom_interfaces/cmake/custom_interfaces__rosidl_typesupport_introspection_cExport-noconfig.cmake
[2.517s] -- Up-to-date: /home/aceti/sonar/install/custom_interfaces/share/custom_interfaces/cmake/custom_interfaces__rosidl_typesupport_cExport.cmake
[2.517s] -- Up-to-date: /home/aceti/sonar/install/custom_interfaces/share/custom_interfaces/cmake/custom_interfaces__rosidl_typesupport_cExport-noconfig.cmake
[2.517s] -- Up-to-date: /home/aceti/sonar/install/custom_interfaces/share/custom_interfaces/cmake/export_custom_interfaces__rosidl_generator_cppExport.cmake
[2.517s] -- Up-to-date: /home/aceti/sonar/install/custom_interfaces/share/custom_interfaces/cmake/export_custom_interfaces__rosidl_typesupport_fastrtps_cppExport.cmake
[2.518s] -- Up-to-date: /home/aceti/sonar/install/custom_interfaces/share/custom_interfaces/cmake/export_custom_interfaces__rosidl_typesupport_fastrtps_cppExport-noconfig.cmake
[2.518s] -- Up-to-date: /home/aceti/sonar/install/custom_interfaces/share/custom_interfaces/cmake/custom_interfaces__rosidl_typesupport_introspection_cppExport.cmake
[2.518s] -- Up-to-date: /home/aceti/sonar/install/custom_interfaces/share/custom_interfaces/cmake/custom_interfaces__rosidl_typesupport_introspection_cppExport-noconfig.cmake
[2.518s] -- Up-to-date: /home/aceti/sonar/install/custom_interfaces/share/custom_interfaces/cmake/custom_interfaces__rosidl_typesupport_cppExport.cmake
[2.518s] -- Up-to-date: /home/aceti/sonar/install/custom_interfaces/share/custom_interfaces/cmake/custom_interfaces__rosidl_typesupport_cppExport-noconfig.cmake
[2.518s] -- Up-to-date: /home/aceti/sonar/install/custom_interfaces/share/custom_interfaces/cmake/export_custom_interfaces__rosidl_generator_pyExport.cmake
[2.518s] -- Up-to-date: /home/aceti/sonar/install/custom_interfaces/share/custom_interfaces/cmake/export_custom_interfaces__rosidl_generator_pyExport-noconfig.cmake
[2.518s] -- Up-to-date: /home/aceti/sonar/install/custom_interfaces/share/custom_interfaces/cmake/rosidl_cmake-extras.cmake
[2.518s] -- Up-to-date: /home/aceti/sonar/install/custom_interfaces/share/custom_interfaces/cmake/ament_cmake_export_include_directories-extras.cmake
[2.518s] -- Up-to-date: /home/aceti/sonar/install/custom_interfaces/share/custom_interfaces/cmake/ament_cmake_export_libraries-extras.cmake
[2.518s] -- Up-to-date: /home/aceti/sonar/install/custom_interfaces/share/custom_interfaces/cmake/ament_cmake_export_targets-extras.cmake
[2.518s] -- Up-to-date: /home/aceti/sonar/install/custom_interfaces/share/custom_interfaces/cmake/rosidl_cmake_export_typesupport_targets-extras.cmake
[2.518s] -- Up-to-date: /home/aceti/sonar/install/custom_interfaces/share/custom_interfaces/cmake/ament_cmake_export_dependencies-extras.cmake
[2.518s] -- Up-to-date: /home/aceti/sonar/install/custom_interfaces/share/custom_interfaces/cmake/rosidl_cmake_export_typesupport_libraries-extras.cmake
[2.518s] -- Up-to-date: /home/aceti/sonar/install/custom_interfaces/share/custom_interfaces/cmake/custom_interfacesConfig.cmake
[2.518s] -- Up-to-date: /home/aceti/sonar/install/custom_interfaces/share/custom_interfaces/cmake/custom_interfacesConfig-version.cmake
[2.518s] -- Up-to-date: /home/aceti/sonar/install/custom_interfaces/share/custom_interfaces/package.xml
[2.520s] Invoked command in '/home/aceti/sonar/build/custom_interfaces' returned '0': CMAKE_PREFIX_PATH=${CMAKE_PREFIX_PATH}:/home/aceti/Documents/sonar/install/sonar_controller:/home/aceti/ros2_ws/install/add_integers:/opt/ros/humble /usr/bin/cmake --install /home/aceti/sonar/build/custom_interfaces
