[0.012s] Invoking command in '/home/aceti/sonar/build/custom_interfaces': CMAKE_PREFIX_PATH=${CMAKE_PREFIX_PATH}:/home/aceti/head/Head_asv/install/add_integers:/home/aceti/sonar/install/sonar_controller:/opt/ros/humble /usr/bin/cmake --build /home/aceti/sonar/build/custom_interfaces -- -j8 -l8
[0.028s] -- Found ament_cmake: 1.3.3 (/opt/ros/humble/share/ament_cmake/cmake)
[0.146s] -- Found rosidl_default_generators: 1.2.0 (/opt/ros/humble/share/rosidl_default_generators/cmake)
[0.148s] -- Using all available rosidl_typesupport_c: rosidl_typesupport_fastrtps_c;rosidl_typesupport_introspection_c
[0.150s] -- Found rosidl_adapter: 3.1.4 (/opt/ros/humble/share/rosidl_adapter/cmake)
[0.173s] -- Using all available rosidl_typesupport_cpp: rosidl_typesupport_fastrtps_cpp;rosidl_typesupport_introspection_cpp
[0.388s] -- Found ament_cmake_ros: 0.10.0 (/opt/ros/humble/share/ament_cmake_ros/cmake)
[0.530s] -- Using all available rosidl_typesupport_c: rosidl_typesupport_fastrtps_c;rosidl_typesupport_introspection_c
[0.718s] -- Using all available rosidl_typesupport_cpp: rosidl_typesupport_fastrtps_cpp;rosidl_typesupport_introspection_cpp
[0.736s] -- Found python_cmake_module: 0.10.0 (/opt/ros/humble/share/python_cmake_module/cmake)
[0.754s] -- Using PYTHON_EXECUTABLE: /usr/bin/python3
[0.754s] -- Using PYTHON_INCLUDE_DIRS: /usr/include/python3.10
[0.754s] -- Using PYTHON_LIBRARIES: /usr/lib/x86_64-linux-gnu/libpython3.10.so
[0.763s] -- Found ament_lint_auto: 0.12.5 (/opt/ros/humble/share/ament_lint_auto/cmake)
[0.769s] -- Added test 'lint_cmake' to check CMake code style
[0.770s] -- Added test 'xmllint' to check XML markup files
[0.771s] -- Configuring done
[0.794s] -- Generating done
[0.796s] -- Build files have been written to: /home/aceti/sonar/build/custom_interfaces
[0.814s] [  2%] [34m[1mGenerating C code for ROS interfaces[0m
[0.822s] [  5%] [34m[1mGenerating C++ code for ROS interfaces[0m
[0.828s] [  5%] Built target ament_cmake_python_copy_custom_interfaces
[1.050s] running egg_info
[1.051s] writing custom_interfaces.egg-info/PKG-INFO
[1.051s] writing dependency_links to custom_interfaces.egg-info/dependency_links.txt
[1.051s] writing top-level names to custom_interfaces.egg-info/top_level.txt
[1.053s] reading manifest file 'custom_interfaces.egg-info/SOURCES.txt'
[1.053s] writing manifest file 'custom_interfaces.egg-info/SOURCES.txt'
[1.074s] [  5%] Built target ament_cmake_python_build_custom_interfaces_egg
[1.123s] [  5%] Built target custom_interfaces__cpp
[1.130s] [  7%] [34m[1mGenerating C++ type support for eProsima Fast-RTPS[0m
[1.131s] [ 10%] [34m[1mGenerating C++ type support dispatch for ROS interfaces[0m
[1.132s] [ 12%] [34m[1mGenerating C++ introspection for ROS interfaces[0m
[1.137s] [35m[1mConsolidate compiler generated dependencies of target custom_interfaces__rosidl_generator_c[0m
[1.146s] [ 15%] [32mBuilding C object CMakeFiles/custom_interfaces__rosidl_generator_c.dir/rosidl_generator_c/custom_interfaces/srv/detail/sonar__functions.c.o[0m
[1.148s] [ 17%] [32mBuilding C object CMakeFiles/custom_interfaces__rosidl_generator_c.dir/rosidl_generator_c/custom_interfaces/srv/detail/serial_number__functions.c.o[0m
[1.211s] [ 20%] [32m[1mLinking C shared library libcustom_interfaces__rosidl_generator_c.so[0m
[1.238s] [ 20%] Built target custom_interfaces__rosidl_generator_c
[1.245s] [ 23%] [34m[1mGenerating C type support for eProsima Fast-RTPS[0m
[1.248s] [ 25%] [34m[1mGenerating C introspection for ROS interfaces[0m
[1.248s] [ 28%] [34m[1mGenerating C type support dispatch for ROS interfaces[0m
[1.470s] [35m[1mConsolidate compiler generated dependencies of target custom_interfaces__rosidl_typesupport_introspection_cpp[0m
[1.484s] [ 33%] [32mBuilding CXX object CMakeFiles/custom_interfaces__rosidl_typesupport_introspection_cpp.dir/rosidl_typesupport_introspection_cpp/custom_interfaces/srv/detail/serial_number__type_support.cpp.o[0m
[1.485s] [ 33%] [32mBuilding CXX object CMakeFiles/custom_interfaces__rosidl_typesupport_introspection_cpp.dir/rosidl_typesupport_introspection_cpp/custom_interfaces/srv/detail/sonar__type_support.cpp.o[0m
[1.489s] [35m[1mConsolidate compiler generated dependencies of target custom_interfaces__rosidl_typesupport_cpp[0m
[1.503s] [ 38%] [32mBuilding CXX object CMakeFiles/custom_interfaces__rosidl_typesupport_cpp.dir/rosidl_typesupport_cpp/custom_interfaces/srv/serial_number__type_support.cpp.o[0m
[1.503s] [ 38%] [32mBuilding CXX object CMakeFiles/custom_interfaces__rosidl_typesupport_cpp.dir/rosidl_typesupport_cpp/custom_interfaces/srv/sonar__type_support.cpp.o[0m
[1.562s] [35m[1mConsolidate compiler generated dependencies of target custom_interfaces__rosidl_typesupport_c[0m
[1.587s] [ 41%] [32mBuilding CXX object CMakeFiles/custom_interfaces__rosidl_typesupport_c.dir/rosidl_typesupport_c/custom_interfaces/srv/sonar__type_support.cpp.o[0m
[1.630s] [ 43%] [32mBuilding CXX object CMakeFiles/custom_interfaces__rosidl_typesupport_c.dir/rosidl_typesupport_c/custom_interfaces/srv/serial_number__type_support.cpp.o[0m
[1.668s] [35m[1mConsolidate compiler generated dependencies of target custom_interfaces__rosidl_typesupport_fastrtps_cpp[0m
[1.671s] [ 46%] [32m[1mLinking CXX shared library libcustom_interfaces__rosidl_typesupport_c.so[0m
[1.686s] [35m[1mConsolidate compiler generated dependencies of target custom_interfaces__rosidl_typesupport_introspection_c[0m
[1.689s] [ 48%] [32mBuilding CXX object CMakeFiles/custom_interfaces__rosidl_typesupport_fastrtps_cpp.dir/rosidl_typesupport_fastrtps_cpp/custom_interfaces/srv/detail/dds_fastrtps/sonar__type_support.cpp.o[0m
[1.709s] [ 51%] [32mBuilding C object CMakeFiles/custom_interfaces__rosidl_typesupport_introspection_c.dir/rosidl_typesupport_introspection_c/custom_interfaces/srv/detail/sonar__type_support.c.o[0m
[1.750s] [ 51%] Built target custom_interfaces__rosidl_typesupport_c
[1.769s] [ 53%] [32mBuilding C object CMakeFiles/custom_interfaces__rosidl_typesupport_introspection_c.dir/rosidl_typesupport_introspection_c/custom_interfaces/srv/detail/serial_number__type_support.c.o[0m
[1.776s] [ 56%] [32mBuilding CXX object CMakeFiles/custom_interfaces__rosidl_typesupport_fastrtps_cpp.dir/rosidl_typesupport_fastrtps_cpp/custom_interfaces/srv/detail/dds_fastrtps/serial_number__type_support.cpp.o[0m
[1.848s] [ 58%] [32m[1mLinking C shared library libcustom_interfaces__rosidl_typesupport_introspection_c.so[0m
[1.860s] [35m[1mConsolidate compiler generated dependencies of target custom_interfaces__rosidl_typesupport_fastrtps_c[0m
[1.876s] [ 61%] [32mBuilding CXX object CMakeFiles/custom_interfaces__rosidl_typesupport_fastrtps_c.dir/rosidl_typesupport_fastrtps_c/custom_interfaces/srv/detail/sonar__type_support_c.cpp.o[0m
[1.894s] [ 61%] Built target custom_interfaces__rosidl_typesupport_introspection_c
[1.902s] [ 64%] [32mBuilding CXX object CMakeFiles/custom_interfaces__rosidl_typesupport_fastrtps_c.dir/rosidl_typesupport_fastrtps_c/custom_interfaces/srv/detail/serial_number__type_support_c.cpp.o[0m
[1.943s] [ 66%] [32m[1mLinking CXX shared library libcustom_interfaces__rosidl_typesupport_cpp.so[0m
[1.995s] [ 66%] Built target custom_interfaces__rosidl_typesupport_cpp
[2.112s] [ 69%] [32m[1mLinking CXX shared library libcustom_interfaces__rosidl_typesupport_introspection_cpp.so[0m
[2.173s] [ 69%] Built target custom_interfaces__rosidl_typesupport_introspection_cpp
[2.302s] [ 71%] [32m[1mLinking CXX shared library libcustom_interfaces__rosidl_typesupport_fastrtps_cpp.so[0m
[2.342s] [ 74%] [32m[1mLinking CXX shared library libcustom_interfaces__rosidl_typesupport_fastrtps_c.so[0m
[2.364s] [ 74%] Built target custom_interfaces__rosidl_typesupport_fastrtps_cpp
[2.398s] [ 74%] Built target custom_interfaces__rosidl_typesupport_fastrtps_c
[2.412s] [ 74%] Built target custom_interfaces
[2.427s] [ 76%] [34m[1mGenerating Python code for ROS interfaces[0m
[2.861s] [ 76%] Built target custom_interfaces__py
[2.868s] [35m[1mConsolidate compiler generated dependencies of target custom_interfaces__rosidl_generator_py[0m
[2.879s] [ 82%] [32mBuilding C object CMakeFiles/custom_interfaces__rosidl_generator_py.dir/rosidl_generator_py/custom_interfaces/srv/_serial_number_s.c.o[0m
[2.879s] [ 82%] [32mBuilding C object CMakeFiles/custom_interfaces__rosidl_generator_py.dir/rosidl_generator_py/custom_interfaces/srv/_sonar_s.c.o[0m
[2.959s] [ 84%] [32m[1mLinking C shared library rosidl_generator_py/custom_interfaces/libcustom_interfaces__rosidl_generator_py.so[0m
[2.988s] [ 84%] Built target custom_interfaces__rosidl_generator_py
[2.996s] [35m[1mConsolidate compiler generated dependencies of target custom_interfaces__rosidl_typesupport_c__pyext[0m
[2.996s] [35m[1mConsolidate compiler generated dependencies of target custom_interfaces__rosidl_typesupport_fastrtps_c__pyext[0m
[2.997s] [35m[1mConsolidate compiler generated dependencies of target custom_interfaces__rosidl_typesupport_introspection_c__pyext[0m
[3.006s] [ 92%] [32mBuilding C object CMakeFiles/custom_interfaces__rosidl_typesupport_introspection_c__pyext.dir/rosidl_generator_py/custom_interfaces/_custom_interfaces_s.ep.rosidl_typesupport_introspection_c.c.o[0m
[3.006s] [ 92%] [32mBuilding C object CMakeFiles/custom_interfaces__rosidl_typesupport_c__pyext.dir/rosidl_generator_py/custom_interfaces/_custom_interfaces_s.ep.rosidl_typesupport_c.c.o[0m
[3.006s] [ 92%] [32mBuilding C object CMakeFiles/custom_interfaces__rosidl_typesupport_fastrtps_c__pyext.dir/rosidl_generator_py/custom_interfaces/_custom_interfaces_s.ep.rosidl_typesupport_fastrtps_c.c.o[0m
[3.086s] [ 97%] [32m[1mLinking C shared library rosidl_generator_py/custom_interfaces/custom_interfaces_s__rosidl_typesupport_c.cpython-310-x86_64-linux-gnu.so[0m
[3.086s] [ 97%] [32m[1mLinking C shared library rosidl_generator_py/custom_interfaces/custom_interfaces_s__rosidl_typesupport_introspection_c.cpython-310-x86_64-linux-gnu.so[0m
[3.086s] [100%] [32m[1mLinking C shared library rosidl_generator_py/custom_interfaces/custom_interfaces_s__rosidl_typesupport_fastrtps_c.cpython-310-x86_64-linux-gnu.so[0m
[3.113s] [100%] Built target custom_interfaces__rosidl_typesupport_fastrtps_c__pyext
[3.116s] [100%] Built target custom_interfaces__rosidl_typesupport_c__pyext
[3.116s] [100%] Built target custom_interfaces__rosidl_typesupport_introspection_c__pyext
[3.124s] Invoked command in '/home/aceti/sonar/build/custom_interfaces' returned '0': CMAKE_PREFIX_PATH=${CMAKE_PREFIX_PATH}:/home/aceti/head/Head_asv/install/add_integers:/home/aceti/sonar/install/sonar_controller:/opt/ros/humble /usr/bin/cmake --build /home/aceti/sonar/build/custom_interfaces -- -j8 -l8
[3.183s] Invoking command in '/home/aceti/sonar/build/custom_interfaces': CMAKE_PREFIX_PATH=${CMAKE_PREFIX_PATH}:/home/aceti/head/Head_asv/install/add_integers:/home/aceti/sonar/install/sonar_controller:/opt/ros/humble /usr/bin/cmake --install /home/aceti/sonar/build/custom_interfaces
[3.188s] -- Install configuration: ""
[3.188s] -- Installing: /home/aceti/sonar/install/custom_interfaces/share/ament_index/resource_index/rosidl_interfaces/custom_interfaces
[3.188s] -- Up-to-date: /home/aceti/sonar/install/custom_interfaces/include/custom_interfaces/custom_interfaces
[3.189s] -- Up-to-date: /home/aceti/sonar/install/custom_interfaces/include/custom_interfaces/custom_interfaces/msg
[3.189s] -- Up-to-date: /home/aceti/sonar/install/custom_interfaces/include/custom_interfaces/custom_interfaces/msg/rosidl_generator_c__visibility_control.h
[3.189s] -- Up-to-date: /home/aceti/sonar/install/custom_interfaces/include/custom_interfaces/custom_interfaces/srv
[3.189s] -- Up-to-date: /home/aceti/sonar/install/custom_interfaces/include/custom_interfaces/custom_interfaces/srv/detail
[3.189s] -- Installing: /home/aceti/sonar/install/custom_interfaces/include/custom_interfaces/custom_interfaces/srv/detail/sonar__type_support.h
[3.189s] -- Installing: /home/aceti/sonar/install/custom_interfaces/include/custom_interfaces/custom_interfaces/srv/detail/sonar__functions.h
[3.189s] -- Installing: /home/aceti/sonar/install/custom_interfaces/include/custom_interfaces/custom_interfaces/srv/detail/serial_number__type_support.h
[3.189s] -- Installing: /home/aceti/sonar/install/custom_interfaces/include/custom_interfaces/custom_interfaces/srv/detail/sonar__struct.h
[3.189s] -- Installing: /home/aceti/sonar/install/custom_interfaces/include/custom_interfaces/custom_interfaces/srv/detail/serial_number__functions.c
[3.189s] -- Installing: /home/aceti/sonar/install/custom_interfaces/include/custom_interfaces/custom_interfaces/srv/detail/sonar__functions.c
[3.189s] -- Installing: /home/aceti/sonar/install/custom_interfaces/include/custom_interfaces/custom_interfaces/srv/detail/serial_number__struct.h
[3.189s] -- Installing: /home/aceti/sonar/install/custom_interfaces/include/custom_interfaces/custom_interfaces/srv/detail/serial_number__functions.h
[3.189s] -- Installing: /home/aceti/sonar/install/custom_interfaces/include/custom_interfaces/custom_interfaces/srv/sonar.h
[3.189s] -- Installing: /home/aceti/sonar/install/custom_interfaces/include/custom_interfaces/custom_interfaces/srv/serial_number.h
[3.189s] -- Up-to-date: /home/aceti/sonar/install/custom_interfaces/share/custom_interfaces/environment/library_path.sh
[3.190s] -- Installing: /home/aceti/sonar/install/custom_interfaces/share/custom_interfaces/environment/library_path.dsv
[3.190s] -- Installing: /home/aceti/sonar/install/custom_interfaces/lib/libcustom_interfaces__rosidl_generator_c.so
[3.190s] -- Set runtime path of "/home/aceti/sonar/install/custom_interfaces/lib/libcustom_interfaces__rosidl_generator_c.so" to ""
[3.190s] -- Up-to-date: /home/aceti/sonar/install/custom_interfaces/include/custom_interfaces/custom_interfaces
[3.190s] -- Up-to-date: /home/aceti/sonar/install/custom_interfaces/include/custom_interfaces/custom_interfaces/msg
[3.190s] -- Up-to-date: /home/aceti/sonar/install/custom_interfaces/include/custom_interfaces/custom_interfaces/msg/rosidl_typesupport_fastrtps_c__visibility_control.h
[3.190s] -- Up-to-date: /home/aceti/sonar/install/custom_interfaces/include/custom_interfaces/custom_interfaces/srv
[3.190s] -- Up-to-date: /home/aceti/sonar/install/custom_interfaces/include/custom_interfaces/custom_interfaces/srv/detail
[3.190s] -- Installing: /home/aceti/sonar/install/custom_interfaces/include/custom_interfaces/custom_interfaces/srv/detail/serial_number__rosidl_typesupport_fastrtps_c.h
[3.190s] -- Installing: /home/aceti/sonar/install/custom_interfaces/include/custom_interfaces/custom_interfaces/srv/detail/sonar__rosidl_typesupport_fastrtps_c.h
[3.190s] -- Installing: /home/aceti/sonar/install/custom_interfaces/lib/libcustom_interfaces__rosidl_typesupport_fastrtps_c.so
[3.191s] -- Set runtime path of "/home/aceti/sonar/install/custom_interfaces/lib/libcustom_interfaces__rosidl_typesupport_fastrtps_c.so" to ""
[3.191s] -- Up-to-date: /home/aceti/sonar/install/custom_interfaces/include/custom_interfaces/custom_interfaces
[3.191s] -- Up-to-date: /home/aceti/sonar/install/custom_interfaces/include/custom_interfaces/custom_interfaces/msg
[3.191s] -- Up-to-date: /home/aceti/sonar/install/custom_interfaces/include/custom_interfaces/custom_interfaces/msg/rosidl_typesupport_introspection_c__visibility_control.h
[3.191s] -- Up-to-date: /home/aceti/sonar/install/custom_interfaces/include/custom_interfaces/custom_interfaces/srv
[3.191s] -- Up-to-date: /home/aceti/sonar/install/custom_interfaces/include/custom_interfaces/custom_interfaces/srv/detail
[3.191s] -- Installing: /home/aceti/sonar/install/custom_interfaces/include/custom_interfaces/custom_interfaces/srv/detail/sonar__rosidl_typesupport_introspection_c.h
[3.191s] -- Installing: /home/aceti/sonar/install/custom_interfaces/include/custom_interfaces/custom_interfaces/srv/detail/sonar__type_support.c
[3.191s] -- Installing: /home/aceti/sonar/install/custom_interfaces/include/custom_interfaces/custom_interfaces/srv/detail/serial_number__rosidl_typesupport_introspection_c.h
[3.191s] -- Installing: /home/aceti/sonar/install/custom_interfaces/include/custom_interfaces/custom_interfaces/srv/detail/serial_number__type_support.c
[3.191s] -- Installing: /home/aceti/sonar/install/custom_interfaces/lib/libcustom_interfaces__rosidl_typesupport_introspection_c.so
[3.191s] -- Set runtime path of "/home/aceti/sonar/install/custom_interfaces/lib/libcustom_interfaces__rosidl_typesupport_introspection_c.so" to ""
[3.191s] -- Installing: /home/aceti/sonar/install/custom_interfaces/lib/libcustom_interfaces__rosidl_typesupport_c.so
[3.192s] -- Set runtime path of "/home/aceti/sonar/install/custom_interfaces/lib/libcustom_interfaces__rosidl_typesupport_c.so" to ""
[3.192s] -- Up-to-date: /home/aceti/sonar/install/custom_interfaces/include/custom_interfaces/custom_interfaces
[3.192s] -- Up-to-date: /home/aceti/sonar/install/custom_interfaces/include/custom_interfaces/custom_interfaces/srv
[3.192s] -- Installing: /home/aceti/sonar/install/custom_interfaces/include/custom_interfaces/custom_interfaces/srv/serial_number.hpp
[3.192s] -- Up-to-date: /home/aceti/sonar/install/custom_interfaces/include/custom_interfaces/custom_interfaces/srv/detail
[3.192s] -- Installing: /home/aceti/sonar/install/custom_interfaces/include/custom_interfaces/custom_interfaces/srv/detail/sonar__builder.hpp
[3.192s] -- Installing: /home/aceti/sonar/install/custom_interfaces/include/custom_interfaces/custom_interfaces/srv/detail/serial_number__struct.hpp
[3.192s] -- Installing: /home/aceti/sonar/install/custom_interfaces/include/custom_interfaces/custom_interfaces/srv/detail/serial_number__builder.hpp
[3.192s] -- Installing: /home/aceti/sonar/install/custom_interfaces/include/custom_interfaces/custom_interfaces/srv/detail/sonar__traits.hpp
[3.192s] -- Installing: /home/aceti/sonar/install/custom_interfaces/include/custom_interfaces/custom_interfaces/srv/detail/sonar__struct.hpp
[3.192s] -- Installing: /home/aceti/sonar/install/custom_interfaces/include/custom_interfaces/custom_interfaces/srv/detail/serial_number__traits.hpp
[3.192s] -- Installing: /home/aceti/sonar/install/custom_interfaces/include/custom_interfaces/custom_interfaces/srv/sonar.hpp
[3.192s] -- Up-to-date: /home/aceti/sonar/install/custom_interfaces/include/custom_interfaces/custom_interfaces
[3.192s] -- Up-to-date: /home/aceti/sonar/install/custom_interfaces/include/custom_interfaces/custom_interfaces/msg
[3.192s] -- Up-to-date: /home/aceti/sonar/install/custom_interfaces/include/custom_interfaces/custom_interfaces/msg/rosidl_typesupport_fastrtps_cpp__visibility_control.h
[3.192s] -- Up-to-date: /home/aceti/sonar/install/custom_interfaces/include/custom_interfaces/custom_interfaces/srv
[3.192s] -- Up-to-date: /home/aceti/sonar/install/custom_interfaces/include/custom_interfaces/custom_interfaces/srv/detail
[3.193s] -- Installing: /home/aceti/sonar/install/custom_interfaces/include/custom_interfaces/custom_interfaces/srv/detail/serial_number__rosidl_typesupport_fastrtps_cpp.hpp
[3.193s] -- Installing: /home/aceti/sonar/install/custom_interfaces/include/custom_interfaces/custom_interfaces/srv/detail/sonar__rosidl_typesupport_fastrtps_cpp.hpp
[3.193s] -- Up-to-date: /home/aceti/sonar/install/custom_interfaces/include/custom_interfaces/custom_interfaces/srv/detail/dds_fastrtps
[3.193s] -- Installing: /home/aceti/sonar/install/custom_interfaces/lib/libcustom_interfaces__rosidl_typesupport_fastrtps_cpp.so
[3.193s] -- Set runtime path of "/home/aceti/sonar/install/custom_interfaces/lib/libcustom_interfaces__rosidl_typesupport_fastrtps_cpp.so" to ""
[3.193s] -- Up-to-date: /home/aceti/sonar/install/custom_interfaces/include/custom_interfaces/custom_interfaces
[3.193s] -- Up-to-date: /home/aceti/sonar/install/custom_interfaces/include/custom_interfaces/custom_interfaces/srv
[3.193s] -- Up-to-date: /home/aceti/sonar/install/custom_interfaces/include/custom_interfaces/custom_interfaces/srv/detail
[3.193s] -- Installing: /home/aceti/sonar/install/custom_interfaces/include/custom_interfaces/custom_interfaces/srv/detail/serial_number__rosidl_typesupport_introspection_cpp.hpp
[3.193s] -- Installing: /home/aceti/sonar/install/custom_interfaces/include/custom_interfaces/custom_interfaces/srv/detail/serial_number__type_support.cpp
[3.193s] -- Installing: /home/aceti/sonar/install/custom_interfaces/include/custom_interfaces/custom_interfaces/srv/detail/sonar__rosidl_typesupport_introspection_cpp.hpp
[3.193s] -- Installing: /home/aceti/sonar/install/custom_interfaces/include/custom_interfaces/custom_interfaces/srv/detail/sonar__type_support.cpp
[3.193s] -- Installing: /home/aceti/sonar/install/custom_interfaces/lib/libcustom_interfaces__rosidl_typesupport_introspection_cpp.so
[3.194s] -- Set runtime path of "/home/aceti/sonar/install/custom_interfaces/lib/libcustom_interfaces__rosidl_typesupport_introspection_cpp.so" to ""
[3.194s] -- Installing: /home/aceti/sonar/install/custom_interfaces/lib/libcustom_interfaces__rosidl_typesupport_cpp.so
[3.194s] -- Set runtime path of "/home/aceti/sonar/install/custom_interfaces/lib/libcustom_interfaces__rosidl_typesupport_cpp.so" to ""
[3.194s] -- Up-to-date: /home/aceti/sonar/install/custom_interfaces/share/custom_interfaces/environment/pythonpath.sh
[3.194s] -- Installing: /home/aceti/sonar/install/custom_interfaces/share/custom_interfaces/environment/pythonpath.dsv
[3.194s] -- Up-to-date: /home/aceti/sonar/install/custom_interfaces/local/lib/python3.10/dist-packages/custom_interfaces-0.0.0-py3.10.egg-info
[3.194s] -- Installing: /home/aceti/sonar/install/custom_interfaces/local/lib/python3.10/dist-packages/custom_interfaces-0.0.0-py3.10.egg-info/SOURCES.txt
[3.194s] -- Installing: /home/aceti/sonar/install/custom_interfaces/local/lib/python3.10/dist-packages/custom_interfaces-0.0.0-py3.10.egg-info/dependency_links.txt
[3.194s] -- Installing: /home/aceti/sonar/install/custom_interfaces/local/lib/python3.10/dist-packages/custom_interfaces-0.0.0-py3.10.egg-info/top_level.txt
[3.194s] -- Installing: /home/aceti/sonar/install/custom_interfaces/local/lib/python3.10/dist-packages/custom_interfaces-0.0.0-py3.10.egg-info/PKG-INFO
[3.194s] -- Up-to-date: /home/aceti/sonar/install/custom_interfaces/local/lib/python3.10/dist-packages/custom_interfaces
[3.195s] -- Installing: /home/aceti/sonar/install/custom_interfaces/local/lib/python3.10/dist-packages/custom_interfaces/_custom_interfaces_s.ep.rosidl_typesupport_c.c
[3.195s] -- Installing: /home/aceti/sonar/install/custom_interfaces/local/lib/python3.10/dist-packages/custom_interfaces/_custom_interfaces_s.ep.rosidl_typesupport_fastrtps_c.c
[3.195s] -- Installing: /home/aceti/sonar/install/custom_interfaces/local/lib/python3.10/dist-packages/custom_interfaces/__init__.py
[3.195s] -- Installing: /home/aceti/sonar/install/custom_interfaces/local/lib/python3.10/dist-packages/custom_interfaces/custom_interfaces_s__rosidl_typesupport_introspection_c.cpython-310-x86_64-linux-gnu.so
[3.195s] -- Installing: /home/aceti/sonar/install/custom_interfaces/local/lib/python3.10/dist-packages/custom_interfaces/custom_interfaces_s__rosidl_typesupport_c.cpython-310-x86_64-linux-gnu.so
[3.195s] -- Installing: /home/aceti/sonar/install/custom_interfaces/local/lib/python3.10/dist-packages/custom_interfaces/custom_interfaces_s__rosidl_typesupport_fastrtps_c.cpython-310-x86_64-linux-gnu.so
[3.195s] -- Installing: /home/aceti/sonar/install/custom_interfaces/local/lib/python3.10/dist-packages/custom_interfaces/libcustom_interfaces__rosidl_generator_py.so
[3.196s] -- Up-to-date: /home/aceti/sonar/install/custom_interfaces/local/lib/python3.10/dist-packages/custom_interfaces/srv
[3.196s] -- Installing: /home/aceti/sonar/install/custom_interfaces/local/lib/python3.10/dist-packages/custom_interfaces/srv/_sonar.py
[3.196s] -- Installing: /home/aceti/sonar/install/custom_interfaces/local/lib/python3.10/dist-packages/custom_interfaces/srv/__init__.py
[3.196s] -- Installing: /home/aceti/sonar/install/custom_interfaces/local/lib/python3.10/dist-packages/custom_interfaces/srv/_sonar_s.c
[3.196s] -- Installing: /home/aceti/sonar/install/custom_interfaces/local/lib/python3.10/dist-packages/custom_interfaces/srv/_serial_number_s.c
[3.196s] -- Installing: /home/aceti/sonar/install/custom_interfaces/local/lib/python3.10/dist-packages/custom_interfaces/srv/_serial_number.py
[3.196s] -- Installing: /home/aceti/sonar/install/custom_interfaces/local/lib/python3.10/dist-packages/custom_interfaces/_custom_interfaces_s.ep.rosidl_typesupport_introspection_c.c
[3.226s] Listing '/home/aceti/sonar/install/custom_interfaces/local/lib/python3.10/dist-packages/custom_interfaces'...
[3.227s] Compiling '/home/aceti/sonar/install/custom_interfaces/local/lib/python3.10/dist-packages/custom_interfaces/__init__.py'...
[3.227s] Listing '/home/aceti/sonar/install/custom_interfaces/local/lib/python3.10/dist-packages/custom_interfaces/srv'...
[3.227s] Compiling '/home/aceti/sonar/install/custom_interfaces/local/lib/python3.10/dist-packages/custom_interfaces/srv/__init__.py'...
[3.227s] Compiling '/home/aceti/sonar/install/custom_interfaces/local/lib/python3.10/dist-packages/custom_interfaces/srv/_serial_number.py'...
[3.227s] Compiling '/home/aceti/sonar/install/custom_interfaces/local/lib/python3.10/dist-packages/custom_interfaces/srv/_sonar.py'...
[3.231s] -- Installing: /home/aceti/sonar/install/custom_interfaces/local/lib/python3.10/dist-packages/custom_interfaces/custom_interfaces_s__rosidl_typesupport_fastrtps_c.cpython-310-x86_64-linux-gnu.so
[3.231s] -- Set runtime path of "/home/aceti/sonar/install/custom_interfaces/local/lib/python3.10/dist-packages/custom_interfaces/custom_interfaces_s__rosidl_typesupport_fastrtps_c.cpython-310-x86_64-linux-gnu.so" to ""
[3.231s] -- Installing: /home/aceti/sonar/install/custom_interfaces/local/lib/python3.10/dist-packages/custom_interfaces/custom_interfaces_s__rosidl_typesupport_introspection_c.cpython-310-x86_64-linux-gnu.so
[3.231s] -- Set runtime path of "/home/aceti/sonar/install/custom_interfaces/local/lib/python3.10/dist-packages/custom_interfaces/custom_interfaces_s__rosidl_typesupport_introspection_c.cpython-310-x86_64-linux-gnu.so" to ""
[3.231s] -- Installing: /home/aceti/sonar/install/custom_interfaces/local/lib/python3.10/dist-packages/custom_interfaces/custom_interfaces_s__rosidl_typesupport_c.cpython-310-x86_64-linux-gnu.so
[3.232s] -- Set runtime path of "/home/aceti/sonar/install/custom_interfaces/local/lib/python3.10/dist-packages/custom_interfaces/custom_interfaces_s__rosidl_typesupport_c.cpython-310-x86_64-linux-gnu.so" to ""
[3.232s] -- Installing: /home/aceti/sonar/install/custom_interfaces/lib/libcustom_interfaces__rosidl_generator_py.so
[3.232s] -- Set runtime path of "/home/aceti/sonar/install/custom_interfaces/lib/libcustom_interfaces__rosidl_generator_py.so" to ""
[3.232s] -- Up-to-date: /home/aceti/sonar/install/custom_interfaces/share/custom_interfaces/srv/Sonar.idl
[3.232s] -- Installing: /home/aceti/sonar/install/custom_interfaces/share/custom_interfaces/srv/SerialNumber.idl
[3.232s] -- Up-to-date: /home/aceti/sonar/install/custom_interfaces/share/custom_interfaces/srv/Sonar.srv
[3.232s] -- Up-to-date: /home/aceti/sonar/install/custom_interfaces/share/custom_interfaces/srv/Sonar_Request.msg
[3.232s] -- Up-to-date: /home/aceti/sonar/install/custom_interfaces/share/custom_interfaces/srv/Sonar_Response.msg
[3.232s] -- Installing: /home/aceti/sonar/install/custom_interfaces/share/custom_interfaces/srv/SerialNumber.srv
[3.232s] -- Installing: /home/aceti/sonar/install/custom_interfaces/share/custom_interfaces/srv/SerialNumber_Request.msg
[3.232s] -- Installing: /home/aceti/sonar/install/custom_interfaces/share/custom_interfaces/srv/SerialNumber_Response.msg
[3.232s] -- Up-to-date: /home/aceti/sonar/install/custom_interfaces/share/ament_index/resource_index/package_run_dependencies/custom_interfaces
[3.233s] -- Up-to-date: /home/aceti/sonar/install/custom_interfaces/share/ament_index/resource_index/parent_prefix_path/custom_interfaces
[3.233s] -- Up-to-date: /home/aceti/sonar/install/custom_interfaces/share/custom_interfaces/environment/ament_prefix_path.sh
[3.233s] -- Installing: /home/aceti/sonar/install/custom_interfaces/share/custom_interfaces/environment/ament_prefix_path.dsv
[3.233s] -- Up-to-date: /home/aceti/sonar/install/custom_interfaces/share/custom_interfaces/environment/path.sh
[3.233s] -- Installing: /home/aceti/sonar/install/custom_interfaces/share/custom_interfaces/environment/path.dsv
[3.233s] -- Up-to-date: /home/aceti/sonar/install/custom_interfaces/share/custom_interfaces/local_setup.bash
[3.233s] -- Up-to-date: /home/aceti/sonar/install/custom_interfaces/share/custom_interfaces/local_setup.sh
[3.233s] -- Up-to-date: /home/aceti/sonar/install/custom_interfaces/share/custom_interfaces/local_setup.zsh
[3.233s] -- Installing: /home/aceti/sonar/install/custom_interfaces/share/custom_interfaces/local_setup.dsv
[3.233s] -- Installing: /home/aceti/sonar/install/custom_interfaces/share/custom_interfaces/package.dsv
[3.233s] -- Up-to-date: /home/aceti/sonar/install/custom_interfaces/share/ament_index/resource_index/packages/custom_interfaces
[3.233s] -- Up-to-date: /home/aceti/sonar/install/custom_interfaces/share/custom_interfaces/cmake/export_custom_interfaces__rosidl_generator_cExport.cmake
[3.233s] -- Up-to-date: /home/aceti/sonar/install/custom_interfaces/share/custom_interfaces/cmake/export_custom_interfaces__rosidl_generator_cExport-noconfig.cmake
[3.233s] -- Up-to-date: /home/aceti/sonar/install/custom_interfaces/share/custom_interfaces/cmake/export_custom_interfaces__rosidl_typesupport_fastrtps_cExport.cmake
[3.233s] -- Up-to-date: /home/aceti/sonar/install/custom_interfaces/share/custom_interfaces/cmake/export_custom_interfaces__rosidl_typesupport_fastrtps_cExport-noconfig.cmake
[3.234s] -- Up-to-date: /home/aceti/sonar/install/custom_interfaces/share/custom_interfaces/cmake/custom_interfaces__rosidl_typesupport_introspection_cExport.cmake
[3.234s] -- Up-to-date: /home/aceti/sonar/install/custom_interfaces/share/custom_interfaces/cmake/custom_interfaces__rosidl_typesupport_introspection_cExport-noconfig.cmake
[3.234s] -- Up-to-date: /home/aceti/sonar/install/custom_interfaces/share/custom_interfaces/cmake/custom_interfaces__rosidl_typesupport_cExport.cmake
[3.234s] -- Up-to-date: /home/aceti/sonar/install/custom_interfaces/share/custom_interfaces/cmake/custom_interfaces__rosidl_typesupport_cExport-noconfig.cmake
[3.234s] -- Up-to-date: /home/aceti/sonar/install/custom_interfaces/share/custom_interfaces/cmake/export_custom_interfaces__rosidl_generator_cppExport.cmake
[3.234s] -- Up-to-date: /home/aceti/sonar/install/custom_interfaces/share/custom_interfaces/cmake/export_custom_interfaces__rosidl_typesupport_fastrtps_cppExport.cmake
[3.234s] -- Up-to-date: /home/aceti/sonar/install/custom_interfaces/share/custom_interfaces/cmake/export_custom_interfaces__rosidl_typesupport_fastrtps_cppExport-noconfig.cmake
[3.234s] -- Up-to-date: /home/aceti/sonar/install/custom_interfaces/share/custom_interfaces/cmake/custom_interfaces__rosidl_typesupport_introspection_cppExport.cmake
[3.234s] -- Up-to-date: /home/aceti/sonar/install/custom_interfaces/share/custom_interfaces/cmake/custom_interfaces__rosidl_typesupport_introspection_cppExport-noconfig.cmake
[3.234s] -- Up-to-date: /home/aceti/sonar/install/custom_interfaces/share/custom_interfaces/cmake/custom_interfaces__rosidl_typesupport_cppExport.cmake
[3.234s] -- Up-to-date: /home/aceti/sonar/install/custom_interfaces/share/custom_interfaces/cmake/custom_interfaces__rosidl_typesupport_cppExport-noconfig.cmake
[3.234s] -- Up-to-date: /home/aceti/sonar/install/custom_interfaces/share/custom_interfaces/cmake/export_custom_interfaces__rosidl_generator_pyExport.cmake
[3.234s] -- Up-to-date: /home/aceti/sonar/install/custom_interfaces/share/custom_interfaces/cmake/export_custom_interfaces__rosidl_generator_pyExport-noconfig.cmake
[3.234s] -- Installing: /home/aceti/sonar/install/custom_interfaces/share/custom_interfaces/cmake/rosidl_cmake-extras.cmake
[3.234s] -- Up-to-date: /home/aceti/sonar/install/custom_interfaces/share/custom_interfaces/cmake/ament_cmake_export_include_directories-extras.cmake
[3.234s] -- Up-to-date: /home/aceti/sonar/install/custom_interfaces/share/custom_interfaces/cmake/ament_cmake_export_libraries-extras.cmake
[3.234s] -- Up-to-date: /home/aceti/sonar/install/custom_interfaces/share/custom_interfaces/cmake/ament_cmake_export_targets-extras.cmake
[3.234s] -- Up-to-date: /home/aceti/sonar/install/custom_interfaces/share/custom_interfaces/cmake/rosidl_cmake_export_typesupport_targets-extras.cmake
[3.235s] -- Up-to-date: /home/aceti/sonar/install/custom_interfaces/share/custom_interfaces/cmake/ament_cmake_export_dependencies-extras.cmake
[3.235s] -- Up-to-date: /home/aceti/sonar/install/custom_interfaces/share/custom_interfaces/cmake/rosidl_cmake_export_typesupport_libraries-extras.cmake
[3.235s] -- Up-to-date: /home/aceti/sonar/install/custom_interfaces/share/custom_interfaces/cmake/custom_interfacesConfig.cmake
[3.235s] -- Up-to-date: /home/aceti/sonar/install/custom_interfaces/share/custom_interfaces/cmake/custom_interfacesConfig-version.cmake
[3.235s] -- Up-to-date: /home/aceti/sonar/install/custom_interfaces/share/custom_interfaces/package.xml
[3.237s] Invoked command in '/home/aceti/sonar/build/custom_interfaces' returned '0': CMAKE_PREFIX_PATH=${CMAKE_PREFIX_PATH}:/home/aceti/head/Head_asv/install/add_integers:/home/aceti/sonar/install/sonar_controller:/opt/ros/humble /usr/bin/cmake --install /home/aceti/sonar/build/custom_interfaces
